2024-10-11 21:21:23.275 [info] Extension host with pid 9176 started
2024-10-11 21:21:23.579 [info] ExtensionService#_doActivateExtension vscode.git-base, startup: true, activationEvent: '*', root cause: vscode.git
2024-10-11 21:21:23.659 [info] Lock '/root/.vscode-server/data/User/workspaceStorage/004e33f01e5b915cdd99a687c3386a27/vscode.lock': Lock acquired.
2024-10-11 21:21:23.888 [info] ExtensionService#_doActivateExtension vscode.git, startup: true, activationEvent: '*'
2024-10-11 21:21:23.889 [info] ExtensionService#_doActivateExtension vscode.github, startup: true, activationEvent: '*'
2024-10-11 21:21:25.937 [info] Eager extensions activated
2024-10-11 21:21:25.948 [info] ExtensionService#_doActivateExtension vscode.debug-auto-launch, startup: false, activationEvent: 'onStartupFinished'
2024-10-11 21:21:25.949 [info] ExtensionService#_doActivateExtension vscode.merge-conflict, startup: false, activationEvent: 'onStartupFinished'
2024-10-11 21:21:27.688 [info] ExtensionService#_doActivateExtension vscode.emmet, startup: false, activationEvent: 'onLanguage'
2024-10-11 21:21:56.320 [warning] [Decorations] CAPPING events from decorations provider vscode.git 8602
2024-10-11 21:22:02.606 [warning] [Decorations] CAPPING events from decorations provider vscode.git 8602
2024-10-11 21:29:38.745 [warning] [Decorations] CAPPING events from decorations provider vscode.git 8602
2024-10-11 21:29:44.988 [warning] [Decorations] CAPPING events from decorations provider vscode.git 8602
2024-10-11 21:29:52.742 [warning] [Decorations] CAPPING events from decorations provider vscode.git 8602
2024-10-11 21:29:58.053 [warning] [Decorations] CAPPING events from decorations provider vscode.git 8602
2024-10-11 21:30:03.698 [warning] [Decorations] CAPPING events from decorations provider vscode.git 8602
2024-10-11 21:30:09.030 [warning] [Decorations] CAPPING events from decorations provider vscode.git 8602
2024-10-11 21:30:14.487 [warning] [Decorations] CAPPING events from decorations provider vscode.git 8602
2024-10-11 21:30:20.056 [warning] [Decorations] CAPPING events from decorations provider vscode.git 8602
2024-10-11 21:30:25.427 [warning] [Decorations] CAPPING events from decorations provider vscode.git 8602
2024-10-11 21:31:13.116 [warning] [Decorations] CAPPING events from decorations provider vscode.git 8602
2024-10-11 21:31:18.812 [warning] [Decorations] CAPPING events from decorations provider vscode.git 8602
2024-10-11 21:31:24.523 [warning] [Decorations] CAPPING events from decorations provider vscode.git 8602
2024-10-11 21:31:30.011 [warning] [Decorations] CAPPING events from decorations provider vscode.git 8602
2024-10-11 21:31:38.303 [warning] [Decorations] CAPPING events from decorations provider vscode.git 8602
2024-10-11 21:31:57.110 [warning] [Decorations] CAPPING events from decorations provider vscode.git 8602
2024-10-11 21:32:02.522 [warning] [Decorations] CAPPING events from decorations provider vscode.git 8602
2024-10-11 21:32:07.808 [warning] [Decorations] CAPPING events from decorations provider vscode.git 8602
2024-10-11 21:32:13.140 [warning] [Decorations] CAPPING events from decorations provider vscode.git 8602
2024-10-11 21:32:22.383 [warning] [Decorations] CAPPING events from decorations provider vscode.git 8602
2024-10-11 21:32:24.023 [info] ExtensionService#_doActivateExtension vscode.extension-editing, startup: false, activationEvent: 'onLanguage:markdown'
2024-10-11 21:32:24.025 [info] ExtensionService#_doActivateExtension vscode.markdown-language-features, startup: false, activationEvent: 'onLanguage:markdown'
2024-10-11 21:32:25.321 [info] ExtensionService#_doActivateExtension vscode.markdown-math, startup: false, activationEvent: 'api', root cause: vscode.markdown-language-features
2024-10-11 21:32:27.730 [warning] [Decorations] CAPPING events from decorations provider vscode.git 8602
2024-10-11 21:32:33.178 [warning] [Decorations] CAPPING events from decorations provider vscode.git 8602
2024-10-11 21:32:38.540 [warning] [Decorations] CAPPING events from decorations provider vscode.git 8602
2024-10-11 21:32:44.101 [warning] [Decorations] CAPPING events from decorations provider vscode.git 8602
2024-10-11 21:32:52.336 [warning] [Decorations] CAPPING events from decorations provider vscode.git 8602
2024-10-11 21:32:57.704 [warning] [Decorations] CAPPING events from decorations provider vscode.git 8602
2024-10-11 21:33:10.868 [warning] [Decorations] CAPPING events from decorations provider vscode.git 8602
2024-10-11 21:33:16.179 [warning] [Decorations] CAPPING events from decorations provider vscode.git 8602
2024-10-11 21:33:21.663 [warning] [Decorations] CAPPING events from decorations provider vscode.git 8602
2024-10-11 21:33:27.085 [warning] [Decorations] CAPPING events from decorations provider vscode.git 8602
2024-10-11 21:33:32.951 [warning] [Decorations] CAPPING events from decorations provider vscode.git 8602
2024-10-11 21:33:38.502 [warning] [Decorations] CAPPING events from decorations provider vscode.git 8602
2024-10-11 21:33:43.860 [warning] [Decorations] CAPPING events from decorations provider vscode.git 8602
2024-10-11 21:33:49.243 [warning] [Decorations] CAPPING events from decorations provider vscode.git 8602
2024-10-11 21:33:54.586 [warning] [Decorations] CAPPING events from decorations provider vscode.git 8602
2024-10-11 21:33:59.911 [warning] [Decorations] CAPPING events from decorations provider vscode.git 8602
2024-10-11 21:34:05.271 [warning] [Decorations] CAPPING events from decorations provider vscode.git 8602
2024-10-11 21:34:10.750 [warning] [Decorations] CAPPING events from decorations provider vscode.git 8602
2024-10-11 21:34:16.070 [warning] [Decorations] CAPPING events from decorations provider vscode.git 8602
2024-10-11 21:34:21.554 [warning] [Decorations] CAPPING events from decorations provider vscode.git 8602
2024-10-11 21:34:27.124 [warning] [Decorations] CAPPING events from decorations provider vscode.git 8602
2024-10-11 21:34:32.613 [warning] [Decorations] CAPPING events from decorations provider vscode.git 8602
2024-10-11 21:34:38.022 [warning] [Decorations] CAPPING events from decorations provider vscode.git 8602
2024-10-11 21:34:43.465 [warning] [Decorations] CAPPING events from decorations provider vscode.git 8602
2024-10-11 21:34:48.927 [warning] [Decorations] CAPPING events from decorations provider vscode.git 8602
2024-10-11 21:34:54.512 [warning] [Decorations] CAPPING events from decorations provider vscode.git 8602
2024-10-11 21:34:59.991 [warning] [Decorations] CAPPING events from decorations provider vscode.git 8602
2024-10-11 21:35:05.468 [warning] [Decorations] CAPPING events from decorations provider vscode.git 8602
2024-10-11 21:35:11.556 [warning] [Decorations] CAPPING events from decorations provider vscode.git 8602
2024-10-11 21:35:16.965 [warning] [Decorations] CAPPING events from decorations provider vscode.git 8602
2024-10-11 21:35:22.261 [warning] [Decorations] CAPPING events from decorations provider vscode.git 8602
2024-10-11 21:35:27.723 [warning] [Decorations] CAPPING events from decorations provider vscode.git 8602
2024-10-11 21:35:33.114 [warning] [Decorations] CAPPING events from decorations provider vscode.git 8602
2024-10-11 21:37:08.370 [warning] [Decorations] CAPPING events from decorations provider vscode.git 8602
2024-10-11 21:37:13.712 [warning] [Decorations] CAPPING events from decorations provider vscode.git 8602
2024-10-11 21:37:19.051 [warning] [Decorations] CAPPING events from decorations provider vscode.git 8602
2024-10-11 21:37:24.417 [warning] [Decorations] CAPPING events from decorations provider vscode.git 8602
2024-10-11 21:37:29.878 [warning] [Decorations] CAPPING events from decorations provider vscode.git 8602
2024-10-11 21:37:35.214 [warning] [Decorations] CAPPING events from decorations provider vscode.git 8602
2024-10-11 21:37:48.223 [warning] [Decorations] CAPPING events from decorations provider vscode.git 8602
2024-10-11 21:37:53.679 [warning] [Decorations] CAPPING events from decorations provider vscode.git 8602
2024-10-11 21:37:58.970 [warning] [Decorations] CAPPING events from decorations provider vscode.git 8602
2024-10-11 21:38:04.588 [warning] [Decorations] CAPPING events from decorations provider vscode.git 8602
2024-10-11 21:38:09.911 [warning] [Decorations] CAPPING events from decorations provider vscode.git 8602
2024-10-11 21:38:15.386 [warning] [Decorations] CAPPING events from decorations provider vscode.git 8602
2024-10-11 21:38:31.680 [warning] [Decorations] CAPPING events from decorations provider vscode.git 8602
2024-10-11 21:38:38.198 [warning] [Decorations] CAPPING events from decorations provider vscode.git 8602
2024-10-11 21:38:43.501 [warning] [Decorations] CAPPING events from decorations provider vscode.git 8602
2024-10-11 21:38:48.909 [warning] [Decorations] CAPPING events from decorations provider vscode.git 8602
2024-10-11 21:38:54.227 [warning] [Decorations] CAPPING events from decorations provider vscode.git 8602
2024-10-11 21:41:05.019 [warning] [Decorations] CAPPING events from decorations provider vscode.git 8602
2024-10-11 21:41:10.351 [warning] [Decorations] CAPPING events from decorations provider vscode.git 8602
2024-10-11 21:41:15.855 [warning] [Decorations] CAPPING events from decorations provider vscode.git 8602
2024-10-11 21:41:21.459 [warning] [Decorations] CAPPING events from decorations provider vscode.git 8602
2024-10-11 21:41:26.817 [warning] [Decorations] CAPPING events from decorations provider vscode.git 8604
2024-10-11 21:47:42.559 [warning] [Decorations] CAPPING events from decorations provider vscode.git 8604
2024-10-11 21:47:47.922 [warning] [Decorations] CAPPING events from decorations provider vscode.git 8604
2024-10-11 21:47:53.336 [warning] [Decorations] CAPPING events from decorations provider vscode.git 8604
2024-10-11 21:48:00.983 [warning] [Decorations] CAPPING events from decorations provider vscode.git 8604
2024-10-11 21:48:06.380 [warning] [Decorations] CAPPING events from decorations provider vscode.git 8604
2024-10-11 21:48:12.101 [warning] [Decorations] CAPPING events from decorations provider vscode.git 8604
2024-10-11 21:48:17.877 [warning] [Decorations] CAPPING events from decorations provider vscode.git 8604
2024-10-11 21:48:23.188 [warning] [Decorations] CAPPING events from decorations provider vscode.git 8604
2024-10-11 21:48:28.972 [warning] [Decorations] CAPPING events from decorations provider vscode.git 8604
2024-10-11 21:48:34.270 [warning] [Decorations] CAPPING events from decorations provider vscode.git 8604
2024-10-11 21:48:39.653 [warning] [Decorations] CAPPING events from decorations provider vscode.git 8604
2024-10-11 21:48:45.031 [warning] [Decorations] CAPPING events from decorations provider vscode.git 8604
2024-10-11 21:48:50.366 [warning] [Decorations] CAPPING events from decorations provider vscode.git 8604
2024-10-11 21:48:55.646 [warning] [Decorations] CAPPING events from decorations provider vscode.git 8604
2024-10-11 21:49:00.964 [warning] [Decorations] CAPPING events from decorations provider vscode.git 8604
2024-10-11 21:49:06.271 [warning] [Decorations] CAPPING events from decorations provider vscode.git 8604
2024-10-11 21:49:11.575 [warning] [Decorations] CAPPING events from decorations provider vscode.git 8604
2024-10-11 21:49:17.133 [warning] [Decorations] CAPPING events from decorations provider vscode.git 8604
2024-10-11 21:49:22.464 [warning] [Decorations] CAPPING events from decorations provider vscode.git 8604
2024-10-11 21:49:27.828 [warning] [Decorations] CAPPING events from decorations provider vscode.git 8604
2024-10-11 21:49:33.348 [warning] [Decorations] CAPPING events from decorations provider vscode.git 8604
2024-10-11 21:49:38.644 [warning] [Decorations] CAPPING events from decorations provider vscode.git 8604
2024-10-11 21:49:43.981 [warning] [Decorations] CAPPING events from decorations provider vscode.git 8604
2024-10-11 21:49:49.447 [warning] [Decorations] CAPPING events from decorations provider vscode.git 8604
2024-10-11 21:49:56.074 [warning] [Decorations] CAPPING events from decorations provider vscode.git 8604
2024-10-11 21:50:01.435 [warning] [Decorations] CAPPING events from decorations provider vscode.git 8604
2024-10-11 21:50:06.770 [warning] [Decorations] CAPPING events from decorations provider vscode.git 8604
2024-10-11 21:50:12.061 [warning] [Decorations] CAPPING events from decorations provider vscode.git 8604
2024-10-11 21:50:17.435 [warning] [Decorations] CAPPING events from decorations provider vscode.git 8604
2024-10-11 21:50:22.752 [warning] [Decorations] CAPPING events from decorations provider vscode.git 8604
2024-10-11 21:50:28.071 [warning] [Decorations] CAPPING events from decorations provider vscode.git 8604
2024-10-11 21:50:33.434 [warning] [Decorations] CAPPING events from decorations provider vscode.git 8604
2024-10-11 21:50:38.773 [warning] [Decorations] CAPPING events from decorations provider vscode.git 8604
2024-10-11 21:50:44.068 [warning] [Decorations] CAPPING events from decorations provider vscode.git 8604
2024-10-11 21:50:49.519 [warning] [Decorations] CAPPING events from decorations provider vscode.git 8604
2024-10-11 21:50:54.885 [warning] [Decorations] CAPPING events from decorations provider vscode.git 8604
2024-10-11 21:51:00.209 [warning] [Decorations] CAPPING events from decorations provider vscode.git 8604
2024-10-11 21:51:05.519 [warning] [Decorations] CAPPING events from decorations provider vscode.git 8604
2024-10-11 21:51:10.914 [warning] [Decorations] CAPPING events from decorations provider vscode.git 8604
2024-10-11 21:51:16.229 [warning] [Decorations] CAPPING events from decorations provider vscode.git 8604
2024-10-11 21:51:21.600 [warning] [Decorations] CAPPING events from decorations provider vscode.git 8604
2024-10-11 21:51:26.903 [warning] [Decorations] CAPPING events from decorations provider vscode.git 8604
2024-10-11 21:51:32.237 [warning] [Decorations] CAPPING events from decorations provider vscode.git 8604
2024-10-11 21:51:37.611 [warning] [Decorations] CAPPING events from decorations provider vscode.git 8604
2024-10-11 21:51:42.948 [warning] [Decorations] CAPPING events from decorations provider vscode.git 8604
2024-10-11 21:51:48.225 [warning] [Decorations] CAPPING events from decorations provider vscode.git 8604
2024-10-11 21:51:53.580 [warning] [Decorations] CAPPING events from decorations provider vscode.git 8604
2024-10-11 21:51:58.861 [warning] [Decorations] CAPPING events from decorations provider vscode.git 8604
2024-10-11 21:52:04.197 [warning] [Decorations] CAPPING events from decorations provider vscode.git 8604
2024-10-11 21:52:09.526 [warning] [Decorations] CAPPING events from decorations provider vscode.git 8604
2024-10-11 21:52:14.845 [warning] [Decorations] CAPPING events from decorations provider vscode.git 8604
2024-10-11 21:52:20.137 [warning] [Decorations] CAPPING events from decorations provider vscode.git 8604
2024-10-11 21:52:25.532 [warning] [Decorations] CAPPING events from decorations provider vscode.git 8604
2024-10-11 21:52:30.814 [warning] [Decorations] CAPPING events from decorations provider vscode.git 8604
2024-10-11 21:52:38.182 [warning] [Decorations] CAPPING events from decorations provider vscode.git 8604
2024-10-11 21:52:43.483 [warning] [Decorations] CAPPING events from decorations provider vscode.git 8604
2024-10-11 21:52:48.794 [warning] [Decorations] CAPPING events from decorations provider vscode.git 8604
2024-10-11 21:52:54.075 [warning] [Decorations] CAPPING events from decorations provider vscode.git 8604
2024-10-11 21:53:00.133 [warning] [Decorations] CAPPING events from decorations provider vscode.git 8604
2024-10-11 21:53:05.529 [warning] [Decorations] CAPPING events from decorations provider vscode.git 8604
2024-10-11 21:53:10.871 [warning] [Decorations] CAPPING events from decorations provider vscode.git 8604
2024-10-11 21:53:16.176 [warning] [Decorations] CAPPING events from decorations provider vscode.git 8604
2024-10-11 21:53:21.521 [warning] [Decorations] CAPPING events from decorations provider vscode.git 8604
2024-10-11 21:53:26.791 [warning] [Decorations] CAPPING events from decorations provider vscode.git 8604
2024-10-11 21:53:32.150 [warning] [Decorations] CAPPING events from decorations provider vscode.git 8604
2024-10-11 21:53:37.444 [warning] [Decorations] CAPPING events from decorations provider vscode.git 8604
2024-10-11 21:53:42.783 [warning] [Decorations] CAPPING events from decorations provider vscode.git 8604
2024-10-11 21:53:48.110 [warning] [Decorations] CAPPING events from decorations provider vscode.git 8604
2024-10-11 21:53:53.489 [warning] [Decorations] CAPPING events from decorations provider vscode.git 8604
2024-10-11 21:53:58.773 [warning] [Decorations] CAPPING events from decorations provider vscode.git 8604
2024-10-11 21:54:04.187 [warning] [Decorations] CAPPING events from decorations provider vscode.git 8604
2024-10-11 21:54:09.500 [warning] [Decorations] CAPPING events from decorations provider vscode.git 8604
2024-10-11 21:54:14.839 [warning] [Decorations] CAPPING events from decorations provider vscode.git 8604
2024-10-11 21:54:20.212 [warning] [Decorations] CAPPING events from decorations provider vscode.git 8604
2024-10-11 21:54:25.547 [warning] [Decorations] CAPPING events from decorations provider vscode.git 8604
2024-10-11 21:54:30.934 [warning] [Decorations] CAPPING events from decorations provider vscode.git 8604
2024-10-11 21:54:36.959 [warning] [Decorations] CAPPING events from decorations provider vscode.git 8604
2024-10-11 21:54:42.327 [warning] [Decorations] CAPPING events from decorations provider vscode.git 8604
2024-10-11 21:54:48.154 [warning] [Decorations] CAPPING events from decorations provider vscode.git 8604
2024-10-11 21:54:53.469 [warning] [Decorations] CAPPING events from decorations provider vscode.git 8604
2024-10-11 21:54:58.815 [warning] [Decorations] CAPPING events from decorations provider vscode.git 8604
2024-10-11 21:55:04.098 [warning] [Decorations] CAPPING events from decorations provider vscode.git 8604
2024-10-11 21:55:09.453 [warning] [Decorations] CAPPING events from decorations provider vscode.git 8604
2024-10-11 21:55:14.746 [warning] [Decorations] CAPPING events from decorations provider vscode.git 8604
2024-10-11 21:55:20.145 [warning] [Decorations] CAPPING events from decorations provider vscode.git 8604
2024-10-11 21:55:25.449 [warning] [Decorations] CAPPING events from decorations provider vscode.git 8604
2024-10-11 21:55:30.775 [warning] [Decorations] CAPPING events from decorations provider vscode.git 8604
2024-10-11 21:55:36.254 [warning] [Decorations] CAPPING events from decorations provider vscode.git 8604
2024-10-11 21:55:41.606 [warning] [Decorations] CAPPING events from decorations provider vscode.git 8604
2024-10-11 21:55:46.887 [warning] [Decorations] CAPPING events from decorations provider vscode.git 8604
2024-10-11 21:55:52.257 [warning] [Decorations] CAPPING events from decorations provider vscode.git 8604
2024-10-11 21:55:57.630 [warning] [Decorations] CAPPING events from decorations provider vscode.git 8604
2024-10-11 21:56:03.023 [warning] [Decorations] CAPPING events from decorations provider vscode.git 8604
2024-10-11 21:56:08.638 [warning] [Decorations] CAPPING events from decorations provider vscode.git 8604
2024-10-11 21:56:13.916 [warning] [Decorations] CAPPING events from decorations provider vscode.git 8604
2024-10-11 21:56:19.238 [warning] [Decorations] CAPPING events from decorations provider vscode.git 8604
2024-10-11 21:56:24.742 [warning] [Decorations] CAPPING events from decorations provider vscode.git 8604
2024-10-11 21:56:30.063 [warning] [Decorations] CAPPING events from decorations provider vscode.git 8604
2024-10-11 21:56:35.369 [warning] [Decorations] CAPPING events from decorations provider vscode.git 8604
2024-10-11 21:56:40.667 [warning] [Decorations] CAPPING events from decorations provider vscode.git 8604
2024-10-11 21:56:45.958 [warning] [Decorations] CAPPING events from decorations provider vscode.git 8604
2024-10-11 21:56:51.238 [warning] [Decorations] CAPPING events from decorations provider vscode.git 8604
2024-10-11 21:56:56.522 [warning] [Decorations] CAPPING events from decorations provider vscode.git 8604
2024-10-11 21:57:01.829 [warning] [Decorations] CAPPING events from decorations provider vscode.git 8604
2024-10-11 21:57:07.109 [warning] [Decorations] CAPPING events from decorations provider vscode.git 8604
2024-10-11 21:57:12.463 [warning] [Decorations] CAPPING events from decorations provider vscode.git 8604
2024-10-11 21:57:17.738 [warning] [Decorations] CAPPING events from decorations provider vscode.git 8604
2024-10-11 21:57:23.037 [warning] [Decorations] CAPPING events from decorations provider vscode.git 8604
2024-10-11 21:57:28.423 [warning] [Decorations] CAPPING events from decorations provider vscode.git 8604
2024-10-11 21:57:33.781 [warning] [Decorations] CAPPING events from decorations provider vscode.git 8604
2024-10-11 21:57:39.309 [warning] [Decorations] CAPPING events from decorations provider vscode.git 8604
2024-10-11 21:57:45.104 [warning] [Decorations] CAPPING events from decorations provider vscode.git 8604
2024-10-11 21:57:50.435 [warning] [Decorations] CAPPING events from decorations provider vscode.git 8604
2024-10-11 21:57:55.850 [warning] [Decorations] CAPPING events from decorations provider vscode.git 8604
2024-10-11 21:58:01.244 [warning] [Decorations] CAPPING events from decorations provider vscode.git 8604
2024-10-11 21:58:06.532 [warning] [Decorations] CAPPING events from decorations provider vscode.git 8604
2024-10-11 21:58:11.821 [warning] [Decorations] CAPPING events from decorations provider vscode.git 8604
2024-10-11 21:58:17.151 [warning] [Decorations] CAPPING events from decorations provider vscode.git 8604
2024-10-11 21:58:22.471 [warning] [Decorations] CAPPING events from decorations provider vscode.git 8604
2024-10-11 21:58:27.755 [warning] [Decorations] CAPPING events from decorations provider vscode.git 8604
2024-10-11 21:58:33.492 [warning] [Decorations] CAPPING events from decorations provider vscode.git 8604
2024-10-11 22:01:34.271 [warning] [Decorations] CAPPING events from decorations provider vscode.git 8604
2024-10-11 22:01:40.119 [warning] [Decorations] CAPPING events from decorations provider vscode.git 8604
2024-10-11 22:01:45.486 [warning] [Decorations] CAPPING events from decorations provider vscode.git 8604
2024-10-11 22:01:51.484 [warning] [Decorations] CAPPING events from decorations provider vscode.git 8604
2024-10-11 22:01:56.854 [warning] [Decorations] CAPPING events from decorations provider vscode.git 8604
2024-10-11 22:02:02.209 [warning] [Decorations] CAPPING events from decorations provider vscode.git 8604
2024-10-11 22:02:07.656 [warning] [Decorations] CAPPING events from decorations provider vscode.git 8604
2024-10-11 22:02:12.992 [warning] [Decorations] CAPPING events from decorations provider vscode.git 8604
2024-10-11 22:02:18.561 [warning] [Decorations] CAPPING events from decorations provider vscode.git 8604
2024-10-11 22:03:29.364 [warning] [Decorations] CAPPING events from decorations provider vscode.git 8604
2024-10-11 22:08:42.361 [warning] [Decorations] CAPPING events from decorations provider vscode.git 8604
2024-10-11 22:08:47.044 [info] Extension host terminating: received terminate message from renderer
2024-10-11 22:08:47.056 [info] Lock '/root/.vscode-server/data/User/workspaceStorage/004e33f01e5b915cdd99a687c3386a27/vscode.lock': Marking the lockfile as scheduled to be released in 6000 ms.
