2024-09-26 23:27:32.262 [info] [main] Log level: Info
2024-09-26 23:27:32.263 [info] [main] Validating found git in: "git"
2024-09-26 23:27:32.263 [info] [main] Using git "2.34.1" from "git"
2024-09-26 23:27:32.263 [info] [Model][doInitialScan] Initial repository scan started
2024-09-26 23:27:32.518 [info] > git rev-parse --show-toplevel [268ms]
2024-09-26 23:27:32.518 [info] fatal: not a git repository (or any parent up to mount point /mnt)
Stopping at filesystem boundary (GIT_DISCOVERY_ACROSS_FILESYSTEM not set).
2024-09-26 23:27:32.683 [info] > git rev-parse --show-toplevel [15ms]
2024-09-26 23:27:32.683 [info] fatal: not a git repository (or any parent up to mount point /mnt)
Stopping at filesystem boundary (GIT_DISCOVERY_ACROSS_FILESYSTEM not set).
2024-09-26 23:27:32.729 [info] > git rev-parse --show-toplevel [28ms]
2024-09-26 23:27:32.729 [info] fatal: not a git repository (or any parent up to mount point /mnt)
Stopping at filesystem boundary (GIT_DISCOVERY_ACROSS_FILESYSTEM not set).
2024-09-26 23:27:32.765 [info] > git rev-parse --show-toplevel [16ms]
2024-09-26 23:27:32.765 [info] fatal: not a git repository (or any parent up to mount point /mnt)
Stopping at filesystem boundary (GIT_DISCOVERY_ACROSS_FILESYSTEM not set).
2024-09-26 23:27:32.784 [info] > git rev-parse --show-toplevel [12ms]
2024-09-26 23:27:32.785 [info] fatal: not a git repository (or any parent up to mount point /mnt)
Stopping at filesystem boundary (GIT_DISCOVERY_ACROSS_FILESYSTEM not set).
2024-09-26 23:27:32.801 [info] > git rev-parse --show-toplevel [12ms]
2024-09-26 23:27:32.801 [info] fatal: not a git repository (or any parent up to mount point /mnt)
Stopping at filesystem boundary (GIT_DISCOVERY_ACROSS_FILESYSTEM not set).
2024-09-26 23:27:32.831 [info] > git rev-parse --show-toplevel [16ms]
2024-09-26 23:27:32.831 [info] fatal: not a git repository (or any parent up to mount point /mnt)
Stopping at filesystem boundary (GIT_DISCOVERY_ACROSS_FILESYSTEM not set).
2024-09-26 23:27:32.971 [info] > git rev-parse --show-toplevel [126ms]
2024-09-26 23:27:33.079 [info] > git rev-parse --git-dir --git-common-dir [65ms]
2024-09-26 23:27:33.142 [info] [Model][openRepository] Opened repository: /mnt/c/Users/OvieBluecode/Documents/Python VsCode
2024-09-26 23:27:33.385 [info] > git config --get commit.template [222ms]
2024-09-26 23:27:33.386 [info] > git rev-parse --show-toplevel [204ms]
2024-09-26 23:27:33.386 [info] fatal: not a git repository (or any parent up to mount point /mnt)
Stopping at filesystem boundary (GIT_DISCOVERY_ACROSS_FILESYSTEM not set).
2024-09-26 23:27:33.559 [info] > git rev-parse --show-toplevel [81ms]
2024-09-26 23:27:33.559 [info] fatal: not a git repository (or any parent up to mount point /mnt)
Stopping at filesystem boundary (GIT_DISCOVERY_ACROSS_FILESYSTEM not set).
2024-09-26 23:27:33.596 [info] > git rev-parse --show-toplevel [29ms]
2024-09-26 23:27:33.596 [info] fatal: not a git repository (or any parent up to mount point /mnt)
Stopping at filesystem boundary (GIT_DISCOVERY_ACROSS_FILESYSTEM not set).
2024-09-26 23:27:33.620 [info] > git rev-parse --show-toplevel [14ms]
2024-09-26 23:27:33.620 [info] fatal: not a git repository (or any parent up to mount point /mnt)
Stopping at filesystem boundary (GIT_DISCOVERY_ACROSS_FILESYSTEM not set).
2024-09-26 23:27:33.661 [info] > git rev-parse --show-toplevel [26ms]
2024-09-26 23:27:33.661 [info] fatal: not a git repository (or any parent up to mount point /mnt)
Stopping at filesystem boundary (GIT_DISCOVERY_ACROSS_FILESYSTEM not set).
2024-09-26 23:27:33.679 [info] [Model][doInitialScan] Initial repository scan completed - repositories (1), closed repositories (0), parent repositories (0), unsafe repositories (0)
2024-09-26 23:27:33.934 [info] > git for-each-ref --format=%(refname)%00%(upstream:short)%00%(objectname)%00%(upstream:track)%00%(upstream:remotename)%00%(upstream:remoteref) refs/heads/main refs/remotes/main [746ms]
2024-09-26 23:27:34.092 [info] > git check-ignore -v -z --stdin [211ms]
2024-09-26 23:27:36.683 [info] > git status -z -uall [2725ms]
2024-09-26 23:27:37.621 [info] > git config --get commit.template [506ms]
2024-09-26 23:27:38.004 [info] > git for-each-ref --format=%(refname)%00%(upstream:short)%00%(objectname)%00%(upstream:track)%00%(upstream:remotename)%00%(upstream:remoteref) refs/heads/main refs/remotes/main [1301ms]
2024-09-26 23:27:38.022 [info] > git for-each-ref --format=%(refname)%00%(upstream:short)%00%(objectname)%00%(upstream:track)%00%(upstream:remotename)%00%(upstream:remoteref) refs/heads/main refs/remotes/main [516ms]
2024-09-26 23:27:38.071 [info] > git config --local branch.main.vscode-merge-base [52ms]
2024-09-26 23:27:38.072 [warning] [Git][config] git config failed: Failed to execute git
2024-09-26 23:27:38.502 [info] > git reflog main --grep-reflog=branch: Created from *. [412ms]
2024-09-26 23:27:38.571 [info] > git symbolic-ref --short refs/remotes/origin/HEAD [65ms]
2024-09-26 23:27:38.571 [info] fatal: ref refs/remotes/origin/HEAD is not a symbolic ref
2024-09-26 23:27:38.605 [info] > git status -z -uall [534ms]
2024-09-26 23:27:38.867 [info] > git merge-base refs/heads/main refs/remotes/origin/main [290ms]
2024-09-26 23:27:39.072 [info] > git for-each-ref --format=%(refname)%00%(upstream:short)%00%(objectname)%00%(upstream:track)%00%(upstream:remotename)%00%(upstream:remoteref) refs/heads/main refs/remotes/main [452ms]
2024-09-26 23:27:39.140 [info] > git config --local branch.main.vscode-merge-base [63ms]
2024-09-26 23:27:39.141 [warning] [Git][config] git config failed: Failed to execute git
2024-09-26 23:27:39.204 [info] > git rev-list --count --left-right refs/heads/main...refs/remotes/origin/main [298ms]
2024-09-26 23:27:39.326 [info] > git reflog main --grep-reflog=branch: Created from *. [182ms]
2024-09-26 23:27:39.409 [info] > git symbolic-ref --short refs/remotes/origin/HEAD [71ms]
2024-09-26 23:27:39.409 [info] fatal: ref refs/remotes/origin/HEAD is not a symbolic ref
2024-09-26 23:27:39.425 [info] > git diff --name-status -z --diff-filter=ADMR e606699c1fccd714db58181a73abde86e8eacc9e...refs/remotes/origin/main [206ms]
