2024-10-12 15:24:32.903 [info] Starting Python Locator /root/.vscode-server/extensions/ms-python.python-2024.16.1-linux-x64/python-env-tools/bin/pet server
2024-10-12 15:24:35.452 [info] Discovered manager: (Poetry) /root/.local/share/pypoetry/venv/bin/poetry
2024-10-12 15:24:35.455 [info] Discovered env: /usr/bin/python3
2024-10-12 15:24:35.455 [info] Discovered env: /bin/python3
2024-10-12 15:24:52.924 [info] Locator Conda took 19.914258094s
2024-10-12 15:24:52.924 [info] Locator Homebrew took 11.3306ms
2024-10-12 15:24:52.924 [info] Locator LinuxGlobal took 419.505422ms
2024-10-12 15:24:52.924 [info] Locator PipEnv took 448.6µs
2024-10-12 15:24:52.924 [info] Locator Poetry took 2.209ms
2024-10-12 15:24:52.924 [info] Locator PyEnv took 178.689311ms
2024-10-12 15:24:52.924 [info] Locator Venv took 2.305ms
2024-10-12 15:24:52.924 [info] Locator VirtualEnv took 58µs
2024-10-12 15:24:52.924 [info] Locator VirtualEnvWrapper took 349.8µs
2024-10-12 15:24:52.925 [info] Locator GlobalVirtualEnvs took 1.3652ms
2024-10-12 15:24:52.925 [info] Locator Locators took 19.915305894s
2024-10-12 15:24:52.925 [info] Locator Path took 1.87336159s
2024-10-12 15:24:52.925 [info] Locator Workspaces took 1.582549976s
2024-10-12 15:24:52.925 [info] Refresh completed in 19915ms
2024-10-12 20:02:43.907 [info] Starting Python Locator /root/.vscode-server/extensions/ms-python.python-2024.16.1-linux-x64/python-env-tools/bin/pet server
2024-10-12 20:02:48.176 [info] Discovered manager: (Poetry) /root/.local/share/pypoetry/venv/bin/poetry
2024-10-12 20:02:48.533 [info] Discovered env: /bin/python3
2024-10-12 20:02:48.559 [info] Discovered env: /usr/bin/python3
2024-10-12 20:02:58.342 [info] Locator Conda took 15.029495739s
2024-10-12 20:02:58.342 [info] Locator Homebrew took 6.2288ms
2024-10-12 20:02:58.343 [info] Locator LinuxGlobal took 281.926706ms
2024-10-12 20:02:58.343 [info] Locator PipEnv took 1.2959ms
2024-10-12 20:02:58.344 [info] Locator Poetry took 34.505801ms
2024-10-12 20:02:58.344 [info] Locator PyEnv took 299.354707ms
2024-10-12 20:02:58.344 [info] Locator Venv took 28.1µs
2024-10-12 20:02:58.344 [info] Locator VirtualEnv took 32.1µs
2024-10-12 20:02:58.345 [info] Locator VirtualEnvWrapper took 49.5µs
2024-10-12 20:02:58.350 [info] Locator GlobalVirtualEnvs took 11.3393ms
2024-10-12 20:02:58.351 [info] Locator Locators took 15.05505664s
2024-10-12 20:02:58.352 [info] Locator Path took 2.8978636s
2024-10-12 20:02:58.355 [info] Locator Workspaces took 2.589968887s
2024-10-12 20:02:58.361 [info] Refresh completed in 15057ms
2024-10-13 17:26:32.780 [info] Starting Python Locator /root/.vscode-server/extensions/ms-python.python-2024.16.1-linux-x64/python-env-tools/bin/pet server
2024-10-13 17:26:33.382 [info] Discovered manager: (Poetry) /root/.local/share/pypoetry/venv/bin/poetry
2024-10-13 17:26:33.383 [info] Discovered env: /bin/python3
2024-10-13 17:26:33.383 [info] Discovered env: /usr/bin/python3
2024-10-13 17:26:54.692 [info] Locator Conda took 25.07870502s
2024-10-13 17:26:54.693 [info] Locator Homebrew took 122.317601ms
2024-10-13 17:26:54.693 [info] Locator LinuxGlobal took 502.152704ms
2024-10-13 17:26:54.693 [info] Locator PipEnv took 144.6µs
2024-10-13 17:26:54.693 [info] Locator Poetry took 183.434302ms
2024-10-13 17:26:54.693 [info] Locator PyEnv took 518.228504ms
2024-10-13 17:26:54.693 [info] Locator Venv took 57.7µs
2024-10-13 17:26:54.693 [info] Locator VirtualEnv took 37.9µs
2024-10-13 17:26:54.693 [info] Locator VirtualEnvWrapper took 8.8766ms
2024-10-13 17:26:54.693 [info] Locator GlobalVirtualEnvs took 135.822101ms
2024-10-13 17:26:54.693 [info] Locator Locators took 25.08044672s
2024-10-13 17:26:54.693 [info] Locator Path took 4.770554431s
2024-10-13 17:26:54.693 [info] Locator Workspaces took 4.031285426s
2024-10-13 17:26:54.694 [info] Refresh completed in 25081ms
