2024-10-12 15:24:37.309 [info] (Client) Pylance async client (2024.10.1) started with python extension (2024.16.1)
2024-10-12 15:24:38.007 [info] [Info  - 3:24:37 PM] (2867) Server root directory: file:///root/.vscode-server/extensions/ms-python.vscode-pylance-2024.10.1/dist
2024-10-12 15:24:38.008 [info] [Info  - 3:24:38 PM] (2867) Pylance language server 2024.10.1 (pyright version 1.1.382, commit e46efc6b) starting
2024-10-12 15:24:38.008 [info] [Info  - 3:24:38 PM] (2867) Starting service instance "wsl+ubuntu"
2024-10-12 15:24:39.267 [info] [Info  - 3:24:39 PM] (2867) Setting environmentName for service "wsl+ubuntu": "python"
2024-10-12 15:24:39.268 [info] [Info  - 3:24:39 PM] (2867) No include entries specified; assuming /
2024-10-12 15:24:39.280 [info] [Info  - 3:24:39 PM] (2867) Auto-excluding **/node_modules
2024-10-12 15:24:39.280 [info] [Info  - 3:24:39 PM] (2867) Auto-excluding **/__pycache__
2024-10-12 15:24:39.281 [info] [Info  - 3:24:39 PM] (2867) Auto-excluding **/.*
2024-10-12 15:24:39.843 [info] [Warn  - 3:24:39 PM] (2867) Skipping recursive symlink "file:///bin/X11" -> "file:///usr/bin"
2024-10-12 15:24:49.726 [info] [Error - 3:24:49 PM] (2867) Enumeration of workspace source files is taking longer than 10 seconds.
This may be because:
* You have opened your home directory or entire hard drive as a workspace
* Your workspace contains a very large number of directories and files
* Your workspace contains a symlink to a directory with many files
* Your workspace is remote, and file enumeration is slow
To reduce this time, open a workspace directory with fewer files or add a pyrightconfig.json configuration file with an "exclude" section to exclude subdirectories from your workspace. For more details, refer to https://github.com/microsoft/pyright/blob/main/docs/configuration.md.
2024-10-12 15:25:20.732 [info] [Warn  - 3:25:20 PM] (2867) Skipping recursive symlink "file:///mnt/c/Documents%20and%20Settings/All%20Users/Application%20Data" -> "file:///mnt/c/ProgramData"
2024-10-12 15:29:19.911 [info] [Warn  - 3:29:19 PM] (2867) Skipping recursive symlink "file:///mnt/c/Documents%20and%20Settings/Default/AppData/Local/Application%20Data" -> "file:///mnt/c/Users/Default/AppData/Local"
2024-10-12 15:29:25.852 [info] [Warn  - 3:29:25 PM] (2867) Skipping recursive symlink "file:///mnt/c/Documents%20and%20Settings/Default/Local%20Settings/Application%20Data" -> "file:///mnt/c/Users/Default/AppData/Local"
2024-10-12 15:29:29.987 [info] [Warn  - 3:29:29 PM] (2867) Skipping recursive symlink "file:///mnt/c/Documents%20and%20Settings/Default%20User/AppData/Local/Application%20Data" -> "file:///mnt/c/Users/Default/AppData/Local"
2024-10-12 15:29:38.515 [info] [Warn  - 3:29:38 PM] (2867) Skipping recursive symlink "file:///mnt/c/Documents%20and%20Settings/Default%20User/Local%20Settings/Application%20Data" -> "file:///mnt/c/Users/Default/AppData/Local"
2024-10-12 15:29:47.590 [info] [Warn  - 3:29:47 PM] (2867) Skipping recursive symlink "file:///mnt/c/Documents%20and%20Settings/OvieBluecode/AppData/Local/Application%20Data" -> "file:///mnt/c/Users/OvieBluecode/AppData/Local"
2024-10-12 15:47:34.293 [info] [Info  - 3:47:34 PM] (2867) Auto-excluding /mnt/c/Documents and Settings/OvieBluecode/AppData/Roaming/IBM/SPSS Statistics/one/Python310
2024-10-12 15:57:37.540 [info] [Info  - 3:57:37 PM] (2867) Auto-excluding /mnt/c/Documents and Settings/OvieBluecode/Application Data/IBM/SPSS Statistics/one/Python310
2024-10-12 16:07:08.278 [info] [Warn  - 4:07:08 PM] (2867) Skipping recursive symlink "file:///mnt/c/Documents%20and%20Settings/OvieBluecode/Local%20Settings/Application%20Data" -> "file:///mnt/c/Users/OvieBluecode/AppData/Local"
2024-10-12 16:30:38.524 [info] [Info  - 4:30:38 PM] (2867) Auto-excluding /mnt/c/Program Files/Microsoft SQL Server/150/PYTHON_SERVER
2024-10-12 16:31:34.991 [info] [Info  - 4:31:34 PM] (2867) Auto-excluding /mnt/c/Program Files/Microsoft SQL Server/MSSQL15.MSSQLSERVER/PYTHON_SERVICES
2024-10-12 16:36:28.991 [info] [Warn  - 4:36:28 PM] (2867) Skipping recursive symlink "file:///mnt/c/ProgramData/Application%20Data" -> "file:///mnt/c/ProgramData"
2024-10-12 16:38:08.039 [info] [Warn  - 4:38:08 PM] (2867) Skipping recursive symlink "file:///mnt/c/Users/All%20Users/Application%20Data" -> "file:///mnt/c/ProgramData"
2024-10-12 16:39:59.688 [info] [Warn  - 4:39:59 PM] (2867) Skipping recursive symlink "file:///mnt/c/Users/Default/AppData/Local/Application%20Data" -> "file:///mnt/c/Users/Default/AppData/Local"
2024-10-12 16:40:04.040 [info] [Warn  - 4:40:04 PM] (2867) Skipping recursive symlink "file:///mnt/c/Users/Default/Local%20Settings/Application%20Data" -> "file:///mnt/c/Users/Default/AppData/Local"
2024-10-12 16:40:07.443 [info] [Warn  - 4:40:07 PM] (2867) Skipping recursive symlink "file:///mnt/c/Users/Default%20User/AppData/Local/Application%20Data" -> "file:///mnt/c/Users/Default/AppData/Local"
2024-10-12 16:40:12.150 [info] [Warn  - 4:40:12 PM] (2867) Skipping recursive symlink "file:///mnt/c/Users/Default%20User/Local%20Settings/Application%20Data" -> "file:///mnt/c/Users/Default/AppData/Local"
2024-10-12 16:40:17.017 [info] [Warn  - 4:40:17 PM] (2867) Skipping recursive symlink "file:///mnt/c/Users/OvieBluecode/AppData/Local/Application%20Data" -> "file:///mnt/c/Users/OvieBluecode/AppData/Local"
2024-10-12 16:53:14.070 [info] [Info  - 4:53:14 PM] (2867) Auto-excluding /mnt/c/Users/OvieBluecode/AppData/Roaming/IBM/SPSS Statistics/one/Python310
2024-10-12 17:01:01.970 [info] [Info  - 5:01:01 PM] (2867) Auto-excluding /mnt/c/Users/OvieBluecode/Application Data/IBM/SPSS Statistics/one/Python310
2024-10-12 17:09:20.940 [info] [Warn  - 5:09:20 PM] (2867) Skipping recursive symlink "file:///mnt/c/Users/OvieBluecode/Local%20Settings/Application%20Data" -> "file:///mnt/c/Users/OvieBluecode/AppData/Local"
2024-10-12 20:02:51.899 [info] (Client) Pylance async client (2024.10.1) started with python extension (2024.16.1)
2024-10-12 20:02:54.456 [info] [Info  - 8:02:54 PM] (81523) Server root directory: file:///root/.vscode-server/extensions/ms-python.vscode-pylance-2024.10.1/dist
2024-10-12 20:02:54.831 [info] [Info  - 8:02:54 PM] (81523) Pylance language server 2024.10.1 (pyright version 1.1.382, commit e46efc6b) starting
2024-10-12 20:02:54.832 [info] [Info  - 8:02:54 PM] (81523) Starting service instance "wsl+ubuntu"
2024-10-12 20:02:55.171 [info] [Info  - 8:02:55 PM] (81523) Setting environmentName for service "wsl+ubuntu": "3.10.12 (global)"
2024-10-12 20:02:55.173 [info] [Info  - 8:02:55 PM] (81523) Setting pythonPath for service "wsl+ubuntu": "/bin/python3"
2024-10-12 20:02:55.174 [info] [Info  - 8:02:55 PM] (81523) No include entries specified; assuming /
2024-10-12 20:02:55.178 [info] [Info  - 8:02:55 PM] (81523) Auto-excluding **/node_modules
2024-10-12 20:02:55.179 [info] [Info  - 8:02:55 PM] (81523) Auto-excluding **/__pycache__
2024-10-12 20:02:55.186 [info] [Info  - 8:02:55 PM] (81523) Auto-excluding **/.*
2024-10-12 20:02:55.369 [info] [Info  - 8:02:55 PM] (81523) Assuming Python version 3.10.12.final.0
2024-10-12 20:02:55.989 [info] [Warn  - 8:02:55 PM] (81523) Skipping recursive symlink "file:///bin/X11" -> "file:///usr/bin"
2024-10-12 20:03:05.841 [info] [Error - 8:03:05 PM] (81523) Enumeration of workspace source files is taking longer than 10 seconds.
This may be because:
* You have opened your home directory or entire hard drive as a workspace
* Your workspace contains a very large number of directories and files
* Your workspace contains a symlink to a directory with many files
* Your workspace is remote, and file enumeration is slow
To reduce this time, open a workspace directory with fewer files or add a pyrightconfig.json configuration file with an "exclude" section to exclude subdirectories from your workspace. For more details, refer to https://github.com/microsoft/pyright/blob/main/docs/configuration.md.
2024-10-12 20:03:17.291 [info] [Warn  - 8:03:17 PM] (81523) Skipping recursive symlink "file:///mnt/c/Documents%20and%20Settings/All%20Users/Application%20Data" -> "file:///mnt/c/ProgramData"
2024-10-12 20:07:33.658 [info] [Warn  - 8:07:33 PM] (81523) Skipping recursive symlink "file:///mnt/c/Documents%20and%20Settings/Default/AppData/Local/Application%20Data" -> "file:///mnt/c/Users/Default/AppData/Local"
2024-10-12 20:07:40.573 [info] [Warn  - 8:07:40 PM] (81523) Skipping recursive symlink "file:///mnt/c/Documents%20and%20Settings/Default/Local%20Settings/Application%20Data" -> "file:///mnt/c/Users/Default/AppData/Local"
2024-10-12 20:07:46.912 [info] [Warn  - 8:07:46 PM] (81523) Skipping recursive symlink "file:///mnt/c/Documents%20and%20Settings/Default%20User/AppData/Local/Application%20Data" -> "file:///mnt/c/Users/Default/AppData/Local"
2024-10-12 20:07:56.159 [info] [Warn  - 8:07:56 PM] (81523) Skipping recursive symlink "file:///mnt/c/Documents%20and%20Settings/Default%20User/Local%20Settings/Application%20Data" -> "file:///mnt/c/Users/Default/AppData/Local"
2024-10-12 20:08:09.850 [info] [Warn  - 8:08:09 PM] (81523) Skipping recursive symlink "file:///mnt/c/Documents%20and%20Settings/OvieBluecode/AppData/Local/Application%20Data" -> "file:///mnt/c/Users/OvieBluecode/AppData/Local"
2024-10-12 20:42:17.725 [info] [Info  - 8:42:17 PM] (81523) Auto-excluding /mnt/c/Documents and Settings/OvieBluecode/AppData/Roaming/IBM/SPSS Statistics/one/Python310
2024-10-12 20:53:35.652 [info] [Info  - 8:53:35 PM] (81523) Auto-excluding /mnt/c/Documents and Settings/OvieBluecode/Application Data/IBM/SPSS Statistics/one/Python310
2024-10-12 21:07:45.167 [info] [Warn  - 9:07:45 PM] (81523) Skipping recursive symlink "file:///mnt/c/Documents%20and%20Settings/OvieBluecode/Local%20Settings/Application%20Data" -> "file:///mnt/c/Users/OvieBluecode/AppData/Local"
2024-10-12 22:58:10.041 [info] [Info  - 10:58:10 PM] (81523) Auto-excluding /mnt/c/Program Files/Microsoft SQL Server/150/PYTHON_SERVER
2024-10-12 22:59:26.366 [info] [Info  - 10:59:26 PM] (81523) Auto-excluding /mnt/c/Program Files/Microsoft SQL Server/MSSQL15.MSSQLSERVER/PYTHON_SERVICES
2024-10-12 23:04:31.208 [info] [Warn  - 11:04:31 PM] (81523) Skipping recursive symlink "file:///mnt/c/ProgramData/Application%20Data" -> "file:///mnt/c/ProgramData"
2024-10-12 23:06:11.041 [info] [Warn  - 11:06:11 PM] (81523) Skipping recursive symlink "file:///mnt/c/Users/All%20Users/Application%20Data" -> "file:///mnt/c/ProgramData"
2024-10-12 23:08:18.357 [info] [Warn  - 11:08:18 PM] (81523) Skipping recursive symlink "file:///mnt/c/Users/Default/AppData/Local/Application%20Data" -> "file:///mnt/c/Users/Default/AppData/Local"
2024-10-12 23:08:22.169 [info] [Warn  - 11:08:22 PM] (81523) Skipping recursive symlink "file:///mnt/c/Users/Default/Local%20Settings/Application%20Data" -> "file:///mnt/c/Users/Default/AppData/Local"
2024-10-12 23:08:25.388 [info] [Warn  - 11:08:25 PM] (81523) Skipping recursive symlink "file:///mnt/c/Users/Default%20User/AppData/Local/Application%20Data" -> "file:///mnt/c/Users/Default/AppData/Local"
2024-10-12 23:08:29.614 [info] [Warn  - 11:08:29 PM] (81523) Skipping recursive symlink "file:///mnt/c/Users/Default%20User/Local%20Settings/Application%20Data" -> "file:///mnt/c/Users/Default/AppData/Local"
2024-10-12 23:08:36.180 [info] [Warn  - 11:08:36 PM] (81523) Skipping recursive symlink "file:///mnt/c/Users/OvieBluecode/AppData/Local/Application%20Data" -> "file:///mnt/c/Users/OvieBluecode/AppData/Local"
2024-10-12 23:23:08.391 [info] [Info  - 11:23:08 PM] (81523) Auto-excluding /mnt/c/Users/OvieBluecode/AppData/Roaming/IBM/SPSS Statistics/one/Python310
2024-10-12 23:34:33.096 [info] [Info  - 11:34:33 PM] (81523) Auto-excluding /mnt/c/Users/OvieBluecode/Application Data/IBM/SPSS Statistics/one/Python310
2024-10-12 23:52:30.027 [info] [Warn  - 11:52:30 PM] (81523) Skipping recursive symlink "file:///mnt/c/Users/OvieBluecode/Local%20Settings/Application%20Data" -> "file:///mnt/c/Users/OvieBluecode/AppData/Local"
2024-10-13 13:05:24.563 [info] [Warn  - 1:05:24 PM] (81523) Skipping recursive symlink "file:///mnt/wslg/distro/bin/X11" -> "file:///mnt/wslg/distro/usr/bin"
2024-10-13 13:05:32.391 [info] [Warn  - 1:05:32 PM] (81523) Skipping recursive symlink "file:///mnt/wslg/distro/usr/bin/X11" -> "file:///mnt/wslg/distro/usr/bin"
2024-10-13 13:05:43.774 [info] [Warn  - 1:05:43 PM] (81523) Skipping recursive symlink "file:///mnt/wslg/distro/usr/share/doc/node-function-bind/node-has/node-function-bind" -> "file:///mnt/wslg/distro/usr/share/doc/node-function-bind"
2024-10-13 13:05:43.786 [info] [Warn  - 1:05:43 PM] (81523) Skipping recursive symlink "file:///mnt/wslg/distro/usr/share/doc/node-has/node-function-bind/node-has" -> "file:///mnt/wslg/distro/usr/share/doc/node-has"
2024-10-13 13:05:43.805 [info] [Warn  - 1:05:43 PM] (81523) Skipping recursive symlink "file:///mnt/wslg/distro/usr/share/doc/node-is-core-module/node-resolve/node-is-core-module" -> "file:///mnt/wslg/distro/usr/share/doc/node-is-core-module"
2024-10-13 13:05:43.806 [info] [Warn  - 1:05:43 PM] (81523) Skipping recursive symlink "file:///mnt/wslg/distro/usr/share/doc/node-is-core-module/node-resolve/node-object-keys/node-resolve" -> "file:///mnt/wslg/distro/usr/share/doc/node-resolve"
2024-10-13 13:05:43.808 [info] [Warn  - 1:05:43 PM] (81523) Skipping recursive symlink "file:///mnt/wslg/distro/usr/share/doc/node-is-core-module/node-resolve/node-path-parse/node-resolve" -> "file:///mnt/wslg/distro/usr/share/doc/node-resolve"
2024-10-13 13:05:43.809 [info] [Warn  - 1:05:43 PM] (81523) Skipping recursive symlink "file:///mnt/wslg/distro/usr/share/doc/node-is-core-module/node-resolve/node-types-resolve/node-resolve" -> "file:///mnt/wslg/distro/usr/share/doc/node-resolve"
2024-10-13 13:05:43.847 [info] [Warn  - 1:05:43 PM] (81523) Skipping recursive symlink "file:///mnt/wslg/distro/usr/share/doc/node-object-keys/node-resolve/node-is-core-module/node-resolve" -> "file:///mnt/wslg/distro/usr/share/doc/node-resolve"
2024-10-13 13:05:43.850 [info] [Warn  - 1:05:43 PM] (81523) Skipping recursive symlink "file:///mnt/wslg/distro/usr/share/doc/node-object-keys/node-resolve/node-object-keys" -> "file:///mnt/wslg/distro/usr/share/doc/node-object-keys"
2024-10-13 13:05:43.851 [info] [Warn  - 1:05:43 PM] (81523) Skipping recursive symlink "file:///mnt/wslg/distro/usr/share/doc/node-object-keys/node-resolve/node-path-parse/node-resolve" -> "file:///mnt/wslg/distro/usr/share/doc/node-resolve"
2024-10-13 13:05:43.853 [info] [Warn  - 1:05:43 PM] (81523) Skipping recursive symlink "file:///mnt/wslg/distro/usr/share/doc/node-object-keys/node-resolve/node-types-resolve/node-resolve" -> "file:///mnt/wslg/distro/usr/share/doc/node-resolve"
2024-10-13 13:05:43.861 [info] [Warn  - 1:05:43 PM] (81523) Skipping recursive symlink "file:///mnt/wslg/distro/usr/share/doc/node-path-parse/node-resolve/node-is-core-module/node-resolve" -> "file:///mnt/wslg/distro/usr/share/doc/node-resolve"
2024-10-13 13:05:43.872 [info] [Warn  - 1:05:43 PM] (81523) Skipping recursive symlink "file:///mnt/wslg/distro/usr/share/doc/node-path-parse/node-resolve/node-object-keys/node-resolve" -> "file:///mnt/wslg/distro/usr/share/doc/node-resolve"
2024-10-13 13:05:43.874 [info] [Warn  - 1:05:43 PM] (81523) Skipping recursive symlink "file:///mnt/wslg/distro/usr/share/doc/node-path-parse/node-resolve/node-path-parse" -> "file:///mnt/wslg/distro/usr/share/doc/node-path-parse"
2024-10-13 13:05:43.877 [info] [Warn  - 1:05:43 PM] (81523) Skipping recursive symlink "file:///mnt/wslg/distro/usr/share/doc/node-path-parse/node-resolve/node-types-resolve/node-resolve" -> "file:///mnt/wslg/distro/usr/share/doc/node-resolve"
2024-10-13 13:05:43.890 [info] [Warn  - 1:05:43 PM] (81523) Skipping recursive symlink "file:///mnt/wslg/distro/usr/share/doc/node-resolve/node-is-core-module/node-resolve" -> "file:///mnt/wslg/distro/usr/share/doc/node-resolve"
2024-10-13 13:05:43.893 [info] [Warn  - 1:05:43 PM] (81523) Skipping recursive symlink "file:///mnt/wslg/distro/usr/share/doc/node-resolve/node-object-keys/node-resolve" -> "file:///mnt/wslg/distro/usr/share/doc/node-resolve"
2024-10-13 13:05:43.895 [info] [Warn  - 1:05:43 PM] (81523) Skipping recursive symlink "file:///mnt/wslg/distro/usr/share/doc/node-resolve/node-path-parse/node-resolve" -> "file:///mnt/wslg/distro/usr/share/doc/node-resolve"
2024-10-13 13:05:43.898 [info] [Warn  - 1:05:43 PM] (81523) Skipping recursive symlink "file:///mnt/wslg/distro/usr/share/doc/node-resolve/node-types-resolve/node-resolve" -> "file:///mnt/wslg/distro/usr/share/doc/node-resolve"
2024-10-13 13:05:43.936 [info] [Warn  - 1:05:43 PM] (81523) Skipping recursive symlink "file:///mnt/wslg/distro/usr/share/doc/node-types-resolve/node-resolve/node-is-core-module/node-resolve" -> "file:///mnt/wslg/distro/usr/share/doc/node-resolve"
2024-10-13 13:05:43.939 [info] [Warn  - 1:05:43 PM] (81523) Skipping recursive symlink "file:///mnt/wslg/distro/usr/share/doc/node-types-resolve/node-resolve/node-object-keys/node-resolve" -> "file:///mnt/wslg/distro/usr/share/doc/node-resolve"
2024-10-13 13:05:43.944 [info] [Warn  - 1:05:43 PM] (81523) Skipping recursive symlink "file:///mnt/wslg/distro/usr/share/doc/node-types-resolve/node-resolve/node-path-parse/node-resolve" -> "file:///mnt/wslg/distro/usr/share/doc/node-resolve"
2024-10-13 13:05:43.944 [info] [Warn  - 1:05:43 PM] (81523) Skipping recursive symlink "file:///mnt/wslg/distro/usr/share/doc/node-types-resolve/node-resolve/node-types-resolve" -> "file:///mnt/wslg/distro/usr/share/doc/node-types-resolve"
2024-10-13 13:05:47.854 [info] [Warn  - 1:05:47 PM] (81523) Skipping recursive symlink "file:///proc/1/cwd" -> "file:///"
2024-10-13 13:05:47.926 [info] [Warn  - 1:05:47 PM] (81523) Skipping recursive symlink "file:///proc/1/root" -> "file:///"
2024-10-13 13:05:47.928 [info] [Warn  - 1:05:47 PM] (81523) Skipping recursive symlink "file:///proc/1/task/1/cwd" -> "file:///"
2024-10-13 13:05:47.954 [info] [Warn  - 1:05:47 PM] (81523) Skipping recursive symlink "file:///proc/1/task/1/root" -> "file:///"
2024-10-13 13:05:47.957 [info] [Warn  - 1:05:47 PM] (81523) Skipping recursive symlink "file:///proc/100842/cwd" -> "file:///"
2024-10-13 13:05:47.976 [info] [Warn  - 1:05:47 PM] (81523) Skipping recursive symlink "file:///proc/100842/root" -> "file:///"
2024-10-13 13:05:47.978 [info] [Warn  - 1:05:47 PM] (81523) Skipping recursive symlink "file:///proc/100842/task/100842/cwd" -> "file:///"
2024-10-13 13:05:47.983 [info] [Warn  - 1:05:47 PM] (81523) Skipping recursive symlink "file:///proc/100842/task/100842/root" -> "file:///"
2024-10-13 13:05:47.984 [info] [Warn  - 1:05:47 PM] (81523) Skipping recursive symlink "file:///proc/100842/task/100843/cwd" -> "file:///"
2024-10-13 13:05:47.992 [info] [Warn  - 1:05:47 PM] (81523) Skipping recursive symlink "file:///proc/100842/task/100843/root" -> "file:///"
2024-10-13 13:05:47.993 [info] [Warn  - 1:05:47 PM] (81523) Skipping recursive symlink "file:///proc/100842/task/100844/cwd" -> "file:///"
2024-10-13 13:05:47.998 [info] [Warn  - 1:05:47 PM] (81523) Skipping recursive symlink "file:///proc/100842/task/100844/root" -> "file:///"
2024-10-13 13:05:47.999 [info] [Warn  - 1:05:47 PM] (81523) Skipping recursive symlink "file:///proc/100849/cwd" -> "file:///"
2024-10-13 13:05:48.015 [info] [Warn  - 1:05:48 PM] (81523) Skipping recursive symlink "file:///proc/100849/root" -> "file:///"
2024-10-13 13:05:48.016 [info] [Warn  - 1:05:48 PM] (81523) Skipping recursive symlink "file:///proc/100849/task/100849/cwd" -> "file:///"
2024-10-13 13:05:48.023 [info] [Warn  - 1:05:48 PM] (81523) Skipping recursive symlink "file:///proc/100849/task/100849/root" -> "file:///"
2024-10-13 13:05:48.025 [info] [Warn  - 1:05:48 PM] (81523) Skipping recursive symlink "file:///proc/100849/task/100850/cwd" -> "file:///"
2024-10-13 13:05:48.030 [info] [Warn  - 1:05:48 PM] (81523) Skipping recursive symlink "file:///proc/100849/task/100850/root" -> "file:///"
2024-10-13 13:05:48.032 [info] [Warn  - 1:05:48 PM] (81523) Skipping recursive symlink "file:///proc/100849/task/100852/cwd" -> "file:///"
2024-10-13 13:05:48.042 [info] [Warn  - 1:05:48 PM] (81523) Skipping recursive symlink "file:///proc/100849/task/100852/root" -> "file:///"
2024-10-13 13:05:48.047 [info] [Warn  - 1:05:48 PM] (81523) Skipping recursive symlink "file:///proc/113/cwd" -> "file:///"
2024-10-13 13:05:48.064 [info] [Warn  - 1:05:48 PM] (81523) Skipping recursive symlink "file:///proc/113/root" -> "file:///"
2024-10-13 13:05:48.066 [info] [Warn  - 1:05:48 PM] (81523) Skipping recursive symlink "file:///proc/113/task/113/cwd" -> "file:///"
2024-10-13 13:05:48.071 [info] [Warn  - 1:05:48 PM] (81523) Skipping recursive symlink "file:///proc/113/task/113/root" -> "file:///"
2024-10-13 13:05:48.073 [info] [Warn  - 1:05:48 PM] (81523) Skipping recursive symlink "file:///proc/113/task/115/cwd" -> "file:///"
2024-10-13 13:05:48.081 [info] [Warn  - 1:05:48 PM] (81523) Skipping recursive symlink "file:///proc/113/task/115/root" -> "file:///"
2024-10-13 13:05:48.083 [info] [Warn  - 1:05:48 PM] (81523) Skipping recursive symlink "file:///proc/113/task/116/cwd" -> "file:///"
2024-10-13 13:05:48.087 [info] [Warn  - 1:05:48 PM] (81523) Skipping recursive symlink "file:///proc/113/task/116/root" -> "file:///"
2024-10-13 13:05:48.093 [info] [Warn  - 1:05:48 PM] (81523) Skipping recursive symlink "file:///proc/117/cwd" -> "file:///"
2024-10-13 13:05:48.099 [info] [Warn  - 1:05:48 PM] (81523) Skipping recursive symlink "file:///proc/117/root" -> "file:///"
2024-10-13 13:05:48.102 [info] [Warn  - 1:05:48 PM] (81523) Skipping recursive symlink "file:///proc/117/task/117/cwd" -> "file:///"
2024-10-13 13:05:48.110 [info] [Warn  - 1:05:48 PM] (81523) Skipping recursive symlink "file:///proc/117/task/117/root" -> "file:///"
2024-10-13 13:05:48.112 [info] [Warn  - 1:05:48 PM] (81523) Skipping recursive symlink "file:///proc/117/task/118/cwd" -> "file:///"
2024-10-13 13:05:48.119 [info] [Warn  - 1:05:48 PM] (81523) Skipping recursive symlink "file:///proc/117/task/118/root" -> "file:///"
2024-10-13 13:05:48.121 [info] [Warn  - 1:05:48 PM] (81523) Skipping recursive symlink "file:///proc/117/task/119/cwd" -> "file:///"
2024-10-13 13:05:48.131 [info] [Warn  - 1:05:48 PM] (81523) Skipping recursive symlink "file:///proc/117/task/119/root" -> "file:///"
2024-10-13 13:05:48.133 [info] [Warn  - 1:05:48 PM] (81523) Skipping recursive symlink "file:///proc/117/task/350/cwd" -> "file:///"
2024-10-13 13:05:48.138 [info] [Warn  - 1:05:48 PM] (81523) Skipping recursive symlink "file:///proc/117/task/350/root" -> "file:///"
2024-10-13 13:05:48.143 [info] [Warn  - 1:05:48 PM] (81523) Skipping recursive symlink "file:///proc/120/cwd" -> "file:///"
2024-10-13 13:05:48.151 [info] [Warn  - 1:05:48 PM] (81523) Skipping recursive symlink "file:///proc/120/root" -> "file:///"
2024-10-13 13:05:48.154 [info] [Warn  - 1:05:48 PM] (81523) Skipping recursive symlink "file:///proc/120/task/120/cwd" -> "file:///"
2024-10-13 13:05:48.164 [info] [Warn  - 1:05:48 PM] (81523) Skipping recursive symlink "file:///proc/120/task/120/root" -> "file:///"
2024-10-13 13:05:48.167 [info] [Warn  - 1:05:48 PM] (81523) Skipping recursive symlink "file:///proc/120/task/121/cwd" -> "file:///"
2024-10-13 13:05:48.172 [info] [Warn  - 1:05:48 PM] (81523) Skipping recursive symlink "file:///proc/120/task/121/root" -> "file:///"
2024-10-13 13:05:48.175 [info] [Warn  - 1:05:48 PM] (81523) Skipping recursive symlink "file:///proc/120/task/122/cwd" -> "file:///"
2024-10-13 13:05:48.183 [info] [Warn  - 1:05:48 PM] (81523) Skipping recursive symlink "file:///proc/120/task/122/root" -> "file:///"
2024-10-13 13:05:48.185 [info] [Warn  - 1:05:48 PM] (81523) Skipping recursive symlink "file:///proc/123/cwd" -> "file:///"
2024-10-13 13:05:48.200 [info] [Warn  - 1:05:48 PM] (81523) Skipping recursive symlink "file:///proc/123/root" -> "file:///"
2024-10-13 13:05:48.202 [info] [Warn  - 1:05:48 PM] (81523) Skipping recursive symlink "file:///proc/123/task/123/cwd" -> "file:///"
2024-10-13 13:05:48.218 [info] [Warn  - 1:05:48 PM] (81523) Skipping recursive symlink "file:///proc/123/task/123/root" -> "file:///"
2024-10-13 13:05:48.220 [info] [Warn  - 1:05:48 PM] (81523) Skipping recursive symlink "file:///proc/123/task/124/cwd" -> "file:///"
2024-10-13 13:05:48.229 [info] [Warn  - 1:05:48 PM] (81523) Skipping recursive symlink "file:///proc/123/task/124/root" -> "file:///"
2024-10-13 13:05:48.233 [info] [Warn  - 1:05:48 PM] (81523) Skipping recursive symlink "file:///proc/123/task/125/cwd" -> "file:///"
2024-10-13 13:05:48.245 [info] [Warn  - 1:05:48 PM] (81523) Skipping recursive symlink "file:///proc/123/task/125/root" -> "file:///"
2024-10-13 13:05:48.249 [info] [Warn  - 1:05:48 PM] (81523) Skipping recursive symlink "file:///proc/128/cwd" -> "file:///"
2024-10-13 13:05:48.263 [info] [Warn  - 1:05:48 PM] (81523) Skipping recursive symlink "file:///proc/128/root" -> "file:///"
2024-10-13 13:05:48.267 [info] [Warn  - 1:05:48 PM] (81523) Skipping recursive symlink "file:///proc/128/task/128/cwd" -> "file:///"
2024-10-13 13:05:48.271 [info] [Warn  - 1:05:48 PM] (81523) Skipping recursive symlink "file:///proc/128/task/128/root" -> "file:///"
2024-10-13 13:05:48.276 [info] [Warn  - 1:05:48 PM] (81523) Skipping recursive symlink "file:///proc/128/task/130/cwd" -> "file:///"
2024-10-13 13:05:48.285 [info] [Warn  - 1:05:48 PM] (81523) Skipping recursive symlink "file:///proc/128/task/130/root" -> "file:///"
2024-10-13 13:05:48.297 [info] [Warn  - 1:05:48 PM] (81523) Skipping recursive symlink "file:///proc/128/task/133/cwd" -> "file:///"
2024-10-13 13:05:48.310 [info] [Warn  - 1:05:48 PM] (81523) Skipping recursive symlink "file:///proc/128/task/133/root" -> "file:///"
2024-10-13 13:05:48.313 [info] [Warn  - 1:05:48 PM] (81523) Skipping recursive symlink "file:///proc/128/task/351/cwd" -> "file:///"
2024-10-13 13:05:48.318 [info] [Warn  - 1:05:48 PM] (81523) Skipping recursive symlink "file:///proc/128/task/351/root" -> "file:///"
2024-10-13 13:05:48.321 [info] [Warn  - 1:05:48 PM] (81523) Skipping recursive symlink "file:///proc/128/task/372/cwd" -> "file:///"
2024-10-13 13:05:48.331 [info] [Warn  - 1:05:48 PM] (81523) Skipping recursive symlink "file:///proc/128/task/372/root" -> "file:///"
2024-10-13 13:05:48.332 [info] [Warn  - 1:05:48 PM] (81523) Skipping recursive symlink "file:///proc/128/task/407/cwd" -> "file:///"
2024-10-13 13:05:48.337 [info] [Warn  - 1:05:48 PM] (81523) Skipping recursive symlink "file:///proc/128/task/407/root" -> "file:///"
2024-10-13 13:05:48.339 [info] [Warn  - 1:05:48 PM] (81523) Skipping recursive symlink "file:///proc/129/cwd" -> "file:///"
2024-10-13 13:05:48.347 [info] [Warn  - 1:05:48 PM] (81523) Skipping recursive symlink "file:///proc/129/root" -> "file:///"
2024-10-13 13:05:48.349 [info] [Warn  - 1:05:48 PM] (81523) Skipping recursive symlink "file:///proc/129/task/129/cwd" -> "file:///"
2024-10-13 13:05:48.355 [info] [Warn  - 1:05:48 PM] (81523) Skipping recursive symlink "file:///proc/129/task/129/root" -> "file:///"
2024-10-13 13:05:48.357 [info] [Warn  - 1:05:48 PM] (81523) Skipping recursive symlink "file:///proc/129/task/131/cwd" -> "file:///"
2024-10-13 13:05:48.364 [info] [Warn  - 1:05:48 PM] (81523) Skipping recursive symlink "file:///proc/129/task/131/root" -> "file:///"
2024-10-13 13:05:48.367 [info] [Warn  - 1:05:48 PM] (81523) Skipping recursive symlink "file:///proc/129/task/132/cwd" -> "file:///"
2024-10-13 13:05:48.371 [info] [Warn  - 1:05:48 PM] (81523) Skipping recursive symlink "file:///proc/129/task/132/root" -> "file:///"
2024-10-13 13:05:48.373 [info] [Warn  - 1:05:48 PM] (81523) Skipping recursive symlink "file:///proc/129/task/355/cwd" -> "file:///"
2024-10-13 13:05:48.381 [info] [Warn  - 1:05:48 PM] (81523) Skipping recursive symlink "file:///proc/129/task/355/root" -> "file:///"
2024-10-13 13:05:48.384 [info] [Warn  - 1:05:48 PM] (81523) Skipping recursive symlink "file:///proc/138/cwd" -> "file:///"
2024-10-13 13:05:48.391 [info] [Warn  - 1:05:48 PM] (81523) Skipping recursive symlink "file:///proc/138/root" -> "file:///"
2024-10-13 13:05:48.394 [info] [Warn  - 1:05:48 PM] (81523) Skipping recursive symlink "file:///proc/138/task/138/cwd" -> "file:///"
2024-10-13 13:05:48.400 [info] [Warn  - 1:05:48 PM] (81523) Skipping recursive symlink "file:///proc/138/task/138/root" -> "file:///"
2024-10-13 13:05:48.401 [info] [Warn  - 1:05:48 PM] (81523) Skipping recursive symlink "file:///proc/138/task/139/cwd" -> "file:///"
2024-10-13 13:05:48.406 [info] [Warn  - 1:05:48 PM] (81523) Skipping recursive symlink "file:///proc/138/task/139/root" -> "file:///"
2024-10-13 13:05:48.408 [info] [Warn  - 1:05:48 PM] (81523) Skipping recursive symlink "file:///proc/138/task/144/cwd" -> "file:///"
2024-10-13 13:05:48.414 [info] [Warn  - 1:05:48 PM] (81523) Skipping recursive symlink "file:///proc/138/task/144/root" -> "file:///"
2024-10-13 13:05:48.416 [info] [Warn  - 1:05:48 PM] (81523) Skipping recursive symlink "file:///proc/140/cwd" -> "file:///"
2024-10-13 13:05:48.434 [info] [Warn  - 1:05:48 PM] (81523) Skipping recursive symlink "file:///proc/140/root" -> "file:///"
2024-10-13 13:05:48.437 [info] [Warn  - 1:05:48 PM] (81523) Skipping recursive symlink "file:///proc/140/task/140/cwd" -> "file:///"
2024-10-13 13:05:48.445 [info] [Warn  - 1:05:48 PM] (81523) Skipping recursive symlink "file:///proc/140/task/140/root" -> "file:///"
2024-10-13 13:05:48.447 [info] [Warn  - 1:05:48 PM] (81523) Skipping recursive symlink "file:///proc/140/task/141/cwd" -> "file:///"
2024-10-13 13:05:48.451 [info] [Warn  - 1:05:48 PM] (81523) Skipping recursive symlink "file:///proc/140/task/141/root" -> "file:///"
2024-10-13 13:05:48.453 [info] [Warn  - 1:05:48 PM] (81523) Skipping recursive symlink "file:///proc/140/task/145/cwd" -> "file:///"
2024-10-13 13:05:48.459 [info] [Warn  - 1:05:48 PM] (81523) Skipping recursive symlink "file:///proc/140/task/145/root" -> "file:///"
2024-10-13 13:05:48.461 [info] [Warn  - 1:05:48 PM] (81523) Skipping recursive symlink "file:///proc/144777/cwd" -> "file:///"
2024-10-13 13:05:48.465 [info] [Warn  - 1:05:48 PM] (81523) Skipping recursive symlink "file:///proc/144777/root" -> "file:///"
2024-10-13 13:05:48.466 [info] [Warn  - 1:05:48 PM] (81523) Skipping recursive symlink "file:///proc/144777/task/144777/cwd" -> "file:///"
2024-10-13 13:05:48.470 [info] [Warn  - 1:05:48 PM] (81523) Skipping recursive symlink "file:///proc/144777/task/144777/root" -> "file:///"
2024-10-13 13:05:48.471 [info] [Warn  - 1:05:48 PM] (81523) Skipping recursive symlink "file:///proc/144778/cwd" -> "file:///"
2024-10-13 13:05:48.478 [info] [Warn  - 1:05:48 PM] (81523) Skipping recursive symlink "file:///proc/144778/root" -> "file:///"
2024-10-13 13:05:48.480 [info] [Warn  - 1:05:48 PM] (81523) Skipping recursive symlink "file:///proc/144778/task/144778/cwd" -> "file:///"
2024-10-13 13:05:48.484 [info] [Warn  - 1:05:48 PM] (81523) Skipping recursive symlink "file:///proc/144778/task/144778/root" -> "file:///"
2024-10-13 13:06:02.978 [info] [Warn  - 1:06:02 PM] (81523) Skipping recursive symlink "file:///proc/144780/root" -> "file:///"
2024-10-13 13:06:17.070 [info] [Warn  - 1:06:17 PM] (81523) Skipping recursive symlink "file:///proc/144780/task/144780/root" -> "file:///"
2024-10-13 13:06:29.909 [info] [Warn  - 1:06:29 PM] (81523) Skipping recursive symlink "file:///proc/144780/task/144783/root" -> "file:///"
2024-10-13 13:06:43.584 [info] [Warn  - 1:06:43 PM] (81523) Skipping recursive symlink "file:///proc/144780/task/144784/root" -> "file:///"
2024-10-13 13:06:57.385 [info] [Warn  - 1:06:57 PM] (81523) Skipping recursive symlink "file:///proc/144780/task/144785/root" -> "file:///"
2024-10-13 13:07:11.510 [info] [Warn  - 1:07:11 PM] (81523) Skipping recursive symlink "file:///proc/144780/task/144786/root" -> "file:///"
2024-10-13 13:07:25.527 [info] [Warn  - 1:07:25 PM] (81523) Skipping recursive symlink "file:///proc/144780/task/144787/root" -> "file:///"
2024-10-13 13:07:40.509 [info] [Warn  - 1:07:40 PM] (81523) Skipping recursive symlink "file:///proc/144780/task/144790/root" -> "file:///"
2024-10-13 13:07:40.510 [info] [Warn  - 1:07:40 PM] (81523) Skipping recursive symlink "file:///proc/144846/cwd" -> "file:///"
2024-10-13 13:07:40.510 [info] [Warn  - 1:07:40 PM] (81523) Skipping recursive symlink "file:///proc/144846/root" -> "file:///"
2024-10-13 13:07:40.511 [info] [Warn  - 1:07:40 PM] (81523) Skipping recursive symlink "file:///proc/144846/task/144846/cwd" -> "file:///"
2024-10-13 13:07:40.511 [info] [Warn  - 1:07:40 PM] (81523) Skipping recursive symlink "file:///proc/144846/task/144846/root" -> "file:///"
2024-10-13 13:07:40.511 [info] [Warn  - 1:07:40 PM] (81523) Skipping recursive symlink "file:///proc/144847/cwd" -> "file:///"
2024-10-13 13:07:40.512 [info] [Warn  - 1:07:40 PM] (81523) Skipping recursive symlink "file:///proc/144847/root" -> "file:///"
2024-10-13 13:07:40.512 [info] [Warn  - 1:07:40 PM] (81523) Skipping recursive symlink "file:///proc/144847/task/144847/cwd" -> "file:///"
2024-10-13 13:07:40.512 [info] [Warn  - 1:07:40 PM] (81523) Skipping recursive symlink "file:///proc/144847/task/144847/root" -> "file:///"
2024-10-13 13:07:54.093 [info] [Warn  - 1:07:54 PM] (81523) Skipping recursive symlink "file:///proc/144848/root" -> "file:///"
2024-10-13 13:08:07.139 [info] [Warn  - 1:08:07 PM] (81523) Skipping recursive symlink "file:///proc/144848/task/144848/root" -> "file:///"
2024-10-13 13:08:21.674 [info] [Warn  - 1:08:21 PM] (81523) Skipping recursive symlink "file:///proc/144848/task/144849/root" -> "file:///"
2024-10-13 13:08:34.983 [info] [Warn  - 1:08:34 PM] (81523) Skipping recursive symlink "file:///proc/144848/task/144850/root" -> "file:///"
2024-10-13 13:08:48.483 [info] [Warn  - 1:08:48 PM] (81523) Skipping recursive symlink "file:///proc/144848/task/144851/root" -> "file:///"
2024-10-13 13:09:02.102 [info] [Warn  - 1:09:02 PM] (81523) Skipping recursive symlink "file:///proc/144848/task/144852/root" -> "file:///"
2024-10-13 13:09:16.343 [info] [Warn  - 1:09:16 PM] (81523) Skipping recursive symlink "file:///proc/144848/task/144853/root" -> "file:///"
2024-10-13 13:09:29.545 [info] [Warn  - 1:09:29 PM] (81523) Skipping recursive symlink "file:///proc/144848/task/144859/root" -> "file:///"
2024-10-13 13:09:29.548 [info] [Warn  - 1:09:29 PM] (81523) Skipping recursive symlink "file:///proc/150/cwd" -> "file:///"
2024-10-13 13:09:29.555 [info] [Warn  - 1:09:29 PM] (81523) Skipping recursive symlink "file:///proc/150/root" -> "file:///"
2024-10-13 13:09:29.559 [info] [Warn  - 1:09:29 PM] (81523) Skipping recursive symlink "file:///proc/150/task/150/cwd" -> "file:///"
2024-10-13 13:09:29.564 [info] [Warn  - 1:09:29 PM] (81523) Skipping recursive symlink "file:///proc/150/task/150/root" -> "file:///"
2024-10-13 13:09:29.567 [info] [Warn  - 1:09:29 PM] (81523) Skipping recursive symlink "file:///proc/150/task/151/cwd" -> "file:///"
2024-10-13 13:09:29.571 [info] [Warn  - 1:09:29 PM] (81523) Skipping recursive symlink "file:///proc/150/task/151/root" -> "file:///"
2024-10-13 13:09:29.573 [info] [Warn  - 1:09:29 PM] (81523) Skipping recursive symlink "file:///proc/150/task/152/cwd" -> "file:///"
2024-10-13 13:09:29.577 [info] [Warn  - 1:09:29 PM] (81523) Skipping recursive symlink "file:///proc/150/task/152/root" -> "file:///"
2024-10-13 13:09:29.580 [info] [Warn  - 1:09:29 PM] (81523) Skipping recursive symlink "file:///proc/153/cwd" -> "file:///"
2024-10-13 13:09:29.587 [info] [Warn  - 1:09:29 PM] (81523) Skipping recursive symlink "file:///proc/153/root" -> "file:///"
2024-10-13 13:09:29.590 [info] [Warn  - 1:09:29 PM] (81523) Skipping recursive symlink "file:///proc/153/task/153/cwd" -> "file:///"
2024-10-13 13:09:29.595 [info] [Warn  - 1:09:29 PM] (81523) Skipping recursive symlink "file:///proc/153/task/153/root" -> "file:///"
2024-10-13 13:09:29.597 [info] [Warn  - 1:09:29 PM] (81523) Skipping recursive symlink "file:///proc/153/task/154/cwd" -> "file:///"
2024-10-13 13:09:29.602 [info] [Warn  - 1:09:29 PM] (81523) Skipping recursive symlink "file:///proc/153/task/154/root" -> "file:///"
2024-10-13 13:09:29.604 [info] [Warn  - 1:09:29 PM] (81523) Skipping recursive symlink "file:///proc/153/task/155/cwd" -> "file:///"
2024-10-13 13:09:29.608 [info] [Warn  - 1:09:29 PM] (81523) Skipping recursive symlink "file:///proc/153/task/155/root" -> "file:///"
2024-10-13 13:09:29.612 [info] [Warn  - 1:09:29 PM] (81523) Skipping recursive symlink "file:///proc/153/task/305/cwd" -> "file:///"
2024-10-13 13:09:29.616 [info] [Warn  - 1:09:29 PM] (81523) Skipping recursive symlink "file:///proc/153/task/305/root" -> "file:///"
2024-10-13 13:09:29.627 [info] [Warn  - 1:09:29 PM] (81523) Skipping recursive symlink "file:///proc/153/task/386/cwd" -> "file:///"
2024-10-13 13:09:29.632 [info] [Warn  - 1:09:29 PM] (81523) Skipping recursive symlink "file:///proc/153/task/386/root" -> "file:///"
2024-10-13 13:09:29.634 [info] [Warn  - 1:09:29 PM] (81523) Skipping recursive symlink "file:///proc/159/cwd" -> "file:///"
2024-10-13 13:09:29.640 [info] [Warn  - 1:09:29 PM] (81523) Skipping recursive symlink "file:///proc/159/root" -> "file:///"
2024-10-13 13:09:29.643 [info] [Warn  - 1:09:29 PM] (81523) Skipping recursive symlink "file:///proc/159/task/159/cwd" -> "file:///"
2024-10-13 13:09:29.650 [info] [Warn  - 1:09:29 PM] (81523) Skipping recursive symlink "file:///proc/159/task/159/root" -> "file:///"
2024-10-13 13:09:29.651 [info] [Warn  - 1:09:29 PM] (81523) Skipping recursive symlink "file:///proc/159/task/160/cwd" -> "file:///"
2024-10-13 13:09:29.655 [info] [Warn  - 1:09:29 PM] (81523) Skipping recursive symlink "file:///proc/159/task/160/root" -> "file:///"
2024-10-13 13:09:29.657 [info] [Warn  - 1:09:29 PM] (81523) Skipping recursive symlink "file:///proc/159/task/161/cwd" -> "file:///"
2024-10-13 13:09:29.662 [info] [Warn  - 1:09:29 PM] (81523) Skipping recursive symlink "file:///proc/159/task/161/root" -> "file:///"
2024-10-13 13:09:29.665 [info] [Warn  - 1:09:29 PM] (81523) Skipping recursive symlink "file:///proc/165/cwd" -> "file:///"
2024-10-13 13:09:29.672 [info] [Warn  - 1:09:29 PM] (81523) Skipping recursive symlink "file:///proc/165/root" -> "file:///"
2024-10-13 13:09:29.677 [info] [Warn  - 1:09:29 PM] (81523) Skipping recursive symlink "file:///proc/165/task/165/cwd" -> "file:///"
2024-10-13 13:09:29.685 [info] [Warn  - 1:09:29 PM] (81523) Skipping recursive symlink "file:///proc/165/task/165/root" -> "file:///"
2024-10-13 13:09:29.688 [info] [Warn  - 1:09:29 PM] (81523) Skipping recursive symlink "file:///proc/165/task/166/cwd" -> "file:///"
2024-10-13 13:09:29.695 [info] [Warn  - 1:09:29 PM] (81523) Skipping recursive symlink "file:///proc/165/task/166/root" -> "file:///"
2024-10-13 13:09:29.697 [info] [Warn  - 1:09:29 PM] (81523) Skipping recursive symlink "file:///proc/165/task/167/cwd" -> "file:///"
2024-10-13 13:09:29.702 [info] [Warn  - 1:09:29 PM] (81523) Skipping recursive symlink "file:///proc/165/task/167/root" -> "file:///"
2024-10-13 13:09:29.705 [info] [Warn  - 1:09:29 PM] (81523) Skipping recursive symlink "file:///proc/165/task/322/cwd" -> "file:///"
2024-10-13 13:09:29.710 [info] [Warn  - 1:09:29 PM] (81523) Skipping recursive symlink "file:///proc/165/task/322/root" -> "file:///"
2024-10-13 13:09:29.712 [info] [Warn  - 1:09:29 PM] (81523) Skipping recursive symlink "file:///proc/165/task/373/cwd" -> "file:///"
2024-10-13 13:09:29.717 [info] [Warn  - 1:09:29 PM] (81523) Skipping recursive symlink "file:///proc/165/task/373/root" -> "file:///"
2024-10-13 13:09:29.722 [info] [Warn  - 1:09:29 PM] (81523) Skipping recursive symlink "file:///proc/2/cwd" -> "file:///"
2024-10-13 13:09:29.727 [info] [Warn  - 1:09:29 PM] (81523) Skipping recursive symlink "file:///proc/2/root" -> "file:///"
2024-10-13 13:09:29.730 [info] [Warn  - 1:09:29 PM] (81523) Skipping recursive symlink "file:///proc/2/task/2/cwd" -> "file:///"
2024-10-13 13:09:29.735 [info] [Warn  - 1:09:29 PM] (81523) Skipping recursive symlink "file:///proc/2/task/2/root" -> "file:///"
2024-10-13 13:09:29.739 [info] [Warn  - 1:09:29 PM] (81523) Skipping recursive symlink "file:///proc/2/task/8/cwd" -> "file:///"
2024-10-13 13:09:29.744 [info] [Warn  - 1:09:29 PM] (81523) Skipping recursive symlink "file:///proc/2/task/8/root" -> "file:///"
2024-10-13 13:09:29.747 [info] [Warn  - 1:09:29 PM] (81523) Skipping recursive symlink "file:///proc/226/cwd" -> "file:///"
2024-10-13 13:09:29.760 [info] [Warn  - 1:09:29 PM] (81523) Skipping recursive symlink "file:///proc/226/root" -> "file:///"
2024-10-13 13:09:29.762 [info] [Warn  - 1:09:29 PM] (81523) Skipping recursive symlink "file:///proc/226/task/226/cwd" -> "file:///"
2024-10-13 13:09:29.766 [info] [Warn  - 1:09:29 PM] (81523) Skipping recursive symlink "file:///proc/226/task/226/root" -> "file:///"
2024-10-13 13:09:29.775 [info] [Warn  - 1:09:29 PM] (81523) Skipping recursive symlink "file:///proc/248/root" -> "file:///"
2024-10-13 13:09:29.780 [info] [Warn  - 1:09:29 PM] (81523) Skipping recursive symlink "file:///proc/248/task/248/root" -> "file:///"
2024-10-13 13:09:29.782 [info] [Warn  - 1:09:29 PM] (81523) Skipping recursive symlink "file:///proc/250/cwd" -> "file:///"
2024-10-13 13:09:29.803 [info] [Warn  - 1:09:29 PM] (81523) Skipping recursive symlink "file:///proc/250/root" -> "file:///"
2024-10-13 13:09:29.805 [info] [Warn  - 1:09:29 PM] (81523) Skipping recursive symlink "file:///proc/250/task/250/cwd" -> "file:///"
2024-10-13 13:09:29.810 [info] [Warn  - 1:09:29 PM] (81523) Skipping recursive symlink "file:///proc/250/task/250/root" -> "file:///"
2024-10-13 13:09:29.814 [info] [Warn  - 1:09:29 PM] (81523) Skipping recursive symlink "file:///proc/254/cwd" -> "file:///"
2024-10-13 13:09:29.829 [info] [Warn  - 1:09:29 PM] (81523) Skipping recursive symlink "file:///proc/254/root" -> "file:///"
2024-10-13 13:09:29.833 [info] [Warn  - 1:09:29 PM] (81523) Skipping recursive symlink "file:///proc/254/task/254/cwd" -> "file:///"
2024-10-13 13:09:29.837 [info] [Warn  - 1:09:29 PM] (81523) Skipping recursive symlink "file:///proc/254/task/254/root" -> "file:///"
2024-10-13 13:09:29.840 [info] [Warn  - 1:09:29 PM] (81523) Skipping recursive symlink "file:///proc/255/cwd" -> "file:///"
2024-10-13 13:09:29.849 [info] [Warn  - 1:09:29 PM] (81523) Skipping recursive symlink "file:///proc/255/root" -> "file:///"
2024-10-13 13:09:29.854 [info] [Warn  - 1:09:29 PM] (81523) Skipping recursive symlink "file:///proc/255/task/255/cwd" -> "file:///"
2024-10-13 13:09:29.858 [info] [Warn  - 1:09:29 PM] (81523) Skipping recursive symlink "file:///proc/255/task/255/root" -> "file:///"
2024-10-13 13:09:29.861 [info] [Warn  - 1:09:29 PM] (81523) Skipping recursive symlink "file:///proc/255/task/268/cwd" -> "file:///"
2024-10-13 13:09:29.869 [info] [Warn  - 1:09:29 PM] (81523) Skipping recursive symlink "file:///proc/255/task/268/root" -> "file:///"
2024-10-13 13:09:29.871 [info] [Warn  - 1:09:29 PM] (81523) Skipping recursive symlink "file:///proc/255/task/269/cwd" -> "file:///"
2024-10-13 13:09:29.876 [info] [Warn  - 1:09:29 PM] (81523) Skipping recursive symlink "file:///proc/255/task/269/root" -> "file:///"
2024-10-13 13:09:29.878 [info] [Warn  - 1:09:29 PM] (81523) Skipping recursive symlink "file:///proc/255/task/270/cwd" -> "file:///"
2024-10-13 13:09:29.884 [info] [Warn  - 1:09:29 PM] (81523) Skipping recursive symlink "file:///proc/255/task/270/root" -> "file:///"
2024-10-13 13:09:29.887 [info] [Warn  - 1:09:29 PM] (81523) Skipping recursive symlink "file:///proc/257/cwd" -> "file:///"
2024-10-13 13:09:29.894 [info] [Warn  - 1:09:29 PM] (81523) Skipping recursive symlink "file:///proc/257/root" -> "file:///"
2024-10-13 13:09:29.898 [info] [Warn  - 1:09:29 PM] (81523) Skipping recursive symlink "file:///proc/257/task/257/cwd" -> "file:///"
2024-10-13 13:09:29.906 [info] [Warn  - 1:09:29 PM] (81523) Skipping recursive symlink "file:///proc/257/task/257/root" -> "file:///"
2024-10-13 13:09:29.909 [info] [Warn  - 1:09:29 PM] (81523) Skipping recursive symlink "file:///proc/257/task/273/cwd" -> "file:///"
2024-10-13 13:09:29.915 [info] [Warn  - 1:09:29 PM] (81523) Skipping recursive symlink "file:///proc/257/task/273/root" -> "file:///"
2024-10-13 13:09:29.917 [info] [Warn  - 1:09:29 PM] (81523) Skipping recursive symlink "file:///proc/257/task/274/cwd" -> "file:///"
2024-10-13 13:09:29.922 [info] [Warn  - 1:09:29 PM] (81523) Skipping recursive symlink "file:///proc/257/task/274/root" -> "file:///"
2024-10-13 13:09:29.924 [info] [Warn  - 1:09:29 PM] (81523) Skipping recursive symlink "file:///proc/257/task/275/cwd" -> "file:///"
2024-10-13 13:09:29.932 [info] [Warn  - 1:09:29 PM] (81523) Skipping recursive symlink "file:///proc/257/task/275/root" -> "file:///"
2024-10-13 13:09:29.936 [info] [Warn  - 1:09:29 PM] (81523) Skipping recursive symlink "file:///proc/257/task/276/cwd" -> "file:///"
2024-10-13 13:09:29.945 [info] [Warn  - 1:09:29 PM] (81523) Skipping recursive symlink "file:///proc/257/task/276/root" -> "file:///"
2024-10-13 13:09:29.946 [info] [Warn  - 1:09:29 PM] (81523) Skipping recursive symlink "file:///proc/257/task/277/cwd" -> "file:///"
2024-10-13 13:09:29.950 [info] [Warn  - 1:09:29 PM] (81523) Skipping recursive symlink "file:///proc/257/task/277/root" -> "file:///"
2024-10-13 13:09:29.952 [info] [Warn  - 1:09:29 PM] (81523) Skipping recursive symlink "file:///proc/257/task/300/cwd" -> "file:///"
2024-10-13 13:09:29.959 [info] [Warn  - 1:09:29 PM] (81523) Skipping recursive symlink "file:///proc/257/task/300/root" -> "file:///"
2024-10-13 13:09:29.961 [info] [Warn  - 1:09:29 PM] (81523) Skipping recursive symlink "file:///proc/257/task/308/cwd" -> "file:///"
2024-10-13 13:09:29.967 [info] [Warn  - 1:09:29 PM] (81523) Skipping recursive symlink "file:///proc/257/task/308/root" -> "file:///"
2024-10-13 13:09:29.979 [info] [Warn  - 1:09:29 PM] (81523) Skipping recursive symlink "file:///proc/257/task/321/cwd" -> "file:///"
2024-10-13 13:09:29.984 [info] [Warn  - 1:09:29 PM] (81523) Skipping recursive symlink "file:///proc/257/task/321/root" -> "file:///"
2024-10-13 13:09:29.985 [info] [Warn  - 1:09:29 PM] (81523) Skipping recursive symlink "file:///proc/257/task/381/cwd" -> "file:///"
2024-10-13 13:09:29.991 [info] [Warn  - 1:09:29 PM] (81523) Skipping recursive symlink "file:///proc/257/task/381/root" -> "file:///"
2024-10-13 13:09:29.992 [info] [Warn  - 1:09:29 PM] (81523) Skipping recursive symlink "file:///proc/257/task/411/cwd" -> "file:///"
2024-10-13 13:09:29.997 [info] [Warn  - 1:09:29 PM] (81523) Skipping recursive symlink "file:///proc/257/task/411/root" -> "file:///"
2024-10-13 13:09:29.999 [info] [Warn  - 1:09:29 PM] (81523) Skipping recursive symlink "file:///proc/258/cwd" -> "file:///"
2024-10-13 13:09:30.011 [info] [Warn  - 1:09:30 PM] (81523) Skipping recursive symlink "file:///proc/258/root" -> "file:///"
2024-10-13 13:09:30.013 [info] [Warn  - 1:09:30 PM] (81523) Skipping recursive symlink "file:///proc/258/task/258/cwd" -> "file:///"
2024-10-13 13:09:30.021 [info] [Warn  - 1:09:30 PM] (81523) Skipping recursive symlink "file:///proc/258/task/258/root" -> "file:///"
2024-10-13 13:09:30.024 [info] [Warn  - 1:09:30 PM] (81523) Skipping recursive symlink "file:///proc/2833/cwd" -> "file:///"
2024-10-13 13:09:30.029 [info] [Warn  - 1:09:30 PM] (81523) Skipping recursive symlink "file:///proc/2833/root" -> "file:///"
2024-10-13 13:09:30.031 [info] [Warn  - 1:09:30 PM] (81523) Skipping recursive symlink "file:///proc/2833/task/2833/cwd" -> "file:///"
2024-10-13 13:09:30.036 [info] [Warn  - 1:09:30 PM] (81523) Skipping recursive symlink "file:///proc/2833/task/2833/root" -> "file:///"
2024-10-13 13:09:30.182 [info] [Warn  - 1:09:30 PM] (81523) Skipping recursive symlink "file:///proc/287/root" -> "file:///"
2024-10-13 13:09:30.263 [info] [Warn  - 1:09:30 PM] (81523) Skipping recursive symlink "file:///proc/287/task/287/root" -> "file:///"
2024-10-13 13:09:30.264 [info] [Warn  - 1:09:30 PM] (81523) Skipping recursive symlink "file:///proc/289/cwd" -> "file:///"
2024-10-13 13:09:30.276 [info] [Warn  - 1:09:30 PM] (81523) Skipping recursive symlink "file:///proc/289/root" -> "file:///"
2024-10-13 13:09:30.278 [info] [Warn  - 1:09:30 PM] (81523) Skipping recursive symlink "file:///proc/289/task/289/cwd" -> "file:///"
2024-10-13 13:09:30.283 [info] [Warn  - 1:09:30 PM] (81523) Skipping recursive symlink "file:///proc/289/task/289/root" -> "file:///"
2024-10-13 13:09:30.284 [info] [Warn  - 1:09:30 PM] (81523) Skipping recursive symlink "file:///proc/289/task/347/cwd" -> "file:///"
2024-10-13 13:09:30.290 [info] [Warn  - 1:09:30 PM] (81523) Skipping recursive symlink "file:///proc/289/task/347/root" -> "file:///"
2024-10-13 13:09:30.292 [info] [Warn  - 1:09:30 PM] (81523) Skipping recursive symlink "file:///proc/299/cwd" -> "file:///"
2024-10-13 13:09:30.298 [info] [Warn  - 1:09:30 PM] (81523) Skipping recursive symlink "file:///proc/299/root" -> "file:///"
2024-10-13 13:09:30.300 [info] [Warn  - 1:09:30 PM] (81523) Skipping recursive symlink "file:///proc/299/task/299/cwd" -> "file:///"
2024-10-13 13:09:30.304 [info] [Warn  - 1:09:30 PM] (81523) Skipping recursive symlink "file:///proc/299/task/299/root" -> "file:///"
2024-10-13 13:09:30.306 [info] [Warn  - 1:09:30 PM] (81523) Skipping recursive symlink "file:///proc/303/cwd" -> "file:///"
2024-10-13 13:09:30.312 [info] [Warn  - 1:09:30 PM] (81523) Skipping recursive symlink "file:///proc/303/root" -> "file:///"
2024-10-13 13:09:30.313 [info] [Warn  - 1:09:30 PM] (81523) Skipping recursive symlink "file:///proc/303/task/303/cwd" -> "file:///"
2024-10-13 13:09:30.317 [info] [Warn  - 1:09:30 PM] (81523) Skipping recursive symlink "file:///proc/303/task/303/root" -> "file:///"
2024-10-13 13:09:30.432 [info] [Warn  - 1:09:30 PM] (81523) Skipping recursive symlink "file:///proc/349/root" -> "file:///"
2024-10-13 13:09:30.521 [info] [Warn  - 1:09:30 PM] (81523) Skipping recursive symlink "file:///proc/349/task/349/root" -> "file:///"
2024-10-13 13:09:30.649 [info] [Warn  - 1:09:30 PM] (81523) Skipping recursive symlink "file:///proc/349/task/3849/root" -> "file:///"
2024-10-13 13:09:30.716 [info] [Warn  - 1:09:30 PM] (81523) Skipping recursive symlink "file:///proc/349/task/3851/root" -> "file:///"
2024-10-13 13:09:30.796 [info] [Warn  - 1:09:30 PM] (81523) Skipping recursive symlink "file:///proc/349/task/3852/root" -> "file:///"
2024-10-13 13:09:30.864 [info] [Warn  - 1:09:30 PM] (81523) Skipping recursive symlink "file:///proc/349/task/3853/root" -> "file:///"
2024-10-13 13:09:30.935 [info] [Warn  - 1:09:30 PM] (81523) Skipping recursive symlink "file:///proc/349/task/532/root" -> "file:///"
2024-10-13 13:09:30.982 [info] [Warn  - 1:09:30 PM] (81523) Skipping recursive symlink "file:///proc/356/root" -> "file:///"
2024-10-13 13:09:31.016 [info] [Warn  - 1:09:31 PM] (81523) Skipping recursive symlink "file:///proc/356/task/356/root" -> "file:///"
2024-10-13 13:09:31.022 [info] [Warn  - 1:09:31 PM] (81523) Skipping recursive symlink "file:///proc/445/cwd" -> "file:///"
2024-10-13 13:09:31.032 [info] [Warn  - 1:09:31 PM] (81523) Skipping recursive symlink "file:///proc/445/root" -> "file:///"
2024-10-13 13:09:31.035 [info] [Warn  - 1:09:31 PM] (81523) Skipping recursive symlink "file:///proc/445/task/445/cwd" -> "file:///"
2024-10-13 13:09:31.041 [info] [Warn  - 1:09:31 PM] (81523) Skipping recursive symlink "file:///proc/445/task/445/root" -> "file:///"
2024-10-13 13:09:31.044 [info] [Warn  - 1:09:31 PM] (81523) Skipping recursive symlink "file:///proc/446/cwd" -> "file:///"
2024-10-13 13:09:31.050 [info] [Warn  - 1:09:31 PM] (81523) Skipping recursive symlink "file:///proc/446/root" -> "file:///"
2024-10-13 13:09:31.052 [info] [Warn  - 1:09:31 PM] (81523) Skipping recursive symlink "file:///proc/446/task/446/cwd" -> "file:///"
2024-10-13 13:09:31.060 [info] [Warn  - 1:09:31 PM] (81523) Skipping recursive symlink "file:///proc/446/task/446/root" -> "file:///"
2024-10-13 13:09:45.426 [info] [Warn  - 1:09:45 PM] (81523) Skipping recursive symlink "file:///proc/452/root" -> "file:///"
2024-10-13 13:09:58.369 [info] [Warn  - 1:09:58 PM] (81523) Skipping recursive symlink "file:///proc/452/task/452/root" -> "file:///"
2024-10-13 13:09:58.378 [info] [Warn  - 1:09:58 PM] (81523) Skipping recursive symlink "file:///proc/453/cwd" -> "file:///"
2024-10-13 13:09:58.411 [info] [Warn  - 1:09:58 PM] (81523) Skipping recursive symlink "file:///proc/453/root" -> "file:///"
2024-10-13 13:09:58.413 [info] [Warn  - 1:09:58 PM] (81523) Skipping recursive symlink "file:///proc/453/task/453/cwd" -> "file:///"
2024-10-13 13:09:58.420 [info] [Warn  - 1:09:58 PM] (81523) Skipping recursive symlink "file:///proc/453/task/453/root" -> "file:///"
2024-10-13 13:10:13.814 [info] [Warn  - 1:10:13 PM] (81523) Skipping recursive symlink "file:///proc/454/root" -> "file:///"
2024-10-13 13:10:28.412 [info] [Warn  - 1:10:28 PM] (81523) Skipping recursive symlink "file:///proc/454/task/454/root" -> "file:///"
2024-10-13 13:10:28.420 [info] [Warn  - 1:10:28 PM] (81523) Skipping recursive symlink "file:///proc/483/cwd" -> "file:///"
2024-10-13 13:10:28.432 [info] [Warn  - 1:10:28 PM] (81523) Skipping recursive symlink "file:///proc/483/root" -> "file:///"
2024-10-13 13:10:28.433 [info] [Warn  - 1:10:28 PM] (81523) Skipping recursive symlink "file:///proc/483/task/483/cwd" -> "file:///"
2024-10-13 13:10:28.440 [info] [Warn  - 1:10:28 PM] (81523) Skipping recursive symlink "file:///proc/483/task/483/root" -> "file:///"
2024-10-13 13:10:28.441 [info] [Warn  - 1:10:28 PM] (81523) Skipping recursive symlink "file:///proc/484/cwd" -> "file:///"
2024-10-13 13:10:28.455 [info] [Warn  - 1:10:28 PM] (81523) Skipping recursive symlink "file:///proc/484/root" -> "file:///"
2024-10-13 13:10:28.459 [info] [Warn  - 1:10:28 PM] (81523) Skipping recursive symlink "file:///proc/484/task/484/cwd" -> "file:///"
2024-10-13 13:10:28.465 [info] [Warn  - 1:10:28 PM] (81523) Skipping recursive symlink "file:///proc/484/task/484/root" -> "file:///"
2024-10-13 13:10:28.480 [info] [Warn  - 1:10:28 PM] (81523) Skipping recursive symlink "file:///proc/489/root" -> "file:///"
2024-10-13 13:10:28.495 [info] [Warn  - 1:10:28 PM] (81523) Skipping recursive symlink "file:///proc/489/task/489/root" -> "file:///"
2024-10-13 13:10:28.541 [info] [Warn  - 1:10:28 PM] (81523) Skipping recursive symlink "file:///proc/492/root" -> "file:///"
2024-10-13 13:10:28.580 [info] [Warn  - 1:10:28 PM] (81523) Skipping recursive symlink "file:///proc/492/task/492/root" -> "file:///"
2024-10-13 13:10:28.625 [info] [Warn  - 1:10:28 PM] (81523) Skipping recursive symlink "file:///proc/493/root" -> "file:///"
2024-10-13 13:10:28.666 [info] [Warn  - 1:10:28 PM] (81523) Skipping recursive symlink "file:///proc/493/task/493/root" -> "file:///"
2024-10-13 13:10:28.703 [info] [Warn  - 1:10:28 PM] (81523) Skipping recursive symlink "file:///proc/494/root" -> "file:///"
2024-10-13 13:10:28.736 [info] [Warn  - 1:10:28 PM] (81523) Skipping recursive symlink "file:///proc/494/task/494/root" -> "file:///"
2024-10-13 13:10:28.790 [info] [Warn  - 1:10:28 PM] (81523) Skipping recursive symlink "file:///proc/495/root" -> "file:///"
2024-10-13 13:10:28.818 [info] [Warn  - 1:10:28 PM] (81523) Skipping recursive symlink "file:///proc/495/task/495/root" -> "file:///"
2024-10-13 13:10:28.847 [info] [Warn  - 1:10:28 PM] (81523) Skipping recursive symlink "file:///proc/496/root" -> "file:///"
2024-10-13 13:10:28.868 [info] [Warn  - 1:10:28 PM] (81523) Skipping recursive symlink "file:///proc/496/task/496/root" -> "file:///"
2024-10-13 13:10:28.912 [info] [Warn  - 1:10:28 PM] (81523) Skipping recursive symlink "file:///proc/497/root" -> "file:///"
2024-10-13 13:10:28.936 [info] [Warn  - 1:10:28 PM] (81523) Skipping recursive symlink "file:///proc/497/task/497/root" -> "file:///"
2024-10-13 13:10:29.015 [info] [Warn  - 1:10:29 PM] (81523) Skipping recursive symlink "file:///proc/531/root" -> "file:///"
2024-10-13 13:10:29.091 [info] [Warn  - 1:10:29 PM] (81523) Skipping recursive symlink "file:///proc/531/task/531/root" -> "file:///"
2024-10-13 13:10:43.218 [info] [Warn  - 1:10:43 PM] (81523) Skipping recursive symlink "file:///proc/538/root" -> "file:///"
2024-10-13 13:10:57.375 [info] [Warn  - 1:10:57 PM] (81523) Skipping recursive symlink "file:///proc/538/task/538/root" -> "file:///"
2024-10-13 13:11:13.612 [info] [Warn  - 1:11:13 PM] (81523) Skipping recursive symlink "file:///proc/542/root" -> "file:///"
2024-10-13 13:11:28.118 [info] [Warn  - 1:11:28 PM] (81523) Skipping recursive symlink "file:///proc/542/task/542/root" -> "file:///"
2024-10-13 13:11:42.840 [info] [Warn  - 1:11:42 PM] (81523) Skipping recursive symlink "file:///proc/542/task/543/root" -> "file:///"
2024-10-13 13:11:57.340 [info] [Warn  - 1:11:57 PM] (81523) Skipping recursive symlink "file:///proc/542/task/544/root" -> "file:///"
2024-10-13 13:12:10.941 [info] [Warn  - 1:12:10 PM] (81523) Skipping recursive symlink "file:///proc/542/task/545/root" -> "file:///"
2024-10-13 13:12:25.278 [info] [Warn  - 1:12:25 PM] (81523) Skipping recursive symlink "file:///proc/542/task/546/root" -> "file:///"
2024-10-13 13:12:39.253 [info] [Warn  - 1:12:39 PM] (81523) Skipping recursive symlink "file:///proc/542/task/547/root" -> "file:///"
2024-10-13 13:12:52.963 [info] [Warn  - 1:12:52 PM] (81523) Skipping recursive symlink "file:///proc/542/task/548/root" -> "file:///"
2024-10-13 13:13:06.132 [info] [Warn  - 1:13:06 PM] (81523) Skipping recursive symlink "file:///proc/542/task/549/root" -> "file:///"
2024-10-13 13:13:19.260 [info] [Warn  - 1:13:19 PM] (81523) Skipping recursive symlink "file:///proc/542/task/550/root" -> "file:///"
2024-10-13 13:13:33.867 [info] [Warn  - 1:13:33 PM] (81523) Skipping recursive symlink "file:///proc/542/task/551/root" -> "file:///"
2024-10-13 13:13:47.978 [info] [Warn  - 1:13:47 PM] (81523) Skipping recursive symlink "file:///proc/542/task/552/root" -> "file:///"
2024-10-13 13:14:02.629 [info] [Warn  - 1:14:02 PM] (81523) Skipping recursive symlink "file:///proc/567/root" -> "file:///"
2024-10-13 13:14:16.167 [info] [Warn  - 1:14:16 PM] (81523) Skipping recursive symlink "file:///proc/567/task/2834/root" -> "file:///"
2024-10-13 13:14:30.204 [info] [Warn  - 1:14:30 PM] (81523) Skipping recursive symlink "file:///proc/567/task/567/root" -> "file:///"
2024-10-13 13:14:43.751 [info] [Warn  - 1:14:43 PM] (81523) Skipping recursive symlink "file:///proc/567/task/568/root" -> "file:///"
2024-10-13 13:14:58.027 [info] [Warn  - 1:14:58 PM] (81523) Skipping recursive symlink "file:///proc/567/task/569/root" -> "file:///"
2024-10-13 13:15:11.179 [info] [Warn  - 1:15:11 PM] (81523) Skipping recursive symlink "file:///proc/567/task/570/root" -> "file:///"
2024-10-13 13:15:25.917 [info] [Warn  - 1:15:25 PM] (81523) Skipping recursive symlink "file:///proc/567/task/571/root" -> "file:///"
2024-10-13 13:15:40.170 [info] [Warn  - 1:15:40 PM] (81523) Skipping recursive symlink "file:///proc/567/task/572/root" -> "file:///"
2024-10-13 13:15:54.042 [info] [Warn  - 1:15:54 PM] (81523) Skipping recursive symlink "file:///proc/567/task/577/root" -> "file:///"
2024-10-13 13:16:10.237 [info] [Warn  - 1:16:10 PM] (81523) Skipping recursive symlink "file:///proc/567/task/585/root" -> "file:///"
2024-10-13 13:16:25.294 [info] [Warn  - 1:16:25 PM] (81523) Skipping recursive symlink "file:///proc/567/task/587/root" -> "file:///"
2024-10-13 13:16:39.725 [info] [Warn  - 1:16:39 PM] (81523) Skipping recursive symlink "file:///proc/567/task/588/root" -> "file:///"
2024-10-13 13:16:53.418 [info] [Warn  - 1:16:53 PM] (81523) Skipping recursive symlink "file:///proc/567/task/589/root" -> "file:///"
2024-10-13 13:17:07.913 [info] [Warn  - 1:17:07 PM] (81523) Skipping recursive symlink "file:///proc/567/task/5895/root" -> "file:///"
2024-10-13 13:17:22.749 [info] [Warn  - 1:17:22 PM] (81523) Skipping recursive symlink "file:///proc/567/task/71995/root" -> "file:///"
2024-10-13 13:17:37.274 [info] [Warn  - 1:17:37 PM] (81523) Skipping recursive symlink "file:///proc/567/task/81460/root" -> "file:///"
2024-10-13 13:17:51.897 [info] [Warn  - 1:17:51 PM] (81523) Skipping recursive symlink "file:///proc/567/task/841/root" -> "file:///"
2024-10-13 13:18:06.257 [info] [Warn  - 1:18:06 PM] (81523) Skipping recursive symlink "file:///proc/586/fd/23" -> "file:///"
2024-10-13 13:18:06.258 [info] [Warn  - 1:18:06 PM] (81523) Skipping recursive symlink "file:///proc/586/fd/24" -> "file:///"
2024-10-13 13:18:06.258 [info] [Warn  - 1:18:06 PM] (81523) Skipping recursive symlink "file:///proc/586/fd/25" -> "file:///proc"
2024-10-13 13:18:06.275 [info] [Warn  - 1:18:06 PM] (81523) Skipping recursive symlink "file:///proc/586/root" -> "file:///"
2024-10-13 13:18:20.269 [info] [Warn  - 1:18:20 PM] (81523) Skipping recursive symlink "file:///proc/586/task/586/fd/23" -> "file:///"
2024-10-13 13:18:20.270 [info] [Warn  - 1:18:20 PM] (81523) Skipping recursive symlink "file:///proc/586/task/586/fd/24" -> "file:///"
2024-10-13 13:18:20.271 [info] [Warn  - 1:18:20 PM] (81523) Skipping recursive symlink "file:///proc/586/task/586/fd/25" -> "file:///proc"
2024-10-13 13:18:20.292 [info] [Warn  - 1:18:20 PM] (81523) Skipping recursive symlink "file:///proc/586/task/586/root" -> "file:///"
2024-10-13 13:18:33.563 [info] [Warn  - 1:18:33 PM] (81523) Skipping recursive symlink "file:///proc/586/task/591/fd/23" -> "file:///"
2024-10-13 13:18:33.563 [info] [Warn  - 1:18:33 PM] (81523) Skipping recursive symlink "file:///proc/586/task/591/fd/24" -> "file:///"
2024-10-13 13:18:33.563 [info] [Warn  - 1:18:33 PM] (81523) Skipping recursive symlink "file:///proc/586/task/591/fd/25" -> "file:///proc"
2024-10-13 13:18:33.586 [info] [Warn  - 1:18:33 PM] (81523) Skipping recursive symlink "file:///proc/586/task/591/root" -> "file:///"
2024-10-13 13:18:48.092 [info] [Warn  - 1:18:48 PM] (81523) Skipping recursive symlink "file:///proc/586/task/592/fd/23" -> "file:///"
2024-10-13 13:18:48.092 [info] [Warn  - 1:18:48 PM] (81523) Skipping recursive symlink "file:///proc/586/task/592/fd/24" -> "file:///"
2024-10-13 13:18:48.093 [info] [Warn  - 1:18:48 PM] (81523) Skipping recursive symlink "file:///proc/586/task/592/fd/25" -> "file:///proc"
2024-10-13 13:18:48.106 [info] [Warn  - 1:18:48 PM] (81523) Skipping recursive symlink "file:///proc/586/task/592/root" -> "file:///"
2024-10-13 13:19:01.092 [info] [Warn  - 1:19:01 PM] (81523) Skipping recursive symlink "file:///proc/586/task/593/fd/23" -> "file:///"
2024-10-13 13:19:01.093 [info] [Warn  - 1:19:01 PM] (81523) Skipping recursive symlink "file:///proc/586/task/593/fd/24" -> "file:///"
2024-10-13 13:19:01.093 [info] [Warn  - 1:19:01 PM] (81523) Skipping recursive symlink "file:///proc/586/task/593/fd/25" -> "file:///proc"
2024-10-13 13:19:01.104 [info] [Warn  - 1:19:01 PM] (81523) Skipping recursive symlink "file:///proc/586/task/593/root" -> "file:///"
2024-10-13 13:19:16.282 [info] [Warn  - 1:19:16 PM] (81523) Skipping recursive symlink "file:///proc/586/task/594/fd/23" -> "file:///"
2024-10-13 13:19:16.283 [info] [Warn  - 1:19:16 PM] (81523) Skipping recursive symlink "file:///proc/586/task/594/fd/24" -> "file:///"
2024-10-13 13:19:16.283 [info] [Warn  - 1:19:16 PM] (81523) Skipping recursive symlink "file:///proc/586/task/594/fd/25" -> "file:///proc"
2024-10-13 13:19:16.294 [info] [Warn  - 1:19:16 PM] (81523) Skipping recursive symlink "file:///proc/586/task/594/root" -> "file:///"
2024-10-13 13:19:30.537 [info] [Warn  - 1:19:30 PM] (81523) Skipping recursive symlink "file:///proc/586/task/595/fd/23" -> "file:///"
2024-10-13 13:19:30.537 [info] [Warn  - 1:19:30 PM] (81523) Skipping recursive symlink "file:///proc/586/task/595/fd/24" -> "file:///"
2024-10-13 13:19:30.537 [info] [Warn  - 1:19:30 PM] (81523) Skipping recursive symlink "file:///proc/586/task/595/fd/25" -> "file:///proc"
2024-10-13 13:19:30.551 [info] [Warn  - 1:19:30 PM] (81523) Skipping recursive symlink "file:///proc/586/task/595/root" -> "file:///"
2024-10-13 13:19:43.908 [info] [Warn  - 1:19:43 PM] (81523) Skipping recursive symlink "file:///proc/586/task/601/fd/23" -> "file:///"
2024-10-13 13:19:43.908 [info] [Warn  - 1:19:43 PM] (81523) Skipping recursive symlink "file:///proc/586/task/601/fd/24" -> "file:///"
2024-10-13 13:19:43.908 [info] [Warn  - 1:19:43 PM] (81523) Skipping recursive symlink "file:///proc/586/task/601/fd/25" -> "file:///proc"
2024-10-13 13:19:43.921 [info] [Warn  - 1:19:43 PM] (81523) Skipping recursive symlink "file:///proc/586/task/601/root" -> "file:///"
2024-10-13 13:19:59.448 [info] [Warn  - 1:19:59 PM] (81523) Skipping recursive symlink "file:///proc/586/task/606/fd/23" -> "file:///"
2024-10-13 13:19:59.448 [info] [Warn  - 1:19:59 PM] (81523) Skipping recursive symlink "file:///proc/586/task/606/fd/24" -> "file:///"
2024-10-13 13:19:59.449 [info] [Warn  - 1:19:59 PM] (81523) Skipping recursive symlink "file:///proc/586/task/606/fd/25" -> "file:///proc"
2024-10-13 13:19:59.478 [info] [Warn  - 1:19:59 PM] (81523) Skipping recursive symlink "file:///proc/586/task/606/root" -> "file:///"
2024-10-13 13:20:14.789 [info] [Warn  - 1:20:14 PM] (81523) Skipping recursive symlink "file:///proc/586/task/607/fd/23" -> "file:///"
2024-10-13 13:20:14.790 [info] [Warn  - 1:20:14 PM] (81523) Skipping recursive symlink "file:///proc/586/task/607/fd/24" -> "file:///"
2024-10-13 13:20:14.790 [info] [Warn  - 1:20:14 PM] (81523) Skipping recursive symlink "file:///proc/586/task/607/fd/25" -> "file:///proc"
2024-10-13 13:20:14.801 [info] [Warn  - 1:20:14 PM] (81523) Skipping recursive symlink "file:///proc/586/task/607/root" -> "file:///"
2024-10-13 13:20:30.114 [info] [Warn  - 1:20:30 PM] (81523) Skipping recursive symlink "file:///proc/586/task/609/fd/23" -> "file:///"
2024-10-13 13:20:30.115 [info] [Warn  - 1:20:30 PM] (81523) Skipping recursive symlink "file:///proc/586/task/609/fd/24" -> "file:///"
2024-10-13 13:20:30.115 [info] [Warn  - 1:20:30 PM] (81523) Skipping recursive symlink "file:///proc/586/task/609/fd/25" -> "file:///proc"
2024-10-13 13:20:30.133 [info] [Warn  - 1:20:30 PM] (81523) Skipping recursive symlink "file:///proc/586/task/609/root" -> "file:///"
2024-10-13 13:20:44.851 [info] [Warn  - 1:20:44 PM] (81523) Skipping recursive symlink "file:///proc/586/task/610/fd/23" -> "file:///"
2024-10-13 13:20:44.852 [info] [Warn  - 1:20:44 PM] (81523) Skipping recursive symlink "file:///proc/586/task/610/fd/24" -> "file:///"
2024-10-13 13:20:44.852 [info] [Warn  - 1:20:44 PM] (81523) Skipping recursive symlink "file:///proc/586/task/610/fd/25" -> "file:///proc"
2024-10-13 13:20:44.861 [info] [Warn  - 1:20:44 PM] (81523) Skipping recursive symlink "file:///proc/586/task/610/root" -> "file:///"
2024-10-13 13:20:57.982 [info] [Warn  - 1:20:57 PM] (81523) Skipping recursive symlink "file:///proc/586/task/636/fd/23" -> "file:///"
2024-10-13 13:20:57.983 [info] [Warn  - 1:20:57 PM] (81523) Skipping recursive symlink "file:///proc/586/task/636/fd/24" -> "file:///"
2024-10-13 13:20:57.983 [info] [Warn  - 1:20:57 PM] (81523) Skipping recursive symlink "file:///proc/586/task/636/fd/25" -> "file:///proc"
2024-10-13 13:20:57.999 [info] [Warn  - 1:20:57 PM] (81523) Skipping recursive symlink "file:///proc/586/task/636/root" -> "file:///"
2024-10-13 13:21:12.005 [info] [Warn  - 1:21:12 PM] (81523) Skipping recursive symlink "file:///proc/586/task/81511/fd/23" -> "file:///"
2024-10-13 13:21:12.005 [info] [Warn  - 1:21:12 PM] (81523) Skipping recursive symlink "file:///proc/586/task/81511/fd/24" -> "file:///"
2024-10-13 13:21:12.005 [info] [Warn  - 1:21:12 PM] (81523) Skipping recursive symlink "file:///proc/586/task/81511/fd/25" -> "file:///proc"
2024-10-13 13:21:12.017 [info] [Warn  - 1:21:12 PM] (81523) Skipping recursive symlink "file:///proc/586/task/81511/root" -> "file:///"
2024-10-13 13:21:12.030 [info] [Warn  - 1:21:12 PM] (81523) Skipping recursive symlink "file:///proc/5894/cwd" -> "file:///"
2024-10-13 13:21:12.045 [info] [Warn  - 1:21:12 PM] (81523) Skipping recursive symlink "file:///proc/5894/root" -> "file:///"
2024-10-13 13:21:12.047 [info] [Warn  - 1:21:12 PM] (81523) Skipping recursive symlink "file:///proc/5894/task/5894/cwd" -> "file:///"
2024-10-13 13:21:12.057 [info] [Warn  - 1:21:12 PM] (81523) Skipping recursive symlink "file:///proc/5894/task/5894/root" -> "file:///"
2024-10-13 13:21:12.060 [info] [Warn  - 1:21:12 PM] (81523) Skipping recursive symlink "file:///proc/6/cwd" -> "file:///"
2024-10-13 13:21:12.060 [info] [Warn  - 1:21:12 PM] (81523) Skipping recursive symlink "file:///proc/6/fd/3" -> "file:///"
2024-10-13 13:21:12.070 [info] [Warn  - 1:21:12 PM] (81523) Skipping recursive symlink "file:///proc/6/root" -> "file:///"
2024-10-13 13:21:12.074 [info] [Warn  - 1:21:12 PM] (81523) Skipping recursive symlink "file:///proc/6/task/6/cwd" -> "file:///"
2024-10-13 13:21:12.075 [info] [Warn  - 1:21:12 PM] (81523) Skipping recursive symlink "file:///proc/6/task/6/fd/3" -> "file:///"
2024-10-13 13:21:12.081 [info] [Warn  - 1:21:12 PM] (81523) Skipping recursive symlink "file:///proc/6/task/6/root" -> "file:///"
2024-10-13 13:21:12.085 [info] [Warn  - 1:21:12 PM] (81523) Skipping recursive symlink "file:///proc/6/task/7/cwd" -> "file:///"
2024-10-13 13:21:12.086 [info] [Warn  - 1:21:12 PM] (81523) Skipping recursive symlink "file:///proc/6/task/7/fd/3" -> "file:///"
2024-10-13 13:21:12.091 [info] [Warn  - 1:21:12 PM] (81523) Skipping recursive symlink "file:///proc/6/task/7/root" -> "file:///"
2024-10-13 13:21:12.103 [info] [Warn  - 1:21:12 PM] (81523) Skipping recursive symlink "file:///proc/60/cwd" -> "file:///"
2024-10-13 13:21:12.127 [info] [Warn  - 1:21:12 PM] (81523) Skipping recursive symlink "file:///proc/60/root" -> "file:///"
2024-10-13 13:21:12.128 [info] [Warn  - 1:21:12 PM] (81523) Skipping recursive symlink "file:///proc/60/task/60/cwd" -> "file:///"
2024-10-13 13:21:12.135 [info] [Warn  - 1:21:12 PM] (81523) Skipping recursive symlink "file:///proc/60/task/60/root" -> "file:///"
2024-10-13 13:21:12.138 [info] [Warn  - 1:21:12 PM] (81523) Skipping recursive symlink "file:///proc/71994/cwd" -> "file:///"
2024-10-13 13:21:12.144 [info] [Warn  - 1:21:12 PM] (81523) Skipping recursive symlink "file:///proc/71994/root" -> "file:///"
2024-10-13 13:21:12.146 [info] [Warn  - 1:21:12 PM] (81523) Skipping recursive symlink "file:///proc/71994/task/71994/cwd" -> "file:///"
2024-10-13 13:21:12.162 [info] [Warn  - 1:21:12 PM] (81523) Skipping recursive symlink "file:///proc/71994/task/71994/root" -> "file:///"
2024-10-13 13:21:12.166 [info] [Warn  - 1:21:12 PM] (81523) Skipping recursive symlink "file:///proc/752/cwd" -> "file:///"
2024-10-13 13:21:12.188 [info] [Warn  - 1:21:12 PM] (81523) Skipping recursive symlink "file:///proc/752/root" -> "file:///"
2024-10-13 13:21:12.193 [info] [Warn  - 1:21:12 PM] (81523) Skipping recursive symlink "file:///proc/752/task/752/cwd" -> "file:///"
2024-10-13 13:21:12.203 [info] [Warn  - 1:21:12 PM] (81523) Skipping recursive symlink "file:///proc/752/task/752/root" -> "file:///"
2024-10-13 13:21:12.207 [info] [Warn  - 1:21:12 PM] (81523) Skipping recursive symlink "file:///proc/753/cwd" -> "file:///"
2024-10-13 13:21:12.213 [info] [Warn  - 1:21:12 PM] (81523) Skipping recursive symlink "file:///proc/753/root" -> "file:///"
2024-10-13 13:21:12.214 [info] [Warn  - 1:21:12 PM] (81523) Skipping recursive symlink "file:///proc/753/task/753/cwd" -> "file:///"
2024-10-13 13:21:12.221 [info] [Warn  - 1:21:12 PM] (81523) Skipping recursive symlink "file:///proc/753/task/753/root" -> "file:///"
2024-10-13 13:21:12.223 [info] [Warn  - 1:21:12 PM] (81523) Skipping recursive symlink "file:///proc/755/cwd" -> "file:///"
2024-10-13 13:21:12.234 [info] [Warn  - 1:21:12 PM] (81523) Skipping recursive symlink "file:///proc/755/root" -> "file:///"
2024-10-13 13:21:12.236 [info] [Warn  - 1:21:12 PM] (81523) Skipping recursive symlink "file:///proc/755/task/755/cwd" -> "file:///"
2024-10-13 13:21:12.240 [info] [Warn  - 1:21:12 PM] (81523) Skipping recursive symlink "file:///proc/755/task/755/root" -> "file:///"
2024-10-13 13:21:12.242 [info] [Warn  - 1:21:12 PM] (81523) Skipping recursive symlink "file:///proc/757/cwd" -> "file:///"
2024-10-13 13:21:12.250 [info] [Warn  - 1:21:12 PM] (81523) Skipping recursive symlink "file:///proc/757/root" -> "file:///"
2024-10-13 13:21:12.251 [info] [Warn  - 1:21:12 PM] (81523) Skipping recursive symlink "file:///proc/757/task/757/cwd" -> "file:///"
2024-10-13 13:21:12.257 [info] [Warn  - 1:21:12 PM] (81523) Skipping recursive symlink "file:///proc/757/task/757/root" -> "file:///"
2024-10-13 13:21:12.258 [info] [Warn  - 1:21:12 PM] (81523) Skipping recursive symlink "file:///proc/768/cwd" -> "file:///"
2024-10-13 13:21:12.266 [info] [Warn  - 1:21:12 PM] (81523) Skipping recursive symlink "file:///proc/768/root" -> "file:///"
2024-10-13 13:21:12.268 [info] [Warn  - 1:21:12 PM] (81523) Skipping recursive symlink "file:///proc/768/task/768/cwd" -> "file:///"
2024-10-13 13:21:12.298 [info] [Warn  - 1:21:12 PM] (81523) Skipping recursive symlink "file:///proc/768/task/768/root" -> "file:///"
2024-10-13 13:21:12.301 [info] [Warn  - 1:21:12 PM] (81523) Skipping recursive symlink "file:///proc/768/task/772/cwd" -> "file:///"
2024-10-13 13:21:12.310 [info] [Warn  - 1:21:12 PM] (81523) Skipping recursive symlink "file:///proc/768/task/772/root" -> "file:///"
2024-10-13 13:21:12.321 [info] [Warn  - 1:21:12 PM] (81523) Skipping recursive symlink "file:///proc/768/task/773/cwd" -> "file:///"
2024-10-13 13:21:12.348 [info] [Warn  - 1:21:12 PM] (81523) Skipping recursive symlink "file:///proc/768/task/773/root" -> "file:///"
2024-10-13 13:21:12.351 [info] [Warn  - 1:21:12 PM] (81523) Skipping recursive symlink "file:///proc/768/task/774/cwd" -> "file:///"
2024-10-13 13:21:12.375 [info] [Warn  - 1:21:12 PM] (81523) Skipping recursive symlink "file:///proc/768/task/774/root" -> "file:///"
2024-10-13 13:21:12.379 [info] [Warn  - 1:21:12 PM] (81523) Skipping recursive symlink "file:///proc/768/task/775/cwd" -> "file:///"
2024-10-13 13:21:12.424 [info] [Warn  - 1:21:12 PM] (81523) Skipping recursive symlink "file:///proc/768/task/775/root" -> "file:///"
2024-10-13 13:21:12.426 [info] [Warn  - 1:21:12 PM] (81523) Skipping recursive symlink "file:///proc/768/task/776/cwd" -> "file:///"
2024-10-13 13:21:12.803 [info] [Warn  - 1:21:12 PM] (81523) Skipping recursive symlink "file:///proc/768/task/776/root" -> "file:///"
2024-10-13 13:21:12.806 [info] [Warn  - 1:21:12 PM] (81523) Skipping recursive symlink "file:///proc/768/task/777/cwd" -> "file:///"
2024-10-13 13:21:12.807 [info] [Warn  - 1:21:12 PM] (81523) Skipping recursive symlink "file:///proc/768/task/777/root" -> "file:///"
2024-10-13 13:21:12.815 [info] [Warn  - 1:21:12 PM] (81523) Skipping recursive symlink "file:///proc/806/cwd" -> "file:///"
2024-10-13 13:21:12.815 [info] [Warn  - 1:21:12 PM] (81523) Skipping recursive symlink "file:///proc/806/root" -> "file:///"
2024-10-13 13:21:12.815 [info] [Warn  - 1:21:12 PM] (81523) Skipping recursive symlink "file:///proc/806/task/806/cwd" -> "file:///"
2024-10-13 13:21:12.816 [info] [Warn  - 1:21:12 PM] (81523) Skipping recursive symlink "file:///proc/806/task/806/root" -> "file:///"
2024-10-13 13:21:28.196 [info] [Warn  - 1:21:28 PM] (81523) Skipping recursive symlink "file:///proc/81230/root" -> "file:///"
2024-10-13 13:21:43.231 [info] [Warn  - 1:21:43 PM] (81523) Skipping recursive symlink "file:///proc/81230/task/81230/root" -> "file:///"
2024-10-13 13:21:57.766 [info] [Warn  - 1:21:57 PM] (81523) Skipping recursive symlink "file:///proc/81230/task/81231/root" -> "file:///"
2024-10-13 13:22:12.278 [info] [Warn  - 1:22:12 PM] (81523) Skipping recursive symlink "file:///proc/81230/task/81232/root" -> "file:///"
2024-10-13 13:22:26.182 [info] [Warn  - 1:22:26 PM] (81523) Skipping recursive symlink "file:///proc/81230/task/81233/root" -> "file:///"
2024-10-13 13:22:40.149 [info] [Warn  - 1:22:40 PM] (81523) Skipping recursive symlink "file:///proc/81230/task/81234/root" -> "file:///"
2024-10-13 13:22:53.443 [info] [Warn  - 1:22:53 PM] (81523) Skipping recursive symlink "file:///proc/81230/task/81235/root" -> "file:///"
2024-10-13 13:23:07.308 [info] [Warn  - 1:23:07 PM] (81523) Skipping recursive symlink "file:///proc/81230/task/81237/root" -> "file:///"
2024-10-13 13:23:22.138 [info] [Warn  - 1:23:22 PM] (81523) Skipping recursive symlink "file:///proc/81230/task/81238/root" -> "file:///"
2024-10-13 13:23:35.401 [info] [Warn  - 1:23:35 PM] (81523) Skipping recursive symlink "file:///proc/81230/task/81239/root" -> "file:///"
2024-10-13 13:23:49.666 [info] [Warn  - 1:23:49 PM] (81523) Skipping recursive symlink "file:///proc/81230/task/81240/root" -> "file:///"
2024-10-13 13:24:03.536 [info] [Warn  - 1:24:03 PM] (81523) Skipping recursive symlink "file:///proc/81230/task/81241/root" -> "file:///"
2024-10-13 13:24:17.853 [info] [Warn  - 1:24:17 PM] (81523) Skipping recursive symlink "file:///proc/81230/task/81249/root" -> "file:///"
2024-10-13 13:24:32.044 [info] [Warn  - 1:24:32 PM] (81523) Skipping recursive symlink "file:///proc/81268/root" -> "file:///"
2024-10-13 13:24:46.383 [info] [Warn  - 1:24:46 PM] (81523) Skipping recursive symlink "file:///proc/81268/task/81268/root" -> "file:///"
2024-10-13 13:24:46.393 [info] [Warn  - 1:24:46 PM] (81523) Skipping recursive symlink "file:///proc/81459/cwd" -> "file:///"
2024-10-13 13:24:46.400 [info] [Warn  - 1:24:46 PM] (81523) Skipping recursive symlink "file:///proc/81459/root" -> "file:///"
2024-10-13 13:24:46.402 [info] [Warn  - 1:24:46 PM] (81523) Skipping recursive symlink "file:///proc/81459/task/81459/cwd" -> "file:///"
2024-10-13 13:24:46.407 [info] [Warn  - 1:24:46 PM] (81523) Skipping recursive symlink "file:///proc/81459/task/81459/root" -> "file:///"
2024-10-13 13:24:47.782 [info] [Warn  - 1:24:47 PM] (81523) Skipping recursive symlink "file:///proc/81523/root" -> "file:///"
2024-10-13 13:24:51.890 [info] [Warn  - 1:24:51 PM] (81523) Skipping recursive symlink "file:///proc/81523/task/81523/root" -> "file:///"
2024-10-13 13:24:56.353 [info] [Warn  - 1:24:56 PM] (81523) Skipping recursive symlink "file:///proc/81523/task/81525/root" -> "file:///"
2024-10-13 13:24:57.603 [info] 
<--- Last few GCs --->

[81523:0x75af690] 23872862 ms: Mark-Compact 2028.3 (2093.9) -> 2014.1 (2095.7) MB, 1409.56 / 0.00 ms  (average mu = 0.925, current mu = 0.127) allocation failure; scavenge might not succeed
[81523:0x75af690] 23874281 ms: Mark-Compact 2029.9 (2095.7) -> 2015.7 (2097.2) MB, 1171.68 / 0.00 ms  (average mu = 0.868, current mu = 0.174) allocation failure; scavenge might not succeed


<--- JS stacktrace --->


2024-10-13 13:24:57.604 [info] FATAL ERROR: Reached heap limit Allocation failed - JavaScript heap out of memory
----- Native stack trace -----


2024-10-13 13:24:57.763 [info]  1: 0xb82d33 node::OOMErrorHandler(char const*, v8::OOMDetails const&) [/root/.vscode-server/bin/384ff7382de624fb94dbaf6da11977bba1ecd427/node]

2024-10-13 13:24:57.765 [info]  2: 0xef0c50 v8::Utils::ReportOOMFailure(v8::internal::Isolate*, char const*, v8::OOMDetails const&) [/root/.vscode-server/bin/384ff7382de624fb94dbaf6da11977bba1ecd427/node]

2024-10-13 13:24:57.767 [info]  3: 0xef0f37 v8::internal::V8::FatalProcessOutOfMemory(v8::internal::Isolate*, char const*, v8::OOMDetails const&) [/root/.vscode-server/bin/384ff7382de624fb94dbaf6da11977bba1ecd427/node]

2024-10-13 13:24:57.768 [info]  4: 0x1102ad5  [/root/.vscode-server/bin/384ff7382de624fb94dbaf6da11977bba1ecd427/node]

2024-10-13 13:24:57.771 [info]  5: 0x111a958 v8::internal::Heap::CollectGarbage(v8::internal::AllocationSpace, v8::internal::GarbageCollectionReason, v8::GCCallbackFlags) [/root/.vscode-server/bin/384ff7382de624fb94dbaf6da11977bba1ecd427/node]

2024-10-13 13:24:57.772 [info]  6: 0x10f0a71 v8::internal::HeapAllocator::AllocateRawWithLightRetrySlowPath(int, v8::internal::AllocationType, v8::internal::AllocationOrigin, v8::internal::AllocationAlignment) [/root/.vscode-server/bin/384ff7382de624fb94dbaf6da11977bba1ecd427/node]

2024-10-13 13:24:57.773 [info]  7: 0x10f1c05 v8::internal::HeapAllocator::AllocateRawWithRetryOrFailSlowPath(int, v8::internal::AllocationType, v8::internal::AllocationOrigin, v8::internal::AllocationAlignment) [/root/.vscode-server/bin/384ff7382de624fb94dbaf6da11977bba1ecd427/node]

2024-10-13 13:24:57.781 [info]  8: 0x10cf256 v8::internal::Factory::NewFillerObject(int, v8::internal::AllocationAlignment, v8::internal::AllocationType, v8::internal::AllocationOrigin) [/root/.vscode-server/bin/384ff7382de624fb94dbaf6da11977bba1ecd427/node]

2024-10-13 13:24:57.782 [info]  9: 0x152b086 v8::internal::Runtime_AllocateInYoungGeneration(int, unsigned long*, v8::internal::Isolate*) [/root/.vscode-server/bin/384ff7382de624fb94dbaf6da11977bba1ecd427/node]
10: 0x7f1bb7699ef6 

2024-10-13 13:24:58.573 [info] [Error - 1:24:58 PM] Server process exited with signal SIGABRT.
2024-10-13 13:24:58.654 [info] [Info  - 1:24:58 PM] Connection to server got closed. Server will restart.
2024-10-13 13:24:58.654 [info] true
2024-10-13 13:25:00.315 [info] [Info  - 1:25:00 PM] (176816) Server root directory: file:///root/.vscode-server/extensions/ms-python.vscode-pylance-2024.10.1/dist
2024-10-13 13:25:00.320 [info] [Info  - 1:25:00 PM] (176816) Pylance language server 2024.10.1 (pyright version 1.1.382, commit e46efc6b) starting
2024-10-13 13:25:00.355 [info] [Info  - 1:25:00 PM] (176816) Starting service instance "wsl+ubuntu"
2024-10-13 13:25:00.737 [info] [Info  - 1:25:00 PM] (176816) Setting environmentName for service "wsl+ubuntu": "3.10.12 (global)"
2024-10-13 13:25:00.738 [info] [Info  - 1:25:00 PM] (176816) Setting pythonPath for service "wsl+ubuntu": "/bin/python3"
2024-10-13 13:25:00.739 [info] [Info  - 1:25:00 PM] (176816) No include entries specified; assuming /
2024-10-13 13:25:00.741 [info] [Info  - 1:25:00 PM] (176816) Auto-excluding **/node_modules
2024-10-13 13:25:00.742 [info] [Info  - 1:25:00 PM] (176816) Auto-excluding **/__pycache__
2024-10-13 13:25:00.742 [info] [Info  - 1:25:00 PM] (176816) Auto-excluding **/.*
2024-10-13 13:25:00.926 [info] [Info  - 1:25:00 PM] (176816) Assuming Python version 3.10.12.final.0
2024-10-13 13:25:01.165 [info] [Warn  - 1:25:01 PM] (176816) Skipping recursive symlink "file:///bin/X11" -> "file:///usr/bin"
2024-10-13 13:25:11.150 [info] [Error - 1:25:11 PM] (176816) Enumeration of workspace source files is taking longer than 10 seconds.
This may be because:
* You have opened your home directory or entire hard drive as a workspace
* Your workspace contains a very large number of directories and files
* Your workspace contains a symlink to a directory with many files
* Your workspace is remote, and file enumeration is slow
To reduce this time, open a workspace directory with fewer files or add a pyrightconfig.json configuration file with an "exclude" section to exclude subdirectories from your workspace. For more details, refer to https://github.com/microsoft/pyright/blob/main/docs/configuration.md.
2024-10-13 13:25:14.637 [info] [Warn  - 1:25:14 PM] (176816) Skipping recursive symlink "file:///mnt/c/Documents%20and%20Settings/All%20Users/Application%20Data" -> "file:///mnt/c/ProgramData"
2024-10-13 13:27:41.503 [info] [Warn  - 1:27:41 PM] (176816) Skipping recursive symlink "file:///mnt/c/Documents%20and%20Settings/Default/AppData/Local/Application%20Data" -> "file:///mnt/c/Users/Default/AppData/Local"
2024-10-13 13:27:46.313 [info] [Warn  - 1:27:46 PM] (176816) Skipping recursive symlink "file:///mnt/c/Documents%20and%20Settings/Default/Local%20Settings/Application%20Data" -> "file:///mnt/c/Users/Default/AppData/Local"
2024-10-13 13:27:49.466 [info] [Warn  - 1:27:49 PM] (176816) Skipping recursive symlink "file:///mnt/c/Documents%20and%20Settings/Default%20User/AppData/Local/Application%20Data" -> "file:///mnt/c/Users/Default/AppData/Local"
2024-10-13 13:27:54.595 [info] [Warn  - 1:27:54 PM] (176816) Skipping recursive symlink "file:///mnt/c/Documents%20and%20Settings/Default%20User/Local%20Settings/Application%20Data" -> "file:///mnt/c/Users/Default/AppData/Local"
2024-10-13 13:28:00.541 [info] [Warn  - 1:28:00 PM] (176816) Skipping recursive symlink "file:///mnt/c/Documents%20and%20Settings/OvieBluecode/AppData/Local/Application%20Data" -> "file:///mnt/c/Users/OvieBluecode/AppData/Local"
2024-10-13 15:30:28.512 [info] [Info  - 3:30:28 PM] (176816) Auto-excluding /mnt/c/Documents and Settings/OvieBluecode/AppData/Roaming/IBM/SPSS Statistics/one/Python310
2024-10-13 15:40:45.977 [info] [Info  - 3:40:45 PM] (176816) Auto-excluding /mnt/c/Documents and Settings/OvieBluecode/Application Data/IBM/SPSS Statistics/one/Python310
2024-10-13 15:55:15.310 [info] [Warn  - 3:55:15 PM] (176816) Skipping recursive symlink "file:///mnt/c/Documents%20and%20Settings/OvieBluecode/Local%20Settings/Application%20Data" -> "file:///mnt/c/Users/OvieBluecode/AppData/Local"
2024-10-13 16:21:23.559 [info] [Info  - 4:21:23 PM] (176816) Auto-excluding /mnt/c/Program Files/Microsoft SQL Server/150/PYTHON_SERVER
2024-10-13 16:22:27.029 [info] [Info  - 4:22:27 PM] (176816) Auto-excluding /mnt/c/Program Files/Microsoft SQL Server/MSSQL15.MSSQLSERVER/PYTHON_SERVICES
2024-10-13 16:27:36.900 [info] [Warn  - 4:27:36 PM] (176816) Skipping recursive symlink "file:///mnt/c/ProgramData/Application%20Data" -> "file:///mnt/c/ProgramData"
2024-10-13 16:29:29.280 [info] [Warn  - 4:29:29 PM] (176816) Skipping recursive symlink "file:///mnt/c/Users/All%20Users/Application%20Data" -> "file:///mnt/c/ProgramData"
2024-10-13 16:31:32.075 [info] [Warn  - 4:31:32 PM] (176816) Skipping recursive symlink "file:///mnt/c/Users/Default/AppData/Local/Application%20Data" -> "file:///mnt/c/Users/Default/AppData/Local"
2024-10-13 16:31:36.742 [info] [Warn  - 4:31:36 PM] (176816) Skipping recursive symlink "file:///mnt/c/Users/Default/Local%20Settings/Application%20Data" -> "file:///mnt/c/Users/Default/AppData/Local"
2024-10-13 16:31:40.001 [info] [Warn  - 4:31:40 PM] (176816) Skipping recursive symlink "file:///mnt/c/Users/Default%20User/AppData/Local/Application%20Data" -> "file:///mnt/c/Users/Default/AppData/Local"
2024-10-13 16:31:44.937 [info] [Warn  - 4:31:44 PM] (176816) Skipping recursive symlink "file:///mnt/c/Users/Default%20User/Local%20Settings/Application%20Data" -> "file:///mnt/c/Users/Default/AppData/Local"
2024-10-13 16:31:50.553 [info] [Warn  - 4:31:50 PM] (176816) Skipping recursive symlink "file:///mnt/c/Users/OvieBluecode/AppData/Local/Application%20Data" -> "file:///mnt/c/Users/OvieBluecode/AppData/Local"
2024-10-13 17:14:26.839 [info] [Error - 5:14:26 PM] Stopping server timed out
2024-10-13 17:26:36.268 [info] (Client) Pylance async client (2024.10.1) started with python extension (2024.16.1)
2024-10-13 17:26:38.601 [info] [Info  - 5:26:38 PM] (202769) Server root directory: file:///root/.vscode-server/extensions/ms-python.vscode-pylance-2024.10.1/dist
2024-10-13 17:26:38.606 [info] [Info  - 5:26:38 PM] (202769) Pylance language server 2024.10.1 (pyright version 1.1.382, commit e46efc6b) starting
2024-10-13 17:26:38.607 [info] [Info  - 5:26:38 PM] (202769) Starting service instance "wsl+ubuntu"
2024-10-13 17:26:39.443 [info] [Info  - 5:26:39 PM] (202769) Setting environmentName for service "wsl+ubuntu": "3.10.12 (global)"
2024-10-13 17:26:39.461 [info] [Info  - 5:26:39 PM] (202769) Setting pythonPath for service "wsl+ubuntu": "/bin/python3"
2024-10-13 17:26:39.462 [info] [Info  - 5:26:39 PM] (202769) No include entries specified; assuming /
2024-10-13 17:26:39.462 [info] [Info  - 5:26:39 PM] (202769) Auto-excluding **/node_modules
2024-10-13 17:26:39.462 [info] [Info  - 5:26:39 PM] (202769) Auto-excluding **/__pycache__
2024-10-13 17:26:39.462 [info] [Info  - 5:26:39 PM] (202769) Auto-excluding **/.*
2024-10-13 17:26:40.407 [info] [Info  - 5:26:40 PM] (202769) Assuming Python version 3.10.12.final.0
2024-10-13 17:26:41.808 [info] [Warn  - 5:26:41 PM] (202769) Skipping recursive symlink "file:///bin/X11" -> "file:///usr/bin"
2024-10-13 17:26:51.541 [info] [Error - 5:26:51 PM] (202769) Enumeration of workspace source files is taking longer than 10 seconds.
This may be because:
* You have opened your home directory or entire hard drive as a workspace
* Your workspace contains a very large number of directories and files
* Your workspace contains a symlink to a directory with many files
* Your workspace is remote, and file enumeration is slow
To reduce this time, open a workspace directory with fewer files or add a pyrightconfig.json configuration file with an "exclude" section to exclude subdirectories from your workspace. For more details, refer to https://github.com/microsoft/pyright/blob/main/docs/configuration.md.
2024-10-13 17:27:09.547 [info] [Warn  - 5:27:09 PM] (202769) Skipping recursive symlink "file:///mnt/c/Documents%20and%20Settings/All%20Users/Application%20Data" -> "file:///mnt/c/ProgramData"
2024-10-13 17:30:33.267 [info] [Warn  - 5:30:33 PM] (202769) Skipping recursive symlink "file:///mnt/c/Documents%20and%20Settings/Default/AppData/Local/Application%20Data" -> "file:///mnt/c/Users/Default/AppData/Local"
2024-10-13 17:30:41.957 [info] [Warn  - 5:30:41 PM] (202769) Skipping recursive symlink "file:///mnt/c/Documents%20and%20Settings/Default/Local%20Settings/Application%20Data" -> "file:///mnt/c/Users/Default/AppData/Local"
2024-10-13 17:30:49.310 [info] [Warn  - 5:30:49 PM] (202769) Skipping recursive symlink "file:///mnt/c/Documents%20and%20Settings/Default%20User/AppData/Local/Application%20Data" -> "file:///mnt/c/Users/Default/AppData/Local"
2024-10-13 17:30:58.344 [info] [Warn  - 5:30:58 PM] (202769) Skipping recursive symlink "file:///mnt/c/Documents%20and%20Settings/Default%20User/Local%20Settings/Application%20Data" -> "file:///mnt/c/Users/Default/AppData/Local"
2024-10-13 17:31:13.978 [info] [Warn  - 5:31:13 PM] (202769) Skipping recursive symlink "file:///mnt/c/Documents%20and%20Settings/OvieBluecode/AppData/Local/Application%20Data" -> "file:///mnt/c/Users/OvieBluecode/AppData/Local"
2024-10-13 17:56:49.294 [info] [Info  - 5:56:49 PM] (202769) Auto-excluding /mnt/c/Documents and Settings/OvieBluecode/AppData/Roaming/IBM/SPSS Statistics/one/Python310
2024-10-13 18:10:09.818 [info] [Info  - 6:10:09 PM] (202769) Auto-excluding /mnt/c/Documents and Settings/OvieBluecode/Application Data/IBM/SPSS Statistics/one/Python310
2024-10-13 18:22:46.066 [info] [Warn  - 6:22:46 PM] (202769) Skipping recursive symlink "file:///mnt/c/Documents%20and%20Settings/OvieBluecode/Local%20Settings/Application%20Data" -> "file:///mnt/c/Users/OvieBluecode/AppData/Local"
2024-10-13 18:54:58.162 [info] [Info  - 6:54:58 PM] (202769) Auto-excluding /mnt/c/Program Files/Microsoft SQL Server/150/PYTHON_SERVER
2024-10-13 18:56:11.104 [info] [Info  - 6:56:11 PM] (202769) Auto-excluding /mnt/c/Program Files/Microsoft SQL Server/MSSQL15.MSSQLSERVER/PYTHON_SERVICES
2024-10-13 19:03:47.294 [info] [Warn  - 7:03:47 PM] (202769) Skipping recursive symlink "file:///mnt/c/ProgramData/Application%20Data" -> "file:///mnt/c/ProgramData"
2024-10-13 19:06:29.928 [info] [Warn  - 7:06:29 PM] (202769) Skipping recursive symlink "file:///mnt/c/Users/All%20Users/Application%20Data" -> "file:///mnt/c/ProgramData"
2024-10-13 19:08:42.151 [info] [Warn  - 7:08:42 PM] (202769) Skipping recursive symlink "file:///mnt/c/Users/Default/AppData/Local/Application%20Data" -> "file:///mnt/c/Users/Default/AppData/Local"
2024-10-13 19:08:46.472 [info] [Warn  - 7:08:46 PM] (202769) Skipping recursive symlink "file:///mnt/c/Users/Default/Local%20Settings/Application%20Data" -> "file:///mnt/c/Users/Default/AppData/Local"
2024-10-13 19:08:50.128 [info] [Warn  - 7:08:50 PM] (202769) Skipping recursive symlink "file:///mnt/c/Users/Default%20User/AppData/Local/Application%20Data" -> "file:///mnt/c/Users/Default/AppData/Local"
2024-10-13 19:08:55.598 [info] [Warn  - 7:08:55 PM] (202769) Skipping recursive symlink "file:///mnt/c/Users/Default%20User/Local%20Settings/Application%20Data" -> "file:///mnt/c/Users/Default/AppData/Local"
2024-10-13 19:09:01.608 [info] [Warn  - 7:09:01 PM] (202769) Skipping recursive symlink "file:///mnt/c/Users/OvieBluecode/AppData/Local/Application%20Data" -> "file:///mnt/c/Users/OvieBluecode/AppData/Local"
2024-10-13 19:25:45.797 [info] [Info  - 7:25:45 PM] (202769) Auto-excluding /mnt/c/Users/OvieBluecode/AppData/Roaming/IBM/SPSS Statistics/one/Python310
2024-10-13 19:36:56.084 [info] [Info  - 7:36:56 PM] (202769) Auto-excluding /mnt/c/Users/OvieBluecode/Application Data/IBM/SPSS Statistics/one/Python310
2024-10-13 19:48:30.369 [info] [Warn  - 7:48:30 PM] (202769) Skipping recursive symlink "file:///mnt/c/Users/OvieBluecode/Local%20Settings/Application%20Data" -> "file:///mnt/c/Users/OvieBluecode/AppData/Local"
2024-10-14 11:01:47.988 [info] [Error - 11:01:47 AM] Stopping server timed out
