2024-10-12 15:18:16.815 [info] Extension host with pid 644 started
2024-10-12 15:18:16.843 [error] Error: EEXIST: file already exists, open '/root/.vscode-server/data/User/workspaceStorage/004e33f01e5b915cdd99a687c3386a27/vscode.lock'
2024-10-12 15:18:16.908 [error] SyntaxError: Unexpected end of JSON input
	at JSON.parse (<anonymous>)
	at Gb (file:///root/.vscode-server/bin/384ff7382de624fb94dbaf6da11977bba1ecd427/out/vs/workbench/api/node/extensionHostProcess.js:174:6162)
	at async Q$ (file:///root/.vscode-server/bin/384ff7382de624fb94dbaf6da11977bba1ecd427/out/vs/workbench/api/node/extensionHostProcess.js:174:5798)
	at async XB.g (file:///root/.vscode-server/bin/384ff7382de624fb94dbaf6da11977bba1ecd427/out/vs/workbench/api/node/extensionHostProcess.js:174:4658)
	at async XB.h (file:///root/.vscode-server/bin/384ff7382de624fb94dbaf6da11977bba1ecd427/out/vs/workbench/api/node/extensionHostProcess.js:114:10481)
2024-10-12 15:18:16.909 [info] Lock '/root/.vscode-server/data/User/workspaceStorage/004e33f01e5b915cdd99a687c3386a27/vscode.lock': Could not acquire lock, checking if the file is stale.
2024-10-12 15:18:16.940 [error] SyntaxError: Unexpected end of JSON input
	at JSON.parse (<anonymous>)
	at Gb (file:///root/.vscode-server/bin/384ff7382de624fb94dbaf6da11977bba1ecd427/out/vs/workbench/api/node/extensionHostProcess.js:174:6162)
	at async rz (file:///root/.vscode-server/bin/384ff7382de624fb94dbaf6da11977bba1ecd427/out/vs/workbench/api/node/extensionHostProcess.js:174:6421)
	at async XB.g (file:///root/.vscode-server/bin/384ff7382de624fb94dbaf6da11977bba1ecd427/out/vs/workbench/api/node/extensionHostProcess.js:174:4658)
	at async XB.h (file:///root/.vscode-server/bin/384ff7382de624fb94dbaf6da11977bba1ecd427/out/vs/workbench/api/node/extensionHostProcess.js:114:10481)
2024-10-12 15:18:16.940 [info] Lock '/root/.vscode-server/data/User/workspaceStorage/004e33f01e5b915cdd99a687c3386a27/vscode.lock': Could not read pid of lock holder.
2024-10-12 15:18:16.940 [info] Lock '/root/.vscode-server/data/User/workspaceStorage/004e33f01e5b915cdd99a687c3386a27/vscode.lock': Deleting a stale lock.
2024-10-12 15:18:17.084 [info] ExtensionService#_doActivateExtension vscode.emmet, startup: false, activationEvent: 'onLanguage'
2024-10-12 15:18:17.359 [info] Lock '/root/.vscode-server/data/User/workspaceStorage/004e33f01e5b915cdd99a687c3386a27/vscode.lock': Lock acquired.
2024-10-12 15:18:17.510 [info] ExtensionService#_doActivateExtension vscode.git-base, startup: true, activationEvent: '*', root cause: vscode.git
2024-10-12 15:18:17.591 [info] ExtensionService#_doActivateExtension vscode.git, startup: true, activationEvent: '*'
2024-10-12 15:18:17.603 [info] ExtensionService#_doActivateExtension vscode.github, startup: true, activationEvent: '*'
2024-10-12 15:18:19.334 [info] Eager extensions activated
2024-10-12 15:18:19.335 [info] ExtensionService#_doActivateExtension vscode.debug-auto-launch, startup: false, activationEvent: 'onStartupFinished'
2024-10-12 15:18:19.335 [info] ExtensionService#_doActivateExtension vscode.merge-conflict, startup: false, activationEvent: 'onStartupFinished'
2024-10-12 15:18:49.928 [warning] [Decorations] CAPPING events from decorations provider vscode.git 8602
2024-10-12 15:18:55.595 [warning] [Decorations] CAPPING events from decorations provider vscode.git 8602
2024-10-12 15:23:11.052 [warning] [Decorations] CAPPING events from decorations provider vscode.git 8602
2024-10-12 15:23:16.452 [warning] [Decorations] CAPPING events from decorations provider vscode.git 8602
2024-10-12 15:23:21.957 [warning] [Decorations] CAPPING events from decorations provider vscode.git 8602
2024-10-12 15:23:27.319 [warning] [Decorations] CAPPING events from decorations provider vscode.git 8602
2024-10-12 15:23:32.647 [warning] [Decorations] CAPPING events from decorations provider vscode.git 8602
2024-10-12 15:23:38.440 [warning] [Decorations] CAPPING events from decorations provider vscode.git 8602
2024-10-12 15:23:44.479 [warning] [Decorations] CAPPING events from decorations provider vscode.git 8602
2024-10-12 15:24:31.958 [info] ExtensionService#_doActivateExtension ms-python.python, startup: false, activationEvent: 'onLanguage:python', root cause: ms-python.debugpy
2024-10-12 15:24:33.167 [info] ExtensionService#_doActivateExtension ms-python.debugpy, startup: false, activationEvent: 'onLanguage:python'
2024-10-12 15:24:33.168 [info] ExtensionService#_doActivateExtension ms-python.vscode-pylance, startup: false, activationEvent: 'onLanguage:python'
2024-10-12 15:32:27.602 [warning] [Decorations] CAPPING events from decorations provider vscode.git 10004
2024-10-12 15:32:33.249 [warning] [Decorations] CAPPING events from decorations provider vscode.git 10001
2024-10-12 15:34:33.309 [info] ExtensionService#_doActivateExtension vscode.debug-server-ready, startup: false, activationEvent: 'onDebugResolve'
2024-10-12 15:35:05.939 [info] ExtensionService#_doActivateExtension vscode.tunnel-forwarding, startup: false, activationEvent: 'onTunnel'
2024-10-12 15:35:06.386 [error] Error: Invalid debug adapter
    at j2t.p (vscode-file://vscode-app/c:/Users/OvieBluecode/AppData/Local/Programs/Microsoft%20VS%20Code/resources/app/out/vs/workbench/workbench.desktop.main.js:619:95)
    at j2t.$acceptDAExit (vscode-file://vscode-app/c:/Users/OvieBluecode/AppData/Local/Programs/Microsoft%20VS%20Code/resources/app/out/vs/workbench/workbench.desktop.main.js:619:35)
    at qlt.S (vscode-file://vscode-app/c:/Users/OvieBluecode/AppData/Local/Programs/Microsoft%20VS%20Code/resources/app/out/vs/workbench/workbench.desktop.main.js:3108:41756)
    at qlt.Q (vscode-file://vscode-app/c:/Users/OvieBluecode/AppData/Local/Programs/Microsoft%20VS%20Code/resources/app/out/vs/workbench/workbench.desktop.main.js:3108:41534)
    at qlt.M (vscode-file://vscode-app/c:/Users/OvieBluecode/AppData/Local/Programs/Microsoft%20VS%20Code/resources/app/out/vs/workbench/workbench.desktop.main.js:3108:40622)
    at qlt.L (vscode-file://vscode-app/c:/Users/OvieBluecode/AppData/Local/Programs/Microsoft%20VS%20Code/resources/app/out/vs/workbench/workbench.desktop.main.js:3108:39859)
    at NQ.value (vscode-file://vscode-app/c:/Users/OvieBluecode/AppData/Local/Programs/Microsoft%20VS%20Code/resources/app/out/vs/workbench/workbench.desktop.main.js:3108:38520)
    at x.B (vscode-file://vscode-app/c:/Users/OvieBluecode/AppData/Local/Programs/Microsoft%20VS%20Code/resources/app/out/vs/workbench/workbench.desktop.main.js:30:733)
    at x.fire (vscode-file://vscode-app/c:/Users/OvieBluecode/AppData/Local/Programs/Microsoft%20VS%20Code/resources/app/out/vs/workbench/workbench.desktop.main.js:30:951)
    at r6.fire (vscode-file://vscode-app/c:/Users/OvieBluecode/AppData/Local/Programs/Microsoft%20VS%20Code/resources/app/out/vs/workbench/workbench.desktop.main.js:634:10283)
    at OUi.A (vscode-file://vscode-app/c:/Users/OvieBluecode/AppData/Local/Programs/Microsoft%20VS%20Code/resources/app/out/vs/workbench/workbench.desktop.main.js:634:13408)
    at NQ.value (vscode-file://vscode-app/c:/Users/OvieBluecode/AppData/Local/Programs/Microsoft%20VS%20Code/resources/app/out/vs/workbench/workbench.desktop.main.js:634:11827)
    at x.B (vscode-file://vscode-app/c:/Users/OvieBluecode/AppData/Local/Programs/Microsoft%20VS%20Code/resources/app/out/vs/workbench/workbench.desktop.main.js:30:733)
    at x.fire (vscode-file://vscode-app/c:/Users/OvieBluecode/AppData/Local/Programs/Microsoft%20VS%20Code/resources/app/out/vs/workbench/workbench.desktop.main.js:30:951)
    at GFe.acceptChunk (vscode-file://vscode-app/c:/Users/OvieBluecode/AppData/Local/Programs/Microsoft%20VS%20Code/resources/app/out/vs/workbench/workbench.desktop.main.js:634:8070)
    at vscode-file://vscode-app/c:/Users/OvieBluecode/AppData/Local/Programs/Microsoft%20VS%20Code/resources/app/out/vs/workbench/workbench.desktop.main.js:634:7355
    at NQ.value (vscode-file://vscode-app/c:/Users/OvieBluecode/AppData/Local/Programs/Microsoft%20VS%20Code/resources/app/out/vs/workbench/workbench.desktop.main.js:3072:95815)
    at x.B (vscode-file://vscode-app/c:/Users/OvieBluecode/AppData/Local/Programs/Microsoft%20VS%20Code/resources/app/out/vs/workbench/workbench.desktop.main.js:30:733)
    at x.fire (vscode-file://vscode-app/c:/Users/OvieBluecode/AppData/Local/Programs/Microsoft%20VS%20Code/resources/app/out/vs/workbench/workbench.desktop.main.js:30:951)
    at FMs.j.onload (vscode-file://vscode-app/c:/Users/OvieBluecode/AppData/Local/Programs/Microsoft%20VS%20Code/resources/app/out/vs/workbench/workbench.desktop.main.js:3072:94307)
2024-10-12 15:43:17.539 [error] Error: Invalid debug adapter
    at j2t.p (vscode-file://vscode-app/c:/Users/OvieBluecode/AppData/Local/Programs/Microsoft%20VS%20Code/resources/app/out/vs/workbench/workbench.desktop.main.js:619:95)
    at j2t.$acceptDAExit (vscode-file://vscode-app/c:/Users/OvieBluecode/AppData/Local/Programs/Microsoft%20VS%20Code/resources/app/out/vs/workbench/workbench.desktop.main.js:619:35)
    at qlt.S (vscode-file://vscode-app/c:/Users/OvieBluecode/AppData/Local/Programs/Microsoft%20VS%20Code/resources/app/out/vs/workbench/workbench.desktop.main.js:3108:41756)
    at qlt.Q (vscode-file://vscode-app/c:/Users/OvieBluecode/AppData/Local/Programs/Microsoft%20VS%20Code/resources/app/out/vs/workbench/workbench.desktop.main.js:3108:41534)
    at qlt.M (vscode-file://vscode-app/c:/Users/OvieBluecode/AppData/Local/Programs/Microsoft%20VS%20Code/resources/app/out/vs/workbench/workbench.desktop.main.js:3108:40622)
    at qlt.L (vscode-file://vscode-app/c:/Users/OvieBluecode/AppData/Local/Programs/Microsoft%20VS%20Code/resources/app/out/vs/workbench/workbench.desktop.main.js:3108:39859)
    at NQ.value (vscode-file://vscode-app/c:/Users/OvieBluecode/AppData/Local/Programs/Microsoft%20VS%20Code/resources/app/out/vs/workbench/workbench.desktop.main.js:3108:38520)
    at x.B (vscode-file://vscode-app/c:/Users/OvieBluecode/AppData/Local/Programs/Microsoft%20VS%20Code/resources/app/out/vs/workbench/workbench.desktop.main.js:30:733)
    at x.fire (vscode-file://vscode-app/c:/Users/OvieBluecode/AppData/Local/Programs/Microsoft%20VS%20Code/resources/app/out/vs/workbench/workbench.desktop.main.js:30:951)
    at r6.fire (vscode-file://vscode-app/c:/Users/OvieBluecode/AppData/Local/Programs/Microsoft%20VS%20Code/resources/app/out/vs/workbench/workbench.desktop.main.js:634:10283)
    at OUi.A (vscode-file://vscode-app/c:/Users/OvieBluecode/AppData/Local/Programs/Microsoft%20VS%20Code/resources/app/out/vs/workbench/workbench.desktop.main.js:634:13408)
    at NQ.value (vscode-file://vscode-app/c:/Users/OvieBluecode/AppData/Local/Programs/Microsoft%20VS%20Code/resources/app/out/vs/workbench/workbench.desktop.main.js:634:11827)
    at x.B (vscode-file://vscode-app/c:/Users/OvieBluecode/AppData/Local/Programs/Microsoft%20VS%20Code/resources/app/out/vs/workbench/workbench.desktop.main.js:30:733)
    at x.fire (vscode-file://vscode-app/c:/Users/OvieBluecode/AppData/Local/Programs/Microsoft%20VS%20Code/resources/app/out/vs/workbench/workbench.desktop.main.js:30:951)
    at GFe.acceptChunk (vscode-file://vscode-app/c:/Users/OvieBluecode/AppData/Local/Programs/Microsoft%20VS%20Code/resources/app/out/vs/workbench/workbench.desktop.main.js:634:8070)
    at vscode-file://vscode-app/c:/Users/OvieBluecode/AppData/Local/Programs/Microsoft%20VS%20Code/resources/app/out/vs/workbench/workbench.desktop.main.js:634:7355
    at NQ.value (vscode-file://vscode-app/c:/Users/OvieBluecode/AppData/Local/Programs/Microsoft%20VS%20Code/resources/app/out/vs/workbench/workbench.desktop.main.js:3072:95815)
    at x.B (vscode-file://vscode-app/c:/Users/OvieBluecode/AppData/Local/Programs/Microsoft%20VS%20Code/resources/app/out/vs/workbench/workbench.desktop.main.js:30:733)
    at x.fire (vscode-file://vscode-app/c:/Users/OvieBluecode/AppData/Local/Programs/Microsoft%20VS%20Code/resources/app/out/vs/workbench/workbench.desktop.main.js:30:951)
    at FMs.j.onload (vscode-file://vscode-app/c:/Users/OvieBluecode/AppData/Local/Programs/Microsoft%20VS%20Code/resources/app/out/vs/workbench/workbench.desktop.main.js:3072:94307)
2024-10-12 19:13:58.000 [error] Error: Invalid debug adapter
    at j2t.p (vscode-file://vscode-app/c:/Users/OvieBluecode/AppData/Local/Programs/Microsoft%20VS%20Code/resources/app/out/vs/workbench/workbench.desktop.main.js:619:95)
    at j2t.$acceptDAExit (vscode-file://vscode-app/c:/Users/OvieBluecode/AppData/Local/Programs/Microsoft%20VS%20Code/resources/app/out/vs/workbench/workbench.desktop.main.js:619:35)
    at qlt.S (vscode-file://vscode-app/c:/Users/OvieBluecode/AppData/Local/Programs/Microsoft%20VS%20Code/resources/app/out/vs/workbench/workbench.desktop.main.js:3108:41756)
    at qlt.Q (vscode-file://vscode-app/c:/Users/OvieBluecode/AppData/Local/Programs/Microsoft%20VS%20Code/resources/app/out/vs/workbench/workbench.desktop.main.js:3108:41534)
    at qlt.M (vscode-file://vscode-app/c:/Users/OvieBluecode/AppData/Local/Programs/Microsoft%20VS%20Code/resources/app/out/vs/workbench/workbench.desktop.main.js:3108:40622)
    at qlt.L (vscode-file://vscode-app/c:/Users/OvieBluecode/AppData/Local/Programs/Microsoft%20VS%20Code/resources/app/out/vs/workbench/workbench.desktop.main.js:3108:39859)
    at NQ.value (vscode-file://vscode-app/c:/Users/OvieBluecode/AppData/Local/Programs/Microsoft%20VS%20Code/resources/app/out/vs/workbench/workbench.desktop.main.js:3108:38520)
    at x.B (vscode-file://vscode-app/c:/Users/OvieBluecode/AppData/Local/Programs/Microsoft%20VS%20Code/resources/app/out/vs/workbench/workbench.desktop.main.js:30:733)
    at x.fire (vscode-file://vscode-app/c:/Users/OvieBluecode/AppData/Local/Programs/Microsoft%20VS%20Code/resources/app/out/vs/workbench/workbench.desktop.main.js:30:951)
    at r6.fire (vscode-file://vscode-app/c:/Users/OvieBluecode/AppData/Local/Programs/Microsoft%20VS%20Code/resources/app/out/vs/workbench/workbench.desktop.main.js:634:10283)
    at OUi.A (vscode-file://vscode-app/c:/Users/OvieBluecode/AppData/Local/Programs/Microsoft%20VS%20Code/resources/app/out/vs/workbench/workbench.desktop.main.js:634:13408)
    at NQ.value (vscode-file://vscode-app/c:/Users/OvieBluecode/AppData/Local/Programs/Microsoft%20VS%20Code/resources/app/out/vs/workbench/workbench.desktop.main.js:634:11827)
    at x.B (vscode-file://vscode-app/c:/Users/OvieBluecode/AppData/Local/Programs/Microsoft%20VS%20Code/resources/app/out/vs/workbench/workbench.desktop.main.js:30:733)
    at x.fire (vscode-file://vscode-app/c:/Users/OvieBluecode/AppData/Local/Programs/Microsoft%20VS%20Code/resources/app/out/vs/workbench/workbench.desktop.main.js:30:951)
    at GFe.acceptChunk (vscode-file://vscode-app/c:/Users/OvieBluecode/AppData/Local/Programs/Microsoft%20VS%20Code/resources/app/out/vs/workbench/workbench.desktop.main.js:634:8070)
    at vscode-file://vscode-app/c:/Users/OvieBluecode/AppData/Local/Programs/Microsoft%20VS%20Code/resources/app/out/vs/workbench/workbench.desktop.main.js:634:7355
    at NQ.value (vscode-file://vscode-app/c:/Users/OvieBluecode/AppData/Local/Programs/Microsoft%20VS%20Code/resources/app/out/vs/workbench/workbench.desktop.main.js:3072:95815)
    at x.B (vscode-file://vscode-app/c:/Users/OvieBluecode/AppData/Local/Programs/Microsoft%20VS%20Code/resources/app/out/vs/workbench/workbench.desktop.main.js:30:733)
    at x.fire (vscode-file://vscode-app/c:/Users/OvieBluecode/AppData/Local/Programs/Microsoft%20VS%20Code/resources/app/out/vs/workbench/workbench.desktop.main.js:30:951)
    at FMs.j.onload (vscode-file://vscode-app/c:/Users/OvieBluecode/AppData/Local/Programs/Microsoft%20VS%20Code/resources/app/out/vs/workbench/workbench.desktop.main.js:3072:94307)
2024-10-12 19:14:34.679 [error] Error: Invalid debug adapter
    at j2t.p (vscode-file://vscode-app/c:/Users/OvieBluecode/AppData/Local/Programs/Microsoft%20VS%20Code/resources/app/out/vs/workbench/workbench.desktop.main.js:619:95)
    at j2t.$acceptDAExit (vscode-file://vscode-app/c:/Users/OvieBluecode/AppData/Local/Programs/Microsoft%20VS%20Code/resources/app/out/vs/workbench/workbench.desktop.main.js:619:35)
    at qlt.S (vscode-file://vscode-app/c:/Users/OvieBluecode/AppData/Local/Programs/Microsoft%20VS%20Code/resources/app/out/vs/workbench/workbench.desktop.main.js:3108:41756)
    at qlt.Q (vscode-file://vscode-app/c:/Users/OvieBluecode/AppData/Local/Programs/Microsoft%20VS%20Code/resources/app/out/vs/workbench/workbench.desktop.main.js:3108:41534)
    at qlt.M (vscode-file://vscode-app/c:/Users/OvieBluecode/AppData/Local/Programs/Microsoft%20VS%20Code/resources/app/out/vs/workbench/workbench.desktop.main.js:3108:40622)
    at qlt.L (vscode-file://vscode-app/c:/Users/OvieBluecode/AppData/Local/Programs/Microsoft%20VS%20Code/resources/app/out/vs/workbench/workbench.desktop.main.js:3108:39859)
    at NQ.value (vscode-file://vscode-app/c:/Users/OvieBluecode/AppData/Local/Programs/Microsoft%20VS%20Code/resources/app/out/vs/workbench/workbench.desktop.main.js:3108:38520)
    at x.B (vscode-file://vscode-app/c:/Users/OvieBluecode/AppData/Local/Programs/Microsoft%20VS%20Code/resources/app/out/vs/workbench/workbench.desktop.main.js:30:733)
    at x.fire (vscode-file://vscode-app/c:/Users/OvieBluecode/AppData/Local/Programs/Microsoft%20VS%20Code/resources/app/out/vs/workbench/workbench.desktop.main.js:30:951)
    at r6.fire (vscode-file://vscode-app/c:/Users/OvieBluecode/AppData/Local/Programs/Microsoft%20VS%20Code/resources/app/out/vs/workbench/workbench.desktop.main.js:634:10283)
    at OUi.A (vscode-file://vscode-app/c:/Users/OvieBluecode/AppData/Local/Programs/Microsoft%20VS%20Code/resources/app/out/vs/workbench/workbench.desktop.main.js:634:13408)
    at NQ.value (vscode-file://vscode-app/c:/Users/OvieBluecode/AppData/Local/Programs/Microsoft%20VS%20Code/resources/app/out/vs/workbench/workbench.desktop.main.js:634:11827)
    at x.B (vscode-file://vscode-app/c:/Users/OvieBluecode/AppData/Local/Programs/Microsoft%20VS%20Code/resources/app/out/vs/workbench/workbench.desktop.main.js:30:733)
    at x.fire (vscode-file://vscode-app/c:/Users/OvieBluecode/AppData/Local/Programs/Microsoft%20VS%20Code/resources/app/out/vs/workbench/workbench.desktop.main.js:30:951)
    at GFe.acceptChunk (vscode-file://vscode-app/c:/Users/OvieBluecode/AppData/Local/Programs/Microsoft%20VS%20Code/resources/app/out/vs/workbench/workbench.desktop.main.js:634:8070)
    at vscode-file://vscode-app/c:/Users/OvieBluecode/AppData/Local/Programs/Microsoft%20VS%20Code/resources/app/out/vs/workbench/workbench.desktop.main.js:634:7355
    at NQ.value (vscode-file://vscode-app/c:/Users/OvieBluecode/AppData/Local/Programs/Microsoft%20VS%20Code/resources/app/out/vs/workbench/workbench.desktop.main.js:3072:95815)
    at x.B (vscode-file://vscode-app/c:/Users/OvieBluecode/AppData/Local/Programs/Microsoft%20VS%20Code/resources/app/out/vs/workbench/workbench.desktop.main.js:30:733)
    at x.fire (vscode-file://vscode-app/c:/Users/OvieBluecode/AppData/Local/Programs/Microsoft%20VS%20Code/resources/app/out/vs/workbench/workbench.desktop.main.js:30:951)
    at FMs.j.onload (vscode-file://vscode-app/c:/Users/OvieBluecode/AppData/Local/Programs/Microsoft%20VS%20Code/resources/app/out/vs/workbench/workbench.desktop.main.js:3072:94307)
2024-10-12 19:14:54.058 [error] Error: Invalid debug adapter
    at j2t.p (vscode-file://vscode-app/c:/Users/OvieBluecode/AppData/Local/Programs/Microsoft%20VS%20Code/resources/app/out/vs/workbench/workbench.desktop.main.js:619:95)
    at j2t.$acceptDAExit (vscode-file://vscode-app/c:/Users/OvieBluecode/AppData/Local/Programs/Microsoft%20VS%20Code/resources/app/out/vs/workbench/workbench.desktop.main.js:619:35)
    at qlt.S (vscode-file://vscode-app/c:/Users/OvieBluecode/AppData/Local/Programs/Microsoft%20VS%20Code/resources/app/out/vs/workbench/workbench.desktop.main.js:3108:41756)
    at qlt.Q (vscode-file://vscode-app/c:/Users/OvieBluecode/AppData/Local/Programs/Microsoft%20VS%20Code/resources/app/out/vs/workbench/workbench.desktop.main.js:3108:41534)
    at qlt.M (vscode-file://vscode-app/c:/Users/OvieBluecode/AppData/Local/Programs/Microsoft%20VS%20Code/resources/app/out/vs/workbench/workbench.desktop.main.js:3108:40622)
    at qlt.L (vscode-file://vscode-app/c:/Users/OvieBluecode/AppData/Local/Programs/Microsoft%20VS%20Code/resources/app/out/vs/workbench/workbench.desktop.main.js:3108:39859)
    at NQ.value (vscode-file://vscode-app/c:/Users/OvieBluecode/AppData/Local/Programs/Microsoft%20VS%20Code/resources/app/out/vs/workbench/workbench.desktop.main.js:3108:38520)
    at x.B (vscode-file://vscode-app/c:/Users/OvieBluecode/AppData/Local/Programs/Microsoft%20VS%20Code/resources/app/out/vs/workbench/workbench.desktop.main.js:30:733)
    at x.fire (vscode-file://vscode-app/c:/Users/OvieBluecode/AppData/Local/Programs/Microsoft%20VS%20Code/resources/app/out/vs/workbench/workbench.desktop.main.js:30:951)
    at r6.fire (vscode-file://vscode-app/c:/Users/OvieBluecode/AppData/Local/Programs/Microsoft%20VS%20Code/resources/app/out/vs/workbench/workbench.desktop.main.js:634:10283)
    at OUi.A (vscode-file://vscode-app/c:/Users/OvieBluecode/AppData/Local/Programs/Microsoft%20VS%20Code/resources/app/out/vs/workbench/workbench.desktop.main.js:634:13408)
    at NQ.value (vscode-file://vscode-app/c:/Users/OvieBluecode/AppData/Local/Programs/Microsoft%20VS%20Code/resources/app/out/vs/workbench/workbench.desktop.main.js:634:11827)
    at x.B (vscode-file://vscode-app/c:/Users/OvieBluecode/AppData/Local/Programs/Microsoft%20VS%20Code/resources/app/out/vs/workbench/workbench.desktop.main.js:30:733)
    at x.fire (vscode-file://vscode-app/c:/Users/OvieBluecode/AppData/Local/Programs/Microsoft%20VS%20Code/resources/app/out/vs/workbench/workbench.desktop.main.js:30:951)
    at GFe.acceptChunk (vscode-file://vscode-app/c:/Users/OvieBluecode/AppData/Local/Programs/Microsoft%20VS%20Code/resources/app/out/vs/workbench/workbench.desktop.main.js:634:8070)
    at vscode-file://vscode-app/c:/Users/OvieBluecode/AppData/Local/Programs/Microsoft%20VS%20Code/resources/app/out/vs/workbench/workbench.desktop.main.js:634:7355
    at NQ.value (vscode-file://vscode-app/c:/Users/OvieBluecode/AppData/Local/Programs/Microsoft%20VS%20Code/resources/app/out/vs/workbench/workbench.desktop.main.js:3072:95815)
    at x.B (vscode-file://vscode-app/c:/Users/OvieBluecode/AppData/Local/Programs/Microsoft%20VS%20Code/resources/app/out/vs/workbench/workbench.desktop.main.js:30:733)
    at x.fire (vscode-file://vscode-app/c:/Users/OvieBluecode/AppData/Local/Programs/Microsoft%20VS%20Code/resources/app/out/vs/workbench/workbench.desktop.main.js:30:951)
    at FMs.j.onload (vscode-file://vscode-app/c:/Users/OvieBluecode/AppData/Local/Programs/Microsoft%20VS%20Code/resources/app/out/vs/workbench/workbench.desktop.main.js:3072:94307)
2024-10-12 19:16:45.335 [error] Error: Invalid debug adapter
    at j2t.p (vscode-file://vscode-app/c:/Users/OvieBluecode/AppData/Local/Programs/Microsoft%20VS%20Code/resources/app/out/vs/workbench/workbench.desktop.main.js:619:95)
    at j2t.$acceptDAExit (vscode-file://vscode-app/c:/Users/OvieBluecode/AppData/Local/Programs/Microsoft%20VS%20Code/resources/app/out/vs/workbench/workbench.desktop.main.js:619:35)
    at qlt.S (vscode-file://vscode-app/c:/Users/OvieBluecode/AppData/Local/Programs/Microsoft%20VS%20Code/resources/app/out/vs/workbench/workbench.desktop.main.js:3108:41756)
    at qlt.Q (vscode-file://vscode-app/c:/Users/OvieBluecode/AppData/Local/Programs/Microsoft%20VS%20Code/resources/app/out/vs/workbench/workbench.desktop.main.js:3108:41534)
    at qlt.M (vscode-file://vscode-app/c:/Users/OvieBluecode/AppData/Local/Programs/Microsoft%20VS%20Code/resources/app/out/vs/workbench/workbench.desktop.main.js:3108:40622)
    at qlt.L (vscode-file://vscode-app/c:/Users/OvieBluecode/AppData/Local/Programs/Microsoft%20VS%20Code/resources/app/out/vs/workbench/workbench.desktop.main.js:3108:39859)
    at NQ.value (vscode-file://vscode-app/c:/Users/OvieBluecode/AppData/Local/Programs/Microsoft%20VS%20Code/resources/app/out/vs/workbench/workbench.desktop.main.js:3108:38520)
    at x.B (vscode-file://vscode-app/c:/Users/OvieBluecode/AppData/Local/Programs/Microsoft%20VS%20Code/resources/app/out/vs/workbench/workbench.desktop.main.js:30:733)
    at x.fire (vscode-file://vscode-app/c:/Users/OvieBluecode/AppData/Local/Programs/Microsoft%20VS%20Code/resources/app/out/vs/workbench/workbench.desktop.main.js:30:951)
    at r6.fire (vscode-file://vscode-app/c:/Users/OvieBluecode/AppData/Local/Programs/Microsoft%20VS%20Code/resources/app/out/vs/workbench/workbench.desktop.main.js:634:10283)
    at OUi.A (vscode-file://vscode-app/c:/Users/OvieBluecode/AppData/Local/Programs/Microsoft%20VS%20Code/resources/app/out/vs/workbench/workbench.desktop.main.js:634:13408)
    at NQ.value (vscode-file://vscode-app/c:/Users/OvieBluecode/AppData/Local/Programs/Microsoft%20VS%20Code/resources/app/out/vs/workbench/workbench.desktop.main.js:634:11827)
    at x.B (vscode-file://vscode-app/c:/Users/OvieBluecode/AppData/Local/Programs/Microsoft%20VS%20Code/resources/app/out/vs/workbench/workbench.desktop.main.js:30:733)
    at x.fire (vscode-file://vscode-app/c:/Users/OvieBluecode/AppData/Local/Programs/Microsoft%20VS%20Code/resources/app/out/vs/workbench/workbench.desktop.main.js:30:951)
    at GFe.acceptChunk (vscode-file://vscode-app/c:/Users/OvieBluecode/AppData/Local/Programs/Microsoft%20VS%20Code/resources/app/out/vs/workbench/workbench.desktop.main.js:634:8070)
    at vscode-file://vscode-app/c:/Users/OvieBluecode/AppData/Local/Programs/Microsoft%20VS%20Code/resources/app/out/vs/workbench/workbench.desktop.main.js:634:7355
    at NQ.value (vscode-file://vscode-app/c:/Users/OvieBluecode/AppData/Local/Programs/Microsoft%20VS%20Code/resources/app/out/vs/workbench/workbench.desktop.main.js:3072:95815)
    at x.B (vscode-file://vscode-app/c:/Users/OvieBluecode/AppData/Local/Programs/Microsoft%20VS%20Code/resources/app/out/vs/workbench/workbench.desktop.main.js:30:733)
    at x.fire (vscode-file://vscode-app/c:/Users/OvieBluecode/AppData/Local/Programs/Microsoft%20VS%20Code/resources/app/out/vs/workbench/workbench.desktop.main.js:30:951)
    at FMs.j.onload (vscode-file://vscode-app/c:/Users/OvieBluecode/AppData/Local/Programs/Microsoft%20VS%20Code/resources/app/out/vs/workbench/workbench.desktop.main.js:3072:94307)
2024-10-12 19:18:54.274 [error] Error: Invalid debug adapter
    at j2t.p (vscode-file://vscode-app/c:/Users/OvieBluecode/AppData/Local/Programs/Microsoft%20VS%20Code/resources/app/out/vs/workbench/workbench.desktop.main.js:619:95)
    at j2t.$acceptDAExit (vscode-file://vscode-app/c:/Users/OvieBluecode/AppData/Local/Programs/Microsoft%20VS%20Code/resources/app/out/vs/workbench/workbench.desktop.main.js:619:35)
    at qlt.S (vscode-file://vscode-app/c:/Users/OvieBluecode/AppData/Local/Programs/Microsoft%20VS%20Code/resources/app/out/vs/workbench/workbench.desktop.main.js:3108:41756)
    at qlt.Q (vscode-file://vscode-app/c:/Users/OvieBluecode/AppData/Local/Programs/Microsoft%20VS%20Code/resources/app/out/vs/workbench/workbench.desktop.main.js:3108:41534)
    at qlt.M (vscode-file://vscode-app/c:/Users/OvieBluecode/AppData/Local/Programs/Microsoft%20VS%20Code/resources/app/out/vs/workbench/workbench.desktop.main.js:3108:40622)
    at qlt.L (vscode-file://vscode-app/c:/Users/OvieBluecode/AppData/Local/Programs/Microsoft%20VS%20Code/resources/app/out/vs/workbench/workbench.desktop.main.js:3108:39859)
    at NQ.value (vscode-file://vscode-app/c:/Users/OvieBluecode/AppData/Local/Programs/Microsoft%20VS%20Code/resources/app/out/vs/workbench/workbench.desktop.main.js:3108:38520)
    at x.B (vscode-file://vscode-app/c:/Users/OvieBluecode/AppData/Local/Programs/Microsoft%20VS%20Code/resources/app/out/vs/workbench/workbench.desktop.main.js:30:733)
    at x.fire (vscode-file://vscode-app/c:/Users/OvieBluecode/AppData/Local/Programs/Microsoft%20VS%20Code/resources/app/out/vs/workbench/workbench.desktop.main.js:30:951)
    at r6.fire (vscode-file://vscode-app/c:/Users/OvieBluecode/AppData/Local/Programs/Microsoft%20VS%20Code/resources/app/out/vs/workbench/workbench.desktop.main.js:634:10283)
    at OUi.A (vscode-file://vscode-app/c:/Users/OvieBluecode/AppData/Local/Programs/Microsoft%20VS%20Code/resources/app/out/vs/workbench/workbench.desktop.main.js:634:13408)
    at NQ.value (vscode-file://vscode-app/c:/Users/OvieBluecode/AppData/Local/Programs/Microsoft%20VS%20Code/resources/app/out/vs/workbench/workbench.desktop.main.js:634:11827)
    at x.B (vscode-file://vscode-app/c:/Users/OvieBluecode/AppData/Local/Programs/Microsoft%20VS%20Code/resources/app/out/vs/workbench/workbench.desktop.main.js:30:733)
    at x.fire (vscode-file://vscode-app/c:/Users/OvieBluecode/AppData/Local/Programs/Microsoft%20VS%20Code/resources/app/out/vs/workbench/workbench.desktop.main.js:30:951)
    at GFe.acceptChunk (vscode-file://vscode-app/c:/Users/OvieBluecode/AppData/Local/Programs/Microsoft%20VS%20Code/resources/app/out/vs/workbench/workbench.desktop.main.js:634:8070)
    at vscode-file://vscode-app/c:/Users/OvieBluecode/AppData/Local/Programs/Microsoft%20VS%20Code/resources/app/out/vs/workbench/workbench.desktop.main.js:634:7355
    at NQ.value (vscode-file://vscode-app/c:/Users/OvieBluecode/AppData/Local/Programs/Microsoft%20VS%20Code/resources/app/out/vs/workbench/workbench.desktop.main.js:3072:95815)
    at x.B (vscode-file://vscode-app/c:/Users/OvieBluecode/AppData/Local/Programs/Microsoft%20VS%20Code/resources/app/out/vs/workbench/workbench.desktop.main.js:30:733)
    at x.fire (vscode-file://vscode-app/c:/Users/OvieBluecode/AppData/Local/Programs/Microsoft%20VS%20Code/resources/app/out/vs/workbench/workbench.desktop.main.js:30:951)
    at FMs.j.onload (vscode-file://vscode-app/c:/Users/OvieBluecode/AppData/Local/Programs/Microsoft%20VS%20Code/resources/app/out/vs/workbench/workbench.desktop.main.js:3072:94307)
2024-10-12 19:48:56.995 [error] Error: Invalid debug adapter
    at j2t.p (vscode-file://vscode-app/c:/Users/OvieBluecode/AppData/Local/Programs/Microsoft%20VS%20Code/resources/app/out/vs/workbench/workbench.desktop.main.js:619:95)
    at j2t.$acceptDAExit (vscode-file://vscode-app/c:/Users/OvieBluecode/AppData/Local/Programs/Microsoft%20VS%20Code/resources/app/out/vs/workbench/workbench.desktop.main.js:619:35)
    at qlt.S (vscode-file://vscode-app/c:/Users/OvieBluecode/AppData/Local/Programs/Microsoft%20VS%20Code/resources/app/out/vs/workbench/workbench.desktop.main.js:3108:41756)
    at qlt.Q (vscode-file://vscode-app/c:/Users/OvieBluecode/AppData/Local/Programs/Microsoft%20VS%20Code/resources/app/out/vs/workbench/workbench.desktop.main.js:3108:41534)
    at qlt.M (vscode-file://vscode-app/c:/Users/OvieBluecode/AppData/Local/Programs/Microsoft%20VS%20Code/resources/app/out/vs/workbench/workbench.desktop.main.js:3108:40622)
    at qlt.L (vscode-file://vscode-app/c:/Users/OvieBluecode/AppData/Local/Programs/Microsoft%20VS%20Code/resources/app/out/vs/workbench/workbench.desktop.main.js:3108:39859)
    at NQ.value (vscode-file://vscode-app/c:/Users/OvieBluecode/AppData/Local/Programs/Microsoft%20VS%20Code/resources/app/out/vs/workbench/workbench.desktop.main.js:3108:38520)
    at x.B (vscode-file://vscode-app/c:/Users/OvieBluecode/AppData/Local/Programs/Microsoft%20VS%20Code/resources/app/out/vs/workbench/workbench.desktop.main.js:30:733)
    at x.fire (vscode-file://vscode-app/c:/Users/OvieBluecode/AppData/Local/Programs/Microsoft%20VS%20Code/resources/app/out/vs/workbench/workbench.desktop.main.js:30:951)
    at r6.fire (vscode-file://vscode-app/c:/Users/OvieBluecode/AppData/Local/Programs/Microsoft%20VS%20Code/resources/app/out/vs/workbench/workbench.desktop.main.js:634:10283)
    at OUi.A (vscode-file://vscode-app/c:/Users/OvieBluecode/AppData/Local/Programs/Microsoft%20VS%20Code/resources/app/out/vs/workbench/workbench.desktop.main.js:634:13408)
    at NQ.value (vscode-file://vscode-app/c:/Users/OvieBluecode/AppData/Local/Programs/Microsoft%20VS%20Code/resources/app/out/vs/workbench/workbench.desktop.main.js:634:11827)
    at x.B (vscode-file://vscode-app/c:/Users/OvieBluecode/AppData/Local/Programs/Microsoft%20VS%20Code/resources/app/out/vs/workbench/workbench.desktop.main.js:30:733)
    at x.fire (vscode-file://vscode-app/c:/Users/OvieBluecode/AppData/Local/Programs/Microsoft%20VS%20Code/resources/app/out/vs/workbench/workbench.desktop.main.js:30:951)
    at GFe.acceptChunk (vscode-file://vscode-app/c:/Users/OvieBluecode/AppData/Local/Programs/Microsoft%20VS%20Code/resources/app/out/vs/workbench/workbench.desktop.main.js:634:8070)
    at vscode-file://vscode-app/c:/Users/OvieBluecode/AppData/Local/Programs/Microsoft%20VS%20Code/resources/app/out/vs/workbench/workbench.desktop.main.js:634:7355
    at NQ.value (vscode-file://vscode-app/c:/Users/OvieBluecode/AppData/Local/Programs/Microsoft%20VS%20Code/resources/app/out/vs/workbench/workbench.desktop.main.js:3072:95815)
    at x.B (vscode-file://vscode-app/c:/Users/OvieBluecode/AppData/Local/Programs/Microsoft%20VS%20Code/resources/app/out/vs/workbench/workbench.desktop.main.js:30:733)
    at x.fire (vscode-file://vscode-app/c:/Users/OvieBluecode/AppData/Local/Programs/Microsoft%20VS%20Code/resources/app/out/vs/workbench/workbench.desktop.main.js:30:951)
    at FMs.j.onload (vscode-file://vscode-app/c:/Users/OvieBluecode/AppData/Local/Programs/Microsoft%20VS%20Code/resources/app/out/vs/workbench/workbench.desktop.main.js:3072:94307)
2024-10-12 19:49:11.890 [error] Error: Invalid debug adapter
    at j2t.p (vscode-file://vscode-app/c:/Users/OvieBluecode/AppData/Local/Programs/Microsoft%20VS%20Code/resources/app/out/vs/workbench/workbench.desktop.main.js:619:95)
    at j2t.$acceptDAExit (vscode-file://vscode-app/c:/Users/OvieBluecode/AppData/Local/Programs/Microsoft%20VS%20Code/resources/app/out/vs/workbench/workbench.desktop.main.js:619:35)
    at qlt.S (vscode-file://vscode-app/c:/Users/OvieBluecode/AppData/Local/Programs/Microsoft%20VS%20Code/resources/app/out/vs/workbench/workbench.desktop.main.js:3108:41756)
    at qlt.Q (vscode-file://vscode-app/c:/Users/OvieBluecode/AppData/Local/Programs/Microsoft%20VS%20Code/resources/app/out/vs/workbench/workbench.desktop.main.js:3108:41534)
    at qlt.M (vscode-file://vscode-app/c:/Users/OvieBluecode/AppData/Local/Programs/Microsoft%20VS%20Code/resources/app/out/vs/workbench/workbench.desktop.main.js:3108:40622)
    at qlt.L (vscode-file://vscode-app/c:/Users/OvieBluecode/AppData/Local/Programs/Microsoft%20VS%20Code/resources/app/out/vs/workbench/workbench.desktop.main.js:3108:39859)
    at NQ.value (vscode-file://vscode-app/c:/Users/OvieBluecode/AppData/Local/Programs/Microsoft%20VS%20Code/resources/app/out/vs/workbench/workbench.desktop.main.js:3108:38520)
    at x.B (vscode-file://vscode-app/c:/Users/OvieBluecode/AppData/Local/Programs/Microsoft%20VS%20Code/resources/app/out/vs/workbench/workbench.desktop.main.js:30:733)
    at x.fire (vscode-file://vscode-app/c:/Users/OvieBluecode/AppData/Local/Programs/Microsoft%20VS%20Code/resources/app/out/vs/workbench/workbench.desktop.main.js:30:951)
    at r6.fire (vscode-file://vscode-app/c:/Users/OvieBluecode/AppData/Local/Programs/Microsoft%20VS%20Code/resources/app/out/vs/workbench/workbench.desktop.main.js:634:10283)
    at OUi.A (vscode-file://vscode-app/c:/Users/OvieBluecode/AppData/Local/Programs/Microsoft%20VS%20Code/resources/app/out/vs/workbench/workbench.desktop.main.js:634:13408)
    at NQ.value (vscode-file://vscode-app/c:/Users/OvieBluecode/AppData/Local/Programs/Microsoft%20VS%20Code/resources/app/out/vs/workbench/workbench.desktop.main.js:634:11827)
    at x.B (vscode-file://vscode-app/c:/Users/OvieBluecode/AppData/Local/Programs/Microsoft%20VS%20Code/resources/app/out/vs/workbench/workbench.desktop.main.js:30:733)
    at x.fire (vscode-file://vscode-app/c:/Users/OvieBluecode/AppData/Local/Programs/Microsoft%20VS%20Code/resources/app/out/vs/workbench/workbench.desktop.main.js:30:951)
    at GFe.acceptChunk (vscode-file://vscode-app/c:/Users/OvieBluecode/AppData/Local/Programs/Microsoft%20VS%20Code/resources/app/out/vs/workbench/workbench.desktop.main.js:634:8070)
    at vscode-file://vscode-app/c:/Users/OvieBluecode/AppData/Local/Programs/Microsoft%20VS%20Code/resources/app/out/vs/workbench/workbench.desktop.main.js:634:7355
    at NQ.value (vscode-file://vscode-app/c:/Users/OvieBluecode/AppData/Local/Programs/Microsoft%20VS%20Code/resources/app/out/vs/workbench/workbench.desktop.main.js:3072:95815)
    at x.B (vscode-file://vscode-app/c:/Users/OvieBluecode/AppData/Local/Programs/Microsoft%20VS%20Code/resources/app/out/vs/workbench/workbench.desktop.main.js:30:733)
    at x.fire (vscode-file://vscode-app/c:/Users/OvieBluecode/AppData/Local/Programs/Microsoft%20VS%20Code/resources/app/out/vs/workbench/workbench.desktop.main.js:30:951)
    at FMs.j.onload (vscode-file://vscode-app/c:/Users/OvieBluecode/AppData/Local/Programs/Microsoft%20VS%20Code/resources/app/out/vs/workbench/workbench.desktop.main.js:3072:94307)
2024-10-12 19:49:38.020 [error] Error: Invalid debug adapter
    at j2t.p (vscode-file://vscode-app/c:/Users/OvieBluecode/AppData/Local/Programs/Microsoft%20VS%20Code/resources/app/out/vs/workbench/workbench.desktop.main.js:619:95)
    at j2t.$acceptDAExit (vscode-file://vscode-app/c:/Users/OvieBluecode/AppData/Local/Programs/Microsoft%20VS%20Code/resources/app/out/vs/workbench/workbench.desktop.main.js:619:35)
    at qlt.S (vscode-file://vscode-app/c:/Users/OvieBluecode/AppData/Local/Programs/Microsoft%20VS%20Code/resources/app/out/vs/workbench/workbench.desktop.main.js:3108:41756)
    at qlt.Q (vscode-file://vscode-app/c:/Users/OvieBluecode/AppData/Local/Programs/Microsoft%20VS%20Code/resources/app/out/vs/workbench/workbench.desktop.main.js:3108:41534)
    at qlt.M (vscode-file://vscode-app/c:/Users/OvieBluecode/AppData/Local/Programs/Microsoft%20VS%20Code/resources/app/out/vs/workbench/workbench.desktop.main.js:3108:40622)
    at qlt.L (vscode-file://vscode-app/c:/Users/OvieBluecode/AppData/Local/Programs/Microsoft%20VS%20Code/resources/app/out/vs/workbench/workbench.desktop.main.js:3108:39859)
    at NQ.value (vscode-file://vscode-app/c:/Users/OvieBluecode/AppData/Local/Programs/Microsoft%20VS%20Code/resources/app/out/vs/workbench/workbench.desktop.main.js:3108:38520)
    at x.B (vscode-file://vscode-app/c:/Users/OvieBluecode/AppData/Local/Programs/Microsoft%20VS%20Code/resources/app/out/vs/workbench/workbench.desktop.main.js:30:733)
    at x.fire (vscode-file://vscode-app/c:/Users/OvieBluecode/AppData/Local/Programs/Microsoft%20VS%20Code/resources/app/out/vs/workbench/workbench.desktop.main.js:30:951)
    at r6.fire (vscode-file://vscode-app/c:/Users/OvieBluecode/AppData/Local/Programs/Microsoft%20VS%20Code/resources/app/out/vs/workbench/workbench.desktop.main.js:634:10283)
    at OUi.A (vscode-file://vscode-app/c:/Users/OvieBluecode/AppData/Local/Programs/Microsoft%20VS%20Code/resources/app/out/vs/workbench/workbench.desktop.main.js:634:13408)
    at NQ.value (vscode-file://vscode-app/c:/Users/OvieBluecode/AppData/Local/Programs/Microsoft%20VS%20Code/resources/app/out/vs/workbench/workbench.desktop.main.js:634:11827)
    at x.B (vscode-file://vscode-app/c:/Users/OvieBluecode/AppData/Local/Programs/Microsoft%20VS%20Code/resources/app/out/vs/workbench/workbench.desktop.main.js:30:733)
    at x.fire (vscode-file://vscode-app/c:/Users/OvieBluecode/AppData/Local/Programs/Microsoft%20VS%20Code/resources/app/out/vs/workbench/workbench.desktop.main.js:30:951)
    at GFe.acceptChunk (vscode-file://vscode-app/c:/Users/OvieBluecode/AppData/Local/Programs/Microsoft%20VS%20Code/resources/app/out/vs/workbench/workbench.desktop.main.js:634:8070)
    at vscode-file://vscode-app/c:/Users/OvieBluecode/AppData/Local/Programs/Microsoft%20VS%20Code/resources/app/out/vs/workbench/workbench.desktop.main.js:634:7355
    at NQ.value (vscode-file://vscode-app/c:/Users/OvieBluecode/AppData/Local/Programs/Microsoft%20VS%20Code/resources/app/out/vs/workbench/workbench.desktop.main.js:3072:95815)
    at x.B (vscode-file://vscode-app/c:/Users/OvieBluecode/AppData/Local/Programs/Microsoft%20VS%20Code/resources/app/out/vs/workbench/workbench.desktop.main.js:30:733)
    at x.fire (vscode-file://vscode-app/c:/Users/OvieBluecode/AppData/Local/Programs/Microsoft%20VS%20Code/resources/app/out/vs/workbench/workbench.desktop.main.js:30:951)
    at FMs.j.onload (vscode-file://vscode-app/c:/Users/OvieBluecode/AppData/Local/Programs/Microsoft%20VS%20Code/resources/app/out/vs/workbench/workbench.desktop.main.js:3072:94307)
2024-10-12 19:56:28.734 [error] Error: Invalid debug adapter
    at j2t.p (vscode-file://vscode-app/c:/Users/OvieBluecode/AppData/Local/Programs/Microsoft%20VS%20Code/resources/app/out/vs/workbench/workbench.desktop.main.js:619:95)
    at j2t.$acceptDAExit (vscode-file://vscode-app/c:/Users/OvieBluecode/AppData/Local/Programs/Microsoft%20VS%20Code/resources/app/out/vs/workbench/workbench.desktop.main.js:619:35)
    at qlt.S (vscode-file://vscode-app/c:/Users/OvieBluecode/AppData/Local/Programs/Microsoft%20VS%20Code/resources/app/out/vs/workbench/workbench.desktop.main.js:3108:41756)
    at qlt.Q (vscode-file://vscode-app/c:/Users/OvieBluecode/AppData/Local/Programs/Microsoft%20VS%20Code/resources/app/out/vs/workbench/workbench.desktop.main.js:3108:41534)
    at qlt.M (vscode-file://vscode-app/c:/Users/OvieBluecode/AppData/Local/Programs/Microsoft%20VS%20Code/resources/app/out/vs/workbench/workbench.desktop.main.js:3108:40622)
    at qlt.L (vscode-file://vscode-app/c:/Users/OvieBluecode/AppData/Local/Programs/Microsoft%20VS%20Code/resources/app/out/vs/workbench/workbench.desktop.main.js:3108:39859)
    at NQ.value (vscode-file://vscode-app/c:/Users/OvieBluecode/AppData/Local/Programs/Microsoft%20VS%20Code/resources/app/out/vs/workbench/workbench.desktop.main.js:3108:38520)
    at x.B (vscode-file://vscode-app/c:/Users/OvieBluecode/AppData/Local/Programs/Microsoft%20VS%20Code/resources/app/out/vs/workbench/workbench.desktop.main.js:30:733)
    at x.fire (vscode-file://vscode-app/c:/Users/OvieBluecode/AppData/Local/Programs/Microsoft%20VS%20Code/resources/app/out/vs/workbench/workbench.desktop.main.js:30:951)
    at r6.fire (vscode-file://vscode-app/c:/Users/OvieBluecode/AppData/Local/Programs/Microsoft%20VS%20Code/resources/app/out/vs/workbench/workbench.desktop.main.js:634:10283)
    at OUi.A (vscode-file://vscode-app/c:/Users/OvieBluecode/AppData/Local/Programs/Microsoft%20VS%20Code/resources/app/out/vs/workbench/workbench.desktop.main.js:634:13408)
    at NQ.value (vscode-file://vscode-app/c:/Users/OvieBluecode/AppData/Local/Programs/Microsoft%20VS%20Code/resources/app/out/vs/workbench/workbench.desktop.main.js:634:11827)
    at x.B (vscode-file://vscode-app/c:/Users/OvieBluecode/AppData/Local/Programs/Microsoft%20VS%20Code/resources/app/out/vs/workbench/workbench.desktop.main.js:30:733)
    at x.fire (vscode-file://vscode-app/c:/Users/OvieBluecode/AppData/Local/Programs/Microsoft%20VS%20Code/resources/app/out/vs/workbench/workbench.desktop.main.js:30:951)
    at GFe.acceptChunk (vscode-file://vscode-app/c:/Users/OvieBluecode/AppData/Local/Programs/Microsoft%20VS%20Code/resources/app/out/vs/workbench/workbench.desktop.main.js:634:8070)
    at vscode-file://vscode-app/c:/Users/OvieBluecode/AppData/Local/Programs/Microsoft%20VS%20Code/resources/app/out/vs/workbench/workbench.desktop.main.js:634:7355
    at NQ.value (vscode-file://vscode-app/c:/Users/OvieBluecode/AppData/Local/Programs/Microsoft%20VS%20Code/resources/app/out/vs/workbench/workbench.desktop.main.js:3072:95815)
    at x.B (vscode-file://vscode-app/c:/Users/OvieBluecode/AppData/Local/Programs/Microsoft%20VS%20Code/resources/app/out/vs/workbench/workbench.desktop.main.js:30:733)
    at x.fire (vscode-file://vscode-app/c:/Users/OvieBluecode/AppData/Local/Programs/Microsoft%20VS%20Code/resources/app/out/vs/workbench/workbench.desktop.main.js:30:951)
    at FMs.j.onload (vscode-file://vscode-app/c:/Users/OvieBluecode/AppData/Local/Programs/Microsoft%20VS%20Code/resources/app/out/vs/workbench/workbench.desktop.main.js:3072:94307)
2024-10-12 20:02:40.207 [info] Extension host with pid 81230 started
2024-10-12 20:02:40.207 [error] Error: EEXIST: file already exists, open '/root/.vscode-server/data/User/workspaceStorage/004e33f01e5b915cdd99a687c3386a27/vscode.lock'
2024-10-12 20:02:40.236 [info] Lock '/root/.vscode-server/data/User/workspaceStorage/004e33f01e5b915cdd99a687c3386a27/vscode.lock': Could not acquire lock, checking if the file is stale.
2024-10-12 20:02:40.286 [info] ExtensionService#_doActivateExtension vscode.emmet, startup: false, activationEvent: 'onLanguage'
2024-10-12 20:02:40.290 [info] ExtensionService#_doActivateExtension ms-python.python, startup: false, activationEvent: 'onLanguage:python', root cause: ms-python.debugpy
2024-10-12 20:02:40.291 [info] ExtensionService#_doActivateExtension vscode.debug-server-ready, startup: false, activationEvent: 'onDebugResolve'
2024-10-12 20:02:40.303 [info] ExtensionService#_doActivateExtension vscode.tunnel-forwarding, startup: false, activationEvent: 'onTunnel'
2024-10-12 20:02:41.755 [info] ExtensionService#_doActivateExtension vscode.git-base, startup: true, activationEvent: '*', root cause: vscode.git
2024-10-12 20:02:41.784 [info] Lock '/root/.vscode-server/data/User/workspaceStorage/004e33f01e5b915cdd99a687c3386a27/vscode.lock': The pid 644 appears to be gone.
2024-10-12 20:02:41.784 [info] Lock '/root/.vscode-server/data/User/workspaceStorage/004e33f01e5b915cdd99a687c3386a27/vscode.lock': Deleting a stale lock.
2024-10-12 20:02:41.894 [info] Lock '/root/.vscode-server/data/User/workspaceStorage/004e33f01e5b915cdd99a687c3386a27/vscode.lock': Lock acquired.
2024-10-12 20:02:42.507 [info] ExtensionService#_doActivateExtension vscode.git, startup: true, activationEvent: '*'
2024-10-12 20:02:42.508 [info] ExtensionService#_doActivateExtension vscode.github, startup: true, activationEvent: '*'
2024-10-12 20:02:43.464 [info] Eager extensions activated
2024-10-12 20:02:43.480 [info] ExtensionService#_doActivateExtension vscode.debug-auto-launch, startup: false, activationEvent: 'onStartupFinished'
2024-10-12 20:02:43.491 [info] ExtensionService#_doActivateExtension vscode.merge-conflict, startup: false, activationEvent: 'onStartupFinished'
2024-10-12 20:02:44.308 [info] ExtensionService#_doActivateExtension ms-python.debugpy, startup: false, activationEvent: 'onLanguage:python'
2024-10-12 20:02:44.319 [info] ExtensionService#_doActivateExtension ms-python.vscode-pylance, startup: false, activationEvent: 'onLanguage:python'
2024-10-12 20:21:09.815 [warning] [Decorations] CAPPING events from decorations provider vscode.git 10001
2024-10-12 20:21:24.860 [warning] [Decorations] CAPPING events from decorations provider vscode.git 10001
2024-10-13 13:24:59.667 [error] Error: Pending response rejected since connection got disposed
	at Object.dispose (/root/.vscode-server/extensions/ms-python.python-2024.16.1-linux-x64/out/client/extension.js:2:2057322)
	at Object.dispose (/root/.vscode-server/extensions/ms-python.python-2024.16.1-linux-x64/out/client/extension.js:2:2119855)
	at P.handleConnectionClosed (/root/.vscode-server/extensions/ms-python.python-2024.16.1-linux-x64/out/client/extension.js:2:2120262)
	at P.handleConnectionClosed (/root/.vscode-server/extensions/ms-python.python-2024.16.1-linux-x64/out/client/extension.js:2:2318431)
	at /root/.vscode-server/extensions/ms-python.python-2024.16.1-linux-x64/out/client/extension.js:2:2120004
	at s.invoke (/root/.vscode-server/extensions/ms-python.python-2024.16.1-linux-x64/out/client/extension.js:2:2059174)
	at a.fire (/root/.vscode-server/extensions/ms-python.python-2024.16.1-linux-x64/out/client/extension.js:2:2059992)
	at ne (/root/.vscode-server/extensions/ms-python.python-2024.16.1-linux-x64/out/client/extension.js:2:2045545)
	at s.invoke (/root/.vscode-server/extensions/ms-python.python-2024.16.1-linux-x64/out/client/extension.js:2:2059174)
	at a.fire (/root/.vscode-server/extensions/ms-python.python-2024.16.1-linux-x64/out/client/extension.js:2:2059992)
	at v.fireClose (/root/.vscode-server/extensions/ms-python.python-2024.16.1-linux-x64/out/client/extension.js:2:2068817)
	at ChildProcess.<anonymous> (/root/.vscode-server/extensions/ms-python.python-2024.16.1-linux-x64/out/client/extension.js:2:2083507)
	at ChildProcess.emit (node:events:531:35)
	at maybeClose (node:internal/child_process:1105:16)
	at Socket.<anonymous> (node:internal/child_process:457:11)
	at Socket.emit (node:events:519:28)
	at Pipe.<anonymous> (node:net:339:12)
2024-10-13 17:14:23.009 [info] Extension host terminating: renderer disconnected for too long (2)
2024-10-13 17:14:23.060 [info] Lock '/root/.vscode-server/data/User/workspaceStorage/004e33f01e5b915cdd99a687c3386a27/vscode.lock': Marking the lockfile as scheduled to be released in 6000 ms.
2024-10-13 17:14:26.439 [error] Canceled: Canceled
	at new eA (file:///root/.vscode-server/bin/384ff7382de624fb94dbaf6da11977bba1ecd427/out/vs/workbench/api/node/extensionHostProcess.js:31:151177)
	at Zb.U (file:///root/.vscode-server/bin/384ff7382de624fb94dbaf6da11977bba1ecd427/out/vs/workbench/api/node/extensionHostProcess.js:31:155789)
	at s.<computed>.n.charCodeAt.s.<computed> (file:///root/.vscode-server/bin/384ff7382de624fb94dbaf6da11977bba1ecd427/out/vs/workbench/api/node/extensionHostProcess.js:31:153283)
	at T0.g (file:///root/.vscode-server/bin/384ff7382de624fb94dbaf6da11977bba1ecd427/out/vs/workbench/api/node/extensionHostProcess.js:114:32325)
	at T0.executeCommand (file:///root/.vscode-server/bin/384ff7382de624fb94dbaf6da11977bba1ecd427/out/vs/workbench/api/node/extensionHostProcess.js:114:31826)
	at r.registerCommand.description (file:///root/.vscode-server/bin/384ff7382de624fb94dbaf6da11977bba1ecd427/out/vs/workbench/api/node/extensionHostProcess.js:114:31156)
	at T0.h (file:///root/.vscode-server/bin/384ff7382de624fb94dbaf6da11977bba1ecd427/out/vs/workbench/api/node/extensionHostProcess.js:114:32845)
	at T0.g (file:///root/.vscode-server/bin/384ff7382de624fb94dbaf6da11977bba1ecd427/out/vs/workbench/api/node/extensionHostProcess.js:114:31919)
	at T0.executeCommand (file:///root/.vscode-server/bin/384ff7382de624fb94dbaf6da11977bba1ecd427/out/vs/workbench/api/node/extensionHostProcess.js:114:31826)
	at Object.executeCommand (file:///root/.vscode-server/bin/384ff7382de624fb94dbaf6da11977bba1ecd427/out/vs/workbench/api/node/extensionHostProcess.js:156:37049)
	at gh.O [as value] (/root/.vscode-server/bin/384ff7382de624fb94dbaf6da11977bba1ecd427/extensions/git/dist/main.js:2:953034)
	at T.B (file:///root/.vscode-server/bin/384ff7382de624fb94dbaf6da11977bba1ecd427/out/vs/workbench/api/node/extensionHostProcess.js:29:732)
	at T.C (file:///root/.vscode-server/bin/384ff7382de624fb94dbaf6da11977bba1ecd427/out/vs/workbench/api/node/extensionHostProcess.js:29:802)
	at T.fire (file:///root/.vscode-server/bin/384ff7382de624fb94dbaf6da11977bba1ecd427/out/vs/workbench/api/node/extensionHostProcess.js:29:1019)
	at Object.p [as dispose] (/root/.vscode-server/bin/384ff7382de624fb94dbaf6da11977bba1ecd427/extensions/git/dist/main.js:2:973612)
	at /root/.vscode-server/bin/384ff7382de624fb94dbaf6da11977bba1ecd427/extensions/git/dist/main.js:2:979734
	at Array.forEach (<anonymous>)
	at f.dispose (/root/.vscode-server/bin/384ff7382de624fb94dbaf6da11977bba1ecd427/extensions/git/dist/main.js:2:979720)
	at D1.<anonymous> (file:///root/.vscode-server/bin/384ff7382de624fb94dbaf6da11977bba1ecd427/out/vs/workbench/api/node/extensionHostProcess.js:108:19996)
	at D1.dispose (file:///root/.vscode-server/bin/384ff7382de624fb94dbaf6da11977bba1ecd427/out/vs/workbench/api/node/extensionHostProcess.js:108:20092)
	at D1.<anonymous> (/root/.vscode-server/bin/384ff7382de624fb94dbaf6da11977bba1ecd427/extensions/git/dist/main.js:2:955332)
	at D1.dispose (file:///root/.vscode-server/bin/384ff7382de624fb94dbaf6da11977bba1ecd427/out/vs/workbench/api/node/extensionHostProcess.js:108:20092)
	at Si (file:///root/.vscode-server/bin/384ff7382de624fb94dbaf6da11977bba1ecd427/out/vs/workbench/api/node/extensionHostProcess.js:24:701)
	at file:///root/.vscode-server/bin/384ff7382de624fb94dbaf6da11977bba1ecd427/out/vs/workbench/api/node/extensionHostProcess.js:118:14995
	at file:///root/.vscode-server/bin/384ff7382de624fb94dbaf6da11977bba1ecd427/out/vs/workbench/api/node/extensionHostProcess.js:24:1011
	at Object.dispose (file:///root/.vscode-server/bin/384ff7382de624fb94dbaf6da11977bba1ecd427/out/vs/workbench/api/node/extensionHostProcess.js:7:2146)
	at hB.eb (file:///root/.vscode-server/bin/384ff7382de624fb94dbaf6da11977bba1ecd427/out/vs/workbench/api/node/extensionHostProcess.js:118:11922)
	at file:///root/.vscode-server/bin/384ff7382de624fb94dbaf6da11977bba1ecd427/out/vs/workbench/api/node/extensionHostProcess.js:118:9877
	at Array.map (<anonymous>)
	at hB.$ (file:///root/.vscode-server/bin/384ff7382de624fb94dbaf6da11977bba1ecd427/out/vs/workbench/api/node/extensionHostProcess.js:118:9865)
	at hB.terminate (file:///root/.vscode-server/bin/384ff7382de624fb94dbaf6da11977bba1ecd427/out/vs/workbench/api/node/extensionHostProcess.js:118:10108)
	at M3.terminate (file:///root/.vscode-server/bin/384ff7382de624fb94dbaf6da11977bba1ecd427/out/vs/workbench/api/node/extensionHostProcess.js:119:1424)
	at ps (file:///root/.vscode-server/bin/384ff7382de624fb94dbaf6da11977bba1ecd427/out/vs/workbench/api/node/extensionHostProcess.js:174:15058)
	at H4.a (file:///root/.vscode-server/bin/384ff7382de624fb94dbaf6da11977bba1ecd427/out/vs/workbench/api/node/extensionHostProcess.js:174:11968)
	at H4.h (file:///root/.vscode-server/bin/384ff7382de624fb94dbaf6da11977bba1ecd427/out/vs/workbench/api/node/extensionHostProcess.js:30:75706)
	at listOnTimeout (node:internal/timers:581:17)
	at process.processTimers (node:internal/timers:519:7) setContext undefined
2024-10-13 17:14:26.525 [error] Canceled: Canceled
	at new eA (file:///root/.vscode-server/bin/384ff7382de624fb94dbaf6da11977bba1ecd427/out/vs/workbench/api/node/extensionHostProcess.js:31:151177)
	at Zb.U (file:///root/.vscode-server/bin/384ff7382de624fb94dbaf6da11977bba1ecd427/out/vs/workbench/api/node/extensionHostProcess.js:31:155789)
	at s.<computed>.n.charCodeAt.s.<computed> (file:///root/.vscode-server/bin/384ff7382de624fb94dbaf6da11977bba1ecd427/out/vs/workbench/api/node/extensionHostProcess.js:31:153283)
	at T0.g (file:///root/.vscode-server/bin/384ff7382de624fb94dbaf6da11977bba1ecd427/out/vs/workbench/api/node/extensionHostProcess.js:114:32325)
	at T0.executeCommand (file:///root/.vscode-server/bin/384ff7382de624fb94dbaf6da11977bba1ecd427/out/vs/workbench/api/node/extensionHostProcess.js:114:31826)
	at r.registerCommand.description (file:///root/.vscode-server/bin/384ff7382de624fb94dbaf6da11977bba1ecd427/out/vs/workbench/api/node/extensionHostProcess.js:114:31156)
	at T0.h (file:///root/.vscode-server/bin/384ff7382de624fb94dbaf6da11977bba1ecd427/out/vs/workbench/api/node/extensionHostProcess.js:114:32845)
	at T0.g (file:///root/.vscode-server/bin/384ff7382de624fb94dbaf6da11977bba1ecd427/out/vs/workbench/api/node/extensionHostProcess.js:114:31919)
	at T0.executeCommand (file:///root/.vscode-server/bin/384ff7382de624fb94dbaf6da11977bba1ecd427/out/vs/workbench/api/node/extensionHostProcess.js:114:31826)
	at Object.executeCommand (file:///root/.vscode-server/bin/384ff7382de624fb94dbaf6da11977bba1ecd427/out/vs/workbench/api/node/extensionHostProcess.js:156:37049)
	at set hasGitHubRepositories [as hasGitHubRepositories] (/root/.vscode-server/bin/384ff7382de624fb94dbaf6da11977bba1ecd427/extensions/github/dist/extension.js:2:321578)
	at /root/.vscode-server/bin/384ff7382de624fb94dbaf6da11977bba1ecd427/extensions/github/dist/extension.js:2:322537
	at gh.value (/root/.vscode-server/bin/384ff7382de624fb94dbaf6da11977bba1ecd427/extensions/git/dist/main.js:2:1061875)
	at T.B (file:///root/.vscode-server/bin/384ff7382de624fb94dbaf6da11977bba1ecd427/out/vs/workbench/api/node/extensionHostProcess.js:29:732)
	at T.C (file:///root/.vscode-server/bin/384ff7382de624fb94dbaf6da11977bba1ecd427/out/vs/workbench/api/node/extensionHostProcess.js:29:802)
	at T.fire (file:///root/.vscode-server/bin/384ff7382de624fb94dbaf6da11977bba1ecd427/out/vs/workbench/api/node/extensionHostProcess.js:29:1019)
	at Object.p [as dispose] (/root/.vscode-server/bin/384ff7382de624fb94dbaf6da11977bba1ecd427/extensions/git/dist/main.js:2:973612)
	at /root/.vscode-server/bin/384ff7382de624fb94dbaf6da11977bba1ecd427/extensions/git/dist/main.js:2:979734
	at Array.forEach (<anonymous>)
	at f.dispose (/root/.vscode-server/bin/384ff7382de624fb94dbaf6da11977bba1ecd427/extensions/git/dist/main.js:2:979720)
	at D1.<anonymous> (file:///root/.vscode-server/bin/384ff7382de624fb94dbaf6da11977bba1ecd427/out/vs/workbench/api/node/extensionHostProcess.js:108:19996)
	at D1.dispose (file:///root/.vscode-server/bin/384ff7382de624fb94dbaf6da11977bba1ecd427/out/vs/workbench/api/node/extensionHostProcess.js:108:20092)
	at D1.<anonymous> (/root/.vscode-server/bin/384ff7382de624fb94dbaf6da11977bba1ecd427/extensions/git/dist/main.js:2:955332)
	at D1.dispose (file:///root/.vscode-server/bin/384ff7382de624fb94dbaf6da11977bba1ecd427/out/vs/workbench/api/node/extensionHostProcess.js:108:20092)
	at Si (file:///root/.vscode-server/bin/384ff7382de624fb94dbaf6da11977bba1ecd427/out/vs/workbench/api/node/extensionHostProcess.js:24:701)
	at file:///root/.vscode-server/bin/384ff7382de624fb94dbaf6da11977bba1ecd427/out/vs/workbench/api/node/extensionHostProcess.js:118:14995
	at file:///root/.vscode-server/bin/384ff7382de624fb94dbaf6da11977bba1ecd427/out/vs/workbench/api/node/extensionHostProcess.js:24:1011
	at Object.dispose (file:///root/.vscode-server/bin/384ff7382de624fb94dbaf6da11977bba1ecd427/out/vs/workbench/api/node/extensionHostProcess.js:7:2146)
	at hB.eb (file:///root/.vscode-server/bin/384ff7382de624fb94dbaf6da11977bba1ecd427/out/vs/workbench/api/node/extensionHostProcess.js:118:11922)
	at file:///root/.vscode-server/bin/384ff7382de624fb94dbaf6da11977bba1ecd427/out/vs/workbench/api/node/extensionHostProcess.js:118:9877
	at Array.map (<anonymous>)
	at hB.$ (file:///root/.vscode-server/bin/384ff7382de624fb94dbaf6da11977bba1ecd427/out/vs/workbench/api/node/extensionHostProcess.js:118:9865)
	at hB.terminate (file:///root/.vscode-server/bin/384ff7382de624fb94dbaf6da11977bba1ecd427/out/vs/workbench/api/node/extensionHostProcess.js:118:10108)
	at M3.terminate (file:///root/.vscode-server/bin/384ff7382de624fb94dbaf6da11977bba1ecd427/out/vs/workbench/api/node/extensionHostProcess.js:119:1424)
	at ps (file:///root/.vscode-server/bin/384ff7382de624fb94dbaf6da11977bba1ecd427/out/vs/workbench/api/node/extensionHostProcess.js:174:15058)
	at H4.a (file:///root/.vscode-server/bin/384ff7382de624fb94dbaf6da11977bba1ecd427/out/vs/workbench/api/node/extensionHostProcess.js:174:11968)
	at H4.h (file:///root/.vscode-server/bin/384ff7382de624fb94dbaf6da11977bba1ecd427/out/vs/workbench/api/node/extensionHostProcess.js:30:75706)
	at listOnTimeout (node:internal/timers:581:17)
	at process.processTimers (node:internal/timers:519:7) setContext undefined
2024-10-13 17:14:26.875 [error] Error: Stopping the server timed out
	at /root/.vscode-server/extensions/ms-python.python-2024.16.1-linux-x64/out/client/extension.js:2:2115368
	at async Object.stop (/root/.vscode-server/extensions/ms-python.vscode-pylance-2024.10.1/dist/extension.bundle.js:1:132718)
	at async _0x444225._stopClient (/root/.vscode-server/extensions/ms-python.vscode-pylance-2024.10.1/dist/extension.bundle.js:1:77227)
	at async _0x444225._createNewRequest (/root/.vscode-server/extensions/ms-python.vscode-pylance-2024.10.1/dist/extension.bundle.js:1:76814)
2024-10-13 17:14:26.875 [error] Error: Stopping the server timed out
	at /root/.vscode-server/extensions/ms-python.python-2024.16.1-linux-x64/out/client/extension.js:2:2115368
	at async Object.stop (/root/.vscode-server/extensions/ms-python.vscode-pylance-2024.10.1/dist/extension.bundle.js:1:132718)
	at async _0x444225._stopClient (/root/.vscode-server/extensions/ms-python.vscode-pylance-2024.10.1/dist/extension.bundle.js:1:77227)
	at async _0x444225._createNewRequest (/root/.vscode-server/extensions/ms-python.vscode-pylance-2024.10.1/dist/extension.bundle.js:1:76814)
2024-10-13 17:14:26.876 [info] Extension host with pid 81230 exiting with code 0
2024-10-13 17:26:24.944 [info] Extension host with pid 202522 started
2024-10-13 17:26:24.993 [info] Lock '/root/.vscode-server/data/User/workspaceStorage/004e33f01e5b915cdd99a687c3386a27/vscode.lock': Lock acquired.
2024-10-13 17:26:25.606 [info] ExtensionService#_doActivateExtension vscode.emmet, startup: false, activationEvent: 'onLanguage'
2024-10-13 17:26:25.620 [info] ExtensionService#_doActivateExtension ms-python.python, startup: false, activationEvent: 'onLanguage:python', root cause: ms-python.debugpy
2024-10-13 17:26:25.621 [info] ExtensionService#_doActivateExtension vscode.debug-server-ready, startup: false, activationEvent: 'onDebugResolve'
2024-10-13 17:26:25.622 [info] ExtensionService#_doActivateExtension vscode.tunnel-forwarding, startup: false, activationEvent: 'onTunnel'
2024-10-13 17:26:27.623 [info] ExtensionService#_doActivateExtension vscode.git-base, startup: true, activationEvent: '*', root cause: vscode.git
2024-10-13 17:26:28.653 [info] ExtensionService#_doActivateExtension vscode.git, startup: true, activationEvent: '*'
2024-10-13 17:26:28.663 [info] ExtensionService#_doActivateExtension vscode.github, startup: true, activationEvent: '*'
2024-10-13 17:26:30.022 [info] ExtensionService#_doActivateExtension ms-python.debugpy, startup: false, activationEvent: 'onLanguage:python'
2024-10-13 17:26:30.023 [info] ExtensionService#_doActivateExtension ms-python.vscode-pylance, startup: false, activationEvent: 'onLanguage:python'
2024-10-13 17:26:32.863 [info] Eager extensions activated
2024-10-13 17:26:32.864 [info] ExtensionService#_doActivateExtension vscode.debug-auto-launch, startup: false, activationEvent: 'onStartupFinished'
2024-10-13 17:26:32.865 [info] ExtensionService#_doActivateExtension vscode.merge-conflict, startup: false, activationEvent: 'onStartupFinished'
2024-10-14 11:01:41.789 [info] Extension host terminating: received terminate message from renderer
2024-10-14 11:01:41.851 [info] Lock '/root/.vscode-server/data/User/workspaceStorage/004e33f01e5b915cdd99a687c3386a27/vscode.lock': Marking the lockfile as scheduled to be released in 6000 ms.
2024-10-14 11:01:44.132 [error] Canceled: Canceled
	at new eA (file:///root/.vscode-server/bin/384ff7382de624fb94dbaf6da11977bba1ecd427/out/vs/workbench/api/node/extensionHostProcess.js:31:151177)
	at Zb.U (file:///root/.vscode-server/bin/384ff7382de624fb94dbaf6da11977bba1ecd427/out/vs/workbench/api/node/extensionHostProcess.js:31:155789)
	at s.<computed>.n.charCodeAt.s.<computed> (file:///root/.vscode-server/bin/384ff7382de624fb94dbaf6da11977bba1ecd427/out/vs/workbench/api/node/extensionHostProcess.js:31:153283)
	at T0.g (file:///root/.vscode-server/bin/384ff7382de624fb94dbaf6da11977bba1ecd427/out/vs/workbench/api/node/extensionHostProcess.js:114:32325)
	at T0.executeCommand (file:///root/.vscode-server/bin/384ff7382de624fb94dbaf6da11977bba1ecd427/out/vs/workbench/api/node/extensionHostProcess.js:114:31826)
	at r.registerCommand.description (file:///root/.vscode-server/bin/384ff7382de624fb94dbaf6da11977bba1ecd427/out/vs/workbench/api/node/extensionHostProcess.js:114:31156)
	at T0.h (file:///root/.vscode-server/bin/384ff7382de624fb94dbaf6da11977bba1ecd427/out/vs/workbench/api/node/extensionHostProcess.js:114:32845)
	at T0.g (file:///root/.vscode-server/bin/384ff7382de624fb94dbaf6da11977bba1ecd427/out/vs/workbench/api/node/extensionHostProcess.js:114:31919)
	at T0.executeCommand (file:///root/.vscode-server/bin/384ff7382de624fb94dbaf6da11977bba1ecd427/out/vs/workbench/api/node/extensionHostProcess.js:114:31826)
	at Object.executeCommand (file:///root/.vscode-server/bin/384ff7382de624fb94dbaf6da11977bba1ecd427/out/vs/workbench/api/node/extensionHostProcess.js:156:37049)
	at gh.O [as value] (/root/.vscode-server/bin/384ff7382de624fb94dbaf6da11977bba1ecd427/extensions/git/dist/main.js:2:953034)
	at T.B (file:///root/.vscode-server/bin/384ff7382de624fb94dbaf6da11977bba1ecd427/out/vs/workbench/api/node/extensionHostProcess.js:29:732)
	at T.C (file:///root/.vscode-server/bin/384ff7382de624fb94dbaf6da11977bba1ecd427/out/vs/workbench/api/node/extensionHostProcess.js:29:802)
	at T.fire (file:///root/.vscode-server/bin/384ff7382de624fb94dbaf6da11977bba1ecd427/out/vs/workbench/api/node/extensionHostProcess.js:29:1019)
	at Object.p [as dispose] (/root/.vscode-server/bin/384ff7382de624fb94dbaf6da11977bba1ecd427/extensions/git/dist/main.js:2:973612)
	at /root/.vscode-server/bin/384ff7382de624fb94dbaf6da11977bba1ecd427/extensions/git/dist/main.js:2:979734
	at Array.forEach (<anonymous>)
	at f.dispose (/root/.vscode-server/bin/384ff7382de624fb94dbaf6da11977bba1ecd427/extensions/git/dist/main.js:2:979720)
	at D1.<anonymous> (file:///root/.vscode-server/bin/384ff7382de624fb94dbaf6da11977bba1ecd427/out/vs/workbench/api/node/extensionHostProcess.js:108:19996)
	at D1.dispose (file:///root/.vscode-server/bin/384ff7382de624fb94dbaf6da11977bba1ecd427/out/vs/workbench/api/node/extensionHostProcess.js:108:20092)
	at D1.<anonymous> (/root/.vscode-server/bin/384ff7382de624fb94dbaf6da11977bba1ecd427/extensions/git/dist/main.js:2:955332)
	at D1.dispose (file:///root/.vscode-server/bin/384ff7382de624fb94dbaf6da11977bba1ecd427/out/vs/workbench/api/node/extensionHostProcess.js:108:20092)
	at Si (file:///root/.vscode-server/bin/384ff7382de624fb94dbaf6da11977bba1ecd427/out/vs/workbench/api/node/extensionHostProcess.js:24:701)
	at file:///root/.vscode-server/bin/384ff7382de624fb94dbaf6da11977bba1ecd427/out/vs/workbench/api/node/extensionHostProcess.js:118:14995
	at file:///root/.vscode-server/bin/384ff7382de624fb94dbaf6da11977bba1ecd427/out/vs/workbench/api/node/extensionHostProcess.js:24:1011
	at Object.dispose (file:///root/.vscode-server/bin/384ff7382de624fb94dbaf6da11977bba1ecd427/out/vs/workbench/api/node/extensionHostProcess.js:7:2146)
	at hB.eb (file:///root/.vscode-server/bin/384ff7382de624fb94dbaf6da11977bba1ecd427/out/vs/workbench/api/node/extensionHostProcess.js:118:11922)
	at file:///root/.vscode-server/bin/384ff7382de624fb94dbaf6da11977bba1ecd427/out/vs/workbench/api/node/extensionHostProcess.js:118:9877
	at Array.map (<anonymous>)
	at hB.$ (file:///root/.vscode-server/bin/384ff7382de624fb94dbaf6da11977bba1ecd427/out/vs/workbench/api/node/extensionHostProcess.js:118:9865)
	at hB.terminate (file:///root/.vscode-server/bin/384ff7382de624fb94dbaf6da11977bba1ecd427/out/vs/workbench/api/node/extensionHostProcess.js:118:10108)
	at M3.terminate (file:///root/.vscode-server/bin/384ff7382de624fb94dbaf6da11977bba1ecd427/out/vs/workbench/api/node/extensionHostProcess.js:119:1424)
	at ps (file:///root/.vscode-server/bin/384ff7382de624fb94dbaf6da11977bba1ecd427/out/vs/workbench/api/node/extensionHostProcess.js:174:15058)
	at gh.value (file:///root/.vscode-server/bin/384ff7382de624fb94dbaf6da11977bba1ecd427/out/vs/workbench/api/node/extensionHostProcess.js:174:13218)
	at T.B (file:///root/.vscode-server/bin/384ff7382de624fb94dbaf6da11977bba1ecd427/out/vs/workbench/api/node/extensionHostProcess.js:29:732)
	at T.fire (file:///root/.vscode-server/bin/384ff7382de624fb94dbaf6da11977bba1ecd427/out/vs/workbench/api/node/extensionHostProcess.js:29:950)
	at no.fire (file:///root/.vscode-server/bin/384ff7382de624fb94dbaf6da11977bba1ecd427/out/vs/workbench/api/node/extensionHostProcess.js:31:9399)
	at Im.A (file:///root/.vscode-server/bin/384ff7382de624fb94dbaf6da11977bba1ecd427/out/vs/workbench/api/node/extensionHostProcess.js:31:12515)
	at gh.value (file:///root/.vscode-server/bin/384ff7382de624fb94dbaf6da11977bba1ecd427/out/vs/workbench/api/node/extensionHostProcess.js:31:11916)
	at T.B (file:///root/.vscode-server/bin/384ff7382de624fb94dbaf6da11977bba1ecd427/out/vs/workbench/api/node/extensionHostProcess.js:29:732)
	at T.fire (file:///root/.vscode-server/bin/384ff7382de624fb94dbaf6da11977bba1ecd427/out/vs/workbench/api/node/extensionHostProcess.js:29:950)
	at m5.acceptChunk (file:///root/.vscode-server/bin/384ff7382de624fb94dbaf6da11977bba1ecd427/out/vs/workbench/api/node/extensionHostProcess.js:31:7880)
	at gh.value (file:///root/.vscode-server/bin/384ff7382de624fb94dbaf6da11977bba1ecd427/out/vs/workbench/api/node/extensionHostProcess.js:31:7166)
	at T.B (file:///root/.vscode-server/bin/384ff7382de624fb94dbaf6da11977bba1ecd427/out/vs/workbench/api/node/extensionHostProcess.js:29:732)
	at T.fire (file:///root/.vscode-server/bin/384ff7382de624fb94dbaf6da11977bba1ecd427/out/vs/workbench/api/node/extensionHostProcess.js:29:950)
	at _2.z (file:///root/.vscode-server/bin/384ff7382de624fb94dbaf6da11977bba1ecd427/out/vs/workbench/api/node/extensionHostProcess.js:31:21892)
	at _2.acceptFrame (file:///root/.vscode-server/bin/384ff7382de624fb94dbaf6da11977bba1ecd427/out/vs/workbench/api/node/extensionHostProcess.js:31:21698)
	at z2.n (file:///root/.vscode-server/bin/384ff7382de624fb94dbaf6da11977bba1ecd427/out/vs/workbench/api/node/extensionHostProcess.js:31:20224)
	at file:///root/.vscode-server/bin/384ff7382de624fb94dbaf6da11977bba1ecd427/out/vs/workbench/api/node/extensionHostProcess.js:31:17454
	at Socket.t (file:///root/.vscode-server/bin/384ff7382de624fb94dbaf6da11977bba1ecd427/out/vs/workbench/api/node/extensionHostProcess.js:31:15393)
	at Socket.emit (node:events:519:28)
	at addChunk (node:internal/streams/readable:559:12)
	at readableAddChunkPushByteMode (node:internal/streams/readable:510:3)
	at Readable.push (node:internal/streams/readable:390:5)
	at TCP.onStreamRead (node:internal/stream_base_commons:191:23) setContext undefined
2024-10-14 11:01:44.163 [error] Canceled: Canceled
	at new eA (file:///root/.vscode-server/bin/384ff7382de624fb94dbaf6da11977bba1ecd427/out/vs/workbench/api/node/extensionHostProcess.js:31:151177)
	at Zb.U (file:///root/.vscode-server/bin/384ff7382de624fb94dbaf6da11977bba1ecd427/out/vs/workbench/api/node/extensionHostProcess.js:31:155789)
	at s.<computed>.n.charCodeAt.s.<computed> (file:///root/.vscode-server/bin/384ff7382de624fb94dbaf6da11977bba1ecd427/out/vs/workbench/api/node/extensionHostProcess.js:31:153283)
	at T0.g (file:///root/.vscode-server/bin/384ff7382de624fb94dbaf6da11977bba1ecd427/out/vs/workbench/api/node/extensionHostProcess.js:114:32325)
	at T0.executeCommand (file:///root/.vscode-server/bin/384ff7382de624fb94dbaf6da11977bba1ecd427/out/vs/workbench/api/node/extensionHostProcess.js:114:31826)
	at r.registerCommand.description (file:///root/.vscode-server/bin/384ff7382de624fb94dbaf6da11977bba1ecd427/out/vs/workbench/api/node/extensionHostProcess.js:114:31156)
	at T0.h (file:///root/.vscode-server/bin/384ff7382de624fb94dbaf6da11977bba1ecd427/out/vs/workbench/api/node/extensionHostProcess.js:114:32845)
	at T0.g (file:///root/.vscode-server/bin/384ff7382de624fb94dbaf6da11977bba1ecd427/out/vs/workbench/api/node/extensionHostProcess.js:114:31919)
	at T0.executeCommand (file:///root/.vscode-server/bin/384ff7382de624fb94dbaf6da11977bba1ecd427/out/vs/workbench/api/node/extensionHostProcess.js:114:31826)
	at Object.executeCommand (file:///root/.vscode-server/bin/384ff7382de624fb94dbaf6da11977bba1ecd427/out/vs/workbench/api/node/extensionHostProcess.js:156:37049)
	at set hasGitHubRepositories [as hasGitHubRepositories] (/root/.vscode-server/bin/384ff7382de624fb94dbaf6da11977bba1ecd427/extensions/github/dist/extension.js:2:321578)
	at /root/.vscode-server/bin/384ff7382de624fb94dbaf6da11977bba1ecd427/extensions/github/dist/extension.js:2:322537
	at gh.value (/root/.vscode-server/bin/384ff7382de624fb94dbaf6da11977bba1ecd427/extensions/git/dist/main.js:2:1061875)
	at T.B (file:///root/.vscode-server/bin/384ff7382de624fb94dbaf6da11977bba1ecd427/out/vs/workbench/api/node/extensionHostProcess.js:29:732)
	at T.C (file:///root/.vscode-server/bin/384ff7382de624fb94dbaf6da11977bba1ecd427/out/vs/workbench/api/node/extensionHostProcess.js:29:802)
	at T.fire (file:///root/.vscode-server/bin/384ff7382de624fb94dbaf6da11977bba1ecd427/out/vs/workbench/api/node/extensionHostProcess.js:29:1019)
	at Object.p [as dispose] (/root/.vscode-server/bin/384ff7382de624fb94dbaf6da11977bba1ecd427/extensions/git/dist/main.js:2:973612)
	at /root/.vscode-server/bin/384ff7382de624fb94dbaf6da11977bba1ecd427/extensions/git/dist/main.js:2:979734
	at Array.forEach (<anonymous>)
	at f.dispose (/root/.vscode-server/bin/384ff7382de624fb94dbaf6da11977bba1ecd427/extensions/git/dist/main.js:2:979720)
	at D1.<anonymous> (file:///root/.vscode-server/bin/384ff7382de624fb94dbaf6da11977bba1ecd427/out/vs/workbench/api/node/extensionHostProcess.js:108:19996)
	at D1.dispose (file:///root/.vscode-server/bin/384ff7382de624fb94dbaf6da11977bba1ecd427/out/vs/workbench/api/node/extensionHostProcess.js:108:20092)
	at D1.<anonymous> (/root/.vscode-server/bin/384ff7382de624fb94dbaf6da11977bba1ecd427/extensions/git/dist/main.js:2:955332)
	at D1.dispose (file:///root/.vscode-server/bin/384ff7382de624fb94dbaf6da11977bba1ecd427/out/vs/workbench/api/node/extensionHostProcess.js:108:20092)
	at Si (file:///root/.vscode-server/bin/384ff7382de624fb94dbaf6da11977bba1ecd427/out/vs/workbench/api/node/extensionHostProcess.js:24:701)
	at file:///root/.vscode-server/bin/384ff7382de624fb94dbaf6da11977bba1ecd427/out/vs/workbench/api/node/extensionHostProcess.js:118:14995
	at file:///root/.vscode-server/bin/384ff7382de624fb94dbaf6da11977bba1ecd427/out/vs/workbench/api/node/extensionHostProcess.js:24:1011
	at Object.dispose (file:///root/.vscode-server/bin/384ff7382de624fb94dbaf6da11977bba1ecd427/out/vs/workbench/api/node/extensionHostProcess.js:7:2146)
	at hB.eb (file:///root/.vscode-server/bin/384ff7382de624fb94dbaf6da11977bba1ecd427/out/vs/workbench/api/node/extensionHostProcess.js:118:11922)
	at file:///root/.vscode-server/bin/384ff7382de624fb94dbaf6da11977bba1ecd427/out/vs/workbench/api/node/extensionHostProcess.js:118:9877
	at Array.map (<anonymous>)
	at hB.$ (file:///root/.vscode-server/bin/384ff7382de624fb94dbaf6da11977bba1ecd427/out/vs/workbench/api/node/extensionHostProcess.js:118:9865)
	at hB.terminate (file:///root/.vscode-server/bin/384ff7382de624fb94dbaf6da11977bba1ecd427/out/vs/workbench/api/node/extensionHostProcess.js:118:10108)
	at M3.terminate (file:///root/.vscode-server/bin/384ff7382de624fb94dbaf6da11977bba1ecd427/out/vs/workbench/api/node/extensionHostProcess.js:119:1424)
	at ps (file:///root/.vscode-server/bin/384ff7382de624fb94dbaf6da11977bba1ecd427/out/vs/workbench/api/node/extensionHostProcess.js:174:15058)
	at gh.value (file:///root/.vscode-server/bin/384ff7382de624fb94dbaf6da11977bba1ecd427/out/vs/workbench/api/node/extensionHostProcess.js:174:13218)
	at T.B (file:///root/.vscode-server/bin/384ff7382de624fb94dbaf6da11977bba1ecd427/out/vs/workbench/api/node/extensionHostProcess.js:29:732)
	at T.fire (file:///root/.vscode-server/bin/384ff7382de624fb94dbaf6da11977bba1ecd427/out/vs/workbench/api/node/extensionHostProcess.js:29:950)
	at no.fire (file:///root/.vscode-server/bin/384ff7382de624fb94dbaf6da11977bba1ecd427/out/vs/workbench/api/node/extensionHostProcess.js:31:9399)
	at Im.A (file:///root/.vscode-server/bin/384ff7382de624fb94dbaf6da11977bba1ecd427/out/vs/workbench/api/node/extensionHostProcess.js:31:12515)
	at gh.value (file:///root/.vscode-server/bin/384ff7382de624fb94dbaf6da11977bba1ecd427/out/vs/workbench/api/node/extensionHostProcess.js:31:11916)
	at T.B (file:///root/.vscode-server/bin/384ff7382de624fb94dbaf6da11977bba1ecd427/out/vs/workbench/api/node/extensionHostProcess.js:29:732)
	at T.fire (file:///root/.vscode-server/bin/384ff7382de624fb94dbaf6da11977bba1ecd427/out/vs/workbench/api/node/extensionHostProcess.js:29:950)
	at m5.acceptChunk (file:///root/.vscode-server/bin/384ff7382de624fb94dbaf6da11977bba1ecd427/out/vs/workbench/api/node/extensionHostProcess.js:31:7880)
	at gh.value (file:///root/.vscode-server/bin/384ff7382de624fb94dbaf6da11977bba1ecd427/out/vs/workbench/api/node/extensionHostProcess.js:31:7166)
	at T.B (file:///root/.vscode-server/bin/384ff7382de624fb94dbaf6da11977bba1ecd427/out/vs/workbench/api/node/extensionHostProcess.js:29:732)
	at T.fire (file:///root/.vscode-server/bin/384ff7382de624fb94dbaf6da11977bba1ecd427/out/vs/workbench/api/node/extensionHostProcess.js:29:950)
	at _2.z (file:///root/.vscode-server/bin/384ff7382de624fb94dbaf6da11977bba1ecd427/out/vs/workbench/api/node/extensionHostProcess.js:31:21892)
	at _2.acceptFrame (file:///root/.vscode-server/bin/384ff7382de624fb94dbaf6da11977bba1ecd427/out/vs/workbench/api/node/extensionHostProcess.js:31:21698)
	at z2.n (file:///root/.vscode-server/bin/384ff7382de624fb94dbaf6da11977bba1ecd427/out/vs/workbench/api/node/extensionHostProcess.js:31:20224)
	at file:///root/.vscode-server/bin/384ff7382de624fb94dbaf6da11977bba1ecd427/out/vs/workbench/api/node/extensionHostProcess.js:31:17454
	at Socket.t (file:///root/.vscode-server/bin/384ff7382de624fb94dbaf6da11977bba1ecd427/out/vs/workbench/api/node/extensionHostProcess.js:31:15393)
	at Socket.emit (node:events:519:28)
	at addChunk (node:internal/streams/readable:559:12)
	at readableAddChunkPushByteMode (node:internal/streams/readable:510:3)
	at Readable.push (node:internal/streams/readable:390:5)
	at TCP.onStreamRead (node:internal/stream_base_commons:191:23) setContext undefined
2024-10-14 11:01:48.471 [error] Error: Stopping the server timed out
	at /root/.vscode-server/extensions/ms-python.python-2024.16.1-linux-x64/out/client/extension.js:2:2115368
	at runNextTicks (node:internal/process/task_queues:60:5)
	at process.processTimers (node:internal/timers:516:9)
	at async Object.stop (/root/.vscode-server/extensions/ms-python.vscode-pylance-2024.10.1/dist/extension.bundle.js:1:132718)
	at async _0x444225._stopClient (/root/.vscode-server/extensions/ms-python.vscode-pylance-2024.10.1/dist/extension.bundle.js:1:77227)
	at async _0x444225._createNewRequest (/root/.vscode-server/extensions/ms-python.vscode-pylance-2024.10.1/dist/extension.bundle.js:1:76814)
2024-10-14 11:01:48.471 [error] Error: Stopping the server timed out
	at /root/.vscode-server/extensions/ms-python.python-2024.16.1-linux-x64/out/client/extension.js:2:2115368
	at runNextTicks (node:internal/process/task_queues:60:5)
	at process.processTimers (node:internal/timers:516:9)
	at async Object.stop (/root/.vscode-server/extensions/ms-python.vscode-pylance-2024.10.1/dist/extension.bundle.js:1:132718)
	at async _0x444225._stopClient (/root/.vscode-server/extensions/ms-python.vscode-pylance-2024.10.1/dist/extension.bundle.js:1:77227)
	at async _0x444225._createNewRequest (/root/.vscode-server/extensions/ms-python.vscode-pylance-2024.10.1/dist/extension.bundle.js:1:76814)
2024-10-14 11:01:48.471 [info] Extension host with pid 202522 exiting with code 0
