-------------------------------------------------------------------------------->8
[2024-07-14T17:05:52.173674636Z][docker-desktop-user-distro] syncContextStores <HOME>/.docker/contexts <-> /mnt/c/Users/OvieBluecode/.docker/contexts
[2024-07-14T17:05:52.186553536Z][docker-desktop-user-distro] syncContextStores <HOME>/.docker/contexts <-> /mnt/c/Users/OvieBluecode/.docker/contexts os.Symlink <HOME>/.docker/contexts -> /mnt/c/Users/OvieBluecode/.docker/contexts
-------------------------------------------------------------------------------->8
[2024-07-14T17:05:53.236972067Z][docker-desktop-user-distro] linkPathToWindows windowsPath = /mnt/c/Users/OvieBluecode/.aws, linkPath = <HOME>/.aws
-------------------------------------------------------------------------------->8
[2024-07-14T17:05:54.688271040Z][docker-desktop-user-distro] linkPathToWindows windowsPath = /mnt/c/Users/OvieBluecode/.azure, linkPath = <HOME>/.azure
-------------------------------------------------------------------------------->8
[2024-07-14T17:05:56.524275125Z][docker-desktop-user-distro] linkPathToWindows windowsPath = /mnt/c/Users/OvieBluecode/.docker/features.json, linkPath = ~/.docker/features.json
-------------------------------------------------------------------------------->8
[2024-07-14T17:05:57.651626140Z][docker-desktop-user-distro] changed the mode of the socket /mnt/wsl/docker-desktop/shared-sockets/host-services/extension-manager.sock to 0660
[2024-07-14T17:05:57.651841040Z][docker-desktop-user-distro.ipc] d6951c5f-LinuxProxyCMD -> /mnt/wsl/docker-desktop/shared-sockets/host-services/backend.sock BackendAPI
[2024-07-14T17:05:57.651885540Z][docker-desktop-user-distro.apiproxy] Requested propagation is rprivate. Skipping mount-point propagation check for /var/run/docker.sock
[2024-07-14T17:05:57.684445243Z][docker-desktop-user-distro.apiproxy] mounting /var/run/docker.sock to /mnt/wsl/docker-desktop-bind-mounts/Ubuntu/71329c4cc6e32171553fa81d044eb31d1a3aac52ba9376c4a99f4505c494cf5b
[2024-07-14T17:05:57.737130448Z][docker-desktop-user-distro.ipc] d99788b5-WSLIntegrationProxy -> /mnt/wsl/docker-desktop/shared-sockets/host-services/backend.sock BackendCLI
[2024-07-14T17:05:57.737669248Z][docker-desktop-user-distro.ipc] d6951c5f-LinuxProxyCMD /pause/state <-- 2024-07-14T18:05:57.737515348+01:00 (62aedc82) ipc connecting:
[2024-07-14T17:05:57.742817449Z][docker-desktop-user-distro.ipc] 78e07595-CrossDistroService -> /var/run/docker.sock WSL2DistroProxy
[2024-07-14T17:05:57.744007449Z][docker-desktop-user-distro.ipc] starting 9dcad33d-dockerCLISock for component WSLIntegrationProxy on /var/run/docker-cli.sock
[2024-07-14T17:05:57.744933949Z][docker-desktop-user-distro.apiproxy][W] loading versions: unmarshalling components version: open /opt/docker-desktop/componentsVersion.json: no such file or directory
[2024-07-14T17:05:57.746639149Z][docker-desktop-user-distro.ipc] run c50a2d99-cross-distro for component Ubuntu on /mnt/wsl/docker-desktop/shared-sockets/guest-services/distro-services/ubuntu.sock
[2024-07-14T17:05:57.763088551Z][docker-desktop-user-distro.ipc] d6951c5f-LinuxProxyCMD /pause/state <-- 2024-07-14T17:55:24.340754300+01:00 (d7915721) pause resumed: init
[2024-07-14T17:05:57.763214851Z][docker-desktop-user-distro.ipc] d6951c5f-LinuxProxyCMD /pause/state <-- 2024-07-14T18:02:33.091251329+01:00 (3253c9c0) pause paused: Docker Desktop is paused
[2024-07-14T17:05:57.763287351Z][docker-desktop-user-distro.ipc] d6951c5f-LinuxProxyCMD /pause/state <-- 2024-07-14T18:05:57.756922200+01:00 (c27a883d) ipc ready:
[2024-07-14T17:05:57.851448060Z][docker-desktop-user-distro] creating symlink for /usr/bin/docker-credential-desktop.exe
[2024-07-14T17:05:57.851854160Z][docker-desktop-user-distro] cli tools directory /mnt/wsl/docker-desktop/cli-tools has contents
[2024-07-14T17:05:57.851894260Z][docker-desktop-user-distro] populating cli tools from /mnt/wsl/docker-desktop/cli-tools
[2024-07-14T17:05:57.853604560Z][docker-desktop-user-distro] creating symlink for /usr/bin/com.docker.cli
[2024-07-14T17:05:57.853735660Z][docker-desktop-user-distro] creating symlink for /usr/bin/docker
[2024-07-14T17:05:57.853815560Z][docker-desktop-user-distro] creating symlink for /usr/bin/docker-compose
[2024-07-14T17:05:57.853880060Z][docker-desktop-user-distro] creating symlink for /usr/bin/docker-index
[2024-07-14T17:05:57.853955160Z][docker-desktop-user-distro] creating symlink for /usr/bin/hub-tool
[2024-07-14T17:05:57.854387860Z][docker-desktop-user-distro] creating symlink for /usr/local/bin/kubectl
[2024-07-14T17:05:57.855675960Z][docker-desktop-user-distro] creating symlink for /usr/local/lib/docker/cli-plugins/docker-buildx
[2024-07-14T17:05:57.856260060Z][docker-desktop-user-distro] creating symlink for /usr/local/lib/docker/cli-plugins/docker-compose
[2024-07-14T17:05:57.856739660Z][docker-desktop-user-distro] creating symlink for /usr/local/lib/docker/cli-plugins/docker-debug
[2024-07-14T17:05:57.857252260Z][docker-desktop-user-distro] creating symlink for /usr/local/lib/docker/cli-plugins/docker-dev
[2024-07-14T17:05:57.857726960Z][docker-desktop-user-distro] creating symlink for /usr/local/lib/docker/cli-plugins/docker-extension
[2024-07-14T17:05:57.858243860Z][docker-desktop-user-distro] creating symlink for /usr/local/lib/docker/cli-plugins/docker-feedback
[2024-07-14T17:05:57.858715361Z][docker-desktop-user-distro] creating symlink for /usr/local/lib/docker/cli-plugins/docker-init
[2024-07-14T17:05:57.859343961Z][docker-desktop-user-distro] creating symlink for /usr/local/lib/docker/cli-plugins/docker-sbom
[2024-07-14T17:05:57.859840161Z][docker-desktop-user-distro] creating symlink for /usr/local/lib/docker/cli-plugins/docker-scout
[2024-07-14T17:05:57.909198466Z][docker-desktop-user-distro] creating symlink for /usr/share/bash-completion/completions/docker
[2024-07-14T17:05:57.917733066Z][docker-desktop-user-distro] creating symlink for /usr/share/fish/vendor_completions.d/docker.fish
[2024-07-14T17:05:57.933205768Z][docker-desktop-user-distro] creating symlink for /usr/share/zsh/vendor-completions/_docker
[2024-07-14T17:05:57.933702068Z][docker-desktop-user-distro] cli tools successfully installed
[2024-07-14T17:05:57.933763568Z][docker-desktop-user-distro] docker-desktop-user-distro proxy has started
[2024-07-14T17:05:59.202660496Z][docker-desktop-user-distro.ipc] (b10f167b-1) c50a2d99-cross-distro S<-C 273d9b6e-cross-distro-router GET /check
[2024-07-14T17:05:59.202797997Z][docker-desktop-user-distro.ipc] (b10f167b-1-1) 78e07595-CrossDistroService C->S WSL2DistroProxy GET /desktop-diagnostics/ping
[2024-07-14T17:05:59.203563997Z][docker-desktop-user-distro.apiproxy] Resuming VM, UserAgent: DockerDesktopGo , Path: /desktop-diagnostics/ping
[2024-07-14T17:05:59.203643997Z][docker-desktop-user-distro.ipc] (3f65d39d) d6951c5f-LinuxProxyCMD C->S BackendAPI POST /unpause
[2024-07-14T17:05:59.291645705Z][docker-desktop-user-distro.ipc] (3f65d39d) d6951c5f-LinuxProxyCMD C<-S e32c0131-BackendAPI POST /unpause (87.982608ms): OK
[2024-07-14T17:05:59.295335106Z][docker-desktop-user-distro.ipc] d6951c5f-LinuxProxyCMD /pause/state <-- 2024-07-14T18:05:59.287023505+01:00 (b242d584) pause resumed: Docker Desktop is running
[2024-07-14T17:05:59.295587906Z][docker-desktop-user-distro.ipc] (a0e49fa1) d6951c5f-LinuxProxyCMD C->S BackendAPI POST /idle/api-call-start: {"name":"/desktop-diagnostics/ping","userAgent":"DockerDesktopGo"}
[2024-07-14T17:05:59.322116309Z][docker-desktop-user-distro.ipc] (a0e49fa1) d6951c5f-LinuxProxyCMD C<-S e32c0131-BackendAPI POST /idle/api-call-start (26.611703ms): OK
[2024-07-14T17:05:59.322234909Z][docker-desktop-user-distro.ipc] (e7aada0d) d6951c5f-LinuxProxyCMD C->S BackendAPI POST /idle/api-call-stop: {"name":"/desktop-diagnostics/ping","userAgent":"DockerDesktopGo"}
[2024-07-14T17:05:59.411800718Z][docker-desktop-user-distro.ipc] (e7aada0d) d6951c5f-LinuxProxyCMD C<-S e32c0131-BackendAPI POST /idle/api-call-stop (83.970808ms): OK
[2024-07-14T17:05:59.412127218Z][docker-desktop-user-distro.ipc] (b10f167b-1-1) 78e07595-CrossDistroService C<-S UnknownServer GET /desktop-diagnostics/ping (209.333521ms): OK
[2024-07-14T17:05:59.412318218Z][docker-desktop-user-distro.ipc] (b10f167b-1) c50a2d99-cross-distro S->C 273d9b6e-cross-distro-router GET /check (209.666722ms): OK
[2024-07-14T17:06:27.653875214Z][docker-desktop-user-distro.ipc] (0d86858f) d6951c5f-LinuxProxyCMD C->S BackendAPI POST /idle/api-call-start: {"name":"/_ping","userAgent":"Docker-Client/26.1.4 (linux)"}
[2024-07-14T17:06:27.666318744Z][docker-desktop-user-distro.ipc] (0d86858f) d6951c5f-LinuxProxyCMD C<-S e32c0131-BackendAPI POST /idle/api-call-start (12.50603ms): OK
[2024-07-14T17:06:27.666449845Z][docker-desktop-user-distro.apiproxy] >> HEAD /_ping
[2024-07-14T17:06:27.672003203Z][docker-desktop-user-distro.apiproxy] << HEAD /_ping (5.548358ms)
[2024-07-14T17:06:27.672158204Z][docker-desktop-user-distro.ipc] (4c9a16a8) d6951c5f-LinuxProxyCMD C->S BackendAPI POST /idle/api-call-stop: {"name":"/_ping","userAgent":"Docker-Client/26.1.4 (linux)"}
[2024-07-14T17:06:27.684795536Z][docker-desktop-user-distro.ipc] (4c9a16a8) d6951c5f-LinuxProxyCMD C<-S e32c0131-BackendAPI POST /idle/api-call-stop (12.668732ms): OK
[2024-07-14T17:12:10.224610185Z][docker-desktop-user-distro.ipc] (bfd7e4bd) d6951c5f-LinuxProxyCMD C->S BackendAPI POST /idle/api-call-start: {"name":"/_ping","userAgent":"Docker-Client/26.1.4 (linux)"}
[2024-07-14T17:12:10.243198286Z][docker-desktop-user-distro.ipc] (bfd7e4bd) d6951c5f-LinuxProxyCMD C<-S e32c0131-BackendAPI POST /idle/api-call-start (24.547789ms): OK
[2024-07-14T17:12:10.243622207Z][docker-desktop-user-distro.apiproxy] >> HEAD /_ping
[2024-07-14T17:12:10.249573295Z][docker-desktop-user-distro.apiproxy] << HEAD /_ping (5.99789ms)
[2024-07-14T17:12:10.249983515Z][docker-desktop-user-distro.ipc] (05116ebe) d6951c5f-LinuxProxyCMD C->S BackendAPI POST /idle/api-call-stop: {"name":"/_ping","userAgent":"Docker-Client/26.1.4 (linux)"}
[2024-07-14T17:12:10.262028398Z][docker-desktop-user-distro.ipc] (05116ebe) d6951c5f-LinuxProxyCMD C<-S e32c0131-BackendAPI POST /idle/api-call-stop (11.616363ms): OK
[2024-07-14T17:12:50.529693418Z][docker-desktop-user-distro.ipc] (2c0cee61) d6951c5f-LinuxProxyCMD C->S BackendAPI POST /idle/api-call-start: {"name":"/_ping","userAgent":"Docker-Client/26.1.4 (linux)"}
[2024-07-14T17:12:50.538052256Z][docker-desktop-user-distro.ipc] (2c0cee61) d6951c5f-LinuxProxyCMD C<-S e32c0131-BackendAPI POST /idle/api-call-start (7.485603ms): OK
[2024-07-14T17:12:50.539422112Z][docker-desktop-user-distro.apiproxy] >> HEAD /_ping
[2024-07-14T17:12:50.549720628Z][docker-desktop-user-distro.apiproxy] << HEAD /_ping (10.297217ms)
[2024-07-14T17:12:50.549903636Z][docker-desktop-user-distro.ipc] (04246af1) d6951c5f-LinuxProxyCMD C->S BackendAPI POST /idle/api-call-stop: {"name":"/_ping","userAgent":"Docker-Client/26.1.4 (linux)"}
[2024-07-14T17:12:50.557282634Z][docker-desktop-user-distro.ipc] (04246af1) d6951c5f-LinuxProxyCMD C<-S e32c0131-BackendAPI POST /idle/api-call-stop (7.434201ms): OK
[2024-07-14T17:12:50.900253014Z][docker-desktop-user-distro.ipc] (2d11ad80) d6951c5f-LinuxProxyCMD C->S BackendAPI POST /idle/api-call-start: {"name":"/_ping","userAgent":"Go-http-client/1.1"}
[2024-07-14T17:12:50.905588130Z][docker-desktop-user-distro.ipc] (2d11ad80) d6951c5f-LinuxProxyCMD C<-S e32c0131-BackendAPI POST /idle/api-call-start (5.820436ms): OK
[2024-07-14T17:12:50.905687034Z][docker-desktop-user-distro.apiproxy] >> HEAD /_ping
[2024-07-14T17:12:50.908419444Z][docker-desktop-user-distro.apiproxy] << HEAD /_ping (2.727911ms)
[2024-07-14T17:12:50.908801560Z][docker-desktop-user-distro.ipc] (0c45d39f) d6951c5f-LinuxProxyCMD C->S BackendAPI POST /idle/api-call-stop: {"name":"/_ping","userAgent":"Go-http-client/1.1"}
[2024-07-14T17:12:50.915408527Z][docker-desktop-user-distro.ipc] (0c45d39f) d6951c5f-LinuxProxyCMD C<-S e32c0131-BackendAPI POST /idle/api-call-stop (6.622368ms): OK
[2024-07-14T17:12:50.927247806Z][docker-desktop-user-distro.ipc] (770f3d0e) d6951c5f-LinuxProxyCMD C->S BackendAPI POST /idle/on-timed-activity: {"duration":0,"name":"Go-http-client/1.1 /grpc"}
[2024-07-14T17:12:50.942114108Z][docker-desktop-user-distro.ipc][W] (770f3d0e) d6951c5f-LinuxProxyCMD C<-S e32c0131-BackendAPI POST /idle/on-timed-activity (27.122098ms): status code not OK but 404: {"message":"Not Found"}
{"message":"code=404, message=Not Found"}
[2024-07-14T17:12:50.942990643Z][docker-desktop-user-distro.apiproxy][W] OnTimedActivity: status code not OK but 404: {"message":"Not Found"}
{"message":"code=404, message=Not Found"}
[2024-07-14T17:12:50.943260854Z][docker-desktop-user-distro.apiproxy] >> POST /grpc
[2024-07-14T17:12:50.954574712Z][docker-desktop-user-distro.apiproxy][W] Error forwarding raw stream from dockerd: write unix /var/run/docker.sock->@: write: broken pipe
[2024-07-14T17:12:50.955808962Z][docker-desktop-user-distro.apiproxy] << POST /grpc (12.540607ms)
[2024-07-14T17:12:50.960265442Z][docker-desktop-user-distro.ipc] (3b9596e3) d6951c5f-LinuxProxyCMD C->S BackendAPI POST /idle/api-call-start: {"name":"/_ping","userAgent":"Docker-Client/unknown-version (linux)"}
[2024-07-14T17:12:50.965837268Z][docker-desktop-user-distro.ipc] (3b9596e3) d6951c5f-LinuxProxyCMD C<-S e32c0131-BackendAPI POST /idle/api-call-start (5.606727ms): OK
[2024-07-14T17:12:50.965954673Z][docker-desktop-user-distro.apiproxy] >> HEAD /_ping
[2024-07-14T17:12:50.967435233Z][docker-desktop-user-distro.apiproxy] << HEAD /_ping (1.47626ms)
[2024-07-14T17:12:50.967638941Z][docker-desktop-user-distro.ipc] (d23a6353) d6951c5f-LinuxProxyCMD C->S BackendAPI POST /idle/api-call-stop: {"name":"/_ping","userAgent":"Docker-Client/unknown-version (linux)"}
[2024-07-14T17:12:50.986034185Z][docker-desktop-user-distro.ipc] (d23a6353) d6951c5f-LinuxProxyCMD C<-S e32c0131-BackendAPI POST /idle/api-call-stop (18.446947ms): OK
[2024-07-14T17:12:51.090869828Z][docker-desktop-user-distro.ipc] (47056f60) d6951c5f-LinuxProxyCMD C->S BackendAPI POST /idle/api-call-start: {"name":"/_ping","userAgent":"Go-http-client/1.1"}
[2024-07-14T17:12:51.094451073Z][docker-desktop-user-distro.ipc] (47056f60) d6951c5f-LinuxProxyCMD C<-S e32c0131-BackendAPI POST /idle/api-call-start (3.782453ms): OK
[2024-07-14T17:12:51.094545777Z][docker-desktop-user-distro.apiproxy] >> HEAD /_ping
[2024-07-14T17:12:51.097651502Z][docker-desktop-user-distro.apiproxy] << HEAD /_ping (3.099926ms)
[2024-07-14T17:12:51.097867311Z][docker-desktop-user-distro.ipc] (046b9c5e) d6951c5f-LinuxProxyCMD C->S BackendAPI POST /idle/api-call-stop: {"name":"/_ping","userAgent":"Go-http-client/1.1"}
[2024-07-14T17:12:51.100349411Z][docker-desktop-user-distro.ipc] (33c4183c) d6951c5f-LinuxProxyCMD C->S BackendAPI POST /idle/on-timed-activity: {"duration":0,"name":"Go-http-client/1.1 /grpc"}
[2024-07-14T17:12:51.101860773Z][docker-desktop-user-distro.ipc] (046b9c5e) d6951c5f-LinuxProxyCMD C<-S e32c0131-BackendAPI POST /idle/api-call-stop (4.032363ms): OK
[2024-07-14T17:12:51.104354873Z][docker-desktop-user-distro.ipc][W] (33c4183c) d6951c5f-LinuxProxyCMD C<-S e32c0131-BackendAPI POST /idle/on-timed-activity (4.061465ms): status code not OK but 404: {"message":"Not Found"}
{"message":"code=404, message=Not Found"}
[2024-07-14T17:12:51.104496279Z][docker-desktop-user-distro.apiproxy][W] OnTimedActivity: status code not OK but 404: {"message":"Not Found"}
{"message":"code=404, message=Not Found"}
[2024-07-14T17:12:51.104784391Z][docker-desktop-user-distro.apiproxy] >> POST /grpc
[2024-07-14T17:12:51.108874056Z][docker-desktop-user-distro.apiproxy] << POST /grpc (4.083265ms)
[2024-07-14T17:12:51.135877049Z][docker-desktop-user-distro.ipc] (708fd9a1) d6951c5f-LinuxProxyCMD C->S BackendAPI POST /idle/api-call-start: {"name":"/_ping","userAgent":"Go-http-client/1.1"}
[2024-07-14T17:12:51.138920672Z][docker-desktop-user-distro.ipc] (708fd9a1) d6951c5f-LinuxProxyCMD C<-S e32c0131-BackendAPI POST /idle/api-call-start (3.234731ms): OK
[2024-07-14T17:12:51.138993875Z][docker-desktop-user-distro.apiproxy] >> HEAD /_ping
[2024-07-14T17:12:51.141086360Z][docker-desktop-user-distro.apiproxy] << HEAD /_ping (2.084284ms)
[2024-07-14T17:12:51.141298969Z][docker-desktop-user-distro.ipc] (1d50a162) d6951c5f-LinuxProxyCMD C->S BackendAPI POST /idle/api-call-stop: {"name":"/_ping","userAgent":"Go-http-client/1.1"}
[2024-07-14T17:12:51.146851693Z][docker-desktop-user-distro.ipc] (1d50a162) d6951c5f-LinuxProxyCMD C<-S e32c0131-BackendAPI POST /idle/api-call-stop (5.589227ms): OK
[2024-07-14T17:12:51.147653626Z][docker-desktop-user-distro.ipc] (b9feb45f) d6951c5f-LinuxProxyCMD C->S BackendAPI POST /idle/api-call-start: {"name":"/v1.45/version","userAgent":"Go-http-client/1.1"}
[2024-07-14T17:12:51.150574644Z][docker-desktop-user-distro.ipc] (b9feb45f) d6951c5f-LinuxProxyCMD C<-S e32c0131-BackendAPI POST /idle/api-call-start (2.961619ms): OK
[2024-07-14T17:12:51.151108065Z][docker-desktop-user-distro.apiproxy] >> GET /v1.45/version
[2024-07-14T17:12:51.236136590Z][docker-desktop-user-distro.apiproxy] << GET /v1.45/version (86.858914ms)
[2024-07-14T17:12:51.236311197Z][docker-desktop-user-distro.ipc] (7b847162) d6951c5f-LinuxProxyCMD C->S BackendAPI POST /idle/api-call-stop: {"name":"/v1.45/version","userAgent":"Go-http-client/1.1"}
[2024-07-14T17:12:51.239481325Z][docker-desktop-user-distro.ipc] (7b847162) d6951c5f-LinuxProxyCMD C<-S e32c0131-BackendAPI POST /idle/api-call-stop (3.167528ms): OK
[2024-07-14T17:12:51.256362108Z][docker-desktop-user-distro.ipc] (5d50da99) d6951c5f-LinuxProxyCMD C->S BackendAPI POST /idle/on-timed-activity: {"duration":0,"name":"Go-http-client/1.1 /grpc"}
[2024-07-14T17:12:51.259978855Z][docker-desktop-user-distro.ipc][W] (5d50da99) d6951c5f-LinuxProxyCMD C<-S e32c0131-BackendAPI POST /idle/on-timed-activity (3.689949ms): status code not OK but 404: {"message":"Not Found"}
{"message":"code=404, message=Not Found"}
[2024-07-14T17:12:51.260860090Z][docker-desktop-user-distro.apiproxy][W] OnTimedActivity: status code not OK but 404: {"message":"Not Found"}
{"message":"code=404, message=Not Found"}
[2024-07-14T17:12:51.260963994Z][docker-desktop-user-distro.apiproxy] >> POST /grpc
[2024-07-14T17:12:51.367257896Z][docker-desktop-user-distro.ipc] (42c54014) d6951c5f-LinuxProxyCMD C->S BackendAPI POST /idle/api-call-start: {"name":"/session","userAgent":"Go-http-client/1.1"}
[2024-07-14T17:12:51.373460947Z][docker-desktop-user-distro.ipc] (42c54014) d6951c5f-LinuxProxyCMD C<-S e32c0131-BackendAPI POST /idle/api-call-start (6.697371ms): OK
[2024-07-14T17:12:51.373533650Z][docker-desktop-user-distro.apiproxy] >> POST /session
[2024-07-14T17:12:51.411721595Z][docker-desktop-user-distro.apiproxy] << POST /session (38.182245ms)
[2024-07-14T17:12:51.411882602Z][docker-desktop-user-distro.ipc] (e18998ee) d6951c5f-LinuxProxyCMD C->S BackendAPI POST /idle/api-call-stop: {"name":"/session","userAgent":"Go-http-client/1.1"}
[2024-07-14T17:12:51.417825442Z][docker-desktop-user-distro.ipc] (e18998ee) d6951c5f-LinuxProxyCMD C<-S e32c0131-BackendAPI POST /idle/api-call-stop (5.973442ms): OK
[2024-07-14T17:12:51.468982613Z][docker-desktop-user-distro.ipc] (31750e6f) d6951c5f-LinuxProxyCMD C->S BackendAPI POST /idle/on-timed-activity: {"duration":0,"name":"Go-http-client/1.1 /grpc"}
[2024-07-14T17:12:51.476023598Z][docker-desktop-user-distro.ipc][W] (31750e6f) d6951c5f-LinuxProxyCMD C<-S e32c0131-BackendAPI POST /idle/on-timed-activity (7.067786ms): status code not OK but 404: {"message":"Not Found"}
{"message":"code=404, message=Not Found"}
[2024-07-14T17:12:51.480235868Z][docker-desktop-user-distro.apiproxy][W] OnTimedActivity: status code not OK but 404: {"message":"Not Found"}
{"message":"code=404, message=Not Found"}
[2024-07-14T17:12:51.480324172Z][docker-desktop-user-distro.apiproxy] >> POST /grpc
[2024-07-14T17:12:51.561586760Z][docker-desktop-user-distro.apiproxy] << POST /grpc (81.247688ms)
[2024-07-14T17:12:51.638254963Z][docker-desktop-user-distro.ipc] (4530cc11) d6951c5f-LinuxProxyCMD C->S BackendAPI POST /idle/api-call-start: {"name":"/session","userAgent":"Go-http-client/1.1"}
[2024-07-14T17:12:51.642427832Z][docker-desktop-user-distro.ipc] (4530cc11) d6951c5f-LinuxProxyCMD C<-S e32c0131-BackendAPI POST /idle/api-call-start (4.214071ms): OK
[2024-07-14T17:12:51.642496834Z][docker-desktop-user-distro.apiproxy] >> POST /session
[2024-07-14T17:13:34.744492762Z][docker-desktop-user-distro.apiproxy] << POST /session (43.106954809s)
[2024-07-14T17:13:34.744737877Z][docker-desktop-user-distro.ipc] (1c7dc2fe) d6951c5f-LinuxProxyCMD C->S BackendAPI POST /idle/api-call-stop: {"name":"/session","userAgent":"Go-http-client/1.1"}
[2024-07-14T17:13:34.753082290Z][docker-desktop-user-distro.apiproxy] << POST /grpc (43.497090578s)
[2024-07-14T17:13:34.763918156Z][docker-desktop-user-distro.ipc] (1c7dc2fe) d6951c5f-LinuxProxyCMD C<-S e32c0131-BackendAPI POST /idle/api-call-stop (19.235583ms): OK
[2024-07-14T17:14:19.918579783Z][docker-desktop-user-distro.ipc] (387e5e6f) d6951c5f-LinuxProxyCMD C->S BackendAPI POST /idle/api-call-start: {"name":"/_ping","userAgent":"Docker-Client/26.1.4 (linux)"}
[2024-07-14T17:14:19.927638068Z][docker-desktop-user-distro.ipc] (387e5e6f) d6951c5f-LinuxProxyCMD C<-S e32c0131-BackendAPI POST /idle/api-call-start (9.054485ms): OK
[2024-07-14T17:14:19.927765976Z][docker-desktop-user-distro.apiproxy] >> HEAD /_ping
[2024-07-14T17:14:19.929647498Z][docker-desktop-user-distro.apiproxy] << HEAD /_ping (1.873121ms)
[2024-07-14T17:14:19.929863112Z][docker-desktop-user-distro.ipc] (437657da) d6951c5f-LinuxProxyCMD C->S BackendAPI POST /idle/api-call-stop: {"name":"/_ping","userAgent":"Docker-Client/26.1.4 (linux)"}
[2024-07-14T17:14:19.947323141Z][docker-desktop-user-distro.ipc] (437657da) d6951c5f-LinuxProxyCMD C<-S e32c0131-BackendAPI POST /idle/api-call-stop (17.494931ms): OK
[2024-07-14T17:14:20.082788597Z][docker-desktop-user-distro.ipc] (e08e6036) d6951c5f-LinuxProxyCMD C->S BackendAPI POST /idle/api-call-start: {"name":"/_ping","userAgent":"Go-http-client/1.1"}
[2024-07-14T17:14:20.086199918Z][docker-desktop-user-distro.ipc] (e08e6036) d6951c5f-LinuxProxyCMD C<-S e32c0131-BackendAPI POST /idle/api-call-start (3.432622ms): OK
[2024-07-14T17:14:20.086274023Z][docker-desktop-user-distro.apiproxy] >> HEAD /_ping
[2024-07-14T17:14:20.087557006Z][docker-desktop-user-distro.apiproxy] << HEAD /_ping (1.275583ms)
[2024-07-14T17:14:20.087737717Z][docker-desktop-user-distro.ipc] (23092384) d6951c5f-LinuxProxyCMD C->S BackendAPI POST /idle/api-call-stop: {"name":"/_ping","userAgent":"Go-http-client/1.1"}
[2024-07-14T17:14:20.088552870Z][docker-desktop-user-distro.ipc] (83dfd9b6) d6951c5f-LinuxProxyCMD C->S BackendAPI POST /idle/on-timed-activity: {"duration":0,"name":"Go-http-client/1.1 /grpc"}
[2024-07-14T17:14:20.091463858Z][docker-desktop-user-distro.ipc][W] (83dfd9b6) d6951c5f-LinuxProxyCMD C<-S e32c0131-BackendAPI POST /idle/on-timed-activity (2.957091ms): status code not OK but 404: {"message":"Not Found"}
{"message":"code=404, message=Not Found"}
[2024-07-14T17:14:20.091486960Z][docker-desktop-user-distro.ipc] (23092384) d6951c5f-LinuxProxyCMD C<-S e32c0131-BackendAPI POST /idle/api-call-stop (3.810146ms): OK
[2024-07-14T17:14:20.092008593Z][docker-desktop-user-distro.apiproxy][W] OnTimedActivity: status code not OK but 404: {"message":"Not Found"}
{"message":"code=404, message=Not Found"}
[2024-07-14T17:14:20.092074998Z][docker-desktop-user-distro.apiproxy] >> POST /grpc
[2024-07-14T17:14:20.094210236Z][docker-desktop-user-distro.apiproxy] << POST /grpc (2.124338ms)
[2024-07-14T17:14:20.095035689Z][docker-desktop-user-distro.ipc] (3889ea61) d6951c5f-LinuxProxyCMD C->S BackendAPI POST /idle/api-call-start: {"name":"/_ping","userAgent":"Docker-Client/unknown-version (linux)"}
[2024-07-14T17:14:20.097365040Z][docker-desktop-user-distro.ipc] (3889ea61) d6951c5f-LinuxProxyCMD C<-S e32c0131-BackendAPI POST /idle/api-call-start (2.345452ms): OK
[2024-07-14T17:14:20.097433544Z][docker-desktop-user-distro.apiproxy] >> HEAD /_ping
[2024-07-14T17:14:20.099352868Z][docker-desktop-user-distro.apiproxy] << HEAD /_ping (1.910623ms)
[2024-07-14T17:14:20.099792497Z][docker-desktop-user-distro.ipc] (7d3e7643) d6951c5f-LinuxProxyCMD C->S BackendAPI POST /idle/api-call-stop: {"name":"/_ping","userAgent":"Docker-Client/unknown-version (linux)"}
[2024-07-14T17:14:20.102304359Z][docker-desktop-user-distro.ipc] (7d3e7643) d6951c5f-LinuxProxyCMD C<-S e32c0131-BackendAPI POST /idle/api-call-stop (2.671173ms): OK
[2024-07-14T17:14:20.165246228Z][docker-desktop-user-distro.ipc] (64ca2fa5) d6951c5f-LinuxProxyCMD C->S BackendAPI POST /idle/api-call-start: {"name":"/_ping","userAgent":"Go-http-client/1.1"}
[2024-07-14T17:14:20.168197618Z][docker-desktop-user-distro.ipc] (64ca2fa5) d6951c5f-LinuxProxyCMD C<-S e32c0131-BackendAPI POST /idle/api-call-start (3.001394ms): OK
[2024-07-14T17:14:20.168301225Z][docker-desktop-user-distro.apiproxy] >> HEAD /_ping
[2024-07-14T17:14:20.170028037Z][docker-desktop-user-distro.apiproxy] << HEAD /_ping (1.748313ms)
[2024-07-14T17:14:20.170217849Z][docker-desktop-user-distro.ipc] (ccdcbcfa) d6951c5f-LinuxProxyCMD C->S BackendAPI POST /idle/api-call-stop: {"name":"/_ping","userAgent":"Go-http-client/1.1"}
[2024-07-14T17:14:20.170746483Z][docker-desktop-user-distro.ipc] (d255949d) d6951c5f-LinuxProxyCMD C->S BackendAPI POST /idle/on-timed-activity: {"duration":0,"name":"Go-http-client/1.1 /grpc"}
[2024-07-14T17:14:20.173669772Z][docker-desktop-user-distro.ipc][W] (d255949d) d6951c5f-LinuxProxyCMD C<-S e32c0131-BackendAPI POST /idle/on-timed-activity (2.953891ms): status code not OK but 404: {"message":"Not Found"}
{"message":"code=404, message=Not Found"}
[2024-07-14T17:14:20.173705575Z][docker-desktop-user-distro.ipc] (ccdcbcfa) d6951c5f-LinuxProxyCMD C<-S e32c0131-BackendAPI POST /idle/api-call-stop (3.535028ms): OK
[2024-07-14T17:14:20.173733176Z][docker-desktop-user-distro.apiproxy][W] OnTimedActivity: status code not OK but 404: {"message":"Not Found"}
{"message":"code=404, message=Not Found"}
[2024-07-14T17:14:20.173882086Z][docker-desktop-user-distro.apiproxy] >> POST /grpc
[2024-07-14T17:14:20.176972286Z][docker-desktop-user-distro.apiproxy] << POST /grpc (2.976793ms)
[2024-07-14T17:14:20.197100387Z][docker-desktop-user-distro.ipc] (6d2fb0a8) d6951c5f-LinuxProxyCMD C->S BackendAPI POST /idle/api-call-start: {"name":"/_ping","userAgent":"Go-http-client/1.1"}
[2024-07-14T17:14:20.199442738Z][docker-desktop-user-distro.ipc] (6d2fb0a8) d6951c5f-LinuxProxyCMD C<-S e32c0131-BackendAPI POST /idle/api-call-start (2.444258ms): OK
[2024-07-14T17:14:20.199564346Z][docker-desktop-user-distro.apiproxy] >> HEAD /_ping
[2024-07-14T17:14:20.201231554Z][docker-desktop-user-distro.apiproxy] << HEAD /_ping (1.660707ms)
[2024-07-14T17:14:20.201629480Z][docker-desktop-user-distro.ipc] (ce6705c4) d6951c5f-LinuxProxyCMD C->S BackendAPI POST /idle/api-call-stop: {"name":"/_ping","userAgent":"Go-http-client/1.1"}
[2024-07-14T17:14:20.204355456Z][docker-desktop-user-distro.ipc] (ce6705c4) d6951c5f-LinuxProxyCMD C<-S e32c0131-BackendAPI POST /idle/api-call-stop (2.705375ms): OK
[2024-07-14T17:14:20.204696978Z][docker-desktop-user-distro.ipc] (517782a6) d6951c5f-LinuxProxyCMD C->S BackendAPI POST /idle/api-call-start: {"name":"/v1.45/version","userAgent":"Go-http-client/1.1"}
[2024-07-14T17:14:20.207969289Z][docker-desktop-user-distro.ipc] (517782a6) d6951c5f-LinuxProxyCMD C<-S e32c0131-BackendAPI POST /idle/api-call-start (3.301713ms): OK
[2024-07-14T17:14:20.208082397Z][docker-desktop-user-distro.apiproxy] >> GET /v1.45/version
[2024-07-14T17:14:20.222183508Z][docker-desktop-user-distro.apiproxy] << GET /v1.45/version (14.102512ms)
[2024-07-14T17:14:20.222371520Z][docker-desktop-user-distro.ipc] (243e4313) d6951c5f-LinuxProxyCMD C->S BackendAPI POST /idle/api-call-stop: {"name":"/v1.45/version","userAgent":"Go-http-client/1.1"}
[2024-07-14T17:14:20.228235399Z][docker-desktop-user-distro.ipc] (243e4313) d6951c5f-LinuxProxyCMD C<-S e32c0131-BackendAPI POST /idle/api-call-stop (5.887181ms): OK
[2024-07-14T17:14:20.230303833Z][docker-desktop-user-distro.ipc] (68d2d034) d6951c5f-LinuxProxyCMD C->S BackendAPI POST /idle/on-timed-activity: {"duration":0,"name":"Go-http-client/1.1 /grpc"}
[2024-07-14T17:14:20.232182555Z][docker-desktop-user-distro.ipc][W] (68d2d034) d6951c5f-LinuxProxyCMD C<-S e32c0131-BackendAPI POST /idle/on-timed-activity (1.878121ms): status code not OK but 404: {"message":"Not Found"}
{"message":"code=404, message=Not Found"}
[2024-07-14T17:14:20.232563079Z][docker-desktop-user-distro.apiproxy][W] OnTimedActivity: status code not OK but 404: {"message":"Not Found"}
{"message":"code=404, message=Not Found"}
[2024-07-14T17:14:20.232654285Z][docker-desktop-user-distro.apiproxy] >> POST /grpc
[2024-07-14T17:14:20.283806992Z][docker-desktop-user-distro.ipc] (ae12ccf9) d6951c5f-LinuxProxyCMD C->S BackendAPI POST /idle/api-call-start: {"name":"/session","userAgent":"Go-http-client/1.1"}
[2024-07-14T17:14:20.288714809Z][docker-desktop-user-distro.ipc] (ae12ccf9) d6951c5f-LinuxProxyCMD C<-S e32c0131-BackendAPI POST /idle/api-call-start (4.964021ms): OK
[2024-07-14T17:14:20.288811415Z][docker-desktop-user-distro.apiproxy] >> POST /session
[2024-07-14T17:14:20.298455139Z][docker-desktop-user-distro.apiproxy][W] Error forwarding raw stream from dockerd: write unix /var/run/docker.sock->@: write: broken pipe
[2024-07-14T17:14:20.299343896Z][docker-desktop-user-distro.apiproxy] << POST /session (10.554082ms)
[2024-07-14T17:14:20.299519307Z][docker-desktop-user-distro.ipc] (60f45024) d6951c5f-LinuxProxyCMD C->S BackendAPI POST /idle/api-call-stop: {"name":"/session","userAgent":"Go-http-client/1.1"}
[2024-07-14T17:14:20.304227512Z][docker-desktop-user-distro.ipc] (60f45024) d6951c5f-LinuxProxyCMD C<-S e32c0131-BackendAPI POST /idle/api-call-stop (4.777909ms): OK
[2024-07-14T17:14:20.322202274Z][docker-desktop-user-distro.ipc] (632c955b) d6951c5f-LinuxProxyCMD C->S BackendAPI POST /idle/on-timed-activity: {"duration":0,"name":"Go-http-client/1.1 /grpc"}
[2024-07-14T17:14:20.324524524Z][docker-desktop-user-distro.ipc][W] (632c955b) d6951c5f-LinuxProxyCMD C<-S e32c0131-BackendAPI POST /idle/on-timed-activity (2.338751ms): status code not OK but 404: {"message":"Not Found"}
{"message":"code=404, message=Not Found"}
[2024-07-14T17:14:20.324617530Z][docker-desktop-user-distro.apiproxy][W] OnTimedActivity: status code not OK but 404: {"message":"Not Found"}
{"message":"code=404, message=Not Found"}
[2024-07-14T17:14:20.324684634Z][docker-desktop-user-distro.apiproxy] >> POST /grpc
[2024-07-14T17:14:20.375474217Z][docker-desktop-user-distro.apiproxy] << POST /grpc (50.779082ms)
[2024-07-14T17:14:20.423224804Z][docker-desktop-user-distro.ipc] (9d7047c6) d6951c5f-LinuxProxyCMD C->S BackendAPI POST /idle/api-call-start: {"name":"/session","userAgent":"Go-http-client/1.1"}
[2024-07-14T17:14:20.430680586Z][docker-desktop-user-distro.ipc] (9d7047c6) d6951c5f-LinuxProxyCMD C<-S e32c0131-BackendAPI POST /idle/api-call-start (7.488184ms): OK
[2024-07-14T17:14:20.430751791Z][docker-desktop-user-distro.apiproxy] >> POST /session
[2024-07-14T17:14:21.701634381Z][docker-desktop-user-distro.apiproxy] << POST /session (1.273576322s)
[2024-07-14T17:14:21.701856497Z][docker-desktop-user-distro.ipc] (ea0d7a66) d6951c5f-LinuxProxyCMD C->S BackendAPI POST /idle/api-call-stop: {"name":"/session","userAgent":"Go-http-client/1.1"}
[2024-07-14T17:14:21.711133459Z][docker-desktop-user-distro.ipc] (ea0d7a66) d6951c5f-LinuxProxyCMD C<-S e32c0131-BackendAPI POST /idle/api-call-stop (9.326665ms): OK
[2024-07-14T17:14:21.711628094Z][docker-desktop-user-distro.apiproxy] << POST /grpc (1.48165964s)
[2024-07-14T17:15:12.761737685Z][docker-desktop-user-distro.ipc] (20e1e9a6) d6951c5f-LinuxProxyCMD C->S BackendAPI POST /idle/api-call-start: {"name":"/_ping","userAgent":"Docker-Client/26.1.4 (linux)"}
[2024-07-14T17:15:12.764688249Z][docker-desktop-user-distro.ipc] (20e1e9a6) d6951c5f-LinuxProxyCMD C<-S e32c0131-BackendAPI POST /idle/api-call-start (2.992369ms): OK
[2024-07-14T17:15:12.764763256Z][docker-desktop-user-distro.apiproxy] >> HEAD /_ping
[2024-07-14T17:15:12.772536153Z][docker-desktop-user-distro.apiproxy] << HEAD /_ping (7.766396ms)
[2024-07-14T17:15:12.775756742Z][docker-desktop-user-distro.ipc] (d6c42054) d6951c5f-LinuxProxyCMD C->S BackendAPI POST /idle/api-call-stop: {"name":"/_ping","userAgent":"Docker-Client/26.1.4 (linux)"}
[2024-07-14T17:15:12.787792522Z][docker-desktop-user-distro.ipc] (d6c42054) d6951c5f-LinuxProxyCMD C<-S e32c0131-BackendAPI POST /idle/api-call-stop (12.080284ms): OK
[2024-07-14T17:15:12.907842691Z][docker-desktop-user-distro.ipc] (fa923d5a) d6951c5f-LinuxProxyCMD C->S BackendAPI POST /idle/api-call-start: {"name":"/_ping","userAgent":"Go-http-client/1.1"}
[2024-07-14T17:15:12.909960181Z][docker-desktop-user-distro.ipc] (fa923d5a) d6951c5f-LinuxProxyCMD C<-S e32c0131-BackendAPI POST /idle/api-call-start (2.150593ms): OK
[2024-07-14T17:15:12.910032487Z][docker-desktop-user-distro.apiproxy] >> HEAD /_ping
[2024-07-14T17:15:12.911863251Z][docker-desktop-user-distro.apiproxy] << HEAD /_ping (1.822863ms)
[2024-07-14T17:15:12.912127075Z][docker-desktop-user-distro.ipc] (be79c574) d6951c5f-LinuxProxyCMD C->S BackendAPI POST /idle/api-call-stop: {"name":"/_ping","userAgent":"Go-http-client/1.1"}
[2024-07-14T17:15:12.912973351Z][docker-desktop-user-distro.ipc] (6e8e6016) d6951c5f-LinuxProxyCMD C->S BackendAPI POST /idle/on-timed-activity: {"duration":0,"name":"Go-http-client/1.1 /grpc"}
[2024-07-14T17:15:12.915356865Z][docker-desktop-user-distro.ipc] (be79c574) d6951c5f-LinuxProxyCMD C<-S e32c0131-BackendAPI POST /idle/api-call-stop (3.271894ms): OK
[2024-07-14T17:15:12.915363265Z][docker-desktop-user-distro.ipc][W] (6e8e6016) d6951c5f-LinuxProxyCMD C<-S e32c0131-BackendAPI POST /idle/on-timed-activity (2.417017ms): status code not OK but 404: {"message":"Not Found"}
{"message":"code=404, message=Not Found"}
[2024-07-14T17:15:12.915598086Z][docker-desktop-user-distro.apiproxy][W] OnTimedActivity: status code not OK but 404: {"message":"Not Found"}
{"message":"code=404, message=Not Found"}
[2024-07-14T17:15:12.915630189Z][docker-desktop-user-distro.apiproxy] >> POST /grpc
[2024-07-14T17:15:12.919041895Z][docker-desktop-user-distro.apiproxy][W] Error forwarding raw stream to dockerd: read unix /var/run/docker.sock->@: read: connection reset by peer
[2024-07-14T17:15:12.919442831Z][docker-desktop-user-distro.ipc] (f5329311) d6951c5f-LinuxProxyCMD C->S BackendAPI POST /idle/api-call-start: {"name":"/_ping","userAgent":"Docker-Client/unknown-version (linux)"}
[2024-07-14T17:15:12.920037385Z][docker-desktop-user-distro.apiproxy] << POST /grpc (4.400394ms)
[2024-07-14T17:15:12.923078457Z][docker-desktop-user-distro.ipc] (f5329311) d6951c5f-LinuxProxyCMD C<-S e32c0131-BackendAPI POST /idle/api-call-start (3.666129ms): OK
[2024-07-14T17:15:12.923190167Z][docker-desktop-user-distro.apiproxy] >> HEAD /_ping
[2024-07-14T17:15:12.924992229Z][docker-desktop-user-distro.apiproxy] << HEAD /_ping (1.801061ms)
[2024-07-14T17:15:12.925199648Z][docker-desktop-user-distro.ipc] (f803f8d3) d6951c5f-LinuxProxyCMD C->S BackendAPI POST /idle/api-call-stop: {"name":"/_ping","userAgent":"Docker-Client/unknown-version (linux)"}
[2024-07-14T17:15:12.928691261Z][docker-desktop-user-distro.ipc] (f803f8d3) d6951c5f-LinuxProxyCMD C<-S e32c0131-BackendAPI POST /idle/api-call-stop (3.513915ms): OK
[2024-07-14T17:15:12.995041113Z][docker-desktop-user-distro.ipc] (292d7c60) d6951c5f-LinuxProxyCMD C->S BackendAPI POST /idle/api-call-start: {"name":"/_ping","userAgent":"Go-http-client/1.1"}
[2024-07-14T17:15:12.997192306Z][docker-desktop-user-distro.ipc] (292d7c60) d6951c5f-LinuxProxyCMD C<-S e32c0131-BackendAPI POST /idle/api-call-start (2.181196ms): OK
[2024-07-14T17:15:12.997331718Z][docker-desktop-user-distro.apiproxy] >> HEAD /_ping
[2024-07-14T17:15:12.998822952Z][docker-desktop-user-distro.apiproxy] << HEAD /_ping (1.486934ms)
[2024-07-14T17:15:12.998952664Z][docker-desktop-user-distro.ipc] (bec7c241) d6951c5f-LinuxProxyCMD C->S BackendAPI POST /idle/api-call-stop: {"name":"/_ping","userAgent":"Go-http-client/1.1"}
[2024-07-14T17:15:12.999490812Z][docker-desktop-user-distro.ipc] (a8804f12) d6951c5f-LinuxProxyCMD C->S BackendAPI POST /idle/on-timed-activity: {"duration":0,"name":"Go-http-client/1.1 /grpc"}
[2024-07-14T17:15:13.002029040Z][docker-desktop-user-distro.ipc][W] (a8804f12) d6951c5f-LinuxProxyCMD C<-S e32c0131-BackendAPI POST /idle/on-timed-activity (2.57193ms): status code not OK but 404: {"message":"Not Found"}
{"message":"code=404, message=Not Found"}
[2024-07-14T17:15:13.002091945Z][docker-desktop-user-distro.apiproxy][W] OnTimedActivity: status code not OK but 404: {"message":"Not Found"}
{"message":"code=404, message=Not Found"}
[2024-07-14T17:15:13.002118948Z][docker-desktop-user-distro.apiproxy] >> POST /grpc
[2024-07-14T17:15:13.002138049Z][docker-desktop-user-distro.ipc] (bec7c241) d6951c5f-LinuxProxyCMD C<-S e32c0131-BackendAPI POST /idle/api-call-stop (3.207988ms): OK
[2024-07-14T17:15:13.004472259Z][docker-desktop-user-distro.apiproxy][W] Error forwarding raw stream from dockerd: write unix /var/run/docker.sock->@: write: broken pipe
[2024-07-14T17:15:13.004683078Z][docker-desktop-user-distro.apiproxy] << POST /grpc (2.55933ms)
[2024-07-14T17:15:13.021240663Z][docker-desktop-user-distro.ipc] (41ca52d6) d6951c5f-LinuxProxyCMD C->S BackendAPI POST /idle/api-call-start: {"name":"/_ping","userAgent":"Go-http-client/1.1"}
[2024-07-14T17:15:13.023458162Z][docker-desktop-user-distro.ipc] (41ca52d6) d6951c5f-LinuxProxyCMD C<-S e32c0131-BackendAPI POST /idle/api-call-start (2.2361ms): OK
[2024-07-14T17:15:13.023608675Z][docker-desktop-user-distro.apiproxy] >> HEAD /_ping
[2024-07-14T17:15:13.025265724Z][docker-desktop-user-distro.apiproxy] << HEAD /_ping (1.653748ms)
[2024-07-14T17:15:13.025395636Z][docker-desktop-user-distro.ipc] (b80144d0) d6951c5f-LinuxProxyCMD C->S BackendAPI POST /idle/api-call-stop: {"name":"/_ping","userAgent":"Go-http-client/1.1"}
[2024-07-14T17:15:13.027735846Z][docker-desktop-user-distro.ipc] (b80144d0) d6951c5f-LinuxProxyCMD C<-S e32c0131-BackendAPI POST /idle/api-call-stop (2.368712ms): OK
[2024-07-14T17:15:13.027989168Z][docker-desktop-user-distro.ipc] (6c77544a) d6951c5f-LinuxProxyCMD C->S BackendAPI POST /idle/api-call-start: {"name":"/v1.45/version","userAgent":"Go-http-client/1.1"}
[2024-07-14T17:15:13.032306256Z][docker-desktop-user-distro.ipc] (6c77544a) d6951c5f-LinuxProxyCMD C<-S e32c0131-BackendAPI POST /idle/api-call-start (4.319588ms): OK
[2024-07-14T17:15:13.032439467Z][docker-desktop-user-distro.apiproxy] >> GET /v1.45/version
[2024-07-14T17:15:13.045875673Z][docker-desktop-user-distro.apiproxy] << GET /v1.45/version (13.431105ms)
[2024-07-14T17:15:13.046060889Z][docker-desktop-user-distro.ipc] (cd86f71e) d6951c5f-LinuxProxyCMD C->S BackendAPI POST /idle/api-call-stop: {"name":"/v1.45/version","userAgent":"Go-http-client/1.1"}
[2024-07-14T17:15:13.048557013Z][docker-desktop-user-distro.ipc] (cd86f71e) d6951c5f-LinuxProxyCMD C<-S e32c0131-BackendAPI POST /idle/api-call-stop (2.511926ms): OK
[2024-07-14T17:15:13.050624999Z][docker-desktop-user-distro.ipc] (bc6629fb) d6951c5f-LinuxProxyCMD C->S BackendAPI POST /idle/on-timed-activity: {"duration":0,"name":"Go-http-client/1.1 /grpc"}
[2024-07-14T17:15:13.052634679Z][docker-desktop-user-distro.ipc][W] (bc6629fb) d6951c5f-LinuxProxyCMD C<-S e32c0131-BackendAPI POST /idle/on-timed-activity (2.093687ms): status code not OK but 404: {"message":"Not Found"}
{"message":"code=404, message=Not Found"}
[2024-07-14T17:15:13.052871500Z][docker-desktop-user-distro.apiproxy][W] OnTimedActivity: status code not OK but 404: {"message":"Not Found"}
{"message":"code=404, message=Not Found"}
[2024-07-14T17:15:13.052964609Z][docker-desktop-user-distro.apiproxy] >> POST /grpc
[2024-07-14T17:15:13.100031731Z][docker-desktop-user-distro.ipc] (e6fa344c) d6951c5f-LinuxProxyCMD C->S BackendAPI POST /idle/api-call-start: {"name":"/session","userAgent":"Go-http-client/1.1"}
[2024-07-14T17:15:13.106777236Z][docker-desktop-user-distro.ipc] (e6fa344c) d6951c5f-LinuxProxyCMD C<-S e32c0131-BackendAPI POST /idle/api-call-start (6.893818ms): OK
[2024-07-14T17:15:13.106989355Z][docker-desktop-user-distro.apiproxy] >> POST /session
[2024-07-14T17:15:13.110598779Z][docker-desktop-user-distro.apiproxy][W] Error forwarding raw stream from dockerd: write unix /var/run/docker.sock->@: write: broken pipe
[2024-07-14T17:15:13.110708488Z][docker-desktop-user-distro.apiproxy] << POST /session (3.719334ms)
[2024-07-14T17:15:13.110908806Z][docker-desktop-user-distro.ipc] (43354aed) d6951c5f-LinuxProxyCMD C->S BackendAPI POST /idle/api-call-stop: {"name":"/session","userAgent":"Go-http-client/1.1"}
[2024-07-14T17:15:13.113587547Z][docker-desktop-user-distro.ipc] (43354aed) d6951c5f-LinuxProxyCMD C<-S e32c0131-BackendAPI POST /idle/api-call-stop (2.805351ms): OK
[2024-07-14T17:15:13.131268633Z][docker-desktop-user-distro.ipc] (7de2e1e6) d6951c5f-LinuxProxyCMD C->S BackendAPI POST /idle/on-timed-activity: {"duration":0,"name":"Go-http-client/1.1 /grpc"}
[2024-07-14T17:15:13.135091476Z][docker-desktop-user-distro.ipc][W] (7de2e1e6) d6951c5f-LinuxProxyCMD C<-S e32c0131-BackendAPI POST /idle/on-timed-activity (3.857446ms): status code not OK but 404: {"message":"Not Found"}
{"message":"code=404, message=Not Found"}
[2024-07-14T17:15:13.135446507Z][docker-desktop-user-distro.apiproxy][W] OnTimedActivity: status code not OK but 404: {"message":"Not Found"}
{"message":"code=404, message=Not Found"}
[2024-07-14T17:15:13.135746134Z][docker-desktop-user-distro.apiproxy] >> POST /grpc
[2024-07-14T17:15:13.188361854Z][docker-desktop-user-distro.apiproxy] << POST /grpc (52.60912ms)
[2024-07-14T17:15:13.236739894Z][docker-desktop-user-distro.ipc] (14792cf3) d6951c5f-LinuxProxyCMD C->S BackendAPI POST /idle/api-call-start: {"name":"/session","userAgent":"Go-http-client/1.1"}
[2024-07-14T17:15:13.240715050Z][docker-desktop-user-distro.ipc] (14792cf3) d6951c5f-LinuxProxyCMD C<-S e32c0131-BackendAPI POST /idle/api-call-start (4.00316ms): OK
[2024-07-14T17:15:13.240793757Z][docker-desktop-user-distro.apiproxy] >> POST /session
[2024-07-14T17:15:14.399325081Z][docker-desktop-user-distro.apiproxy] << POST /session (1.158519522s)
[2024-07-14T17:15:14.399483695Z][docker-desktop-user-distro.ipc] (40c58180) d6951c5f-LinuxProxyCMD C->S BackendAPI POST /idle/api-call-stop: {"name":"/session","userAgent":"Go-http-client/1.1"}
[2024-07-14T17:15:14.402620377Z][docker-desktop-user-distro.ipc] (40c58180) d6951c5f-LinuxProxyCMD C<-S e32c0131-BackendAPI POST /idle/api-call-stop (3.177585ms): OK
[2024-07-14T17:15:14.403279636Z][docker-desktop-user-distro.apiproxy] << POST /grpc (1.350292825s)
[2024-07-14T17:16:40.073399619Z][docker-desktop-user-distro.ipc] (82487ab4) d6951c5f-LinuxProxyCMD C->S BackendAPI POST /idle/api-call-start: {"name":"/_ping","userAgent":"Docker-Client/26.1.4 (linux)"}
[2024-07-14T17:16:40.087505215Z][docker-desktop-user-distro.ipc] (82487ab4) d6951c5f-LinuxProxyCMD C<-S e32c0131-BackendAPI POST /idle/api-call-start (14.159901ms): OK
[2024-07-14T17:16:40.087607426Z][docker-desktop-user-distro.apiproxy] >> HEAD /_ping
[2024-07-14T17:16:40.089055279Z][docker-desktop-user-distro.apiproxy] << HEAD /_ping (1.445053ms)
[2024-07-14T17:16:40.089182593Z][docker-desktop-user-distro.ipc] (9c95b85a) d6951c5f-LinuxProxyCMD C->S BackendAPI POST /idle/api-call-stop: {"name":"/_ping","userAgent":"Docker-Client/26.1.4 (linux)"}
[2024-07-14T17:16:40.093464847Z][docker-desktop-user-distro.ipc] (9c95b85a) d6951c5f-LinuxProxyCMD C<-S e32c0131-BackendAPI POST /idle/api-call-stop (4.313558ms): OK
[2024-07-14T17:16:40.221097582Z][docker-desktop-user-distro.ipc] (ff283af7) d6951c5f-LinuxProxyCMD C->S BackendAPI POST /idle/api-call-start: {"name":"/_ping","userAgent":"Go-http-client/1.1"}
[2024-07-14T17:16:40.223411227Z][docker-desktop-user-distro.ipc] (ff283af7) d6951c5f-LinuxProxyCMD C<-S e32c0131-BackendAPI POST /idle/api-call-start (2.347349ms): OK
[2024-07-14T17:16:40.223532740Z][docker-desktop-user-distro.apiproxy] >> HEAD /_ping
[2024-07-14T17:16:40.225047001Z][docker-desktop-user-distro.apiproxy] << HEAD /_ping (1.50816ms)
[2024-07-14T17:16:40.225240821Z][docker-desktop-user-distro.ipc] (a59345e1) d6951c5f-LinuxProxyCMD C->S BackendAPI POST /idle/api-call-stop: {"name":"/_ping","userAgent":"Go-http-client/1.1"}
[2024-07-14T17:16:40.226134216Z][docker-desktop-user-distro.ipc] (598a9e2e) d6951c5f-LinuxProxyCMD C->S BackendAPI POST /idle/on-timed-activity: {"duration":0,"name":"Go-http-client/1.1 /grpc"}
[2024-07-14T17:16:40.228485565Z][docker-desktop-user-distro.ipc][W] (598a9e2e) d6951c5f-LinuxProxyCMD C<-S e32c0131-BackendAPI POST /idle/on-timed-activity (2.376352ms): status code not OK but 404: {"message":"Not Found"}
{"message":"code=404, message=Not Found"}
[2024-07-14T17:16:40.228551572Z][docker-desktop-user-distro.apiproxy][W] OnTimedActivity: status code not OK but 404: {"message":"Not Found"}
{"message":"code=404, message=Not Found"}
[2024-07-14T17:16:40.228601778Z][docker-desktop-user-distro.apiproxy] >> POST /grpc
[2024-07-14T17:16:40.228655783Z][docker-desktop-user-distro.ipc] (a59345e1) d6951c5f-LinuxProxyCMD C<-S e32c0131-BackendAPI POST /idle/api-call-stop (3.468467ms): OK
[2024-07-14T17:16:40.231291963Z][docker-desktop-user-distro.apiproxy] << POST /grpc (2.686985ms)
[2024-07-14T17:16:40.231340068Z][docker-desktop-user-distro.ipc] (03319b5d) d6951c5f-LinuxProxyCMD C->S BackendAPI POST /idle/api-call-start: {"name":"/_ping","userAgent":"Docker-Client/unknown-version (linux)"}
[2024-07-14T17:16:40.240143902Z][docker-desktop-user-distro.ipc] (03319b5d) d6951c5f-LinuxProxyCMD C<-S e32c0131-BackendAPI POST /idle/api-call-start (8.820735ms): OK
[2024-07-14T17:16:40.240221710Z][docker-desktop-user-distro.apiproxy] >> HEAD /_ping
[2024-07-14T17:16:40.241894587Z][docker-desktop-user-distro.apiproxy] << HEAD /_ping (1.669377ms)
[2024-07-14T17:16:40.242252425Z][docker-desktop-user-distro.ipc] (0323885f) d6951c5f-LinuxProxyCMD C->S BackendAPI POST /idle/api-call-stop: {"name":"/_ping","userAgent":"Docker-Client/unknown-version (linux)"}
[2024-07-14T17:16:40.245379057Z][docker-desktop-user-distro.ipc] (0323885f) d6951c5f-LinuxProxyCMD C<-S e32c0131-BackendAPI POST /idle/api-call-stop (3.190839ms): OK
[2024-07-14T17:16:40.329308757Z][docker-desktop-user-distro.ipc] (cb1cd927) d6951c5f-LinuxProxyCMD C->S BackendAPI POST /idle/api-call-start: {"name":"/_ping","userAgent":"Go-http-client/1.1"}
[2024-07-14T17:16:40.332173061Z][docker-desktop-user-distro.ipc] (cb1cd927) d6951c5f-LinuxProxyCMD C<-S e32c0131-BackendAPI POST /idle/api-call-start (2.904908ms): OK
[2024-07-14T17:16:40.332242268Z][docker-desktop-user-distro.apiproxy] >> HEAD /_ping
[2024-07-14T17:16:40.333932947Z][docker-desktop-user-distro.apiproxy] << HEAD /_ping (1.687679ms)
[2024-07-14T17:16:40.334117567Z][docker-desktop-user-distro.ipc] (ee8af6c6) d6951c5f-LinuxProxyCMD C->S BackendAPI POST /idle/api-call-stop: {"name":"/_ping","userAgent":"Go-http-client/1.1"}
[2024-07-14T17:16:40.335467810Z][docker-desktop-user-distro.ipc] (d51d7ef7) d6951c5f-LinuxProxyCMD C->S BackendAPI POST /idle/on-timed-activity: {"duration":0,"name":"Go-http-client/1.1 /grpc"}
[2024-07-14T17:16:40.338074587Z][docker-desktop-user-distro.ipc] (ee8af6c6) d6951c5f-LinuxProxyCMD C<-S e32c0131-BackendAPI POST /idle/api-call-stop (4.003024ms): OK
[2024-07-14T17:16:40.341186517Z][docker-desktop-user-distro.ipc][W] (d51d7ef7) d6951c5f-LinuxProxyCMD C<-S e32c0131-BackendAPI POST /idle/on-timed-activity (5.74861ms): status code not OK but 404: {"message":"Not Found"}
{"message":"code=404, message=Not Found"}
[2024-07-14T17:16:40.341319231Z][docker-desktop-user-distro.apiproxy][W] OnTimedActivity: status code not OK but 404: {"message":"Not Found"}
{"message":"code=404, message=Not Found"}
[2024-07-14T17:16:40.341362835Z][docker-desktop-user-distro.apiproxy] >> POST /grpc
[2024-07-14T17:16:40.344247341Z][docker-desktop-user-distro.apiproxy][W] Error forwarding raw stream to dockerd: read unix /var/run/docker.sock->@: read: connection reset by peer
[2024-07-14T17:16:40.344857506Z][docker-desktop-user-distro.apiproxy] << POST /grpc (3.48727ms)
[2024-07-14T17:16:40.371667449Z][docker-desktop-user-distro.ipc] (68a94a95) d6951c5f-LinuxProxyCMD C->S BackendAPI POST /idle/api-call-start: {"name":"/_ping","userAgent":"Go-http-client/1.1"}
[2024-07-14T17:16:40.375994708Z][docker-desktop-user-distro.ipc] (68a94a95) d6951c5f-LinuxProxyCMD C<-S e32c0131-BackendAPI POST /idle/api-call-start (4.366963ms): OK
[2024-07-14T17:16:40.376104320Z][docker-desktop-user-distro.apiproxy] >> HEAD /_ping
[2024-07-14T17:16:40.377667185Z][docker-desktop-user-distro.apiproxy] << HEAD /_ping (1.556665ms)
[2024-07-14T17:16:40.377813301Z][docker-desktop-user-distro.ipc] (cec34624) d6951c5f-LinuxProxyCMD C->S BackendAPI POST /idle/api-call-stop: {"name":"/_ping","userAgent":"Go-http-client/1.1"}
[2024-07-14T17:16:40.380806518Z][docker-desktop-user-distro.ipc] (cec34624) d6951c5f-LinuxProxyCMD C<-S e32c0131-BackendAPI POST /idle/api-call-stop (3.023121ms): OK
[2024-07-14T17:16:40.381137253Z][docker-desktop-user-distro.ipc] (118857c0) d6951c5f-LinuxProxyCMD C->S BackendAPI POST /idle/api-call-start: {"name":"/v1.45/version","userAgent":"Go-http-client/1.1"}
[2024-07-14T17:16:40.383522306Z][docker-desktop-user-distro.ipc] (118857c0) d6951c5f-LinuxProxyCMD C<-S e32c0131-BackendAPI POST /idle/api-call-start (2.415757ms): OK
[2024-07-14T17:16:40.383583813Z][docker-desktop-user-distro.apiproxy] >> GET /v1.45/version
[2024-07-14T17:16:40.402849956Z][docker-desktop-user-distro.apiproxy] << GET /v1.45/version (19.258042ms)
[2024-07-14T17:16:40.403382512Z][docker-desktop-user-distro.ipc] (6cebc329) d6951c5f-LinuxProxyCMD C->S BackendAPI POST /idle/api-call-stop: {"name":"/v1.45/version","userAgent":"Go-http-client/1.1"}
[2024-07-14T17:16:40.408234127Z][docker-desktop-user-distro.ipc] (6cebc329) d6951c5f-LinuxProxyCMD C<-S e32c0131-BackendAPI POST /idle/api-call-stop (4.915721ms): OK
[2024-07-14T17:16:40.411289551Z][docker-desktop-user-distro.ipc] (0624c16f) d6951c5f-LinuxProxyCMD C->S BackendAPI POST /idle/on-timed-activity: {"duration":0,"name":"Go-http-client/1.1 /grpc"}
[2024-07-14T17:16:40.415799329Z][docker-desktop-user-distro.ipc][W] (0624c16f) d6951c5f-LinuxProxyCMD C<-S e32c0131-BackendAPI POST /idle/on-timed-activity (4.545082ms): status code not OK but 404: {"message":"Not Found"}
{"message":"code=404, message=Not Found"}
[2024-07-14T17:16:40.415880538Z][docker-desktop-user-distro.apiproxy][W] OnTimedActivity: status code not OK but 404: {"message":"Not Found"}
{"message":"code=404, message=Not Found"}
[2024-07-14T17:16:40.415907540Z][docker-desktop-user-distro.apiproxy] >> POST /grpc
[2024-07-14T17:16:40.492732887Z][docker-desktop-user-distro.ipc] (bd189b40) d6951c5f-LinuxProxyCMD C->S BackendAPI POST /idle/api-call-start: {"name":"/session","userAgent":"Go-http-client/1.1"}
[2024-07-14T17:16:40.502213593Z][docker-desktop-user-distro.ipc] (bd189b40) d6951c5f-LinuxProxyCMD C<-S e32c0131-BackendAPI POST /idle/api-call-start (10.006861ms): OK
[2024-07-14T17:16:40.502322004Z][docker-desktop-user-distro.apiproxy] >> POST /session
[2024-07-14T17:16:40.507515255Z][docker-desktop-user-distro.apiproxy][W] Error forwarding raw stream from dockerd: write unix /var/run/docker.sock->@: write: broken pipe
[2024-07-14T17:16:40.507672272Z][docker-desktop-user-distro.apiproxy] << POST /session (5.337866ms)
[2024-07-14T17:16:40.507948501Z][docker-desktop-user-distro.ipc] (e6985113) d6951c5f-LinuxProxyCMD C->S BackendAPI POST /idle/api-call-stop: {"name":"/session","userAgent":"Go-http-client/1.1"}
[2024-07-14T17:16:40.510628385Z][docker-desktop-user-distro.ipc] (e6985113) d6951c5f-LinuxProxyCMD C<-S e32c0131-BackendAPI POST /idle/api-call-stop (2.72879ms): OK
[2024-07-14T17:16:40.526963717Z][docker-desktop-user-distro.ipc] (d9cd55bc) d6951c5f-LinuxProxyCMD C->S BackendAPI POST /idle/on-timed-activity: {"duration":0,"name":"Go-http-client/1.1 /grpc"}
[2024-07-14T17:16:40.529025836Z][docker-desktop-user-distro.ipc][W] (d9cd55bc) d6951c5f-LinuxProxyCMD C<-S e32c0131-BackendAPI POST /idle/on-timed-activity (2.137827ms): status code not OK but 404: {"message":"Not Found"}
{"message":"code=404, message=Not Found"}
[2024-07-14T17:16:40.529097144Z][docker-desktop-user-distro.apiproxy][W] OnTimedActivity: status code not OK but 404: {"message":"Not Found"}
{"message":"code=404, message=Not Found"}
[2024-07-14T17:16:40.529131947Z][docker-desktop-user-distro.apiproxy] >> POST /grpc
[2024-07-14T17:16:40.608509265Z][docker-desktop-user-distro.apiproxy][W] Error forwarding raw stream from dockerd: write unix /var/run/docker.sock->@: write: broken pipe
[2024-07-14T17:16:40.608677883Z][docker-desktop-user-distro.apiproxy] << POST /grpc (79.545435ms)
[2024-07-14T17:16:40.676760603Z][docker-desktop-user-distro.ipc] (d13b6b91) d6951c5f-LinuxProxyCMD C->S BackendAPI POST /idle/api-call-start: {"name":"/session","userAgent":"Go-http-client/1.1"}
[2024-07-14T17:16:40.683380205Z][docker-desktop-user-distro.ipc] (d13b6b91) d6951c5f-LinuxProxyCMD C<-S e32c0131-BackendAPI POST /idle/api-call-start (6.656106ms): OK
[2024-07-14T17:16:40.683493517Z][docker-desktop-user-distro.apiproxy] >> POST /session
[2024-07-14T17:17:00.845307776Z][docker-desktop-user-distro.apiproxy] << POST /session (20.164253581s)
[2024-07-14T17:17:00.845464691Z][docker-desktop-user-distro.ipc] (c1ca7e5f) d6951c5f-LinuxProxyCMD C->S BackendAPI POST /idle/api-call-stop: {"name":"/session","userAgent":"Go-http-client/1.1"}
[2024-07-14T17:17:00.848465769Z][docker-desktop-user-distro.apiproxy][W] Error forwarding raw stream from dockerd: write unix /var/run/docker.sock->@: write: broken pipe
[2024-07-14T17:17:00.848645986Z][docker-desktop-user-distro.apiproxy] << POST /grpc (20.435188168s)
[2024-07-14T17:17:00.855158489Z][docker-desktop-user-distro.ipc] (c1ca7e5f) d6951c5f-LinuxProxyCMD C<-S e32c0131-BackendAPI POST /idle/api-call-stop (9.733702ms): OK
[2024-07-14T17:19:32.738149892Z][docker-desktop-user-distro.ipc] (8bd0a2f3) d6951c5f-LinuxProxyCMD C->S BackendAPI POST /idle/api-call-start: {"name":"/_ping","userAgent":"Docker-Client/26.1.4 (linux)"}
[2024-07-14T17:19:32.746456444Z][docker-desktop-user-distro.ipc] (8bd0a2f3) d6951c5f-LinuxProxyCMD C<-S e32c0131-BackendAPI POST /idle/api-call-start (8.362155ms): OK
[2024-07-14T17:19:32.746576050Z][docker-desktop-user-distro.apiproxy] >> HEAD /_ping
[2024-07-14T17:19:32.752254959Z][docker-desktop-user-distro.apiproxy] << HEAD /_ping (5.663808ms)
[2024-07-14T17:19:32.752440569Z][docker-desktop-user-distro.ipc] (3cebe2bf) d6951c5f-LinuxProxyCMD C->S BackendAPI POST /idle/api-call-stop: {"name":"/_ping","userAgent":"Docker-Client/26.1.4 (linux)"}
[2024-07-14T17:19:32.758387593Z][docker-desktop-user-distro.ipc] (3cebe2bf) d6951c5f-LinuxProxyCMD C<-S e32c0131-BackendAPI POST /idle/api-call-stop (5.993626ms): OK
[2024-07-14T17:19:32.758701510Z][docker-desktop-user-distro.ipc] (1b430807) d6951c5f-LinuxProxyCMD C->S BackendAPI POST /idle/api-call-start: {"name":"/v1.45/images/json","userAgent":"Docker-Client/26.1.4 (linux)"}
[2024-07-14T17:19:32.763983798Z][docker-desktop-user-distro.ipc] (1b430807) d6951c5f-LinuxProxyCMD C<-S e32c0131-BackendAPI POST /idle/api-call-start (5.310489ms): OK
[2024-07-14T17:19:32.764151807Z][docker-desktop-user-distro.apiproxy] >> GET /v1.45/images/json
[2024-07-14T17:19:32.769029972Z][docker-desktop-user-distro.apiproxy] << GET /v1.45/images/json (4.872966ms)
[2024-07-14T17:19:32.769312588Z][docker-desktop-user-distro.ipc] (fa723a97) d6951c5f-LinuxProxyCMD C->S BackendAPI POST /idle/api-call-stop: {"name":"/v1.45/images/json","userAgent":"Docker-Client/26.1.4 (linux)"}
[2024-07-14T17:19:32.774744483Z][docker-desktop-user-distro.ipc] (fa723a97) d6951c5f-LinuxProxyCMD C<-S e32c0131-BackendAPI POST /idle/api-call-stop (5.464797ms): OK
[2024-07-14T17:20:39.716849046Z][docker-desktop-user-distro.ipc] (ca1b65bd) d6951c5f-LinuxProxyCMD C->S BackendAPI POST /idle/api-call-start: {"name":"/_ping","userAgent":"Docker-Client/26.1.4 (linux)"}
[2024-07-14T17:20:39.719401962Z][docker-desktop-user-distro.ipc] (ca1b65bd) d6951c5f-LinuxProxyCMD C<-S e32c0131-BackendAPI POST /idle/api-call-start (2.591419ms): OK
[2024-07-14T17:20:39.719470468Z][docker-desktop-user-distro.apiproxy] >> HEAD /_ping
[2024-07-14T17:20:39.721086405Z][docker-desktop-user-distro.apiproxy] << HEAD /_ping (1.613137ms)
[2024-07-14T17:20:39.721379629Z][docker-desktop-user-distro.ipc] (83826b33) d6951c5f-LinuxProxyCMD C->S BackendAPI POST /idle/api-call-stop: {"name":"/_ping","userAgent":"Docker-Client/26.1.4 (linux)"}
[2024-07-14T17:20:39.726562569Z][docker-desktop-user-distro.ipc] (83826b33) d6951c5f-LinuxProxyCMD C<-S e32c0131-BackendAPI POST /idle/api-call-stop (5.321751ms): OK
[2024-07-14T17:20:39.786746770Z][docker-desktop-user-distro.apiproxy] usage ContainerCreateCliLinux-from-wsl + 1
[2024-07-14T17:20:39.786926785Z][docker-desktop-user-distro.ipc] (f93a65c4) d6951c5f-LinuxProxyCMD C->S BackendAPI POST /idle/api-call-start: {"name":"/v1.45/containers/create","userAgent":"Docker-Client/26.1.4 (linux)"}
[2024-07-14T17:20:39.790173060Z][docker-desktop-user-distro.ipc] (f93a65c4) d6951c5f-LinuxProxyCMD C<-S e32c0131-BackendAPI POST /idle/api-call-start (3.247975ms): OK
[2024-07-14T17:20:39.790315572Z][docker-desktop-user-distro.apiproxy] >> POST /v1.45/containers/create
[2024-07-14T17:20:40.018666426Z][docker-desktop-user-distro.apiproxy] << POST /v1.45/containers/create (228.349054ms)
[2024-07-14T17:20:40.018846641Z][docker-desktop-user-distro.ipc] (278c0480) d6951c5f-LinuxProxyCMD C->S BackendAPI POST /idle/api-call-stop: {"name":"/v1.45/containers/create","userAgent":"Docker-Client/26.1.4 (linux)"}
[2024-07-14T17:20:40.020096747Z][docker-desktop-user-distro.ipc] (0fbc1209) d6951c5f-LinuxProxyCMD C->S BackendAPI POST /usage/image: {"agent":"Cli","container_id":"f...c","exposed_ports":["80/tcp"],"image":"b850cfacf19e","port_bindings":["80:80/tcp"],"restart_policy_name":"no"}
[2024-07-14T17:20:40.022928087Z][docker-desktop-user-distro.ipc] (278c0480) d6951c5f-LinuxProxyCMD C<-S e32c0131-BackendAPI POST /idle/api-call-stop (4.103348ms): OK
[2024-07-14T17:20:40.026584997Z][docker-desktop-user-distro.ipc] (0fbc1209) d6951c5f-LinuxProxyCMD C<-S e32c0131-BackendAPI POST /usage/image (7.829563ms): OK
[2024-07-14T17:20:40.032891731Z][docker-desktop-user-distro.ipc] (8d45b1fb) d6951c5f-LinuxProxyCMD C->S BackendAPI POST /idle/api-call-start: {"name":"/v1.45/containers/f4d03dbbc2592acbc9142626080126888c11549c31fc121a90af2f925823554c/wait","userAgent":"Docker-Client/26.1.4 (linux)"}
[2024-07-14T17:20:40.036705054Z][docker-desktop-user-distro.ipc] (8d45b1fb) d6951c5f-LinuxProxyCMD C<-S e32c0131-BackendAPI POST /idle/api-call-start (3.883629ms): OK
[2024-07-14T17:20:40.036772860Z][docker-desktop-user-distro.apiproxy] >> POST /v1.45/containers/f4d03dbbc2592acbc9142626080126888c11549c31fc121a90af2f925823554c/wait?condition=next-exit
[2024-07-14T17:20:40.044583822Z][docker-desktop-user-distro.apiproxy] usage ContainerStartCliLinux-from-wsl + 1
[2024-07-14T17:20:40.044779039Z][docker-desktop-user-distro.ipc] (d94caf35) d6951c5f-LinuxProxyCMD C->S BackendAPI POST /idle/api-call-start: {"name":"/v1.45/containers/f4d03dbbc2592acbc9142626080126888c11549c31fc121a90af2f925823554c/start","userAgent":"Docker-Client/26.1.4 (linux)"}
[2024-07-14T17:20:40.054358151Z][docker-desktop-user-distro.ipc] (d94caf35) d6951c5f-LinuxProxyCMD C<-S e32c0131-BackendAPI POST /idle/api-call-start (9.620915ms): OK
[2024-07-14T17:20:40.054494362Z][docker-desktop-user-distro.apiproxy] >> POST /v1.45/containers/f4d03dbbc2592acbc9142626080126888c11549c31fc121a90af2f925823554c/start
[2024-07-14T17:20:40.077270392Z][docker-desktop-user-distro.apiproxy] usage ExposePortCountCliLinux-from-wsl + 1
[2024-07-14T17:20:40.084787330Z][docker-desktop-user-distro.ports] exposer.Approve([TCP 0.0.0.0:80])
[2024-07-14T17:20:40.122072090Z][docker-desktop-user-distro.ports] exposer.Add(approver-1801035689017946956, approver-1801035689017946956, [TCP 0.0.0.0:80 -> 0.0.0.0:0])
[2024-07-14T17:20:40.499377268Z][docker-desktop-user-distro.ports] exposer.Remove(approver-1801035689017946956)
[2024-07-14T17:20:42.179325549Z][docker-desktop-user-distro.apiproxy] << POST /v1.45/containers/f4d03dbbc2592acbc9142626080126888c11549c31fc121a90af2f925823554c/start (2.124828087s)
[2024-07-14T17:20:42.179544768Z][docker-desktop-user-distro.ipc] (547fb2ba) d6951c5f-LinuxProxyCMD C->S BackendAPI POST /idle/api-call-stop: {"name":"/v1.45/containers/f4d03dbbc2592acbc9142626080126888c11549c31fc121a90af2f925823554c/start","userAgent":"Docker-Client/26.1.4 (linux)"}
[2024-07-14T17:20:42.185608382Z][docker-desktop-user-distro.apiproxy] Context canceled, closing connection for "/v1.45/containers/f4d03dbbc2592acbc9142626080126888c11549c31fc121a90af2f925823554c/wait?condition=next-exit"
[2024-07-14T17:20:42.187763564Z][docker-desktop-user-distro.apiproxy] << POST /v1.45/containers/f4d03dbbc2592acbc9142626080126888c11549c31fc121a90af2f925823554c/wait?condition=next-exit (2.150983204s)
[2024-07-14T17:20:42.273475029Z][docker-desktop-user-distro.ipc] (547fb2ba) d6951c5f-LinuxProxyCMD C<-S e32c0131-BackendAPI POST /idle/api-call-stop (93.965163ms): OK
[2024-07-14T17:20:42.273633542Z][docker-desktop-user-distro.ipc] (8d514e4b) d6951c5f-LinuxProxyCMD C->S BackendAPI POST /idle/api-call-stop: {"name":"/v1.45/containers/f4d03dbbc2592acbc9142626080126888c11549c31fc121a90af2f925823554c/wait","userAgent":"Docker-Client/26.1.4 (linux)"}
[2024-07-14T17:20:42.290502672Z][docker-desktop-user-distro.ipc] (8d514e4b) d6951c5f-LinuxProxyCMD C<-S e32c0131-BackendAPI POST /idle/api-call-stop (16.902732ms): OK
[2024-07-14T17:30:34.507111132Z][docker-desktop-user-distro.ipc] d6951c5f-LinuxProxyCMD /pause/state <-- 2024-07-14T18:30:34.499706038+01:00 (2ffc6fd4) pause paused: Docker Desktop is paused
[2024-07-15T08:55:31.742137784Z][docker-desktop-user-distro.ipc] d6951c5f-LinuxProxyCMD /pause/state <-- 2024-07-15T09:55:31.296017582+01:00 (72cd63a0) pause resumed: Docker Desktop is running
[2024-07-15T09:06:05.950301326Z][docker-desktop-user-distro.ipc] d6951c5f-LinuxProxyCMD /pause/state <-- 2024-07-15T10:06:05.944285504+01:00 (37141d22) pause paused: Docker Desktop is paused
[2024-07-15T16:56:26.232142384Z][docker-desktop-user-distro.ipc] d6951c5f-LinuxProxyCMD /pause/state <-- 2024-07-15T17:56:26.007702606+01:00 (04ef397c) pause resumed: Docker Desktop is running
[2024-07-15T17:06:05.730768859Z][docker-desktop-user-distro.ipc] d6951c5f-LinuxProxyCMD /pause/state <-- 2024-07-15T18:06:05.726665331+01:00 (27ada430) pause paused: Docker Desktop is paused
[2024-07-15T17:56:47.297667609Z][docker-desktop-user-distro.ipc] d6951c5f-LinuxProxyCMD /pause/state <-- 2024-07-15T18:56:47.233042216+01:00 (a598538d) pause resumed: Docker Desktop is running
[2024-07-15T18:11:08.744564424Z][docker-desktop-user-distro.ipc] d6951c5f-LinuxProxyCMD /pause/state <-- 2024-07-15T19:11:08.694586893+01:00 (e8640f4c) pause paused: Docker Desktop is paused
[2024-07-16T02:51:52.977819142Z][docker-desktop-user-distro.ipc] d6951c5f-LinuxProxyCMD /pause/state <-- 2024-07-16T03:51:51.983197952+01:00 (b626e728) pause resumed: Docker Desktop is running
[2024-07-16T09:37:50.147875428Z][docker-desktop-user-distro.ipc] d6951c5f-LinuxProxyCMD /pause/state <-- 2024-07-16T10:37:50.131586125+01:00 (f2206823) pause paused: Docker Desktop is paused
[2024-07-16T16:55:33.085705392Z][docker-desktop-user-distro.ipc] d6951c5f-LinuxProxyCMD /pause/state <-- 2024-07-16T17:55:32.833386478+01:00 (6bd21e64) pause resumed: Docker Desktop is running
[2024-07-16T17:06:34.613116464Z][docker-desktop-user-distro.ipc] d6951c5f-LinuxProxyCMD /pause/state <-- 2024-07-16T18:06:34.610349902+01:00 (aa0d70d1) pause paused: Docker Desktop is paused
[2024-07-16T17:56:15.757981634Z][docker-desktop-user-distro.ipc] d6951c5f-LinuxProxyCMD /pause/state <-- 2024-07-16T18:56:15.539214379+01:00 (41f65044) pause resumed: Docker Desktop is running
[2024-07-16T18:06:17.627066483Z][docker-desktop-user-distro.ipc] d6951c5f-LinuxProxyCMD /pause/state <-- 2024-07-16T19:06:17.617834882+01:00 (82b09d79) pause paused: Docker Desktop is paused
[2024-07-17T08:55:33.121573966Z][docker-desktop-user-distro.ipc] d6951c5f-LinuxProxyCMD /pause/state <-- 2024-07-17T09:55:32.902942791+01:00 (38f9d82e) pause resumed: Docker Desktop is running
[2024-07-17T09:13:33.529420175Z][docker-desktop-user-distro.ipc] d6951c5f-LinuxProxyCMD /pause/state <-- 2024-07-17T10:13:33.476828351+01:00 (296df0d7) pause paused: Docker Desktop is paused
