2024-10-12 15:18:19.058 [info] [main] Log level: Info
2024-10-12 15:18:19.058 [info] [main] Validating found git in: "git"
2024-10-12 15:18:19.318 [info] [main] Using git "2.34.1" from "git"
2024-10-12 15:18:19.318 [info] [Model][doInitialScan] Initial repository scan started
2024-10-12 15:18:19.584 [info] > git rev-parse --show-toplevel [69ms]
2024-10-12 15:18:19.584 [info] fatal: not a git repository (or any of the parent directories): .git
2024-10-12 15:18:19.923 [info] > git rev-parse --show-toplevel [3ms]
2024-10-12 15:18:19.923 [info] fatal: not a git repository (or any of the parent directories): .git
2024-10-12 15:18:19.938 [info] > git rev-parse --show-toplevel [1ms]
2024-10-12 15:18:19.938 [info] fatal: not a git repository (or any of the parent directories): .git
2024-10-12 15:18:19.955 [info] > git rev-parse --show-toplevel [12ms]
2024-10-12 15:18:19.955 [info] fatal: not a git repository (or any parent up to mount point /)
Stopping at filesystem boundary (GIT_DISCOVERY_ACROSS_FILESYSTEM not set).
2024-10-12 15:18:19.967 [info] > git rev-parse --show-toplevel [7ms]
2024-10-12 15:18:19.967 [info] fatal: not a git repository (or any of the parent directories): .git
2024-10-12 15:18:19.982 [info] > git rev-parse --show-toplevel [11ms]
2024-10-12 15:18:19.982 [info] fatal: not a git repository (or any of the parent directories): .git
2024-10-12 15:18:19.988 [info] > git rev-parse --show-toplevel [2ms]
2024-10-12 15:18:19.988 [info] fatal: not a git repository (or any of the parent directories): .git
2024-10-12 15:18:20.003 [info] > git rev-parse --show-toplevel [2ms]
2024-10-12 15:18:20.003 [info] fatal: not a git repository (or any of the parent directories): .git
2024-10-12 15:18:20.017 [info] > git rev-parse --show-toplevel [2ms]
2024-10-12 15:18:20.017 [info] fatal: not a git repository (or any of the parent directories): .git
2024-10-12 15:18:20.031 [info] > git rev-parse --show-toplevel [9ms]
2024-10-12 15:18:20.031 [info] fatal: not a git repository (or any of the parent directories): .git
2024-10-12 15:18:20.045 [info] > git rev-parse --show-toplevel [10ms]
2024-10-12 15:18:20.045 [info] fatal: not a git repository (or any parent up to mount point /)
Stopping at filesystem boundary (GIT_DISCOVERY_ACROSS_FILESYSTEM not set).
2024-10-12 15:18:20.090 [info] > git rev-parse --show-toplevel [40ms]
2024-10-12 15:18:20.098 [info] > git rev-parse --git-dir --git-common-dir [2ms]
2024-10-12 15:18:20.180 [info] [Model][openRepository] Opened repository: /root
2024-10-12 15:18:20.221 [info] [Git][getRemotes] No remotes found in the git config file
2024-10-12 15:18:20.223 [info] > git rev-parse --show-toplevel [19ms]
2024-10-12 15:18:20.223 [info] fatal: not a git repository (or any parent up to mount point /)
Stopping at filesystem boundary (GIT_DISCOVERY_ACROSS_FILESYSTEM not set).
2024-10-12 15:18:20.238 [info] > git rev-parse --show-toplevel [1ms]
2024-10-12 15:18:20.238 [info] fatal: not a git repository (or any of the parent directories): .git
2024-10-12 15:18:20.253 [info] > git rev-parse --show-toplevel [10ms]
2024-10-12 15:18:20.253 [info] fatal: not a git repository (or any of the parent directories): .git
2024-10-12 15:18:20.258 [info] > git rev-parse --show-toplevel [2ms]
2024-10-12 15:18:20.258 [info] fatal: not a git repository (or any parent up to mount point /)
Stopping at filesystem boundary (GIT_DISCOVERY_ACROSS_FILESYSTEM not set).
2024-10-12 15:18:20.302 [info] > git rev-parse --show-toplevel [2ms]
2024-10-12 15:18:20.302 [info] fatal: not a git repository (or any of the parent directories): .git
2024-10-12 15:18:20.303 [info] > git config --get commit.template [101ms]
2024-10-12 15:18:20.333 [info] > git for-each-ref --format=%(refname)%00%(upstream:short)%00%(objectname)%00%(upstream:track)%00%(upstream:remotename)%00%(upstream:remoteref) refs/heads/master refs/remotes/master [113ms]
2024-10-12 15:18:20.333 [warning] [Git][getBranch] No such branch: master
2024-10-12 15:18:20.365 [info] > git rev-parse --show-toplevel [48ms]
2024-10-12 15:18:20.365 [info] fatal: not a git repository (or any of the parent directories): .git
2024-10-12 15:18:20.384 [info] > git for-each-ref --sort -committerdate --format %(refname) %(objectname) %(*objectname) [20ms]
2024-10-12 15:18:20.395 [info] > git rev-parse --show-toplevel [13ms]
2024-10-12 15:18:20.395 [info] fatal: not a git repository (or any of the parent directories): .git
2024-10-12 15:18:20.413 [info] [Model][doInitialScan] Initial repository scan completed - repositories (1), closed repositories (0), parent repositories (0), unsafe repositories (0)
2024-10-12 15:18:20.875 [info] > git check-ignore -v -z --stdin [2ms]
2024-10-12 15:18:28.833 [info] > git rev-parse --show-toplevel [10ms]
2024-10-12 15:18:28.833 [info] fatal: not a git repository (or any of the parent directories): .git
2024-10-12 15:18:29.104 [info] > git rev-parse --show-toplevel [21ms]
2024-10-12 15:18:29.104 [info] fatal: not a git repository (or any of the parent directories): .git
2024-10-12 15:18:29.745 [info] > git rev-parse --show-toplevel [1ms]
2024-10-12 15:18:29.745 [info] fatal: not a git repository (or any of the parent directories): .git
2024-10-12 15:18:49.310 [info] > git status -z -uall [28961ms]
2024-10-12 15:18:54.305 [info] > git for-each-ref --format=%(refname)%00%(upstream:short)%00%(objectname)%00%(upstream:track)%00%(upstream:remotename)%00%(upstream:remoteref) refs/heads/master refs/remotes/master [4294ms]
2024-10-12 15:18:54.305 [warning] [Git][getBranch] No such branch: master
2024-10-12 15:18:54.317 [error] [GitHistoryProvider][resolveHEADMergeBase] Failed to resolve merge base for master: Error: No such branch: master.
2024-10-12 15:18:54.477 [info] > git config --get commit.template [182ms]
2024-10-12 15:18:54.493 [info] [Git][getRemotes] No remotes found in the git config file
2024-10-12 15:18:54.497 [info] > git for-each-ref --format=%(refname)%00%(upstream:short)%00%(objectname)%00%(upstream:track)%00%(upstream:remotename)%00%(upstream:remoteref) refs/heads/master refs/remotes/master [4ms]
2024-10-12 15:18:54.497 [warning] [Git][getBranch] No such branch: master
2024-10-12 15:18:54.520 [info] > git for-each-ref --sort -committerdate --format %(refname) %(objectname) %(*objectname) [2ms]
2024-10-12 15:18:55.180 [info] > git status -z -uall [668ms]
2024-10-12 15:23:10.650 [info] > git config --get commit.template [3ms]
2024-10-12 15:23:10.656 [info] [Git][getRemotes] No remotes found in the git config file
2024-10-12 15:23:10.657 [info] > git for-each-ref --format=%(refname)%00%(upstream:short)%00%(objectname)%00%(upstream:track)%00%(upstream:remotename)%00%(upstream:remoteref) refs/heads/master refs/remotes/master [2ms]
2024-10-12 15:23:10.657 [warning] [Git][getBranch] No such branch: master
2024-10-12 15:23:10.674 [info] > git for-each-ref --sort -committerdate --format %(refname) %(objectname) %(*objectname) [6ms]
2024-10-12 15:23:10.889 [info] > git status -z -uall [227ms]
2024-10-12 15:23:16.091 [info] [Git][getRemotes] No remotes found in the git config file
2024-10-12 15:23:16.107 [info] > git config --get commit.template [17ms]
2024-10-12 15:23:16.141 [info] > git for-each-ref --format=%(refname)%00%(upstream:short)%00%(objectname)%00%(upstream:track)%00%(upstream:remotename)%00%(upstream:remoteref) refs/heads/master refs/remotes/master [37ms]
2024-10-12 15:23:16.141 [warning] [Git][getBranch] No such branch: master
2024-10-12 15:23:16.157 [info] > git for-each-ref --sort -committerdate --format %(refname) %(objectname) %(*objectname) [4ms]
2024-10-12 15:23:16.333 [info] > git status -z -uall [188ms]
2024-10-12 15:23:21.515 [info] [Git][getRemotes] No remotes found in the git config file
2024-10-12 15:23:21.516 [info] > git config --get commit.template [8ms]
2024-10-12 15:23:21.517 [info] > git for-each-ref --format=%(refname)%00%(upstream:short)%00%(objectname)%00%(upstream:track)%00%(upstream:remotename)%00%(upstream:remoteref) refs/heads/master refs/remotes/master [3ms]
2024-10-12 15:23:21.517 [warning] [Git][getBranch] No such branch: master
2024-10-12 15:23:21.534 [info] > git for-each-ref --sort -committerdate --format %(refname) %(objectname) %(*objectname) [5ms]
2024-10-12 15:23:21.798 [info] > git status -z -uall [277ms]
2024-10-12 15:23:26.997 [info] [Git][getRemotes] No remotes found in the git config file
2024-10-12 15:23:27.000 [info] > git config --get commit.template [9ms]
2024-10-12 15:23:27.001 [info] > git for-each-ref --format=%(refname)%00%(upstream:short)%00%(objectname)%00%(upstream:track)%00%(upstream:remotename)%00%(upstream:remoteref) refs/heads/master refs/remotes/master [5ms]
2024-10-12 15:23:27.001 [warning] [Git][getBranch] No such branch: master
2024-10-12 15:23:27.014 [info] > git for-each-ref --sort -committerdate --format %(refname) %(objectname) %(*objectname) [1ms]
2024-10-12 15:23:27.226 [info] > git status -z -uall [221ms]
2024-10-12 15:23:32.371 [info] [Git][getRemotes] No remotes found in the git config file
2024-10-12 15:23:32.374 [info] > git config --get commit.template [17ms]
2024-10-12 15:23:32.377 [info] > git for-each-ref --format=%(refname)%00%(upstream:short)%00%(objectname)%00%(upstream:track)%00%(upstream:remotename)%00%(upstream:remoteref) refs/heads/master refs/remotes/master [6ms]
2024-10-12 15:23:32.377 [warning] [Git][getBranch] No such branch: master
2024-10-12 15:23:32.396 [info] > git for-each-ref --sort -committerdate --format %(refname) %(objectname) %(*objectname) [2ms]
2024-10-12 15:23:32.547 [info] > git status -z -uall [163ms]
2024-10-12 15:23:37.666 [info] [Git][getRemotes] No remotes found in the git config file
2024-10-12 15:23:37.669 [info] > git config --get commit.template [7ms]
2024-10-12 15:23:37.672 [info] > git for-each-ref --format=%(refname)%00%(upstream:short)%00%(objectname)%00%(upstream:track)%00%(upstream:remotename)%00%(upstream:remoteref) refs/heads/master refs/remotes/master [6ms]
2024-10-12 15:23:37.672 [warning] [Git][getBranch] No such branch: master
2024-10-12 15:23:37.688 [info] > git for-each-ref --sort -committerdate --format %(refname) %(objectname) %(*objectname) [2ms]
2024-10-12 15:23:38.211 [info] > git status -z -uall [536ms]
2024-10-12 15:23:40.293 [info] > git rev-parse --show-toplevel [1ms]
2024-10-12 15:23:40.293 [info] fatal: not a git repository (or any of the parent directories): .git
2024-10-12 15:23:43.494 [info] [Git][getRemotes] No remotes found in the git config file
2024-10-12 15:23:43.495 [info] > git config --get commit.template [6ms]
2024-10-12 15:23:43.500 [info] > git for-each-ref --format=%(refname)%00%(upstream:short)%00%(objectname)%00%(upstream:track)%00%(upstream:remotename)%00%(upstream:remoteref) refs/heads/master refs/remotes/master [6ms]
2024-10-12 15:23:43.500 [warning] [Git][getBranch] No such branch: master
2024-10-12 15:23:43.511 [info] > git for-each-ref --sort -committerdate --format %(refname) %(objectname) %(*objectname) [2ms]
2024-10-12 15:23:44.059 [info] > git status -z -uall [555ms]
2024-10-12 15:23:49.767 [info] > git rev-parse --show-toplevel [14ms]
2024-10-12 15:23:49.767 [info] fatal: not a git repository (or any of the parent directories): .git
2024-10-12 15:24:31.647 [info] > git rev-parse --show-toplevel [2ms]
2024-10-12 15:24:31.647 [info] fatal: not a git repository (or any of the parent directories): .git
2024-10-12 15:24:31.861 [info] > git rev-parse --show-toplevel [3ms]
2024-10-12 15:24:31.861 [info] fatal: not a git repository (or any of the parent directories): .git
2024-10-12 15:32:19.211 [info] > git config --get commit.template [10ms]
2024-10-12 15:32:19.224 [info] [Git][getRemotes] No remotes found in the git config file
2024-10-12 15:32:19.226 [info] > git for-each-ref --format=%(refname)%00%(upstream:short)%00%(objectname)%00%(upstream:track)%00%(upstream:remotename)%00%(upstream:remoteref) refs/heads/master refs/remotes/master [1ms]
2024-10-12 15:32:19.226 [warning] [Git][getBranch] No such branch: master
2024-10-12 15:32:19.261 [info] > git for-each-ref --sort -committerdate --format %(refname) %(objectname) %(*objectname) [5ms]
2024-10-12 15:32:19.780 [info] > git status -z -uall [541ms] (cancelled)
2024-10-12 15:32:31.786 [info] > git rev-parse --show-toplevel [1ms]
2024-10-12 15:32:31.786 [info] fatal: not a git repository (or any of the parent directories): .git
2024-10-12 15:32:32.669 [info] [Git][getRemotes] No remotes found in the git config file
2024-10-12 15:32:32.672 [info] > git config --get commit.template [12ms]
2024-10-12 15:32:32.673 [info] > git for-each-ref --format=%(refname)%00%(upstream:short)%00%(objectname)%00%(upstream:track)%00%(upstream:remotename)%00%(upstream:remoteref) refs/heads/master refs/remotes/master [5ms]
2024-10-12 15:32:32.673 [warning] [Git][getBranch] No such branch: master
2024-10-12 15:32:32.692 [info] > git for-each-ref --sort -committerdate --format %(refname) %(objectname) %(*objectname) [4ms]
2024-10-12 15:32:35.604 [info] > git status -z -uall [2925ms] (cancelled)
2024-10-12 15:34:21.776 [info] > git rev-parse --show-toplevel [10ms]
2024-10-12 15:34:21.776 [info] fatal: not a git repository (or any of the parent directories): .git
2024-10-12 15:37:08.447 [info] > git rev-parse --show-toplevel [2ms]
2024-10-12 15:37:08.448 [info] fatal: not a git repository (or any of the parent directories): .git
2024-10-12 15:37:19.802 [info] > git log --format=%H%n%aN%n%aE%n%at%n%ct%n%P%n%D%n%B -z --shortstat --diff-merges=first-parent -n50 --skip=0 --topo-order --decorate=full --stdin [78ms]
2024-10-12 15:37:19.803 [info] fatal: bad revision 'refs/heads/master'
2024-10-12 15:37:19.804 [error] [GitHistoryProvider][provideHistoryItems] Failed to get history items with options '{"historyItemRefs":["refs/heads/master"],"limit":50,"skip":0}': Failed to execute git {
  "exitCode": 128,
  "gitCommand": "log",
  "stdout": "",
  "stderr": "fatal: bad revision 'refs/heads/master'\n"
}
2024-10-12 15:37:19.807 [info] > git rev-parse --show-toplevel [6ms]
2024-10-12 15:37:19.807 [info] fatal: not a git repository (or any of the parent directories): .git
2024-10-12 15:37:20.257 [info] > git check-ignore -v -z --stdin [4ms]
2024-10-12 19:38:38.321 [info] > git check-ignore -v -z --stdin [124ms]
2024-10-12 20:02:47.750 [info] [main] Log level: Info
2024-10-12 20:02:47.757 [info] [main] Validating found git in: "git"
2024-10-12 20:02:47.757 [info] [main] Using git "2.34.1" from "git"
2024-10-12 20:02:47.757 [info] [Model][doInitialScan] Initial repository scan started
2024-10-12 20:02:47.757 [info] > git rev-parse --show-toplevel [3155ms]
2024-10-12 20:02:47.758 [info] fatal: not a git repository (or any of the parent directories): .git
2024-10-12 20:02:47.886 [info] > git rev-parse --show-toplevel [191ms]
2024-10-12 20:02:47.886 [info] fatal: not a git repository (or any of the parent directories): .git
2024-10-12 20:02:48.606 [info] > git rev-parse --show-toplevel [9ms]
2024-10-12 20:02:48.606 [info] fatal: not a git repository (or any of the parent directories): .git
2024-10-12 20:02:48.628 [info] > git rev-parse --show-toplevel [2ms]
2024-10-12 20:02:48.628 [info] fatal: not a git repository (or any of the parent directories): .git
2024-10-12 20:02:48.656 [info] > git rev-parse --show-toplevel [10ms]
2024-10-12 20:02:48.656 [info] fatal: not a git repository (or any parent up to mount point /)
Stopping at filesystem boundary (GIT_DISCOVERY_ACROSS_FILESYSTEM not set).
2024-10-12 20:02:48.674 [info] > git rev-parse --show-toplevel [10ms]
2024-10-12 20:02:48.674 [info] fatal: not a git repository (or any of the parent directories): .git
2024-10-12 20:02:48.695 [info] > git rev-parse --show-toplevel [3ms]
2024-10-12 20:02:48.695 [info] fatal: not a git repository (or any of the parent directories): .git
2024-10-12 20:02:48.771 [info] > git rev-parse --show-toplevel [3ms]
2024-10-12 20:02:48.771 [info] fatal: not a git repository (or any of the parent directories): .git
2024-10-12 20:02:48.794 [info] > git rev-parse --show-toplevel [8ms]
2024-10-12 20:02:48.794 [info] fatal: not a git repository (or any of the parent directories): .git
2024-10-12 20:02:48.827 [info] > git rev-parse --show-toplevel [7ms]
2024-10-12 20:02:48.827 [info] fatal: not a git repository (or any of the parent directories): .git
2024-10-12 20:02:48.844 [info] > git rev-parse --show-toplevel [8ms]
2024-10-12 20:02:48.844 [info] fatal: not a git repository (or any of the parent directories): .git
2024-10-12 20:02:48.862 [info] > git rev-parse --show-toplevel [6ms]
2024-10-12 20:02:48.862 [info] fatal: not a git repository (or any parent up to mount point /)
Stopping at filesystem boundary (GIT_DISCOVERY_ACROSS_FILESYSTEM not set).
2024-10-12 20:02:48.898 [info] > git rev-parse --show-toplevel [24ms]
2024-10-12 20:02:48.912 [info] > git rev-parse --git-dir --git-common-dir [6ms]
2024-10-12 20:02:48.961 [info] [Model][openRepository] Opened repository: /root
2024-10-12 20:02:49.031 [info] > git rev-parse --show-toplevel [28ms]
2024-10-12 20:02:49.032 [info] fatal: not a git repository (or any parent up to mount point /)
Stopping at filesystem boundary (GIT_DISCOVERY_ACROSS_FILESYSTEM not set).
2024-10-12 20:02:49.033 [info] > git config --get commit.template [47ms]
2024-10-12 20:02:49.083 [info] [Git][getRemotes] No remotes found in the git config file
2024-10-12 20:02:49.087 [info] > git rev-parse --show-toplevel [20ms]
2024-10-12 20:02:49.087 [info] fatal: not a git repository (or any of the parent directories): .git
2024-10-12 20:02:49.103 [info] > git for-each-ref --format=%(refname)%00%(upstream:short)%00%(objectname)%00%(upstream:track)%00%(upstream:remotename)%00%(upstream:remoteref) refs/heads/master refs/remotes/master [22ms]
2024-10-12 20:02:49.104 [warning] [Git][getBranch] No such branch: master
2024-10-12 20:02:49.155 [info] > git rev-parse --show-toplevel [54ms]
2024-10-12 20:02:49.155 [info] fatal: not a git repository (or any of the parent directories): .git
2024-10-12 20:02:49.215 [info] > git for-each-ref --sort -committerdate --format %(refname) %(objectname) %(*objectname) [67ms]
2024-10-12 20:02:49.250 [info] > git rev-parse --show-toplevel [36ms]
2024-10-12 20:02:49.250 [info] fatal: not a git repository (or any parent up to mount point /)
Stopping at filesystem boundary (GIT_DISCOVERY_ACROSS_FILESYSTEM not set).
2024-10-12 20:02:49.283 [info] > git rev-parse --show-toplevel [6ms]
2024-10-12 20:02:49.283 [info] fatal: not a git repository (or any of the parent directories): .git
2024-10-12 20:02:49.303 [info] > git rev-parse --show-toplevel [3ms]
2024-10-12 20:02:49.303 [info] fatal: not a git repository (or any of the parent directories): .git
2024-10-12 20:02:49.330 [info] > git rev-parse --show-toplevel [2ms]
2024-10-12 20:02:49.330 [info] fatal: not a git repository (or any of the parent directories): .git
2024-10-12 20:02:49.335 [info] [Model][doInitialScan] Initial repository scan completed - repositories (1), closed repositories (0), parent repositories (0), unsafe repositories (0)
2024-10-12 20:02:49.787 [info] > git check-ignore -v -z --stdin [23ms]
2024-10-12 20:02:52.356 [info] > git status -z -uall [3237ms] (cancelled)
2024-10-12 20:21:19.722 [info] > git for-each-ref --format=%(refname)%00%(upstream:short)%00%(objectname)%00%(upstream:track)%00%(upstream:remotename)%00%(upstream:remoteref) refs/heads/master refs/remotes/master [9577ms]
2024-10-12 20:21:19.725 [warning] [Git][getBranch] No such branch: master
2024-10-12 20:21:19.738 [error] [GitHistoryProvider][resolveHEADMergeBase] Failed to resolve merge base for master: Error: No such branch: master.
2024-10-12 20:21:20.551 [info] > git config --get commit.template [844ms]
2024-10-12 20:21:20.573 [info] [Git][getRemotes] No remotes found in the git config file
2024-10-12 20:21:20.575 [info] > git for-each-ref --format=%(refname)%00%(upstream:short)%00%(objectname)%00%(upstream:track)%00%(upstream:remotename)%00%(upstream:remoteref) refs/heads/master refs/remotes/master [3ms]
2024-10-12 20:21:20.580 [warning] [Git][getBranch] No such branch: master
2024-10-12 20:21:20.658 [info] > git for-each-ref --sort -committerdate --format %(refname) %(objectname) %(*objectname) [34ms]
2024-10-12 20:21:35.209 [info] > git status -z -uall [14619ms] (cancelled)
2024-10-13 17:26:33.272 [info] [main] Log level: Info
2024-10-13 17:26:33.274 [info] [main] Validating found git in: "git"
2024-10-13 17:26:33.274 [info] [main] Using git "2.34.1" from "git"
2024-10-13 17:26:33.274 [info] [Model][doInitialScan] Initial repository scan started
2024-10-13 17:26:33.301 [info] > git rev-parse --show-toplevel [100ms]
2024-10-13 17:26:33.301 [info] fatal: not a git repository (or any of the parent directories): .git
2024-10-13 17:26:33.368 [info] > git rev-parse --show-toplevel [27ms]
2024-10-13 17:26:33.368 [info] fatal: not a git repository (or any of the parent directories): .git
2024-10-13 17:26:33.472 [info] > git rev-parse --show-toplevel [10ms]
2024-10-13 17:26:33.472 [info] fatal: not a git repository (or any of the parent directories): .git
2024-10-13 17:26:33.503 [info] > git rev-parse --show-toplevel [3ms]
2024-10-13 17:26:33.503 [info] fatal: not a git repository (or any of the parent directories): .git
2024-10-13 17:26:33.730 [info] > git rev-parse --show-toplevel [208ms]
2024-10-13 17:26:33.730 [info] fatal: not a git repository (or any parent up to mount point /)
Stopping at filesystem boundary (GIT_DISCOVERY_ACROSS_FILESYSTEM not set).
2024-10-13 17:26:33.979 [info] > git rev-parse --show-toplevel [218ms]
2024-10-13 17:26:33.979 [info] fatal: not a git repository (or any of the parent directories): .git
2024-10-13 17:26:34.027 [info] > git rev-parse --show-toplevel [19ms]
2024-10-13 17:26:34.027 [info] fatal: not a git repository (or any of the parent directories): .git
2024-10-13 17:26:34.061 [info] > git rev-parse --show-toplevel [6ms]
2024-10-13 17:26:34.061 [info] fatal: not a git repository (or any of the parent directories): .git
2024-10-13 17:26:34.775 [info] > git rev-parse --show-toplevel [524ms]
2024-10-13 17:26:34.775 [info] fatal: not a git repository (or any of the parent directories): .git
2024-10-13 17:26:35.326 [info] > git rev-parse --show-toplevel [529ms]
2024-10-13 17:26:35.326 [info] fatal: not a git repository (or any of the parent directories): .git
2024-10-13 17:26:35.354 [info] > git rev-parse --show-toplevel [11ms]
2024-10-13 17:26:35.354 [info] fatal: not a git repository (or any of the parent directories): .git
2024-10-13 17:26:35.374 [info] > git rev-parse --show-toplevel [3ms]
2024-10-13 17:26:35.374 [info] fatal: not a git repository (or any parent up to mount point /)
Stopping at filesystem boundary (GIT_DISCOVERY_ACROSS_FILESYSTEM not set).
2024-10-13 17:26:35.481 [info] > git rev-parse --show-toplevel [84ms]
2024-10-13 17:26:35.622 [info] > git rev-parse --git-dir --git-common-dir [18ms]
2024-10-13 17:26:35.672 [info] [Model][openRepository] Opened repository: /root
2024-10-13 17:26:35.805 [info] [Git][getRemotes] No remotes found in the git config file
2024-10-13 17:26:36.167 [info] > git for-each-ref --format=%(refname)%00%(upstream:short)%00%(objectname)%00%(upstream:track)%00%(upstream:remotename)%00%(upstream:remoteref) refs/heads/master refs/remotes/master [354ms]
2024-10-13 17:26:36.168 [warning] [Git][getBranch] No such branch: master
2024-10-13 17:26:36.169 [info] > git config --get commit.template [468ms]
2024-10-13 17:26:36.197 [info] > git rev-parse --show-toplevel [443ms]
2024-10-13 17:26:36.199 [info] fatal: not a git repository (or any parent up to mount point /)
Stopping at filesystem boundary (GIT_DISCOVERY_ACROSS_FILESYSTEM not set).
2024-10-13 17:26:36.230 [info] > git for-each-ref --sort -committerdate --format %(refname) %(objectname) %(*objectname) [34ms]
2024-10-13 17:26:36.249 [info] > git rev-parse --show-toplevel [23ms]
2024-10-13 17:26:36.249 [info] fatal: not a git repository (or any of the parent directories): .git
2024-10-13 17:26:36.285 [info] > git rev-parse --show-toplevel [18ms]
2024-10-13 17:26:36.285 [info] fatal: not a git repository (or any of the parent directories): .git
2024-10-13 17:26:36.327 [info] > git rev-parse --show-toplevel [23ms]
2024-10-13 17:26:36.327 [info] fatal: not a git repository (or any parent up to mount point /)
Stopping at filesystem boundary (GIT_DISCOVERY_ACROSS_FILESYSTEM not set).
2024-10-13 17:26:36.776 [info] > git rev-parse --show-toplevel [430ms]
2024-10-13 17:26:36.776 [info] fatal: not a git repository (or any of the parent directories): .git
2024-10-13 17:26:36.811 [info] > git check-ignore -v -z --stdin [42ms]
2024-10-13 17:26:36.815 [info] > git rev-parse --show-toplevel [10ms]
2024-10-13 17:26:36.815 [info] fatal: not a git repository (or any of the parent directories): .git
2024-10-13 17:26:36.861 [info] > git rev-parse --show-toplevel [4ms]
2024-10-13 17:26:36.861 [info] fatal: not a git repository (or any of the parent directories): .git
2024-10-13 17:26:36.893 [info] [Model][doInitialScan] Initial repository scan completed - repositories (1), closed repositories (0), parent repositories (0), unsafe repositories (0)
2024-10-13 17:26:44.594 [info] > git status -z -uall [8418ms] (cancelled)
