0 verbose cli [ '/usr/bin/node', '/usr/bin/npm', 'cache', 'clean', '--force' ]
1 info using npm@8.5.1
2 info using node@v12.22.9
3 timing npm:load:whichnode Completed in 0ms
4 timing config:load:defaults Completed in 4ms
5 timing config:load:file:/usr/share/nodejs/npm/npmrc Completed in 6ms
6 timing config:load:builtin Completed in 7ms
7 timing config:load:cli Completed in 7ms
8 timing config:load:env Completed in 1ms
9 timing config:load:file:/mnt/c/Users/OvieBluecode/Documents/devops-stage-2-HNG/frontend/.npmrc Completed in 1ms
10 timing config:load:project Completed in 13ms
11 timing config:load:file:/root/.npmrc Completed in 0ms
12 timing config:load:user Completed in 0ms
13 timing config:load:file:/etc/npmrc Completed in 0ms
14 timing config:load:global Completed in 1ms
15 timing config:load:validate Completed in 1ms
16 timing config:load:credentials Completed in 4ms
17 timing config:load:setEnvs Completed in 2ms
18 timing config:load Completed in 41ms
19 timing npm:load:configload Completed in 43ms
20 timing npm:load:setTitle Completed in 1ms
21 timing config:load:flatten Completed in 7ms
22 timing npm:load:display Completed in 19ms
23 verbose logfile /root/.npm/_logs/2024-09-26T23_29_16_227Z-debug-0.log
24 timing npm:load:logFile Completed in 20ms
25 timing npm:load:timers Completed in 0ms
26 timing npm:load:configScope Completed in 0ms
27 warn using --force Recommended protections disabled.
28 timing npm:load Completed in 88ms
29 silly logfile start cleaning logs, removing 1 files
30 timing command:cache Completed in 687ms
31 verbose exit 0
32 timing npm Completed in 1006ms
33 info ok
