0 verbose cli [ '/usr/bin/node', '/usr/bin/npm', 'cache', 'clean', '--force' ]
1 info using npm@8.5.1
2 info using node@v12.22.9
3 timing npm:load:whichnode Completed in 0ms
4 timing config:load:defaults Completed in 3ms
5 timing config:load:file:/usr/share/nodejs/npm/npmrc Completed in 3ms
6 timing config:load:builtin Completed in 4ms
7 timing config:load:cli Completed in 2ms
8 timing config:load:env Completed in 0ms
9 timing config:load:file:/mnt/c/Users/OvieBluecode/Documents/devops-stage-2-HNG/frontend/.npmrc Completed in 1ms
10 timing config:load:project Completed in 11ms
11 timing config:load:file:/root/.npmrc Completed in 0ms
12 timing config:load:user Completed in 0ms
13 timing config:load:file:/etc/npmrc Completed in 0ms
14 timing config:load:global Completed in 1ms
15 timing config:load:validate Completed in 0ms
16 timing config:load:credentials Completed in 1ms
17 timing config:load:setEnvs Completed in 1ms
18 timing config:load Completed in 24ms
19 timing npm:load:configload Completed in 24ms
20 timing npm:load:setTitle Completed in 1ms
21 timing config:load:flatten Completed in 4ms
22 timing npm:load:display Completed in 7ms
23 verbose logfile /root/.npm/_logs/2024-09-26T23_31_16_057Z-debug-0.log
24 timing npm:load:logFile Completed in 12ms
25 timing npm:load:timers Completed in 0ms
26 timing npm:load:configScope Completed in 0ms
27 warn using --force Recommended protections disabled.
28 timing npm:load Completed in 52ms
29 silly logfile start cleaning logs, removing 1 files
30 timing command:cache Completed in 1218ms
31 verbose exit 0
32 timing npm Completed in 1582ms
33 info ok
