2024-10-14 11:02:06.845 [info] Extension host with pid 228064 started
2024-10-14 11:02:06.978 [info] ExtensionService#_doActivateExtension vscode.emmet, startup: false, activationEvent: 'onLanguage'
2024-10-14 11:02:06.981 [info] ExtensionService#_doActivateExtension ms-python.python, startup: false, activationEvent: 'onLanguage:python', root cause: ms-python.debugpy
2024-10-14 11:02:08.811 [info] ExtensionService#_doActivateExtension vscode.git-base, startup: true, activationEvent: '*', root cause: vscode.git
2024-10-14 11:02:08.878 [info] Lock '/root/.vscode-server/data/User/workspaceStorage/004e33f01e5b915cdd99a687c3386a27/vscode.lock': Lock acquired.
2024-10-14 11:02:09.329 [info] ExtensionService#_doActivateExtension vscode.git, startup: true, activationEvent: '*'
2024-10-14 11:02:09.330 [info] ExtensionService#_doActivateExtension vscode.github, startup: true, activationEvent: '*'
2024-10-14 11:02:10.743 [info] Eager extensions activated
2024-10-14 11:02:10.744 [info] ExtensionService#_doActivateExtension vscode.debug-auto-launch, startup: false, activationEvent: 'onStartupFinished'
2024-10-14 11:02:10.753 [info] ExtensionService#_doActivateExtension vscode.merge-conflict, startup: false, activationEvent: 'onStartupFinished'
2024-10-14 11:02:11.742 [info] ExtensionService#_doActivateExtension ms-python.debugpy, startup: false, activationEvent: 'onLanguage:python'
2024-10-14 11:02:11.743 [info] ExtensionService#_doActivateExtension ms-python.vscode-pylance, startup: false, activationEvent: 'onLanguage:python'
2024-10-14 16:54:29.168 [warning] [Decorations] CAPPING events from decorations provider vscode.git 10001
2024-10-14 16:54:41.849 [warning] [Decorations] CAPPING events from decorations provider vscode.git 10001
2024-10-14 16:55:01.560 [info] ExtensionService#_doActivateExtension vscode.debug-server-ready, startup: false, activationEvent: 'onDebugResolve'
2024-10-14 16:55:10.956 [error] Error: Invalid debug adapter
    at j2t.p (vscode-file://vscode-app/c:/Users/OvieBluecode/AppData/Local/Programs/Microsoft%20VS%20Code/resources/app/out/vs/workbench/workbench.desktop.main.js:619:95)
    at j2t.$acceptDAExit (vscode-file://vscode-app/c:/Users/OvieBluecode/AppData/Local/Programs/Microsoft%20VS%20Code/resources/app/out/vs/workbench/workbench.desktop.main.js:619:35)
    at qlt.S (vscode-file://vscode-app/c:/Users/OvieBluecode/AppData/Local/Programs/Microsoft%20VS%20Code/resources/app/out/vs/workbench/workbench.desktop.main.js:3108:41756)
    at qlt.Q (vscode-file://vscode-app/c:/Users/OvieBluecode/AppData/Local/Programs/Microsoft%20VS%20Code/resources/app/out/vs/workbench/workbench.desktop.main.js:3108:41534)
    at qlt.M (vscode-file://vscode-app/c:/Users/OvieBluecode/AppData/Local/Programs/Microsoft%20VS%20Code/resources/app/out/vs/workbench/workbench.desktop.main.js:3108:40622)
    at qlt.L (vscode-file://vscode-app/c:/Users/OvieBluecode/AppData/Local/Programs/Microsoft%20VS%20Code/resources/app/out/vs/workbench/workbench.desktop.main.js:3108:39859)
    at NQ.value (vscode-file://vscode-app/c:/Users/OvieBluecode/AppData/Local/Programs/Microsoft%20VS%20Code/resources/app/out/vs/workbench/workbench.desktop.main.js:3108:38520)
    at x.B (vscode-file://vscode-app/c:/Users/OvieBluecode/AppData/Local/Programs/Microsoft%20VS%20Code/resources/app/out/vs/workbench/workbench.desktop.main.js:30:733)
    at x.fire (vscode-file://vscode-app/c:/Users/OvieBluecode/AppData/Local/Programs/Microsoft%20VS%20Code/resources/app/out/vs/workbench/workbench.desktop.main.js:30:951)
    at r6.fire (vscode-file://vscode-app/c:/Users/OvieBluecode/AppData/Local/Programs/Microsoft%20VS%20Code/resources/app/out/vs/workbench/workbench.desktop.main.js:634:10283)
    at OUi.A (vscode-file://vscode-app/c:/Users/OvieBluecode/AppData/Local/Programs/Microsoft%20VS%20Code/resources/app/out/vs/workbench/workbench.desktop.main.js:634:13408)
    at NQ.value (vscode-file://vscode-app/c:/Users/OvieBluecode/AppData/Local/Programs/Microsoft%20VS%20Code/resources/app/out/vs/workbench/workbench.desktop.main.js:634:12809)
    at x.B (vscode-file://vscode-app/c:/Users/OvieBluecode/AppData/Local/Programs/Microsoft%20VS%20Code/resources/app/out/vs/workbench/workbench.desktop.main.js:30:733)
    at x.fire (vscode-file://vscode-app/c:/Users/OvieBluecode/AppData/Local/Programs/Microsoft%20VS%20Code/resources/app/out/vs/workbench/workbench.desktop.main.js:30:951)
    at GFe.acceptChunk (vscode-file://vscode-app/c:/Users/OvieBluecode/AppData/Local/Programs/Microsoft%20VS%20Code/resources/app/out/vs/workbench/workbench.desktop.main.js:634:8070)
    at vscode-file://vscode-app/c:/Users/OvieBluecode/AppData/Local/Programs/Microsoft%20VS%20Code/resources/app/out/vs/workbench/workbench.desktop.main.js:634:7355
    at NQ.value (vscode-file://vscode-app/c:/Users/OvieBluecode/AppData/Local/Programs/Microsoft%20VS%20Code/resources/app/out/vs/workbench/workbench.desktop.main.js:3072:95815)
    at x.B (vscode-file://vscode-app/c:/Users/OvieBluecode/AppData/Local/Programs/Microsoft%20VS%20Code/resources/app/out/vs/workbench/workbench.desktop.main.js:30:733)
    at x.fire (vscode-file://vscode-app/c:/Users/OvieBluecode/AppData/Local/Programs/Microsoft%20VS%20Code/resources/app/out/vs/workbench/workbench.desktop.main.js:30:951)
    at FMs.j.onload (vscode-file://vscode-app/c:/Users/OvieBluecode/AppData/Local/Programs/Microsoft%20VS%20Code/resources/app/out/vs/workbench/workbench.desktop.main.js:3072:94307)
2024-10-14 17:14:31.990 [info] Extension host terminating: received terminate message from renderer
2024-10-14 17:14:32.183 [info] Lock '/root/.vscode-server/data/User/workspaceStorage/004e33f01e5b915cdd99a687c3386a27/vscode.lock': Marking the lockfile as scheduled to be released in 6000 ms.
