2024-10-18 08:58:36.001 [info] Name: Python Debugger
2024-10-18 08:58:36.001 [info] Module: debugpy
2024-10-18 09:00:49.854 [info] Resolving launch configuration with substituted variables
2024-10-18 09:00:49.877 [info] DAP Server launched with command: /bin/python3 /root/.vscode-server/extensions/ms-python.debugpy-2024.10.0-linux-x64/bundled/libs/debugpy/adapter
2024-10-18 09:00:50.242 [info] Received 'debugpySockets' event from debugpy.
2024-10-18 09:00:50.255 [info] Received 'debugpySockets' event from debugpy.
2024-10-18 09:00:50.255 [info] Received 'debugpySockets' event from debugpy.
2024-10-18 09:00:51.596 [info] Received 'debugpySockets' event from debugpy.
2024-10-18 09:00:51.855 [info] Received 'debugpySockets' event from debugpy.
2024-10-18 09:00:52.234 [info] Received 'debugpySockets' event from debugpy.
2024-10-18 09:05:49.960 [info] Resolving launch configuration with substituted variables
2024-10-18 09:05:49.981 [info] DAP Server launched with command: /bin/python3 /root/.vscode-server/extensions/ms-python.debugpy-2024.10.0-linux-x64/bundled/libs/debugpy/adapter
2024-10-18 09:05:50.337 [info] Received 'debugpySockets' event from debugpy.
2024-10-18 09:05:50.349 [info] Received 'debugpySockets' event from debugpy.
2024-10-18 09:05:50.349 [info] Received 'debugpySockets' event from debugpy.
2024-10-18 09:05:50.919 [info] Received 'debugpySockets' event from debugpy.
2024-10-18 09:05:51.423 [info] Received 'debugpySockets' event from debugpy.
2024-10-18 09:05:51.434 [info] Received 'debugpySockets' event from debugpy.
2024-10-18 09:56:15.776 [info] Resolving launch configuration with substituted variables
2024-10-18 09:56:15.877 [info] DAP Server launched with command: /bin/python3 /root/.vscode-server/extensions/ms-python.debugpy-2024.10.0-linux-x64/bundled/libs/debugpy/adapter
2024-10-18 09:56:16.300 [info] Received 'debugpySockets' event from debugpy.
2024-10-18 09:56:16.307 [info] Received 'debugpySockets' event from debugpy.
2024-10-18 09:56:16.307 [info] Received 'debugpySockets' event from debugpy.
2024-10-18 09:56:16.959 [info] Received 'debugpySockets' event from debugpy.
2024-10-18 09:56:17.553 [info] Received 'debugpySockets' event from debugpy.
2024-10-18 09:56:17.585 [info] Received 'debugpySockets' event from debugpy.
