2024-10-14 11:02:15.095 [info] [main] Log level: Info
2024-10-14 11:02:15.095 [info] [main] Validating found git in: "git"
2024-10-14 11:02:15.095 [info] [main] Using git "2.34.1" from "git"
2024-10-14 11:02:15.095 [info] [Model][doInitialScan] Initial repository scan started
2024-10-14 11:02:15.095 [info] > git rev-parse --show-toplevel [406ms]
2024-10-14 11:02:15.096 [info] fatal: not a git repository (or any of the parent directories): .git
2024-10-14 11:02:15.096 [info] > git rev-parse --show-toplevel [23ms]
2024-10-14 11:02:15.096 [info] fatal: not a git repository (or any of the parent directories): .git
2024-10-14 11:02:16.096 [info] > git rev-parse --show-toplevel [26ms]
2024-10-14 11:02:16.096 [info] fatal: not a git repository (or any of the parent directories): .git
2024-10-14 11:02:16.116 [info] > git rev-parse --show-toplevel [2ms]
2024-10-14 11:02:16.116 [info] fatal: not a git repository (or any of the parent directories): .git
2024-10-14 11:02:16.137 [info] > git rev-parse --show-toplevel [2ms]
2024-10-14 11:02:16.137 [info] fatal: not a git repository (or any parent up to mount point /)
Stopping at filesystem boundary (GIT_DISCOVERY_ACROSS_FILESYSTEM not set).
2024-10-14 11:02:16.180 [info] > git rev-parse --show-toplevel [32ms]
2024-10-14 11:02:16.180 [info] fatal: not a git repository (or any of the parent directories): .git
2024-10-14 11:02:16.208 [info] > git rev-parse --show-toplevel [2ms]
2024-10-14 11:02:16.208 [info] fatal: not a git repository (or any of the parent directories): .git
2024-10-14 11:02:16.226 [info] > git rev-parse --show-toplevel [11ms]
2024-10-14 11:02:16.226 [info] fatal: not a git repository (or any of the parent directories): .git
2024-10-14 11:02:16.238 [info] > git rev-parse --show-toplevel [2ms]
2024-10-14 11:02:16.238 [info] fatal: not a git repository (or any of the parent directories): .git
2024-10-14 11:02:16.256 [info] > git rev-parse --show-toplevel [5ms]
2024-10-14 11:02:16.256 [info] fatal: not a git repository (or any of the parent directories): .git
2024-10-14 11:02:16.275 [info] > git rev-parse --show-toplevel [3ms]
2024-10-14 11:02:16.275 [info] fatal: not a git repository (or any of the parent directories): .git
2024-10-14 11:02:16.322 [info] > git rev-parse --show-toplevel [28ms]
2024-10-14 11:02:16.322 [info] fatal: not a git repository (or any parent up to mount point /)
Stopping at filesystem boundary (GIT_DISCOVERY_ACROSS_FILESYSTEM not set).
2024-10-14 11:02:16.334 [info] > git rev-parse --show-toplevel [4ms]
2024-10-14 11:02:16.347 [info] > git rev-parse --git-dir --git-common-dir [4ms]
2024-10-14 11:02:16.396 [info] [Model][openRepository] Opened repository: /root
2024-10-14 11:02:16.449 [info] > git config --get commit.template [19ms]
2024-10-14 11:02:16.483 [info] [Git][getRemotes] No remotes found in the git config file
2024-10-14 11:02:16.484 [info] > git rev-parse --show-toplevel [45ms]
2024-10-14 11:02:16.484 [info] fatal: not a git repository (or any parent up to mount point /)
Stopping at filesystem boundary (GIT_DISCOVERY_ACROSS_FILESYSTEM not set).
2024-10-14 11:02:16.528 [info] > git rev-parse --show-toplevel [26ms]
2024-10-14 11:02:16.528 [info] fatal: not a git repository (or any of the parent directories): .git
2024-10-14 11:02:16.528 [info] > git for-each-ref --format=%(refname)%00%(upstream:short)%00%(objectname)%00%(upstream:track)%00%(upstream:remotename)%00%(upstream:remoteref) refs/heads/master refs/remotes/master [58ms]
2024-10-14 11:02:16.529 [warning] [Git][getBranch] No such branch: master
2024-10-14 11:02:16.599 [info] > git for-each-ref --sort -committerdate --format %(refname) %(objectname) %(*objectname) [22ms]
2024-10-14 11:02:16.617 [info] > git rev-parse --show-toplevel [20ms]
2024-10-14 11:02:16.617 [info] fatal: not a git repository (or any of the parent directories): .git
2024-10-14 11:02:16.640 [info] > git rev-parse --show-toplevel [12ms]
2024-10-14 11:02:16.640 [info] fatal: not a git repository (or any parent up to mount point /)
Stopping at filesystem boundary (GIT_DISCOVERY_ACROSS_FILESYSTEM not set).
2024-10-14 11:02:16.680 [info] > git rev-parse --show-toplevel [17ms]
2024-10-14 11:02:16.680 [info] fatal: not a git repository (or any of the parent directories): .git
2024-10-14 11:02:16.718 [info] > git rev-parse --show-toplevel [19ms]
2024-10-14 11:02:16.718 [info] fatal: not a git repository (or any of the parent directories): .git
2024-10-14 11:02:16.757 [info] > git rev-parse --show-toplevel [19ms]
2024-10-14 11:02:16.757 [info] fatal: not a git repository (or any of the parent directories): .git
2024-10-14 11:02:16.775 [info] [Model][doInitialScan] Initial repository scan completed - repositories (1), closed repositories (0), parent repositories (0), unsafe repositories (0)
2024-10-14 11:02:17.887 [info] > git check-ignore -v -z --stdin [458ms]
2024-10-14 11:02:20.715 [info] > git status -z -uall [4166ms] (cancelled)
2024-10-14 16:54:35.877 [info] > git for-each-ref --format=%(refname)%00%(upstream:short)%00%(objectname)%00%(upstream:track)%00%(upstream:remotename)%00%(upstream:remoteref) refs/heads/master refs/remotes/master [6452ms]
2024-10-14 16:54:35.891 [warning] [Git][getBranch] No such branch: master
2024-10-14 16:54:35.908 [error] [GitHistoryProvider][resolveHEADMergeBase] Failed to resolve merge base for master: Error: No such branch: master.
2024-10-14 16:54:36.594 [info] > git config --get commit.template [748ms]
2024-10-14 16:54:36.619 [info] [Git][getRemotes] No remotes found in the git config file
2024-10-14 16:54:36.641 [info] > git for-each-ref --format=%(refname)%00%(upstream:short)%00%(objectname)%00%(upstream:track)%00%(upstream:remotename)%00%(upstream:remoteref) refs/heads/master refs/remotes/master [23ms]
2024-10-14 16:54:36.641 [warning] [Git][getBranch] No such branch: master
2024-10-14 16:54:36.736 [info] > git for-each-ref --sort -committerdate --format %(refname) %(objectname) %(*objectname) [27ms]
2024-10-14 16:55:01.250 [info] > git status -z -uall [24593ms] (cancelled)
