2024-10-12 15:24:35.421 [info] Name: Python Debugger
2024-10-12 15:24:35.421 [info] Module: debugpy
2024-10-12 15:34:44.623 [info] Resolving launch configuration with substituted variables
2024-10-12 15:35:03.130 [info] DAP Server launched with command: /bin/python3 /root/.vscode-server/extensions/ms-python.debugpy-2024.10.0-linux-x64/bundled/libs/debugpy/adapter
2024-10-12 15:35:03.958 [info] Received 'debugpySockets' event from debugpy.
2024-10-12 15:35:03.967 [info] Received 'debugpySockets' event from debugpy.
2024-10-12 15:35:03.968 [info] Received 'debugpySockets' event from debugpy.
2024-10-12 15:35:06.159 [info] Received 'debugpySockets' event from debugpy.
2024-10-12 15:35:06.307 [info] Received 'debugpySockets' event from debugpy.
2024-10-12 15:35:06.331 [info] Received 'debugpySockets' event from debugpy.
2024-10-12 15:43:10.367 [info] Resolving launch configuration with substituted variables
2024-10-12 15:43:10.425 [info] DAP Server launched with command: /bin/python3 /root/.vscode-server/extensions/ms-python.debugpy-2024.10.0-linux-x64/bundled/libs/debugpy/adapter
2024-10-12 15:43:10.812 [info] Received 'debugpySockets' event from debugpy.
2024-10-12 15:43:10.817 [info] Received 'debugpySockets' event from debugpy.
2024-10-12 15:43:10.821 [info] Received 'debugpySockets' event from debugpy.
2024-10-12 15:43:11.437 [info] Received 'debugpySockets' event from debugpy.
2024-10-12 15:43:17.474 [info] Received 'debugpySockets' event from debugpy.
2024-10-12 15:43:17.498 [info] Received 'debugpySockets' event from debugpy.
2024-10-12 19:13:32.522 [info] Resolving launch configuration with substituted variables
2024-10-12 19:13:32.567 [info] DAP Server launched with command: /bin/python3 /root/.vscode-server/extensions/ms-python.debugpy-2024.10.0-linux-x64/bundled/libs/debugpy/adapter
2024-10-12 19:13:33.486 [info] Received 'debugpySockets' event from debugpy.
2024-10-12 19:13:33.501 [info] Received 'debugpySockets' event from debugpy.
2024-10-12 19:13:33.502 [info] Received 'debugpySockets' event from debugpy.
2024-10-12 19:13:34.348 [info] Received 'debugpySockets' event from debugpy.
2024-10-12 19:13:57.887 [info] Received 'debugpySockets' event from debugpy.
2024-10-12 19:13:57.899 [info] Received 'debugpySockets' event from debugpy.
2024-10-12 19:14:32.149 [info] Resolving launch configuration with substituted variables
2024-10-12 19:14:32.170 [info] DAP Server launched with command: /bin/python3 /root/.vscode-server/extensions/ms-python.debugpy-2024.10.0-linux-x64/bundled/libs/debugpy/adapter
2024-10-12 19:14:32.746 [info] Received 'debugpySockets' event from debugpy.
2024-10-12 19:14:32.759 [info] Received 'debugpySockets' event from debugpy.
2024-10-12 19:14:32.759 [info] Received 'debugpySockets' event from debugpy.
2024-10-12 19:14:33.538 [info] Received 'debugpySockets' event from debugpy.
2024-10-12 19:14:34.107 [info] Received 'debugpySockets' event from debugpy.
2024-10-12 19:14:34.122 [info] Received 'debugpySockets' event from debugpy.
2024-10-12 19:14:52.126 [info] Resolving launch configuration with substituted variables
2024-10-12 19:14:52.245 [info] DAP Server launched with command: /bin/python3 /root/.vscode-server/extensions/ms-python.debugpy-2024.10.0-linux-x64/bundled/libs/debugpy/adapter
2024-10-12 19:14:52.797 [info] Received 'debugpySockets' event from debugpy.
2024-10-12 19:14:52.808 [info] Received 'debugpySockets' event from debugpy.
2024-10-12 19:14:52.808 [info] Received 'debugpySockets' event from debugpy.
2024-10-12 19:14:53.642 [info] Received 'debugpySockets' event from debugpy.
2024-10-12 19:14:54.012 [info] Received 'debugpySockets' event from debugpy.
2024-10-12 19:14:54.023 [info] Received 'debugpySockets' event from debugpy.
2024-10-12 19:16:42.251 [info] Resolving launch configuration with substituted variables
2024-10-12 19:16:42.427 [info] DAP Server launched with command: /bin/python3 /root/.vscode-server/extensions/ms-python.debugpy-2024.10.0-linux-x64/bundled/libs/debugpy/adapter
2024-10-12 19:16:43.661 [info] Received 'debugpySockets' event from debugpy.
2024-10-12 19:16:43.761 [info] Received 'debugpySockets' event from debugpy.
2024-10-12 19:16:43.773 [info] Received 'debugpySockets' event from debugpy.
2024-10-12 19:16:45.159 [info] Received 'debugpySockets' event from debugpy.
2024-10-12 19:16:45.166 [info] Received 'debugpySockets' event from debugpy.
2024-10-12 19:16:45.225 [info] Received 'debugpySockets' event from debugpy.
2024-10-12 19:18:50.578 [info] Resolving launch configuration with substituted variables
2024-10-12 19:18:50.653 [info] DAP Server launched with command: /bin/python3 /root/.vscode-server/extensions/ms-python.debugpy-2024.10.0-linux-x64/bundled/libs/debugpy/adapter
2024-10-12 19:18:52.399 [info] Received 'debugpySockets' event from debugpy.
2024-10-12 19:18:52.418 [info] Received 'debugpySockets' event from debugpy.
2024-10-12 19:18:52.418 [info] Received 'debugpySockets' event from debugpy.
2024-10-12 19:18:54.045 [info] Received 'debugpySockets' event from debugpy.
2024-10-12 19:18:54.104 [info] Received 'debugpySockets' event from debugpy.
2024-10-12 19:18:54.225 [info] Received 'debugpySockets' event from debugpy.
2024-10-12 19:48:45.527 [info] Resolving launch configuration with substituted variables
2024-10-12 19:48:45.791 [info] DAP Server launched with command: /bin/python3 /root/.vscode-server/extensions/ms-python.debugpy-2024.10.0-linux-x64/bundled/libs/debugpy/adapter
2024-10-12 19:48:48.914 [info] Received 'debugpySockets' event from debugpy.
2024-10-12 19:48:49.011 [info] Received 'debugpySockets' event from debugpy.
2024-10-12 19:48:49.100 [info] Received 'debugpySockets' event from debugpy.
2024-10-12 19:48:52.562 [info] Received 'debugpySockets' event from debugpy.
2024-10-12 19:48:56.559 [info] Received 'debugpySockets' event from debugpy.
2024-10-12 19:48:56.635 [info] Received 'debugpySockets' event from debugpy.
2024-10-12 19:49:04.390 [info] Resolving launch configuration with substituted variables
2024-10-12 19:49:04.478 [info] DAP Server launched with command: /bin/python3 /root/.vscode-server/extensions/ms-python.debugpy-2024.10.0-linux-x64/bundled/libs/debugpy/adapter
2024-10-12 19:49:07.481 [info] Received 'debugpySockets' event from debugpy.
2024-10-12 19:49:07.504 [info] Received 'debugpySockets' event from debugpy.
2024-10-12 19:49:07.600 [info] Received 'debugpySockets' event from debugpy.
2024-10-12 19:49:11.432 [info] Received 'debugpySockets' event from debugpy.
2024-10-12 19:49:11.735 [info] Received 'debugpySockets' event from debugpy.
2024-10-12 19:49:11.750 [info] Received 'debugpySockets' event from debugpy.
2024-10-12 19:49:30.299 [info] Resolving launch configuration with substituted variables
2024-10-12 19:49:30.358 [info] DAP Server launched with command: /bin/python3 /root/.vscode-server/extensions/ms-python.debugpy-2024.10.0-linux-x64/bundled/libs/debugpy/adapter
2024-10-12 19:49:33.659 [info] Received 'debugpySockets' event from debugpy.
2024-10-12 19:49:33.717 [info] Received 'debugpySockets' event from debugpy.
2024-10-12 19:49:33.761 [info] Received 'debugpySockets' event from debugpy.
2024-10-12 19:49:37.373 [info] Received 'debugpySockets' event from debugpy.
2024-10-12 19:49:37.727 [info] Received 'debugpySockets' event from debugpy.
2024-10-12 19:49:37.801 [info] Received 'debugpySockets' event from debugpy.
2024-10-12 19:55:27.711 [info] Resolving launch configuration with substituted variables
2024-10-12 19:55:27.814 [info] DAP Server launched with command: /bin/python3 /root/.vscode-server/extensions/ms-python.debugpy-2024.10.0-linux-x64/bundled/libs/debugpy/adapter
2024-10-12 19:55:31.067 [info] Received 'debugpySockets' event from debugpy.
2024-10-12 19:55:31.750 [info] Received 'debugpySockets' event from debugpy.
2024-10-12 19:55:32.037 [info] Received 'debugpySockets' event from debugpy.
2024-10-12 19:55:39.506 [info] Received 'debugpySockets' event from debugpy.
2024-10-12 19:55:40.530 [info] Received 'debugpySockets' event from debugpy.
2024-10-12 19:55:41.332 [info] Received 'debugpySockets' event from debugpy.
2024-10-12 19:56:20.855 [info] Resolving launch configuration with substituted variables
2024-10-12 19:56:20.967 [info] DAP Server launched with command: /bin/python3 /root/.vscode-server/extensions/ms-python.debugpy-2024.10.0-linux-x64/bundled/libs/debugpy/adapter
2024-10-12 19:56:23.835 [info] Received 'debugpySockets' event from debugpy.
2024-10-12 19:56:24.364 [info] Received 'debugpySockets' event from debugpy.
2024-10-12 19:56:24.365 [info] Received 'debugpySockets' event from debugpy.
2024-10-12 19:56:28.386 [info] Received 'debugpySockets' event from debugpy.
2024-10-12 19:56:28.633 [info] Received 'debugpySockets' event from debugpy.
2024-10-12 19:56:28.653 [info] Received 'debugpySockets' event from debugpy.
2024-10-12 20:02:48.185 [info] Name: Python Debugger
2024-10-12 20:02:48.185 [info] Module: debugpy
2024-10-13 17:26:34.028 [info] Name: Python Debugger
2024-10-13 17:26:34.031 [info] Module: debugpy
