2024-10-09 22:53:41.823 [info] [main] Log level: Info
2024-10-09 22:53:41.823 [info] [main] Validating found git in: "git"
2024-10-09 22:53:42.019 [info] [main] Using git "2.34.1" from "git"
2024-10-09 22:53:42.019 [info] [Model][doInitialScan] Initial repository scan started
2024-10-09 22:53:42.442 [info] > git rev-parse --show-toplevel [244ms]
2024-10-09 22:53:42.442 [info] fatal: not a git repository (or any of the parent directories): .git
2024-10-09 22:53:42.459 [info] > git rev-parse --show-toplevel [12ms]
2024-10-09 22:53:42.459 [info] fatal: not a git repository (or any of the parent directories): .git
2024-10-09 22:53:42.736 [info] > git rev-parse --show-toplevel [2ms]
2024-10-09 22:53:42.736 [info] fatal: not a git repository (or any of the parent directories): .git
2024-10-09 22:53:42.749 [info] > git rev-parse --show-toplevel [10ms]
2024-10-09 22:53:42.749 [info] fatal: not a git repository (or any of the parent directories): .git
2024-10-09 22:53:42.756 [info] > git rev-parse --show-toplevel [2ms]
2024-10-09 22:53:42.756 [info] fatal: not a git repository (or any parent up to mount point /)
Stopping at filesystem boundary (GIT_DISCOVERY_ACROSS_FILESYSTEM not set).
2024-10-09 22:53:42.768 [info] > git rev-parse --show-toplevel [1ms]
2024-10-09 22:53:42.768 [info] fatal: not a git repository (or any of the parent directories): .git
2024-10-09 22:53:42.774 [info] > git rev-parse --show-toplevel [1ms]
2024-10-09 22:53:42.774 [info] fatal: not a git repository (or any of the parent directories): .git
2024-10-09 22:53:42.787 [info] > git rev-parse --show-toplevel [1ms]
2024-10-09 22:53:42.787 [info] fatal: not a git repository (or any of the parent directories): .git
2024-10-09 22:53:42.800 [info] > git rev-parse --show-toplevel [10ms]
2024-10-09 22:53:42.800 [info] fatal: not a git repository (or any of the parent directories): .git
2024-10-09 22:53:42.806 [info] > git rev-parse --show-toplevel [1ms]
2024-10-09 22:53:42.806 [info] fatal: not a git repository (or any of the parent directories): .git
2024-10-09 22:53:42.817 [info] > git rev-parse --show-toplevel [8ms]
2024-10-09 22:53:42.817 [info] fatal: not a git repository (or any of the parent directories): .git
2024-10-09 22:53:42.832 [info] > git rev-parse --show-toplevel [1ms]
2024-10-09 22:53:42.832 [info] fatal: not a git repository (or any parent up to mount point /)
Stopping at filesystem boundary (GIT_DISCOVERY_ACROSS_FILESYSTEM not set).
2024-10-09 22:53:42.864 [info] > git rev-parse --show-toplevel [28ms]
2024-10-09 22:53:42.870 [info] > git rev-parse --git-dir --git-common-dir [2ms]
2024-10-09 22:53:42.947 [info] [Model][openRepository] Opened repository: /root
2024-10-09 22:53:42.984 [info] [Git][getRemotes] No remotes found in the git config file
2024-10-09 22:53:42.985 [info] > git rev-parse --show-toplevel [17ms]
2024-10-09 22:53:42.986 [info] fatal: not a git repository (or any parent up to mount point /)
Stopping at filesystem boundary (GIT_DISCOVERY_ACROSS_FILESYSTEM not set).
2024-10-09 22:53:43.001 [info] > git rev-parse --show-toplevel [2ms]
2024-10-09 22:53:43.001 [info] fatal: not a git repository (or any of the parent directories): .git
2024-10-09 22:53:43.002 [info] > git config --get commit.template [38ms]
2024-10-09 22:53:43.144 [info] > git for-each-ref --format=%(refname)%00%(upstream:short)%00%(objectname)%00%(upstream:track)%00%(upstream:remotename)%00%(upstream:remoteref) refs/heads/master refs/remotes/master [161ms]
2024-10-09 22:53:43.145 [warning] [Git][getBranch] No such branch: master
2024-10-09 22:53:43.160 [info] > git rev-parse --show-toplevel [146ms]
2024-10-09 22:53:43.160 [info] fatal: not a git repository (or any of the parent directories): .git
2024-10-09 22:53:43.257 [info] > git rev-parse --show-toplevel [1ms]
2024-10-09 22:53:43.257 [info] fatal: not a git repository (or any parent up to mount point /)
Stopping at filesystem boundary (GIT_DISCOVERY_ACROSS_FILESYSTEM not set).
2024-10-09 22:53:43.267 [info] > git rev-parse --show-toplevel [2ms]
2024-10-09 22:53:43.267 [info] fatal: not a git repository (or any of the parent directories): .git
2024-10-09 22:53:43.279 [info] > git rev-parse --show-toplevel [8ms]
2024-10-09 22:53:43.280 [info] fatal: not a git repository (or any of the parent directories): .git
2024-10-09 22:53:43.296 [info] > git rev-parse --show-toplevel [13ms]
2024-10-09 22:53:43.296 [info] fatal: not a git repository (or any of the parent directories): .git
2024-10-09 22:53:43.314 [info] [Model][doInitialScan] Initial repository scan completed - repositories (1), closed repositories (0), parent repositories (0), unsafe repositories (0)
2024-10-09 22:53:43.639 [info] > git check-ignore -v -z --stdin [3ms]
2024-10-09 22:54:35.485 [info] > git status -z -uall [52335ms]
2024-10-09 22:54:42.213 [info] > git for-each-ref --format=%(refname)%00%(upstream:short)%00%(objectname)%00%(upstream:track)%00%(upstream:remotename)%00%(upstream:remoteref) refs/heads/master refs/remotes/master [6352ms]
2024-10-09 22:54:42.213 [warning] [Git][getBranch] No such branch: master
2024-10-09 22:54:43.426 [info] > git config --get commit.template [1259ms]
2024-10-09 22:54:43.462 [info] [Git][getRemotes] No remotes found in the git config file
2024-10-09 22:54:43.464 [info] > git for-each-ref --format=%(refname)%00%(upstream:short)%00%(objectname)%00%(upstream:track)%00%(upstream:remotename)%00%(upstream:remoteref) refs/heads/master refs/remotes/master [2ms]
2024-10-09 22:54:43.464 [warning] [Git][getBranch] No such branch: master
2024-10-09 22:54:44.171 [info] > git status -z -uall [696ms]
2024-10-09 22:54:50.201 [info] > git for-each-ref --format=%(refname)%00%(upstream:short)%00%(objectname)%00%(upstream:track)%00%(upstream:remotename)%00%(upstream:remoteref) refs/heads/master refs/remotes/master [5929ms]
2024-10-09 22:54:50.202 [warning] [Git][getBranch] No such branch: master
2024-10-09 22:56:03.423 [info] [Git][getRemotes] No remotes found in the git config file
2024-10-09 22:56:03.425 [info] > git config --get commit.template [16ms]
2024-10-09 22:56:03.426 [info] > git for-each-ref --format=%(refname)%00%(upstream:short)%00%(objectname)%00%(upstream:track)%00%(upstream:remotename)%00%(upstream:remoteref) refs/heads/master refs/remotes/master [5ms]
2024-10-09 22:56:03.426 [warning] [Git][getBranch] No such branch: master
2024-10-09 22:56:04.087 [info] > git status -z -uall [647ms]
2024-10-09 22:56:08.001 [info] > git for-each-ref --format=%(refname)%00%(upstream:short)%00%(objectname)%00%(upstream:track)%00%(upstream:remotename)%00%(upstream:remoteref) refs/heads/master refs/remotes/master [3789ms]
2024-10-09 22:56:08.002 [warning] [Git][getBranch] No such branch: master
2024-10-09 22:56:09.521 [info] [Git][getRemotes] No remotes found in the git config file
2024-10-09 22:56:09.528 [info] > git config --get commit.template [7ms]
2024-10-09 22:56:09.529 [info] > git for-each-ref --format=%(refname)%00%(upstream:short)%00%(objectname)%00%(upstream:track)%00%(upstream:remotename)%00%(upstream:remoteref) refs/heads/master refs/remotes/master [8ms]
2024-10-09 22:56:09.529 [warning] [Git][getBranch] No such branch: master
2024-10-09 22:56:09.863 [info] > git status -z -uall [329ms]
2024-10-09 22:56:13.632 [info] > git for-each-ref --format=%(refname)%00%(upstream:short)%00%(objectname)%00%(upstream:track)%00%(upstream:remotename)%00%(upstream:remoteref) refs/heads/master refs/remotes/master [3705ms]
2024-10-09 22:56:13.632 [warning] [Git][getBranch] No such branch: master
2024-10-09 22:56:14.138 [info] > git check-ignore -v -z --stdin [2ms]
2024-10-09 22:56:18.015 [info] [Git][getRemotes] No remotes found in the git config file
2024-10-09 22:56:18.017 [info] > git config --get commit.template [6ms]
2024-10-09 22:56:18.018 [info] > git for-each-ref --format=%(refname)%00%(upstream:short)%00%(objectname)%00%(upstream:track)%00%(upstream:remotename)%00%(upstream:remoteref) refs/heads/master refs/remotes/master [2ms]
2024-10-09 22:56:18.018 [warning] [Git][getBranch] No such branch: master
2024-10-09 22:56:18.335 [info] > git status -z -uall [312ms]
2024-10-09 22:56:21.563 [info] > git for-each-ref --format=%(refname)%00%(upstream:short)%00%(objectname)%00%(upstream:track)%00%(upstream:remotename)%00%(upstream:remoteref) refs/heads/master refs/remotes/master [3172ms]
2024-10-09 22:56:21.564 [warning] [Git][getBranch] No such branch: master
2024-10-09 22:56:24.722 [info] [Git][getRemotes] No remotes found in the git config file
2024-10-09 22:56:24.726 [info] > git config --get commit.template [6ms]
2024-10-09 22:56:24.728 [info] > git for-each-ref --format=%(refname)%00%(upstream:short)%00%(objectname)%00%(upstream:track)%00%(upstream:remotename)%00%(upstream:remoteref) refs/heads/master refs/remotes/master [7ms]
2024-10-09 22:56:24.729 [warning] [Git][getBranch] No such branch: master
2024-10-09 22:56:24.905 [info] > git status -z -uall [172ms]
2024-10-09 22:56:26.765 [info] > git for-each-ref --format=%(refname)%00%(upstream:short)%00%(objectname)%00%(upstream:track)%00%(upstream:remotename)%00%(upstream:remoteref) refs/heads/master refs/remotes/master [1823ms]
2024-10-09 22:56:26.765 [warning] [Git][getBranch] No such branch: master
2024-10-09 22:56:50.090 [info] [Git][getRemotes] No remotes found in the git config file
2024-10-09 22:56:50.092 [info] > git config --get commit.template [7ms]
2024-10-09 22:56:50.098 [info] > git for-each-ref --format=%(refname)%00%(upstream:short)%00%(objectname)%00%(upstream:track)%00%(upstream:remotename)%00%(upstream:remoteref) refs/heads/master refs/remotes/master [8ms]
2024-10-09 22:56:50.099 [warning] [Git][getBranch] No such branch: master
2024-10-09 22:56:50.605 [info] > git status -z -uall [501ms]
2024-10-09 22:56:52.689 [info] > git for-each-ref --format=%(refname)%00%(upstream:short)%00%(objectname)%00%(upstream:track)%00%(upstream:remotename)%00%(upstream:remoteref) refs/heads/master refs/remotes/master [2015ms]
2024-10-09 22:56:52.690 [warning] [Git][getBranch] No such branch: master
2024-10-09 22:56:55.926 [info] > git config --get commit.template [14ms]
2024-10-09 22:56:55.926 [info] [Git][getRemotes] No remotes found in the git config file
2024-10-09 22:56:55.928 [info] > git for-each-ref --format=%(refname)%00%(upstream:short)%00%(objectname)%00%(upstream:track)%00%(upstream:remotename)%00%(upstream:remoteref) refs/heads/master refs/remotes/master [3ms]
2024-10-09 22:56:55.928 [warning] [Git][getBranch] No such branch: master
2024-10-09 22:56:56.257 [info] > git status -z -uall [324ms]
2024-10-09 22:56:58.123 [info] > git for-each-ref --format=%(refname)%00%(upstream:short)%00%(objectname)%00%(upstream:track)%00%(upstream:remotename)%00%(upstream:remoteref) refs/heads/master refs/remotes/master [1794ms]
2024-10-09 22:56:58.123 [warning] [Git][getBranch] No such branch: master
2024-10-09 22:58:07.353 [info] [Git][getRemotes] No remotes found in the git config file
2024-10-09 22:58:07.359 [info] > git config --get commit.template [10ms]
2024-10-09 22:58:07.359 [info] > git for-each-ref --format=%(refname)%00%(upstream:short)%00%(objectname)%00%(upstream:track)%00%(upstream:remotename)%00%(upstream:remoteref) refs/heads/master refs/remotes/master [6ms]
2024-10-09 22:58:07.360 [warning] [Git][getBranch] No such branch: master
2024-10-09 22:58:07.724 [info] > git status -z -uall [359ms]
2024-10-09 22:58:09.845 [info] > git for-each-ref --format=%(refname)%00%(upstream:short)%00%(objectname)%00%(upstream:track)%00%(upstream:remotename)%00%(upstream:remoteref) refs/heads/master refs/remotes/master [2060ms]
2024-10-09 22:58:09.846 [warning] [Git][getBranch] No such branch: master
2024-10-09 22:58:12.959 [info] [Git][getRemotes] No remotes found in the git config file
2024-10-09 22:58:12.966 [info] > git config --get commit.template [12ms]
2024-10-09 22:58:12.968 [info] > git for-each-ref --format=%(refname)%00%(upstream:short)%00%(objectname)%00%(upstream:track)%00%(upstream:remotename)%00%(upstream:remoteref) refs/heads/master refs/remotes/master [9ms]
2024-10-09 22:58:12.968 [warning] [Git][getBranch] No such branch: master
2024-10-09 22:58:13.224 [info] > git status -z -uall [252ms]
2024-10-09 22:58:15.296 [info] > git for-each-ref --format=%(refname)%00%(upstream:short)%00%(objectname)%00%(upstream:track)%00%(upstream:remotename)%00%(upstream:remoteref) refs/heads/master refs/remotes/master [2042ms]
2024-10-09 22:58:15.296 [warning] [Git][getBranch] No such branch: master
2024-10-09 22:58:18.453 [info] [Git][getRemotes] No remotes found in the git config file
2024-10-09 22:58:18.454 [info] > git config --get commit.template [6ms]
2024-10-09 22:58:18.455 [info] > git for-each-ref --format=%(refname)%00%(upstream:short)%00%(objectname)%00%(upstream:track)%00%(upstream:remotename)%00%(upstream:remoteref) refs/heads/master refs/remotes/master [2ms]
2024-10-09 22:58:18.455 [warning] [Git][getBranch] No such branch: master
2024-10-09 22:58:18.644 [info] > git status -z -uall [184ms]
2024-10-09 22:58:20.013 [info] > git for-each-ref --format=%(refname)%00%(upstream:short)%00%(objectname)%00%(upstream:track)%00%(upstream:remotename)%00%(upstream:remoteref) refs/heads/master refs/remotes/master [1324ms]
2024-10-09 22:58:20.013 [warning] [Git][getBranch] No such branch: master
2024-10-09 22:58:42.773 [info] [Git][getRemotes] No remotes found in the git config file
2024-10-09 22:58:42.774 [info] > git config --get commit.template [6ms]
2024-10-09 22:58:42.775 [info] > git for-each-ref --format=%(refname)%00%(upstream:short)%00%(objectname)%00%(upstream:track)%00%(upstream:remotename)%00%(upstream:remoteref) refs/heads/master refs/remotes/master [2ms]
2024-10-09 22:58:42.775 [warning] [Git][getBranch] No such branch: master
2024-10-09 22:58:43.178 [info] > git status -z -uall [399ms]
2024-10-09 22:58:44.486 [info] > git for-each-ref --format=%(refname)%00%(upstream:short)%00%(objectname)%00%(upstream:track)%00%(upstream:remotename)%00%(upstream:remoteref) refs/heads/master refs/remotes/master [1243ms]
2024-10-09 22:58:44.486 [warning] [Git][getBranch] No such branch: master
2024-10-09 22:58:48.439 [info] [Git][getRemotes] No remotes found in the git config file
2024-10-09 22:58:48.440 [info] > git config --get commit.template [6ms]
2024-10-09 22:58:48.442 [info] > git for-each-ref --format=%(refname)%00%(upstream:short)%00%(objectname)%00%(upstream:track)%00%(upstream:remotename)%00%(upstream:remoteref) refs/heads/master refs/remotes/master [2ms]
2024-10-09 22:58:48.442 [warning] [Git][getBranch] No such branch: master
2024-10-09 22:58:48.625 [info] > git status -z -uall [179ms]
2024-10-09 22:58:48.732 [info] > git for-each-ref --format=%(refname)%00%(upstream:short)%00%(objectname)%00%(upstream:track)%00%(upstream:remotename)%00%(upstream:remoteref) refs/heads/master refs/remotes/master [83ms]
2024-10-09 22:58:48.732 [warning] [Git][getBranch] No such branch: master
2024-10-09 22:58:53.750 [info] [Git][getRemotes] No remotes found in the git config file
2024-10-09 22:58:53.752 [info] > git for-each-ref --format=%(refname)%00%(upstream:short)%00%(objectname)%00%(upstream:track)%00%(upstream:remotename)%00%(upstream:remoteref) refs/heads/master refs/remotes/master [2ms]
2024-10-09 22:58:53.752 [warning] [Git][getBranch] No such branch: master
2024-10-09 22:58:53.752 [info] > git config --get commit.template [12ms]
2024-10-09 22:58:54.103 [info] > git status -z -uall [346ms]
2024-10-09 22:58:54.266 [info] > git for-each-ref --format=%(refname)%00%(upstream:short)%00%(objectname)%00%(upstream:track)%00%(upstream:remotename)%00%(upstream:remoteref) refs/heads/master refs/remotes/master [84ms]
2024-10-09 22:58:54.266 [warning] [Git][getBranch] No such branch: master
2024-10-09 23:00:00.832 [info] [Git][getRemotes] No remotes found in the git config file
2024-10-09 23:00:00.845 [info] > git for-each-ref --format=%(refname)%00%(upstream:short)%00%(objectname)%00%(upstream:track)%00%(upstream:remotename)%00%(upstream:remoteref) refs/heads/master refs/remotes/master [13ms]
2024-10-09 23:00:00.845 [warning] [Git][getBranch] No such branch: master
2024-10-09 23:00:00.847 [info] > git config --get commit.template [32ms]
2024-10-09 23:00:02.771 [info] > git status -z -uall [1909ms]
2024-10-09 23:00:06.364 [info] > git for-each-ref --format=%(refname)%00%(upstream:short)%00%(objectname)%00%(upstream:track)%00%(upstream:remotename)%00%(upstream:remoteref) refs/heads/master refs/remotes/master [3484ms]
2024-10-09 23:00:06.364 [warning] [Git][getBranch] No such branch: master
2024-10-09 23:00:08.288 [info] > git config --get commit.template [6ms]
2024-10-09 23:00:08.309 [info] [Git][getRemotes] No remotes found in the git config file
2024-10-09 23:00:08.310 [info] > git for-each-ref --format=%(refname)%00%(upstream:short)%00%(objectname)%00%(upstream:track)%00%(upstream:remotename)%00%(upstream:remoteref) refs/heads/master refs/remotes/master [2ms]
2024-10-09 23:00:08.310 [warning] [Git][getBranch] No such branch: master
2024-10-09 23:00:09.280 [info] > git status -z -uall [952ms]
2024-10-09 23:00:11.675 [info] > git for-each-ref --format=%(refname)%00%(upstream:short)%00%(objectname)%00%(upstream:track)%00%(upstream:remotename)%00%(upstream:remoteref) refs/heads/master refs/remotes/master [2284ms]
2024-10-09 23:00:11.675 [warning] [Git][getBranch] No such branch: master
2024-10-09 23:00:14.668 [info] > git config --get commit.template [1ms]
2024-10-09 23:00:14.698 [info] [Git][getRemotes] No remotes found in the git config file
2024-10-09 23:00:14.747 [info] > git for-each-ref --format=%(refname)%00%(upstream:short)%00%(objectname)%00%(upstream:track)%00%(upstream:remotename)%00%(upstream:remoteref) refs/heads/master refs/remotes/master [49ms]
2024-10-09 23:00:14.747 [warning] [Git][getBranch] No such branch: master
2024-10-09 23:00:15.785 [info] > git status -z -uall [1003ms]
2024-10-09 23:00:19.615 [info] > git for-each-ref --format=%(refname)%00%(upstream:short)%00%(objectname)%00%(upstream:track)%00%(upstream:remotename)%00%(upstream:remoteref) refs/heads/master refs/remotes/master [3590ms]
2024-10-09 23:00:19.616 [warning] [Git][getBranch] No such branch: master
2024-10-09 23:00:21.447 [info] [Git][getRemotes] No remotes found in the git config file
2024-10-09 23:00:21.448 [info] > git config --get commit.template [19ms]
2024-10-09 23:00:21.450 [info] > git for-each-ref --format=%(refname)%00%(upstream:short)%00%(objectname)%00%(upstream:track)%00%(upstream:remotename)%00%(upstream:remoteref) refs/heads/master refs/remotes/master [4ms]
2024-10-09 23:00:21.450 [warning] [Git][getBranch] No such branch: master
2024-10-09 23:00:22.508 [info] > git status -z -uall [1038ms]
2024-10-09 23:00:27.695 [info] > git for-each-ref --format=%(refname)%00%(upstream:short)%00%(objectname)%00%(upstream:track)%00%(upstream:remotename)%00%(upstream:remoteref) refs/heads/master refs/remotes/master [5062ms]
2024-10-09 23:00:27.696 [warning] [Git][getBranch] No such branch: master
2024-10-09 23:00:28.066 [info] > git config --get commit.template [2ms]
2024-10-09 23:00:28.119 [info] [Git][getRemotes] No remotes found in the git config file
2024-10-09 23:00:28.174 [info] > git for-each-ref --format=%(refname)%00%(upstream:short)%00%(objectname)%00%(upstream:track)%00%(upstream:remotename)%00%(upstream:remoteref) refs/heads/master refs/remotes/master [55ms]
2024-10-09 23:00:28.174 [warning] [Git][getBranch] No such branch: master
2024-10-09 23:00:29.291 [info] > git status -z -uall [1046ms]
2024-10-09 23:00:33.395 [info] > git for-each-ref --format=%(refname)%00%(upstream:short)%00%(objectname)%00%(upstream:track)%00%(upstream:remotename)%00%(upstream:remoteref) refs/heads/master refs/remotes/master [3933ms]
2024-10-09 23:00:33.395 [warning] [Git][getBranch] No such branch: master
2024-10-09 23:04:13.225 [info] [Git][getRemotes] No remotes found in the git config file
2024-10-09 23:04:13.226 [info] > git config --get commit.template [34ms]
2024-10-09 23:04:13.256 [info] > git for-each-ref --format=%(refname)%00%(upstream:short)%00%(objectname)%00%(upstream:track)%00%(upstream:remotename)%00%(upstream:remoteref) refs/heads/master refs/remotes/master [32ms]
2024-10-09 23:04:13.257 [warning] [Git][getBranch] No such branch: master
2024-10-09 23:04:14.018 [info] > git status -z -uall [745ms]
2024-10-09 23:04:16.078 [info] > git for-each-ref --format=%(refname)%00%(upstream:short)%00%(objectname)%00%(upstream:track)%00%(upstream:remotename)%00%(upstream:remoteref) refs/heads/master refs/remotes/master [1959ms]
2024-10-09 23:04:16.078 [warning] [Git][getBranch] No such branch: master
2024-10-09 23:04:40.918 [info] [Git][getRemotes] No remotes found in the git config file
2024-10-09 23:04:40.919 [info] > git config --get commit.template [65ms]
2024-10-09 23:04:40.943 [info] > git for-each-ref --format=%(refname)%00%(upstream:short)%00%(objectname)%00%(upstream:track)%00%(upstream:remotename)%00%(upstream:remoteref) refs/heads/master refs/remotes/master [25ms]
2024-10-09 23:04:40.943 [warning] [Git][getBranch] No such branch: master
2024-10-09 23:04:41.531 [info] > git status -z -uall [554ms]
2024-10-09 23:04:43.420 [info] > git for-each-ref --format=%(refname)%00%(upstream:short)%00%(objectname)%00%(upstream:track)%00%(upstream:remotename)%00%(upstream:remoteref) refs/heads/master refs/remotes/master [1808ms]
2024-10-09 23:04:43.420 [warning] [Git][getBranch] No such branch: master
2024-10-09 23:04:46.807 [info] [Git][getRemotes] No remotes found in the git config file
2024-10-09 23:04:46.807 [info] > git config --get commit.template [37ms]
2024-10-09 23:04:46.811 [info] > git for-each-ref --format=%(refname)%00%(upstream:short)%00%(objectname)%00%(upstream:track)%00%(upstream:remotename)%00%(upstream:remoteref) refs/heads/master refs/remotes/master [5ms]
2024-10-09 23:04:46.811 [warning] [Git][getBranch] No such branch: master
2024-10-09 23:04:47.295 [info] > git status -z -uall [448ms]
2024-10-09 23:04:49.075 [info] > git for-each-ref --format=%(refname)%00%(upstream:short)%00%(objectname)%00%(upstream:track)%00%(upstream:remotename)%00%(upstream:remoteref) refs/heads/master refs/remotes/master [1729ms]
2024-10-09 23:04:49.075 [warning] [Git][getBranch] No such branch: master
2024-10-09 23:04:57.255 [info] [Git][getRemotes] No remotes found in the git config file
2024-10-09 23:04:57.256 [info] > git config --get commit.template [34ms]
2024-10-09 23:04:57.287 [info] > git for-each-ref --format=%(refname)%00%(upstream:short)%00%(objectname)%00%(upstream:track)%00%(upstream:remotename)%00%(upstream:remoteref) refs/heads/master refs/remotes/master [32ms]
2024-10-09 23:04:57.287 [warning] [Git][getBranch] No such branch: master
2024-10-09 23:04:57.883 [info] > git status -z -uall [566ms]
2024-10-09 23:04:59.962 [info] > git for-each-ref --format=%(refname)%00%(upstream:short)%00%(objectname)%00%(upstream:track)%00%(upstream:remotename)%00%(upstream:remoteref) refs/heads/master refs/remotes/master [1991ms]
2024-10-09 23:04:59.962 [warning] [Git][getBranch] No such branch: master
2024-10-09 23:05:03.229 [info] [Git][getRemotes] No remotes found in the git config file
2024-10-09 23:05:03.231 [info] > git config --get commit.template [24ms]
2024-10-09 23:05:03.244 [info] > git for-each-ref --format=%(refname)%00%(upstream:short)%00%(objectname)%00%(upstream:track)%00%(upstream:remotename)%00%(upstream:remoteref) refs/heads/master refs/remotes/master [15ms]
2024-10-09 23:05:03.244 [warning] [Git][getBranch] No such branch: master
2024-10-09 23:05:03.733 [info] > git status -z -uall [475ms]
2024-10-09 23:05:05.302 [info] > git for-each-ref --format=%(refname)%00%(upstream:short)%00%(objectname)%00%(upstream:track)%00%(upstream:remotename)%00%(upstream:remoteref) refs/heads/master refs/remotes/master [1525ms]
2024-10-09 23:05:05.302 [warning] [Git][getBranch] No such branch: master
2024-10-09 23:05:08.992 [info] [Git][getRemotes] No remotes found in the git config file
2024-10-09 23:05:08.997 [info] > git config --get commit.template [45ms]
2024-10-09 23:05:09.000 [info] > git for-each-ref --format=%(refname)%00%(upstream:short)%00%(objectname)%00%(upstream:track)%00%(upstream:remotename)%00%(upstream:remoteref) refs/heads/master refs/remotes/master [10ms]
2024-10-09 23:05:09.007 [warning] [Git][getBranch] No such branch: master
2024-10-09 23:05:09.699 [info] > git status -z -uall [649ms]
2024-10-09 23:05:11.689 [info] > git for-each-ref --format=%(refname)%00%(upstream:short)%00%(objectname)%00%(upstream:track)%00%(upstream:remotename)%00%(upstream:remoteref) refs/heads/master refs/remotes/master [1888ms]
2024-10-09 23:05:11.690 [warning] [Git][getBranch] No such branch: master
2024-10-09 23:05:15.067 [info] > git config --get commit.template [2ms]
2024-10-09 23:05:15.106 [info] [Git][getRemotes] No remotes found in the git config file
2024-10-09 23:05:15.118 [info] > git for-each-ref --format=%(refname)%00%(upstream:short)%00%(objectname)%00%(upstream:track)%00%(upstream:remotename)%00%(upstream:remoteref) refs/heads/master refs/remotes/master [12ms]
2024-10-09 23:05:15.118 [warning] [Git][getBranch] No such branch: master
2024-10-09 23:05:15.458 [info] > git status -z -uall [328ms]
2024-10-09 23:05:17.059 [info] > git for-each-ref --format=%(refname)%00%(upstream:short)%00%(objectname)%00%(upstream:track)%00%(upstream:remotename)%00%(upstream:remoteref) refs/heads/master refs/remotes/master [1520ms]
2024-10-09 23:05:17.059 [warning] [Git][getBranch] No such branch: master
2024-10-09 23:05:20.815 [info] [Git][getRemotes] No remotes found in the git config file
2024-10-09 23:05:20.817 [info] > git config --get commit.template [78ms]
2024-10-09 23:05:20.868 [info] > git for-each-ref --format=%(refname)%00%(upstream:short)%00%(objectname)%00%(upstream:track)%00%(upstream:remotename)%00%(upstream:remoteref) refs/heads/master refs/remotes/master [53ms]
2024-10-09 23:05:20.868 [warning] [Git][getBranch] No such branch: master
2024-10-09 23:05:21.576 [info] > git status -z -uall [687ms]
2024-10-09 23:05:26.177 [info] > git for-each-ref --format=%(refname)%00%(upstream:short)%00%(objectname)%00%(upstream:track)%00%(upstream:remotename)%00%(upstream:remoteref) refs/heads/master refs/remotes/master [4505ms]
2024-10-09 23:05:26.177 [warning] [Git][getBranch] No such branch: master
2024-10-09 23:05:56.280 [info] > git config --get commit.template [1ms]
2024-10-09 23:05:56.359 [info] [Git][getRemotes] No remotes found in the git config file
2024-10-09 23:05:56.360 [info] > git for-each-ref --format=%(refname)%00%(upstream:short)%00%(objectname)%00%(upstream:track)%00%(upstream:remotename)%00%(upstream:remoteref) refs/heads/master refs/remotes/master [1ms]
2024-10-09 23:05:56.360 [warning] [Git][getBranch] No such branch: master
2024-10-09 23:05:57.202 [info] > git status -z -uall [795ms]
2024-10-09 23:05:59.512 [info] > git for-each-ref --format=%(refname)%00%(upstream:short)%00%(objectname)%00%(upstream:track)%00%(upstream:remotename)%00%(upstream:remoteref) refs/heads/master refs/remotes/master [2206ms]
2024-10-09 23:05:59.512 [warning] [Git][getBranch] No such branch: master
2024-10-09 23:06:02.690 [info] > git config --get commit.template [2ms]
2024-10-09 23:06:02.701 [info] [Git][getRemotes] No remotes found in the git config file
2024-10-09 23:06:02.716 [info] > git for-each-ref --format=%(refname)%00%(upstream:short)%00%(objectname)%00%(upstream:track)%00%(upstream:remotename)%00%(upstream:remoteref) refs/heads/master refs/remotes/master [15ms]
2024-10-09 23:06:02.716 [warning] [Git][getBranch] No such branch: master
2024-10-09 23:06:03.361 [info] > git status -z -uall [607ms]
2024-10-09 23:06:05.468 [info] > git for-each-ref --format=%(refname)%00%(upstream:short)%00%(objectname)%00%(upstream:track)%00%(upstream:remotename)%00%(upstream:remoteref) refs/heads/master refs/remotes/master [1948ms]
2024-10-09 23:06:05.468 [warning] [Git][getBranch] No such branch: master
2024-10-09 23:23:14.120 [info] [Git][getRemotes] No remotes found in the git config file
2024-10-09 23:23:14.150 [info] > git config --get commit.template [213ms]
2024-10-09 23:23:14.152 [info] > git for-each-ref --format=%(refname)%00%(upstream:short)%00%(objectname)%00%(upstream:track)%00%(upstream:remotename)%00%(upstream:remoteref) refs/heads/master refs/remotes/master [33ms]
2024-10-09 23:23:14.153 [warning] [Git][getBranch] No such branch: master
2024-10-09 23:23:16.588 [info] > git status -z -uall [2264ms]
2024-10-09 23:23:23.446 [info] > git for-each-ref --format=%(refname)%00%(upstream:short)%00%(objectname)%00%(upstream:track)%00%(upstream:remotename)%00%(upstream:remoteref) refs/heads/master refs/remotes/master [6139ms]
2024-10-09 23:23:23.446 [warning] [Git][getBranch] No such branch: master
2024-10-09 23:23:23.701 [info] [Git][getRemotes] No remotes found in the git config file
2024-10-09 23:23:23.715 [info] > git config --get commit.template [131ms]
2024-10-09 23:23:23.717 [info] > git for-each-ref --format=%(refname)%00%(upstream:short)%00%(objectname)%00%(upstream:track)%00%(upstream:remotename)%00%(upstream:remoteref) refs/heads/master refs/remotes/master [16ms]
2024-10-09 23:23:23.728 [warning] [Git][getBranch] No such branch: master
2024-10-09 23:23:24.818 [info] > git status -z -uall [985ms]
2024-10-09 23:23:30.524 [info] > git for-each-ref --format=%(refname)%00%(upstream:short)%00%(objectname)%00%(upstream:track)%00%(upstream:remotename)%00%(upstream:remoteref) refs/heads/master refs/remotes/master [5451ms]
2024-10-09 23:23:30.525 [warning] [Git][getBranch] No such branch: master
2024-10-09 23:23:30.708 [info] [Git][getRemotes] No remotes found in the git config file
2024-10-09 23:23:30.709 [info] > git config --get commit.template [93ms]
2024-10-09 23:23:30.709 [info] > git for-each-ref --format=%(refname)%00%(upstream:short)%00%(objectname)%00%(upstream:track)%00%(upstream:remotename)%00%(upstream:remoteref) refs/heads/master refs/remotes/master [2ms]
2024-10-09 23:23:30.710 [warning] [Git][getBranch] No such branch: master
2024-10-09 23:23:32.015 [info] > git status -z -uall [1193ms]
2024-10-09 23:23:37.847 [info] > git for-each-ref --format=%(refname)%00%(upstream:short)%00%(objectname)%00%(upstream:track)%00%(upstream:remotename)%00%(upstream:remoteref) refs/heads/master refs/remotes/master [5622ms]
2024-10-09 23:23:37.848 [warning] [Git][getBranch] No such branch: master
2024-10-09 23:24:51.417 [info] > git config --get commit.template [2ms]
2024-10-09 23:24:51.531 [info] [Git][getRemotes] No remotes found in the git config file
2024-10-09 23:24:51.544 [info] > git for-each-ref --format=%(refname)%00%(upstream:short)%00%(objectname)%00%(upstream:track)%00%(upstream:remotename)%00%(upstream:remoteref) refs/heads/master refs/remotes/master [14ms]
2024-10-09 23:24:51.544 [warning] [Git][getBranch] No such branch: master
2024-10-09 23:24:52.540 [info] > git status -z -uall [901ms]
